0 verbose cli /opt/homebrew/Cellar/node/20.4.0/bin/node /opt/homebrew/bin/npm
1 info using npm@9.8.1
2 info using node@v20.4.0
3 timing npm:load:whichnode Completed in 1ms
4 timing config:load:defaults Completed in 1ms
5 timing config:load:file:/opt/homebrew/lib/node_modules/npm/npmrc Completed in 2ms
6 timing config:load:builtin Completed in 2ms
7 timing config:load:cli Completed in 1ms
8 timing config:load:env Completed in 0ms
9 timing config:load:file:/Users/arunakumari/Desktop/TestProject/.npmrc Completed in 0ms
10 timing config:load:project Completed in 1ms
11 timing config:load:file:/Users/arunakumari/.npmrc Completed in 0ms
12 timing config:load:user Completed in 0ms
13 timing config:load:file:/opt/homebrew/etc/npmrc Completed in 1ms
14 timing config:load:global Completed in 1ms
15 timing config:load:setEnvs Completed in 0ms
16 timing config:load Completed in 6ms
17 timing npm:load:configload Completed in 6ms
18 timing config:load:flatten Completed in 1ms
19 timing npm:load:mkdirpcache Completed in 0ms
20 timing npm:load:mkdirplogs Completed in 0ms
21 verbose title npm install
22 verbose argv "install"
23 timing npm:load:setTitle Completed in 2ms
24 timing npm:load:display Completed in 0ms
25 verbose logfile logs-max:10 dir:/Users/arunakumari/Desktop/TestProject/C:\Users\Firstname~1\AppData\Roaming\npm-cache/_logs/2023-09-05T08_39_08_091Z-
26 verbose logfile /Users/arunakumari/Desktop/TestProject/C:\Users\Firstname~1\AppData\Roaming\npm-cache/_logs/2023-09-05T08_39_08_091Z-debug-0.log
27 timing npm:load:logFile Completed in 5ms
28 timing npm:load:timers Completed in 0ms
29 timing npm:load:configScope Completed in 0ms
30 timing npm:load Completed in 22ms
31 timing arborist:ctor Completed in 0ms
32 silly logfile done cleaning log files
33 timing idealTree:init Completed in 273ms
34 timing idealTree:userRequests Completed in 0ms
35 silly idealTree buildDeps
36 timing idealTree:#root Completed in 1ms
37 timing idealTree:buildDeps Completed in 1ms
38 timing idealTree:fixDepFlags Completed in 0ms
39 timing idealTree Completed in 278ms
40 timing arborist:ctor Completed in 0ms
41 timing reify:loadTrees Completed in 444ms
42 timing reify:diffTrees Completed in 18ms
43 silly reify moves {}
44 timing reify:retireShallow Completed in 0ms
45 timing reify:createSparse Completed in 0ms
46 timing reify:loadBundles Completed in 0ms
47 silly audit bulk request {
47 silly audit   '@aashutoshrathi/word-wrap': [ '1.2.6' ],
47 silly audit   '@ampproject/remapping': [ '2.2.1' ],
47 silly audit   '@babel/code-frame': [ '7.22.5' ],
47 silly audit   '@babel/compat-data': [ '7.22.6' ],
47 silly audit   '@babel/core': [ '7.22.8' ],
47 silly audit   '@babel/eslint-parser': [ '7.22.7' ],
47 silly audit   'eslint-visitor-keys': [ '2.1.0', '3.4.1' ],
47 silly audit   '@babel/generator': [ '7.22.7' ],
47 silly audit   '@babel/helper-annotate-as-pure': [ '7.22.5' ],
47 silly audit   '@babel/helper-builder-binary-assignment-operator-visitor': [ '7.22.5' ],
47 silly audit   '@babel/helper-compilation-targets': [ '7.22.6' ],
47 silly audit   '@babel/helper-create-class-features-plugin': [ '7.22.6' ],
47 silly audit   '@babel/helper-create-regexp-features-plugin': [ '7.22.6' ],
47 silly audit   '@babel/helper-define-polyfill-provider': [ '0.4.1' ],
47 silly audit   '@babel/helper-environment-visitor': [ '7.22.5' ],
47 silly audit   '@babel/helper-function-name': [ '7.22.5' ],
47 silly audit   '@babel/helper-hoist-variables': [ '7.22.5' ],
47 silly audit   '@babel/helper-member-expression-to-functions': [ '7.22.5' ],
47 silly audit   '@babel/helper-module-imports': [ '7.22.5' ],
47 silly audit   '@babel/helper-module-transforms': [ '7.22.5' ],
47 silly audit   '@babel/helper-optimise-call-expression': [ '7.22.5' ],
47 silly audit   '@babel/helper-plugin-utils': [ '7.22.5' ],
47 silly audit   '@babel/helper-remap-async-to-generator': [ '7.22.5' ],
47 silly audit   '@babel/helper-replace-supers': [ '7.22.5' ],
47 silly audit   '@babel/helper-simple-access': [ '7.22.5' ],
47 silly audit   '@babel/helper-skip-transparent-expression-wrappers': [ '7.22.5' ],
47 silly audit   '@babel/helper-split-export-declaration': [ '7.22.6' ],
47 silly audit   '@babel/helper-string-parser': [ '7.22.5' ],
47 silly audit   '@babel/helper-validator-identifier': [ '7.22.5' ],
47 silly audit   '@babel/helper-validator-option': [ '7.22.5' ],
47 silly audit   '@babel/helper-wrap-function': [ '7.22.5' ],
47 silly audit   '@babel/helpers': [ '7.22.6' ],
47 silly audit   '@babel/highlight': [ '7.22.5' ],
47 silly audit   'ansi-styles': [ '3.2.1', '4.3.0', '5.2.0' ],
47 silly audit   chalk: [ '2.4.2', '4.1.2' ],
47 silly audit   'color-convert': [ '1.9.3', '2.0.1' ],
47 silly audit   'color-name': [ '1.1.3', '1.1.4' ],
47 silly audit   'has-flag': [ '3.0.0', '4.0.0' ],
47 silly audit   'supports-color': [ '5.5.0', '8.1.1', '7.2.0' ],
47 silly audit   '@babel/parser': [ '7.22.7' ],
47 silly audit   '@babel/plugin-bugfix-safari-id-destructuring-collision-in-function-expression': [ '7.22.5' ],
47 silly audit   '@babel/plugin-bugfix-v8-spread-parameters-in-optional-chaining': [ '7.22.5' ],
47 silly audit   '@babel/plugin-proposal-async-generator-functions': [ '7.20.7' ],
47 silly audit   '@babel/plugin-proposal-class-properties': [ '7.18.6' ],
47 silly audit   '@babel/plugin-proposal-export-default-from': [ '7.22.5' ],
47 silly audit   '@babel/plugin-proposal-nullish-coalescing-operator': [ '7.18.6' ],
47 silly audit   '@babel/plugin-proposal-numeric-separator': [ '7.18.6' ],
47 silly audit   '@babel/plugin-proposal-object-rest-spread': [ '7.20.7' ],
47 silly audit   '@babel/plugin-proposal-optional-catch-binding': [ '7.18.6' ],
47 silly audit   '@babel/plugin-proposal-optional-chaining': [ '7.21.0' ],
47 silly audit   '@babel/plugin-proposal-private-property-in-object': [ '7.21.0-placeholder-for-preset-env.2' ],
47 silly audit   '@babel/plugin-proposal-unicode-property-regex': [ '7.18.6' ],
47 silly audit   '@babel/plugin-syntax-async-generators': [ '7.8.4' ],
47 silly audit   '@babel/plugin-syntax-bigint': [ '7.8.3' ],
47 silly audit   '@babel/plugin-syntax-class-properties': [ '7.12.13' ],
47 silly audit   '@babel/plugin-syntax-class-static-block': [ '7.14.5' ],
47 silly audit   '@babel/plugin-syntax-dynamic-import': [ '7.8.3' ],
47 silly audit   '@babel/plugin-syntax-export-default-from': [ '7.22.5' ],
47 silly audit   '@babel/plugin-syntax-export-namespace-from': [ '7.8.3' ],
47 silly audit   '@babel/plugin-syntax-flow': [ '7.22.5' ],
47 silly audit   '@babel/plugin-syntax-import-assertions': [ '7.22.5' ],
47 silly audit   '@babel/plugin-syntax-import-attributes': [ '7.22.5' ],
47 silly audit   '@babel/plugin-syntax-import-meta': [ '7.10.4' ],
47 silly audit   '@babel/plugin-syntax-json-strings': [ '7.8.3' ],
47 silly audit   '@babel/plugin-syntax-jsx': [ '7.22.5' ],
47 silly audit   '@babel/plugin-syntax-logical-assignment-operators': [ '7.10.4' ],
47 silly audit   '@babel/plugin-syntax-nullish-coalescing-operator': [ '7.8.3' ],
47 silly audit   '@babel/plugin-syntax-numeric-separator': [ '7.10.4' ],
47 silly audit   '@babel/plugin-syntax-object-rest-spread': [ '7.8.3' ],
47 silly audit   '@babel/plugin-syntax-optional-catch-binding': [ '7.8.3' ],
47 silly audit   '@babel/plugin-syntax-optional-chaining': [ '7.8.3' ],
47 silly audit   '@babel/plugin-syntax-private-property-in-object': [ '7.14.5' ],
47 silly audit   '@babel/plugin-syntax-top-level-await': [ '7.14.5' ],
47 silly audit   '@babel/plugin-syntax-typescript': [ '7.22.5' ],
47 silly audit   '@babel/plugin-syntax-unicode-sets-regex': [ '7.18.6' ],
47 silly audit   '@babel/plugin-transform-arrow-functions': [ '7.22.5' ],
47 silly audit   '@babel/plugin-transform-async-generator-functions': [ '7.22.7' ],
47 silly audit   '@babel/plugin-transform-async-to-generator': [ '7.22.5' ],
47 silly audit   '@babel/plugin-transform-block-scoped-functions': [ '7.22.5' ],
47 silly audit   '@babel/plugin-transform-block-scoping': [ '7.22.5' ],
47 silly audit   '@babel/plugin-transform-class-properties': [ '7.22.5' ],
47 silly audit   '@babel/plugin-transform-class-static-block': [ '7.22.5' ],
47 silly audit   '@babel/plugin-transform-classes': [ '7.22.6' ],
47 silly audit   '@babel/plugin-transform-computed-properties': [ '7.22.5' ],
47 silly audit   '@babel/plugin-transform-destructuring': [ '7.22.5' ],
47 silly audit   '@babel/plugin-transform-dotall-regex': [ '7.22.5' ],
47 silly audit   '@babel/plugin-transform-duplicate-keys': [ '7.22.5' ],
47 silly audit   '@babel/plugin-transform-dynamic-import': [ '7.22.5' ],
47 silly audit   '@babel/plugin-transform-exponentiation-operator': [ '7.22.5' ],
47 silly audit   '@babel/plugin-transform-export-namespace-from': [ '7.22.5' ],
47 silly audit   '@babel/plugin-transform-flow-strip-types': [ '7.22.5' ],
47 silly audit   '@babel/plugin-transform-for-of': [ '7.22.5' ],
47 silly audit   '@babel/plugin-transform-function-name': [ '7.22.5' ],
47 silly audit   '@babel/plugin-transform-json-strings': [ '7.22.5' ],
47 silly audit   '@babel/plugin-transform-literals': [ '7.22.5' ],
47 silly audit   '@babel/plugin-transform-logical-assignment-operators': [ '7.22.5' ],
47 silly audit   '@babel/plugin-transform-member-expression-literals': [ '7.22.5' ],
47 silly audit   '@babel/plugin-transform-modules-amd': [ '7.22.5' ],
47 silly audit   '@babel/plugin-transform-modules-commonjs': [ '7.22.5' ],
47 silly audit   '@babel/plugin-transform-modules-systemjs': [ '7.22.5' ],
47 silly audit   '@babel/plugin-transform-modules-umd': [ '7.22.5' ],
47 silly audit   '@babel/plugin-transform-named-capturing-groups-regex': [ '7.22.5' ],
47 silly audit   '@babel/plugin-transform-new-target': [ '7.22.5' ],
47 silly audit   '@babel/plugin-transform-nullish-coalescing-operator': [ '7.22.5' ],
47 silly audit   '@babel/plugin-transform-numeric-separator': [ '7.22.5' ],
47 silly audit   '@babel/plugin-transform-object-assign': [ '7.22.5' ],
47 silly audit   '@babel/plugin-transform-object-rest-spread': [ '7.22.5' ],
47 silly audit   '@babel/plugin-transform-object-super': [ '7.22.5' ],
47 silly audit   '@babel/plugin-transform-optional-catch-binding': [ '7.22.5' ],
47 silly audit   '@babel/plugin-transform-optional-chaining': [ '7.22.6' ],
47 silly audit   '@babel/plugin-transform-parameters': [ '7.22.5' ],
47 silly audit   '@babel/plugin-transform-private-methods': [ '7.22.5' ],
47 silly audit   '@babel/plugin-transform-private-property-in-object': [ '7.22.5' ],
47 silly audit   '@babel/plugin-transform-property-literals': [ '7.22.5' ],
47 silly audit   '@babel/plugin-transform-react-display-name': [ '7.22.5' ],
47 silly audit   '@babel/plugin-transform-react-jsx': [ '7.22.5' ],
47 silly audit   '@babel/plugin-transform-react-jsx-self': [ '7.22.5' ],
47 silly audit   '@babel/plugin-transform-react-jsx-source': [ '7.22.5' ],
47 silly audit   '@babel/plugin-transform-regenerator': [ '7.22.5' ],
47 silly audit   '@babel/plugin-transform-reserved-words': [ '7.22.5' ],
47 silly audit   '@babel/plugin-transform-runtime': [ '7.22.7' ],
47 silly audit   '@babel/plugin-transform-shorthand-properties': [ '7.22.5' ],
47 silly audit   '@babel/plugin-transform-spread': [ '7.22.5' ],
47 silly audit   '@babel/plugin-transform-sticky-regex': [ '7.22.5' ],
47 silly audit   '@babel/plugin-transform-template-literals': [ '7.22.5' ],
47 silly audit   '@babel/plugin-transform-typeof-symbol': [ '7.22.5' ],
47 silly audit   '@babel/plugin-transform-typescript': [ '7.22.5' ],
47 silly audit   '@babel/plugin-transform-unicode-escapes': [ '7.22.5' ],
47 silly audit   '@babel/plugin-transform-unicode-property-regex': [ '7.22.5' ],
47 silly audit   '@babel/plugin-transform-unicode-regex': [ '7.22.5' ],
47 silly audit   '@babel/plugin-transform-unicode-sets-regex': [ '7.22.5' ],
47 silly audit   '@babel/preset-env': [ '7.22.7' ],
47 silly audit   '@babel/preset-flow': [ '7.22.5' ],
47 silly audit   '@babel/preset-modules': [ '0.1.5' ],
47 silly audit   '@babel/preset-typescript': [ '7.22.5' ],
47 silly audit   '@babel/register': [ '7.22.5' ],
47 silly audit   '@babel/regjsgen': [ '0.8.0' ],
47 silly audit   '@babel/runtime': [ '7.22.6' ],
47 silly audit   '@babel/template': [ '7.22.5' ],
47 silly audit   '@babel/traverse': [ '7.22.8' ],
47 silly audit   '@babel/types': [ '7.22.5' ],
47 silly audit   '@bcoe/v8-coverage': [ '0.2.3' ],
47 silly audit   '@egjs/hammerjs': [ '2.0.17' ],
47 silly audit   '@eslint-community/eslint-utils': [ '4.4.0' ],
47 silly audit   '@eslint-community/regexpp': [ '4.5.1' ],
47 silly audit   '@eslint/eslintrc': [ '2.1.0' ],
47 silly audit   argparse: [ '2.0.1', '1.0.10' ],
47 silly audit   globals: [ '13.20.0', '11.12.0' ],
47 silly audit   'js-yaml': [ '4.1.0', '3.14.1' ],
47 silly audit   '@eslint/js': [ '8.44.0' ],
47 silly audit   '@expo/image-utils': [ '0.3.23' ],
47 silly audit   'fs-extra': [ '9.0.0', '8.1.0' ],
47 silly audit   jsonfile: [ '6.1.0', '4.0.0' ],
47 silly audit   universalify: [ '2.0.0', '1.0.0', '0.1.2' ],
47 silly audit   semver: [
47 silly audit     '7.3.2', '5.7.2',
47 silly audit     '7.3.8', '6.3.1',
47 silly audit     '7.5.4', '7.5.3',
47 silly audit     '5.7.1', '6.3.0'
47 silly audit   ],
47 silly audit   '@expo/spawn-async': [ '1.5.0' ],
47 silly audit   'cross-spawn': [ '6.0.5', '7.0.3' ],
47 silly audit   'path-key': [ '2.0.1', '3.1.1' ],
47 silly audit   'shebang-command': [ '1.2.0', '2.0.0' ],
47 silly audit   'shebang-regex': [ '1.0.0', '3.0.0' ],
47 silly audit   which: [ '1.3.1', '2.0.2' ],
47 silly audit   '@expo/webpack-config': [ '19.0.0' ],
47 silly audit   'find-up': [ '5.0.0', '3.0.0', '4.1.0' ],
47 silly audit   'is-wsl': [ '2.2.0', '1.1.0' ],
47 silly audit   'locate-path': [ '6.0.0', '3.0.0', '5.0.0' ],
47 silly audit   'lru-cache': [ '6.0.0', '5.1.1' ],
47 silly audit   'p-locate': [ '5.0.0', '3.0.0', '4.1.0' ],
47 silly audit   yallist: [ '4.0.0', '3.1.1' ],
47 silly audit   '@gar/promisify': [ '1.1.3' ],
47 silly audit   '@hapi/hoek': [ '9.3.0' ],
47 silly audit   '@hapi/topo': [ '5.1.0' ],
47 silly audit   '@humanwhocodes/config-array': [ '0.11.10' ],
47 silly audit   '@humanwhocodes/module-importer': [ '1.0.1' ],
47 silly audit   '@humanwhocodes/object-schema': [ '1.2.1' ],
47 silly audit   '@istanbuljs/load-nyc-config': [ '1.1.0' ],
47 silly audit   '@istanbuljs/schema': [ '0.1.3' ],
47 silly audit   '@jest/console': [ '29.6.1' ],
47 silly audit   '@jest/core': [ '29.6.1' ],
47 silly audit   '@jest/create-cache-key-function': [ '29.6.1' ],
47 silly audit   '@jest/environment': [ '29.6.1' ],
47 silly audit   '@jest/expect': [ '29.6.1' ],
47 silly audit   '@jest/expect-utils': [ '29.6.1' ],
47 silly audit   '@jest/fake-timers': [ '29.6.1' ],
47 silly audit   '@jest/globals': [ '29.6.1' ],
47 silly audit   '@jest/reporters': [ '29.6.1' ],
47 silly audit   'jest-worker': [ '29.6.1', '27.5.1' ],
47 silly audit   '@jest/schemas': [ '29.6.0' ],
47 silly audit   '@jest/source-map': [ '29.6.0' ],
47 silly audit   '@jest/test-result': [ '29.6.1' ],
47 silly audit   '@jest/test-sequencer': [ '29.6.1' ],
47 silly audit   '@jest/transform': [ '29.6.1' ],
47 silly audit   'convert-source-map': [ '2.0.0', '1.9.0' ],
47 silly audit   '@jest/types': [ '29.6.1', '26.6.2', '27.5.1' ],
47 silly audit   '@jridgewell/gen-mapping': [ '0.3.3' ],
47 silly audit   '@jridgewell/sourcemap-codec': [ '1.4.15', '1.4.14' ],
47 silly audit   '@jridgewell/resolve-uri': [ '3.1.0' ],
47 silly audit   '@jridgewell/set-array': [ '1.1.2' ],
47 silly audit   '@jridgewell/source-map': [ '0.3.5' ],
47 silly audit   '@jridgewell/trace-mapping': [ '0.3.18' ],
47 silly audit   '@kebetoo/camera-roll-picker': [ '1.0.7' ],
47 silly audit   '@leichtgewicht/ip-codec': [ '2.0.4' ],
47 silly audit   '@mapbox/node-pre-gyp': [ '1.0.11' ],
47 silly audit   'make-dir': [ '3.1.0', '2.1.0' ],
47 silly audit   '@nicolo-ribaudo/eslint-scope-5-internals': [ '5.1.1-v1' ],
47 silly audit   '@nicolo-ribaudo/semver-v6': [ '6.3.3' ],
47 silly audit   '@nodelib/fs.scandir': [ '2.1.5' ],
47 silly audit   '@nodelib/fs.stat': [ '2.0.5' ],
47 silly audit   '@nodelib/fs.walk': [ '1.2.8' ],
47 silly audit   '@npmcli/fs': [ '1.1.1' ],
47 silly audit   '@npmcli/move-file': [ '1.1.2' ],
47 silly audit   mkdirp: [ '1.0.4', '0.5.6' ],
47 silly audit   '@react-native-community/async-storage': [ '1.12.1' ],
47 silly audit   '@react-native-community/cameraroll': [ '4.1.2' ],
47 silly audit   '@react-native-community/cli': [ '11.3.3' ],
47 silly audit   '@react-native-community/cli-clean': [ '11.3.3' ],
47 silly audit   '@react-native-community/cli-config': [ '11.3.3' ],
47 silly audit   '@react-native-community/cli-debugger-ui': [ '11.3.3' ],
47 silly audit   '@react-native-community/cli-doctor': [ '11.3.3' ],
47 silly audit   'ansi-regex': [ '4.1.1', '5.0.1' ],
47 silly audit   'strip-ansi': [ '5.2.0', '6.0.1' ],
47 silly audit   '@react-native-community/cli-hermes': [ '11.3.3' ],
47 silly audit   '@react-native-community/cli-platform-android': [ '11.3.3' ],
47 silly audit   '@react-native-community/cli-platform-ios': [ '11.3.3' ],
47 silly audit   '@react-native-community/cli-plugin-metro': [ '11.3.3' ],
47 silly audit   '@react-native-community/cli-server-api': [ '11.3.3' ],
47 silly audit   '@types/yargs': [ '15.0.15', '16.0.5', '17.0.24' ],
47 silly audit   'pretty-format': [ '26.6.2', '29.6.1' ],
47 silly audit   'react-is': [ '17.0.2', '16.13.1', '18.2.0' ],
47 silly audit   '@react-native-community/cli-tools': [ '11.3.3' ],
47 silly audit   '@react-native-community/cli-types': [ '11.3.3' ],
47 silly audit   '@react-native-community/geolocation': [ '3.0.6' ],
47 silly audit   '@react-native-community/masked-view': [ '0.1.11' ],
47 silly audit   '@react-native-firebase/app': [ '18.3.0' ],
47 silly audit   '@react-native-google-signin/google-signin': [ '10.0.1' ],
47 silly audit   '@react-native/assets-registry': [ '0.72.0' ],
47 silly audit   '@react-native/codegen': [ '0.72.6' ],
47 silly audit   '@react-native/eslint-config': [ '0.72.2' ],
47 silly audit   '@react-native/eslint-plugin': [ '0.72.0' ],
47 silly audit   '@react-native/gradle-plugin': [ '0.72.11' ],
47 silly audit   '@react-native/js-polyfills': [ '0.72.1' ],
47 silly audit   '@react-native/metro-config': [ '0.72.7' ],
47 silly audit   '@react-native/normalize-color': [ '2.1.0' ],
47 silly audit   '@react-native/normalize-colors': [ '0.72.0', '0.73.0' ],
47 silly audit   '@react-native/virtualized-lists': [ '0.72.6' ],
47 silly audit   '@react-navigation/core': [ '6.4.9' ],
47 silly audit   'escape-string-regexp': [ '4.0.0', '1.0.5', '2.0.0' ],
47 silly audit   '@react-navigation/drawer': [ '6.6.3' ],
47 silly audit   '@react-navigation/elements': [ '1.3.18' ],
47 silly audit   '@react-navigation/native': [ '6.1.7' ],
47 silly audit   '@react-navigation/routers': [ '6.1.9' ],
47 silly audit   '@react-navigation/stack': [ '6.3.17' ],
47 silly audit   '@sideway/address': [ '4.1.4' ],
47 silly audit   '@sideway/formula': [ '3.0.1' ],
47 silly audit   '@sideway/pinpoint': [ '2.0.0' ],
47 silly audit   '@sinclair/typebox': [ '0.27.8' ],
47 silly audit   '@sinonjs/commons': [ '3.0.0' ],
47 silly audit   '@sinonjs/fake-timers': [ '10.3.0' ],
47 silly audit   '@tootallnate/once': [ '1.1.2' ],
47 silly audit   '@trysound/sax': [ '0.2.0' ],
47 silly audit   '@tsconfig/react-native': [ '3.0.2' ],
47 silly audit   '@types/babel__core': [ '7.20.1' ],
47 silly audit   '@types/babel__generator': [ '7.6.4' ],
47 silly audit   '@types/babel__template': [ '7.4.1' ],
47 silly audit   '@types/babel__traverse': [ '7.20.1' ],
47 silly audit   '@types/body-parser': [ '1.19.2' ],
47 silly audit   '@types/bonjour': [ '3.5.10' ],
47 silly audit   '@types/connect': [ '3.4.35' ],
47 silly audit   '@types/connect-history-api-fallback': [ '1.5.0' ],
47 silly audit   '@types/eslint': [ '8.44.2' ],
47 silly audit   '@types/eslint-scope': [ '3.7.4' ],
47 silly audit   '@types/estree': [ '1.0.1' ],
47 silly audit   '@types/express': [ '4.17.17' ],
47 silly audit   '@types/express-serve-static-core': [ '4.17.36' ],
47 silly audit   '@types/glob': [ '7.2.0' ],
47 silly audit   '@types/graceful-fs': [ '4.1.6' ],
47 silly audit   '@types/hammerjs': [ '2.0.41' ],
47 silly audit   '@types/html-minifier-terser': [ '6.1.0' ],
47 silly audit   '@types/http-errors': [ '2.0.1' ],
47 silly audit   '@types/http-proxy': [ '1.17.11' ],
47 silly audit   '@types/istanbul-lib-coverage': [ '2.0.4' ],
47 silly audit   '@types/istanbul-lib-report': [ '3.0.0' ],
47 silly audit   '@types/istanbul-reports': [ '3.0.1' ],
47 silly audit   '@types/json-schema': [ '7.0.12' ],
47 silly audit   '@types/metro-config': [ '0.76.3' ],
47 silly audit   'ci-info': [ '2.0.0', '3.8.0' ],
47 silly audit   debug: [ '2.6.9', '4.3.4' ],
47 silly audit   'hermes-estree': [ '0.14.0', '0.8.0' ],
47 silly audit   'hermes-parser': [ '0.14.0', '0.8.0' ],
47 silly audit   'jest-regex-util': [ '27.5.1', '29.4.3' ],
47 silly audit   'jest-util': [ '27.5.1', '29.6.1' ],
47 silly audit   metro: [ '0.77.0', '0.76.5' ],
47 silly audit   'metro-babel-transformer': [ '0.77.0', '0.76.5' ],
47 silly audit   'metro-cache': [ '0.77.0', '0.76.5' ],
47 silly audit   'metro-cache-key': [ '0.77.0', '0.76.5' ],
47 silly audit   'metro-config': [ '0.77.0', '0.76.5' ],
47 silly audit   'metro-core': [ '0.77.0', '0.76.5' ],
47 silly audit   'metro-file-map': [ '0.77.0', '0.76.5' ],
47 silly audit   'metro-inspector-proxy': [ '0.77.0', '0.76.5' ],
47 silly audit   'metro-minify-terser': [ '0.77.0', '0.76.5' ],
47 silly audit   'metro-resolver': [ '0.77.0', '0.76.5' ],
47 silly audit   'metro-runtime': [ '0.77.0', '0.76.5' ],
47 silly audit   'metro-source-map': [ '0.77.0', '0.76.5' ],
47 silly audit   'metro-symbolicate': [ '0.77.0', '0.76.5' ],
47 silly audit   'metro-transform-plugins': [ '0.77.0', '0.76.5' ],
47 silly audit   'metro-transform-worker': [ '0.77.0', '0.76.5' ],
47 silly audit   ms: [ '2.0.0', '2.1.2', '2.1.3' ],
47 silly audit   ob1: [ '0.77.0', '0.76.5' ],
47 silly audit   '@types/mime': [ '1.3.2' ],
47 silly audit   '@types/minimatch': [ '5.1.2' ],
47 silly audit   '@types/node': [ '20.4.0' ],
47 silly audit   '@types/prettier': [ '2.7.3' ],
47 silly audit   '@types/prop-types': [ '15.7.5' ],
47 silly audit   '@types/qs': [ '6.9.8' ],
47 silly audit   '@types/range-parser': [ '1.2.4' ],
47 silly audit   '@types/react': [ '18.2.14' ],
47 silly audit   '@types/react-native': [ '0.70.14' ],
47 silly audit   '@types/react-native-vector-icons': [ '6.4.13' ],
47 silly audit   '@types/react-test-renderer': [ '18.0.0' ],
47 silly audit   '@types/retry': [ '0.12.0' ],
47 silly audit   '@types/scheduler': [ '0.16.3' ],
47 silly audit   '@types/semver': [ '7.5.0' ],
47 silly audit   '@types/send': [ '0.17.1' ],
47 silly audit   '@types/serve-index': [ '1.9.1' ],
47 silly audit   '@types/serve-static': [ '1.15.2' ],
47 silly audit   '@types/sockjs': [ '0.3.33' ],
47 silly audit   '@types/stack-utils': [ '2.0.1' ],
47 silly audit   '@types/ws': [ '8.5.5' ],
47 silly audit   '@types/yargs-parser': [ '21.0.0' ],
47 silly audit   '@typescript-eslint/eslint-plugin': [ '5.61.0' ],
47 silly audit   '@typescript-eslint/parser': [ '5.61.0' ],
47 silly audit   '@typescript-eslint/scope-manager': [ '5.61.0' ],
47 silly audit   '@typescript-eslint/type-utils': [ '5.61.0' ],
47 silly audit   '@typescript-eslint/types': [ '5.61.0' ],
47 silly audit   '@typescript-eslint/typescript-estree': [ '5.61.0' ],
47 silly audit   '@typescript-eslint/utils': [ '5.61.0' ],
47 silly audit   '@typescript-eslint/visitor-keys': [ '5.61.0' ],
47 silly audit   '@webassemblyjs/ast': [ '1.11.6' ],
47 silly audit   '@webassemblyjs/floating-point-hex-parser': [ '1.11.6' ],
47 silly audit   '@webassemblyjs/helper-api-error': [ '1.11.6' ],
47 silly audit   '@webassemblyjs/helper-buffer': [ '1.11.6' ],
47 silly audit   '@webassemblyjs/helper-numbers': [ '1.11.6' ],
47 silly audit   '@webassemblyjs/helper-wasm-bytecode': [ '1.11.6' ],
47 silly audit   '@webassemblyjs/helper-wasm-section': [ '1.11.6' ],
47 silly audit   '@webassemblyjs/ieee754': [ '1.11.6' ],
47 silly audit   '@webassemblyjs/leb128': [ '1.11.6' ],
47 silly audit   '@webassemblyjs/utf8': [ '1.11.6' ],
47 silly audit   '@webassemblyjs/wasm-edit': [ '1.11.6' ],
47 silly audit   '@webassemblyjs/wasm-gen': [ '1.11.6' ],
47 silly audit   '@webassemblyjs/wasm-opt': [ '1.11.6' ],
47 silly audit   '@webassemblyjs/wasm-parser': [ '1.11.6' ],
47 silly audit   '@webassemblyjs/wast-printer': [ '1.11.6' ],
47 silly audit   '@xtuc/ieee754': [ '1.2.0' ],
47 silly audit   '@xtuc/long': [ '4.2.2' ],
47 silly audit   abab: [ '2.0.6' ],
47 silly audit   abbrev: [ '1.1.1' ],
47 silly audit   'abort-controller': [ '3.0.0' ],
47 silly audit   accepts: [ '1.3.8' ],
47 silly audit   'accordion-collapse-react-native': [ '1.1.1' ],
47 silly audit   acorn: [ '8.10.0' ],
47 silly audit   'acorn-import-assertions': [ '1.9.0' ],
47 silly audit   'acorn-jsx': [ '5.3.2' ],
47 silly audit   'agent-base': [ '6.0.2' ],
47 silly audit   agentkeepalive: [ '4.5.0' ],
47 silly audit   'aggregate-error': [ '3.1.0' ],
47 silly audit   ajv: [ '6.12.6', '8.12.0' ],
47 silly audit   'ajv-formats': [ '2.1.1' ],
47 silly audit   'json-schema-traverse': [ '1.0.0', '0.4.1' ],
47 silly audit   'ajv-keywords': [ '3.5.2', '5.1.0' ],
47 silly audit   anser: [ '1.4.10' ],
47 silly audit   'ansi-escapes': [ '4.3.2' ],
47 silly audit   'type-fest': [ '0.21.3', '0.7.1', '0.3.1', '0.20.2' ],
47 silly audit   'ansi-fragments': [ '0.2.1' ],
47 silly audit   'ansi-html-community': [ '0.0.8' ],
47 silly audit   anymatch: [ '3.1.3' ],
47 silly audit   appdirsjs: [ '1.2.7' ],
47 silly audit   aproba: [ '2.0.0' ],
47 silly audit   'are-we-there-yet': [ '2.0.0', '3.0.1' ],
47 silly audit   'readable-stream': [ '3.6.2', '2.3.8' ],
47 silly audit   argsarray: [ '0.0.1' ],
47 silly audit   'array-buffer-byte-length': [ '1.0.0' ],
47 silly audit   'array-flatten': [ '2.1.2', '1.1.1' ],
47 silly audit   'array-includes': [ '3.1.6' ],
47 silly audit   'array-union': [ '2.1.0', '3.0.1', '1.0.2' ],
47 silly audit   'array-uniq': [ '1.0.3' ],
47 silly audit   'array.prototype.flat': [ '1.3.1' ],
47 silly audit   'array.prototype.flatmap': [ '1.3.1' ],
47 silly audit   'array.prototype.tosorted': [ '1.1.1' ],
47 silly audit   asap: [ '2.0.6' ],
47 silly audit   'ast-types': [ '0.15.2' ],
47 silly audit   'astral-regex': [ '1.0.0' ],
47 silly audit   async: [ '3.2.4' ],
47 silly audit   'async-limiter': [ '1.0.1' ],
47 silly audit   'at-least-node': [ '1.0.0' ],
47 silly audit   'available-typed-arrays': [ '1.0.5' ],
47 silly audit   'babel-core': [ '7.0.0-bridge.0' ],
47 silly audit   'babel-jest': [ '29.6.1' ],
47 silly audit   'babel-loader': [ '8.3.0' ],
47 silly audit   'find-cache-dir': [ '3.3.2', '2.1.0' ],
47 silly audit   'babel-plugin-istanbul': [ '6.1.1' ],
47 silly audit   'babel-plugin-jest-hoist': [ '29.5.0' ],
47 silly audit   'babel-plugin-polyfill-corejs2': [ '0.4.4' ],
47 silly audit   'babel-plugin-polyfill-corejs3': [ '0.8.2' ],
47 silly audit   'babel-plugin-polyfill-regenerator': [ '0.5.1' ],
47 silly audit   'babel-plugin-syntax-trailing-function-commas': [ '7.0.0-beta.0' ],
47 silly audit   'babel-plugin-transform-flow-enums': [ '0.0.2' ],
47 silly audit   'babel-preset-current-node-syntax': [ '1.0.1' ],
47 silly audit   'babel-preset-fbjs': [ '3.4.0' ],
47 silly audit   'babel-preset-jest': [ '29.5.0' ],
47 silly audit   'balanced-match': [ '1.0.2' ],
47 silly audit   'base64-js': [ '1.5.1' ],
47 silly audit   batch: [ '0.6.1' ],
47 silly audit   'big.js': [ '5.2.2' ],
47 silly audit   'binary-extensions': [ '2.2.0' ],
47 silly audit   bl: [ '4.1.0' ],
47 silly audit   'safe-buffer': [ '5.2.1', '5.1.2' ],
47 silly audit   string_decoder: [ '1.3.0', '1.1.1' ],
47 silly audit   'body-parser': [ '1.20.1' ],
47 silly audit   bytes: [ '3.1.2', '3.0.0' ],
47 silly audit   'iconv-lite': [ '0.4.24', '0.6.3' ],
47 silly audit   'on-finished': [ '2.4.1', '2.3.0' ],
47 silly audit   'bonjour-service': [ '1.1.1' ],
47 silly audit   boolbase: [ '1.0.0' ],
47 silly audit   'brace-expansion': [ '1.1.11' ],
47 silly audit   braces: [ '3.0.2' ],
47 silly audit   browserslist: [ '4.21.9' ],
47 silly audit   bser: [ '2.1.1' ],
47 silly audit   buffer: [ '5.7.1' ],
47 silly audit   'buffer-from': [ '1.1.2' ],
47 silly audit   cacache: [ '15.3.0' ],
47 silly audit   'call-bind': [ '1.0.2' ],
47 silly audit   'caller-callsite': [ '2.0.0' ],
47 silly audit   callsites: [ '2.0.0', '3.1.0' ],
47 silly audit   'caller-path': [ '2.0.0' ],
47 silly audit   'camel-case': [ '4.1.2' ],
47 silly audit   camelcase: [ '5.3.1', '6.3.0' ],
47 silly audit   'caniuse-api': [ '3.0.0' ],
47 silly audit   'caniuse-lite': [ '1.0.30001513' ],
47 silly audit   'char-regex': [ '1.0.2' ],
47 silly audit   chokidar: [ '3.5.3' ],
47 silly audit   'glob-parent': [ '5.1.2', '6.0.2' ],
47 silly audit   chownr: [ '2.0.0' ],
47 silly audit   'chrome-trace-event': [ '1.0.3' ],
47 silly audit   'cjs-module-lexer': [ '1.2.3' ],
47 silly audit   'clean-css': [ '5.3.2' ],
47 silly audit   'source-map': [ '0.6.1', '0.7.4', '0.5.7' ],
47 silly audit   'clean-stack': [ '2.2.0' ],
47 silly audit   'clean-webpack-plugin': [ '4.0.0' ],
47 silly audit   'cli-cursor': [ '3.1.0' ],
47 silly audit   'cli-spinners': [ '2.9.0' ],
47 silly audit   cliui: [ '8.0.1', '6.0.0', '7.0.4' ],
47 silly audit   clone: [ '1.0.4' ],
47 silly audit   'clone-deep': [ '4.0.1', '2.0.2' ],
47 silly audit   co: [ '4.6.0' ],
47 silly audit   'collect-v8-coverage': [ '1.0.2' ],
47 silly audit   color: [ '4.2.3', '3.2.1' ],
47 silly audit   'color-string': [ '1.9.1' ],
47 silly audit   'color-support': [ '1.1.3' ],
47 silly audit   colord: [ '2.9.3' ],
47 silly audit   colorette: [ '1.4.0', '2.0.20' ],
47 silly audit   'command-exists': [ '1.2.9' ],
47 silly audit   commander: [ '9.5.0', '2.20.0', '8.3.0', '7.2.0', '2.20.3', '2.13.0' ],
47 silly audit   commondir: [ '1.0.1' ],
47 silly audit   compressible: [ '2.0.18' ],
47 silly audit   compression: [ '1.7.4' ],
47 silly audit   'concat-map': [ '0.0.1' ],
47 silly audit   connect: [ '3.7.0' ],
47 silly audit   'connect-history-api-fallback': [ '2.0.0' ],
47 silly audit   'console-control-strings': [ '1.1.0' ],
47 silly audit   'content-disposition': [ '0.5.4' ],
47 silly audit   'content-type': [ '1.0.5' ],
47 silly audit   cookie: [ '0.5.0' ],
47 silly audit   'cookie-signature': [ '1.0.6' ],
47 silly audit   'copy-webpack-plugin': [ '10.2.4' ],
47 silly audit   globby: [ '12.2.0', '6.1.0', '11.1.0' ],
47 silly audit   'schema-utils': [ '4.2.0', '2.7.1', '3.3.0' ],
47 silly audit   slash: [ '4.0.0', '3.0.0' ],
47 silly audit   'core-js-compat': [ '3.31.1' ],
47 silly audit   'core-util-is': [ '1.0.3' ],
47 silly audit   cosmiconfig: [ '5.2.1' ],
47 silly audit   'import-fresh': [ '2.0.0', '3.3.0' ],
47 silly audit   'resolve-from': [ '3.0.0', '4.0.0', '5.0.0' ],
47 silly audit   'create-react-class': [ '15.7.0' ],
47 silly audit   'cross-fetch': [ '3.1.8' ],
47 silly audit   'crypto-random-string': [ '1.0.0' ],
47 silly audit   'css-declaration-sorter': [ '6.4.1' ],
47 silly audit   'css-loader': [ '6.8.1' ],
47 silly audit   'css-minimizer-webpack-plugin': [ '3.4.1' ],
47 silly audit   'css-select': [ '4.3.0' ],
47 silly audit   'css-tree': [ '1.1.3' ],
47 silly audit   'css-what': [ '6.1.0' ],
47 silly audit   cssesc: [ '3.0.0' ],
47 silly audit   cssnano: [ '5.1.15' ],
47 silly audit   'cssnano-preset-default': [ '5.2.14' ],
47 silly audit   'cssnano-utils': [ '3.1.0' ],
47 silly audit   yaml: [ '1.10.2', '2.3.1' ],
47 silly audit   csso: [ '4.2.0' ],
47 silly audit   csstype: [ '3.1.2' ],
47 silly audit   dayjs: [ '1.11.9' ],
47 silly audit   decamelize: [ '1.2.0' ],
47 silly audit   'decode-uri-component': [ '0.2.2' ],
47 silly audit   dedent: [ '0.7.0' ],
47 silly audit   'deep-assign': [ '3.0.0' ],
47 silly audit   'deep-extend': [ '0.6.0' ],
47 silly audit   'deep-is': [ '0.1.4' ],
47 silly audit   deepmerge: [ '4.3.1' ],
47 silly audit   'default-gateway': [ '6.0.3' ],
47 silly audit   defaults: [ '1.0.4' ],
47 silly audit   'define-lazy-prop': [ '2.0.0' ],
47 silly audit   'define-properties': [ '1.2.0' ],
47 silly audit   del: [ '4.1.1' ],
47 silly audit   pify: [ '2.3.0', '4.0.1' ],
47 silly audit   'p-map': [ '2.1.0', '4.0.0' ],
47 silly audit   rimraf: [ '2.7.1', '3.0.2', '2.6.3' ],
47 silly audit   delegates: [ '1.0.0' ],
47 silly audit   denodeify: [ '1.2.1' ],
47 silly audit   depd: [ '2.0.0', '1.1.2' ],
47 silly audit   'deprecated-react-native-prop-types': [ '4.1.0', '2.3.0' ],
47 silly audit   destroy: [ '1.2.0' ],
47 silly audit   'detect-libc': [ '2.0.2' ],
47 silly audit   'detect-newline': [ '3.1.0' ],
47 silly audit   'detect-node': [ '2.1.0' ],
47 silly audit   'diff-sequences': [ '29.4.3' ],
47 silly audit   'dir-glob': [ '3.0.1' ],
47 silly audit   'dns-equal': [ '1.0.0' ],
47 silly audit   'dns-packet': [ '5.6.1' ],
47 silly audit   doctrine: [ '3.0.0', '2.1.0' ],
47 silly audit   'dom-converter': [ '0.2.0' ],
47 silly audit   'dom-serializer': [ '1.4.1' ],
47 silly audit   domelementtype: [ '2.3.0' ],
47 silly audit   domhandler: [ '4.3.1' ],
47 silly audit   domutils: [ '2.8.0' ],
47 silly audit   'dot-case': [ '3.0.4' ],
47 silly audit   'ee-first': [ '1.1.1' ],
47 silly audit   'electron-to-chromium': [ '1.4.453' ],
47 silly audit   emittery: [ '0.13.1' ],
47 silly audit   'emoji-regex': [ '8.0.0' ],
47 silly audit   'emojis-list': [ '3.0.0' ],
47 silly audit   encodeurl: [ '1.0.2' ],
47 silly audit   encoding: [ '0.1.13' ],
47 silly audit   'enhanced-resolve': [ '5.15.0' ],
47 silly audit   entities: [ '2.2.0' ],
47 silly audit   'env-paths': [ '2.2.1' ],
47 silly audit   envinfo: [ '7.10.0' ],
47 silly audit   'err-code': [ '2.0.3' ],
47 silly audit   'error-ex': [ '1.3.2' ],
47 silly audit   'error-stack-parser': [ '2.1.4' ],
47 silly audit   errorhandler: [ '1.5.1' ],
47 silly audit   'es-abstract': [ '1.21.2' ],
47 silly audit   'es-module-lexer': [ '1.3.0' ],
47 silly audit   'es-set-tostringtag': [ '2.0.1' ],
47 silly audit   'es-shim-unscopables': [ '1.0.0' ],
47 silly audit   'es-to-primitive': [ '1.2.1' ],
47 silly audit   escalade: [ '3.1.1' ],
47 silly audit   'escape-html': [ '1.0.3' ],
47 silly audit   eslint: [ '8.44.0' ],
47 silly audit   'eslint-config-prettier': [ '8.8.0' ],
47 silly audit   'eslint-plugin-eslint-comments': [ '3.2.0' ],
47 silly audit   'eslint-plugin-ft-flow': [ '2.0.3' ],
47 silly audit   'eslint-plugin-jest': [ '26.9.0' ],
47 silly audit   'eslint-plugin-prettier': [ '4.2.1' ],
47 silly audit   'eslint-plugin-react': [ '7.32.2' ],
47 silly audit   'eslint-plugin-react-hooks': [ '4.6.0' ],
47 silly audit   'eslint-plugin-react-native': [ '4.0.0' ],
47 silly audit   'eslint-plugin-react-native-globals': [ '0.1.2' ],
47 silly audit   resolve: [ '2.0.0-next.4', '1.22.2' ],
47 silly audit   'eslint-scope': [ '5.1.1', '7.2.0' ],
47 silly audit   estraverse: [ '4.3.0', '5.3.0' ],
47 silly audit   espree: [ '9.6.0' ],
47 silly audit   esprima: [ '4.0.1' ],
47 silly audit   esquery: [ '1.5.0' ],
47 silly audit   esrecurse: [ '4.3.0' ],
47 silly audit   esutils: [ '2.0.3' ],
47 silly audit   etag: [ '1.8.1' ],
47 silly audit   'event-target-shim': [ '5.0.1' ],
47 silly audit   eventemitter3: [ '4.0.7' ],
47 silly audit   events: [ '3.3.0' ],
47 silly audit   execa: [ '5.1.1' ],
47 silly audit   exit: [ '0.1.2' ],
47 silly audit   expect: [ '29.6.1' ],
47 silly audit   'expo-pwa': [ '0.0.127' ],
47 silly audit   express: [ '4.18.2' ],
47 silly audit   finalhandler: [ '1.2.0', '1.1.2' ],
47 silly audit   'fast-deep-equal': [ '3.1.3' ],
47 silly audit   'fast-diff': [ '1.3.0' ],
47 silly audit   'fast-glob': [ '3.3.0' ],
47 silly audit   'fast-json-stable-stringify': [ '2.1.0' ],
47 silly audit   'fast-levenshtein': [ '2.0.6' ],
47 silly audit   'fast-xml-parser': [ '4.2.5' ],
47 silly audit   fastq: [ '1.15.0' ],
47 silly audit   'faye-websocket': [ '0.11.4' ],
47 silly audit   'fb-watchman': [ '2.0.2' ],
47 silly audit   fbjs: [ '3.0.5' ],
47 silly audit   'fbjs-css-vars': [ '1.0.2' ],
47 silly audit   promise: [ '7.3.1', '8.3.0' ],
47 silly audit   'file-entry-cache': [ '6.0.1' ],
47 silly audit   'fill-range': [ '7.0.1' ],
47 silly audit   'filter-obj': [ '1.1.0' ],
47 silly audit   statuses: [ '1.5.0', '2.0.1' ],
47 silly audit   'p-limit': [ '2.3.0', '3.1.0' ],
47 silly audit   'path-exists': [ '3.0.0', '4.0.0' ],
47 silly audit   'pkg-dir': [ '3.0.0', '4.2.0', '5.0.0' ],
47 silly audit   'find-yarn-workspace-root': [ '2.0.0' ],
47 silly audit   'flat-cache': [ '3.0.4' ],
47 silly audit   flatted: [ '3.2.7' ],
47 silly audit   'flow-enums-runtime': [ '0.0.5' ],
47 silly audit   'flow-parser': [ '0.206.0', '0.211.0' ],
47 silly audit   'follow-redirects': [ '1.15.2' ],
47 silly audit   'for-each': [ '0.3.3' ],
47 silly audit   'for-in': [ '1.0.2', '0.1.8' ],
47 silly audit   'for-own': [ '1.0.0' ],
47 silly audit   forwarded: [ '0.2.0' ],
47 silly audit   fresh: [ '0.5.2' ],
47 silly audit   'fs-minipass': [ '2.1.0' ],
47 silly audit   'fs-monkey': [ '1.0.4' ],
47 silly audit   'fs.realpath': [ '1.0.0' ],
47 silly audit   fsevents: [ '2.3.2' ],
47 silly audit   'function-bind': [ '1.1.1' ],
47 silly audit   'function.prototype.name': [ '1.1.5' ],
47 silly audit   'functions-have-names': [ '1.2.3' ],
47 silly audit   gauge: [ '3.0.2', '4.0.4' ],
47 silly audit   gensync: [ '1.0.0-beta.2' ],
47 silly audit   'get-caller-file': [ '2.0.5' ],
47 silly audit   'get-intrinsic': [ '1.2.1' ],
47 silly audit   'get-package-type': [ '0.1.0' ],
47 silly audit   'get-stream': [ '6.0.1' ],
47 silly audit   'get-symbol-description': [ '1.0.0' ],
47 silly audit   getenv: [ '1.0.0' ],
47 silly audit   glob: [ '7.2.3' ],
47 silly audit   'glob-to-regexp': [ '0.4.1' ],
47 silly audit   globalthis: [ '1.0.3' ],
47 silly audit   gopd: [ '1.0.1' ],
47 silly audit   'graceful-fs': [ '4.2.11' ],
47 silly audit   graphemer: [ '1.4.0' ],
47 silly audit   'handle-thing': [ '2.0.1' ],
47 silly audit   has: [ '1.0.3' ],
47 silly audit   'has-bigints': [ '1.0.2' ],
47 silly audit   'has-property-descriptors': [ '1.0.0' ],
47 silly audit   'has-proto': [ '1.0.1' ],
47 silly audit   'has-symbols': [ '1.0.3' ],
47 silly audit   'has-tostringtag': [ '1.0.0' ],
47 silly audit   'has-unicode': [ '2.0.1' ],
47 silly audit   he: [ '1.2.0' ],
47 silly audit   'hermes-profile-transformer': [ '0.0.6' ],
47 silly audit   'hoist-non-react-statics': [ '3.3.2' ],
47 silly audit   'hpack.js': [ '2.1.6' ],
47 silly audit   'html-entities': [ '2.4.0' ],
47 silly audit   'html-escaper': [ '2.0.2' ],
47 silly audit   'html-minifier-terser': [ '6.1.0' ],
47 silly audit   'html-webpack-plugin': [ '5.5.3' ],
47 silly audit   htmlparser2: [ '6.1.0' ],
47 silly audit   'http-cache-semantics': [ '4.1.1' ],
47 silly audit   'http-deceiver': [ '1.2.7' ],
47 silly audit   'http-errors': [ '2.0.0', '1.6.3' ],
47 silly audit   'http-parser-js': [ '0.5.8' ],
47 silly audit   'http-proxy': [ '1.18.1' ],
47 silly audit   'http-proxy-agent': [ '4.0.1' ],
47 silly audit   'http-proxy-middleware': [ '2.0.6' ],
47 silly audit   'https-proxy-agent': [ '5.0.1' ],
47 silly audit   'human-signals': [ '2.1.0' ],
47 silly audit   'humanize-ms': [ '1.2.1' ],
47 silly audit   'icss-utils': [ '5.1.0' ],
47 silly audit   ieee754: [ '1.2.1' ],
47 silly audit   ignore: [ '5.2.4' ],
47 silly audit   'image-size': [ '1.0.2' ],
47 silly audit   immediate: [ '3.3.0' ],
47 silly audit   'import-local': [ '3.1.0' ],
47 silly audit   imurmurhash: [ '0.1.4' ],
47 silly audit   'indent-string': [ '4.0.0' ],
47 silly audit   'infer-owner': [ '1.0.4' ],
47 silly audit   inflight: [ '1.0.6' ],
47 silly audit   inherits: [ '2.0.4', '2.0.3' ],
47 silly audit   ini: [ '1.3.8' ],
47 silly audit   'internal-slot': [ '1.0.5' ],
47 silly audit   invariant: [ '2.2.4' ],
47 silly audit   ip: [ '1.1.8', '2.0.0' ],
47 silly audit   'ipaddr.js': [ '2.1.0', '1.9.1' ],
47 silly audit   'is-array-buffer': [ '3.0.2' ],
47 silly audit   'is-arrayish': [ '0.2.1', '0.3.2' ],
47 silly audit   'is-bigint': [ '1.0.4' ],
47 silly audit   'is-binary-path': [ '2.1.0' ],
47 silly audit   'is-boolean-object': [ '1.1.2' ],
47 silly audit   'is-callable': [ '1.2.7' ],
47 silly audit   'is-core-module': [ '2.12.1' ],
47 silly audit   'is-date-object': [ '1.0.5' ],
47 silly audit   'is-directory': [ '0.3.1' ],
47 silly audit   'is-docker': [ '2.2.1' ],
47 silly audit   'is-extendable': [ '0.1.1' ],
47 silly audit   'is-extglob': [ '2.1.1' ],
47 silly audit   'is-fullwidth-code-point': [ '3.0.0', '2.0.0' ],
47 silly audit   'is-generator-fn': [ '2.1.0' ],
47 silly audit   'is-glob': [ '4.0.3' ],
47 silly audit   'is-interactive': [ '1.0.0' ],
47 silly audit   'is-lambda': [ '1.0.1' ],
47 silly audit   'is-negative-zero': [ '2.0.2' ],
47 silly audit   'is-number': [ '7.0.0' ],
47 silly audit   'is-number-object': [ '1.0.7' ],
47 silly audit   'is-obj': [ '1.0.1' ],
47 silly audit   'is-path-cwd': [ '2.2.0' ],
47 silly audit   'is-path-in-cwd': [ '2.1.0' ],
47 silly audit   'is-path-inside': [ '2.1.0', '3.0.3' ],
47 silly audit   'is-plain-obj': [ '3.0.0' ],
47 silly audit   'is-plain-object': [ '2.0.4' ],
47 silly audit   'is-regex': [ '1.1.4' ],
47 silly audit   'is-shared-array-buffer': [ '1.0.2' ],
47 silly audit   'is-stream': [ '2.0.1' ],
47 silly audit   'is-string': [ '1.0.7' ],
47 silly audit   'is-symbol': [ '1.0.4' ],
47 silly audit   'is-typed-array': [ '1.1.10' ],
47 silly audit   'is-unicode-supported': [ '0.1.0' ],
47 silly audit   'is-weakref': [ '1.0.2' ],
47 silly audit   isarray: [ '1.0.0' ],
47 silly audit   isexe: [ '2.0.0' ],
47 silly audit   isobject: [ '3.0.1' ],
47 silly audit   'istanbul-lib-coverage': [ '3.2.0' ],
47 silly audit   'istanbul-lib-instrument': [ '5.2.1' ],
47 silly audit   'istanbul-lib-report': [ '3.0.0' ],
47 silly audit   'istanbul-lib-source-maps': [ '4.0.1' ],
47 silly audit   'istanbul-reports': [ '3.1.5' ],
47 silly audit   jest: [ '29.6.1' ],
47 silly audit   'jest-changed-files': [ '29.5.0' ],
47 silly audit   'jest-circus': [ '29.6.1' ],
47 silly audit   'jest-cli': [ '29.6.1' ],
47 silly audit   'jest-config': [ '29.6.1' ],
47 silly audit   'parse-json': [ '5.2.0', '4.0.0' ],
47 silly audit   'jest-diff': [ '29.6.1' ],
47 silly audit   'jest-docblock': [ '29.4.3' ],
47 silly audit   'jest-each': [ '29.6.1' ],
47 silly audit   'jest-environment-node': [ '29.6.1' ],
47 silly audit   'jest-get-type': [ '29.4.3' ],
47 silly audit   'jest-haste-map': [ '29.6.1' ],
47 silly audit   'jest-leak-detector': [ '29.6.1' ],
47 silly audit   'jest-matcher-utils': [ '29.6.1' ],
47 silly audit   'jest-message-util': [ '29.6.1' ],
47 silly audit   'jest-mock': [ '29.6.1' ],
47 silly audit   'jest-pnp-resolver': [ '1.2.3' ],
47 silly audit   'jest-resolve': [ '29.6.1' ],
47 silly audit   'jest-resolve-dependencies': [ '29.6.1' ],
47 silly audit   'jest-runner': [ '29.6.1' ],
47 silly audit   'source-map-support': [ '0.5.13', '0.5.21' ],
47 silly audit   'jest-runtime': [ '29.6.1' ],
47 silly audit   'jest-snapshot': [ '29.6.1' ],
47 silly audit   'jest-validate': [ '29.6.1' ],
47 silly audit   'jest-watcher': [ '29.6.1' ],
47 silly audit   'jimp-compact': [ '0.16.1' ],
47 silly audit   joi: [ '17.9.2' ],
47 silly audit   'js-tokens': [ '4.0.0' ],
47 silly audit   'jsc-android': [ '250231.0.0' ],
47 silly audit   'jsc-safe-url': [ '0.2.4' ],
47 silly audit   jscodeshift: [ '0.14.0' ],
47 silly audit   'write-file-atomic': [ '2.4.3', '4.0.2' ],
47 silly audit   jsesc: [ '2.5.2', '0.5.0' ],
47 silly audit   'json-parse-better-errors': [ '1.0.2' ],
47 silly audit   'json-parse-even-better-errors': [ '2.3.1' ],
47 silly audit   'json-stable-stringify-without-jsonify': [ '1.0.1' ],
47 silly audit   json5: [ '2.2.3' ],
47 silly audit   'jsx-ast-utils': [ '3.3.4' ],
47 silly audit   'kind-of': [ '6.0.3', '5.1.0' ],
47 silly audit   kleur: [ '3.0.3' ],
47 silly audit   'launch-editor': [ '2.6.0' ],
47 silly audit   leven: [ '3.1.0' ],
47 silly audit   levn: [ '0.4.1' ],
47 silly audit   lilconfig: [ '2.1.0' ],
47 silly audit   'lines-and-columns': [ '1.2.4' ],
47 silly audit   'loader-runner': [ '4.3.0' ],
47 silly audit   'loader-utils': [ '2.0.4' ],
47 silly audit   lodash: [ '4.17.21' ],
47 silly audit   'lodash.debounce': [ '4.0.8' ],
47 silly audit   'lodash.get': [ '4.4.2' ],
47 silly audit   'lodash.isequal': [ '4.5.0' ],
47 silly audit   'lodash.map': [ '4.6.0' ],
47 silly audit   'lodash.memoize': [ '4.1.2' ],
47 silly audit   'lodash.merge': [ '4.6.2' ],
47 silly audit   'lodash.throttle': [ '4.1.1' ],
47 silly audit   'lodash.uniq': [ '4.5.0' ],
47 silly audit   'lodash.zipobject': [ '4.1.3' ],
47 silly audit   'log-symbols': [ '4.1.0' ],
47 silly audit   logkitty: [ '0.7.1' ],
47 silly audit   'wrap-ansi': [ '6.2.0', '7.0.0' ],
47 silly audit   y18n: [ '4.0.3', '5.0.8' ],
47 silly audit   yargs: [ '15.4.1', '16.2.0', '17.7.2' ],
47 silly audit   'yargs-parser': [ '18.1.3', '20.2.9', '21.1.1' ],
47 silly audit   'loose-envify': [ '1.4.0' ],
47 silly audit   'lower-case': [ '2.0.2' ],
47 silly audit   'make-fetch-happen': [ '9.1.0' ],
47 silly audit   makeerror: [ '1.0.12' ],
47 silly audit   'mdn-data': [ '2.0.14' ],
47 silly audit   'media-typer': [ '0.3.0' ],
47 silly audit   memfs: [ '3.5.3' ],
47 silly audit   'memoize-one': [ '5.2.1' ],
47 silly audit   'merge-descriptors': [ '1.0.1' ],
47 silly audit   'merge-stream': [ '2.0.0' ],
47 silly audit   merge2: [ '1.4.1' ],
47 silly audit   methods: [ '1.1.2' ],
47 silly audit   'metro-minify-uglify': [ '0.76.5' ],
47 silly audit   'metro-react-native-babel-preset': [ '0.76.5' ],
47 silly audit   'metro-react-native-babel-transformer': [ '0.76.5' ],
47 silly audit   micromatch: [ '4.0.5' ],
47 silly audit   mime: [ '2.6.0', '1.6.0' ],
47 silly audit   'mime-db': [ '1.52.0' ],
47 silly audit   'mime-types': [ '2.1.35' ],
47 silly audit   'mimic-fn': [ '2.1.0' ],
47 silly audit   'mini-css-extract-plugin': [ '2.7.6' ],
47 silly audit   'minimalistic-assert': [ '1.0.1' ],
47 silly audit   minimatch: [ '3.1.2' ],
47 silly audit   minimist: [ '1.2.8' ],
47 silly audit   minipass: [ '3.3.6', '5.0.0' ],
47 silly audit   'minipass-collect': [ '1.0.2' ],
47 silly audit   'minipass-fetch': [ '1.4.1' ],
47 silly audit   'minipass-flush': [ '1.0.5' ],
47 silly audit   'minipass-pipeline': [ '1.2.4' ],
47 silly audit   'minipass-sized': [ '1.0.3' ],
47 silly audit   minizlib: [ '2.1.2' ],
47 silly audit   'mixin-object': [ '2.0.1' ],
47 silly audit   'multicast-dns': [ '7.2.5' ],
47 silly audit   nanoid: [ '3.3.6' ],
47 silly audit   'natural-compare': [ '1.4.0' ],
47 silly audit   'natural-compare-lite': [ '1.4.0' ],
47 silly audit   negotiator: [ '0.6.3' ],
47 silly audit   'neo-async': [ '2.6.2' ],
47 silly audit   'nice-try': [ '1.0.5' ],
47 silly audit   'no-case': [ '3.0.4' ],
47 silly audit   nocache: [ '3.0.4' ],
47 silly audit   'node-abort-controller': [ '3.1.1' ],
47 silly audit   'node-addon-api': [ '4.3.0' ],
47 silly audit   'node-dir': [ '0.1.17' ],
47 silly audit   'node-fetch': [ '2.6.12' ],
47 silly audit   'node-forge': [ '1.3.1' ],
47 silly audit   'node-gyp': [ '8.4.1' ],
47 silly audit   npmlog: [ '6.0.2', '5.0.1' ],
47 silly audit   'node-html-parser': [ '5.4.2' ],
47 silly audit   'node-int64': [ '0.4.0' ],
47 silly audit   'node-releases': [ '2.0.13' ],
47 silly audit   'node-stream-zip': [ '1.15.0' ],
47 silly audit   'noop-fn': [ '1.0.0' ],
47 silly audit   nopt: [ '5.0.0' ],
47 silly audit   'normalize-path': [ '3.0.0' ],
47 silly audit   'normalize-url': [ '6.1.0' ],
47 silly audit   'npm-run-path': [ '4.0.1' ],
47 silly audit   'nth-check': [ '2.1.1' ],
47 silly audit   nullthrows: [ '1.1.1' ],
47 silly audit   'object-assign': [ '4.1.1' ],
47 silly audit   'object-inspect': [ '1.12.3' ],
47 silly audit   'object-keys': [ '1.1.1' ],
47 silly audit   'object.assign': [ '4.1.4' ],
47 silly audit   'object.entries': [ '1.1.6' ],
47 silly audit   'object.fromentries': [ '2.0.6' ],
47 silly audit   'object.hasown': [ '1.1.2' ],
47 silly audit   'object.values': [ '1.1.6' ],
47 silly audit   obuf: [ '1.1.2' ],
47 silly audit   'on-headers': [ '1.0.2' ],
47 silly audit   once: [ '1.4.0' ],
47 silly audit   onetime: [ '5.1.2' ],
47 silly audit   open: [ '6.4.0', '8.4.2' ],
47 silly audit   'opencollective-postinstall': [ '2.0.3' ],
47 silly audit   optionator: [ '0.9.3' ],
47 silly audit   ora: [ '5.4.1' ],
47 silly audit   'p-retry': [ '4.6.2' ],
47 silly audit   retry: [ '0.13.1', '0.12.0' ],
47 silly audit   'p-try': [ '2.2.0' ],
47 silly audit   'param-case': [ '3.0.4' ],
47 silly audit   'parent-module': [ '1.0.1' ],
47 silly audit   'parse-png': [ '2.1.0' ],
47 silly audit   parseurl: [ '1.3.3' ],
47 silly audit   'pascal-case': [ '3.1.2' ],
47 silly audit   'path-is-absolute': [ '1.0.1' ],
47 silly audit   'path-is-inside': [ '1.0.2' ],
47 silly audit   'path-parse': [ '1.0.7' ],
47 silly audit   'path-to-regexp': [ '0.1.7' ],
47 silly audit   'path-type': [ '4.0.0' ],
47 silly audit   'performance-now': [ '2.1.0' ],
47 silly audit   picocolors: [ '1.0.0' ],
47 silly audit   picomatch: [ '2.3.1' ],
47 silly audit   pinkie: [ '2.0.4' ],
47 silly audit   'pinkie-promise': [ '2.0.1' ],
47 silly audit   pirates: [ '4.0.6' ],
47 silly audit   pngjs: [ '3.4.0' ],
47 silly audit   postcss: [ '8.4.29' ],
47 silly audit   'postcss-calc': [ '8.2.4' ],
47 silly audit   'postcss-colormin': [ '5.3.1' ],
47 silly audit   'postcss-convert-values': [ '5.1.3' ],
47 silly audit   'postcss-discard-comments': [ '5.1.2' ],
47 silly audit   'postcss-discard-duplicates': [ '5.1.0' ],
47 silly audit   'postcss-discard-empty': [ '5.1.1' ],
47 silly audit   'postcss-discard-overridden': [ '5.1.0' ],
47 silly audit   'postcss-merge-longhand': [ '5.1.7' ],
47 silly audit   'postcss-merge-rules': [ '5.1.4' ],
47 silly audit   'postcss-minify-font-values': [ '5.1.0' ],
47 silly audit   'postcss-minify-gradients': [ '5.1.1' ],
47 silly audit   'postcss-minify-params': [ '5.1.4' ],
47 silly audit   'postcss-minify-selectors': [ '5.2.1' ],
47 silly audit   'postcss-modules-extract-imports': [ '3.0.0' ],
47 silly audit   'postcss-modules-local-by-default': [ '4.0.3' ],
47 silly audit   'postcss-modules-scope': [ '3.0.0' ],
47 silly audit   'postcss-modules-values': [ '4.0.0' ],
47 silly audit   'postcss-normalize-charset': [ '5.1.0' ],
47 silly audit   'postcss-normalize-display-values': [ '5.1.0' ],
47 silly audit   'postcss-normalize-positions': [ '5.1.1' ],
47 silly audit   'postcss-normalize-repeat-style': [ '5.1.1' ],
47 silly audit   'postcss-normalize-string': [ '5.1.0' ],
47 silly audit   'postcss-normalize-timing-functions': [ '5.1.0' ],
47 silly audit   'postcss-normalize-unicode': [ '5.1.1' ],
47 silly audit   'postcss-normalize-url': [ '5.1.0' ],
47 silly audit   'postcss-normalize-whitespace': [ '5.1.1' ],
47 silly audit   'postcss-ordered-values': [ '5.1.3' ],
47 silly audit   'postcss-reduce-initial': [ '5.1.2' ],
47 silly audit   'postcss-reduce-transforms': [ '5.1.0' ],
47 silly audit   'postcss-selector-parser': [ '6.0.13' ],
47 silly audit   'postcss-svgo': [ '5.1.0' ],
47 silly audit   'postcss-unique-selectors': [ '5.1.1' ],
47 silly audit   'postcss-value-parser': [ '4.2.0' ],
47 silly audit   'prelude-ls': [ '1.2.1' ],
47 silly audit   prettier: [ '2.8.8' ],
47 silly audit   'prettier-linter-helpers': [ '1.0.0' ],
47 silly audit   'pretty-error': [ '4.0.0' ],
47 silly audit   'process-nextick-args': [ '2.0.1' ],
47 silly audit   'promise-inflight': [ '1.0.1' ],
47 silly audit   'promise-retry': [ '2.0.1' ],
47 silly audit   prompts: [ '2.4.2' ],
47 silly audit   'prop-types': [ '15.8.1' ],
47 silly audit   'proxy-addr': [ '2.0.7' ],
47 silly audit   punycode: [ '2.3.0' ],
47 silly audit   'pure-rand': [ '6.0.2' ],
47 silly audit   qs: [ '6.11.0' ],
47 silly audit   'query-string': [ '7.1.3' ],
47 silly audit   queue: [ '6.0.2' ],
47 silly audit   'queue-microtask': [ '1.2.3' ],
47 silly audit   raf: [ '3.4.1' ],
47 silly audit   randombytes: [ '2.1.0' ],
47 silly audit   'range-parser': [ '1.2.1' ],
47 silly audit   'raw-body': [ '2.5.1' ],
47 silly audit   rc: [ '1.2.8' ],
47 silly audit   'strip-json-comments': [ '2.0.1', '3.1.1' ],
47 silly audit   react: [ '18.2.0' ],
47 silly audit   'react-devtools-core': [ '4.27.8' ],
47 silly audit   'react-dom': [ '18.2.0' ],
47 silly audit   scheduler: [ '0.23.0', '0.24.0-canary-efb381bbf-20230505' ],
47 silly audit   'react-freeze': [ '1.0.3' ],
47 silly audit   'react-lazy-load-image-component': [ '1.6.0' ],
47 silly audit   'react-native': [ '0.72.1' ],
47 silly audit   'react-native-app-intro-slider': [ '4.0.4' ],
47 silly audit   'react-native-autoheight-webview': [ '1.6.5' ],
47 silly audit   'react-native-cameraroll-image-picker': [ '1.0.3', '0.0.9' ],
47 silly audit   'react-native-collapsible': [ '1.6.1' ],
47 silly audit   'react-native-contacts': [ '7.0.7' ],
47 silly audit   'react-native-device-info': [ '10.8.0' ],
47 silly audit   'react-native-elements': [ '3.4.3' ],
47 silly audit   'react-native-fast-image': [ '8.6.3' ],
47 silly audit   'react-native-flatlist-selector': [ '0.2.1' ],
47 silly audit   'react-native-geocoding': [ '0.5.0' ],
47 silly audit   'react-native-geolocation-service': [ '5.3.1' ],
47 silly audit   'react-native-gesture-handler': [ '2.12.0' ],
47 silly audit   'react-native-image-crop-picker': [ '0.40.0' ],
47 silly audit   'react-native-image-picker': [ '5.6.0' ],
47 silly audit   'react-native-iphone-x-helper': [ '1.3.1' ],
47 silly audit   'react-native-permissions': [ '3.8.4' ],
47 silly audit   'react-native-ratings': [ '8.0.4' ],
47 silly audit   'react-native-reanimated': [ '3.3.0' ],
47 silly audit   'react-native-responsive-fontsize': [ '0.5.1' ],
47 silly audit   'react-native-safe-area-context': [ '4.6.4' ],
47 silly audit   'react-native-screens': [ '3.22.1' ],
47 silly audit   'react-native-sdwebimage': [ '1.3.1' ],
47 silly audit   'react-native-share': [ '9.2.3' ],
47 silly audit   'react-native-size-matters': [ '0.3.1' ],
47 silly audit   'react-native-sqlite-2': [ '3.6.2' ],
47 silly audit   'react-native-sqlite-storage': [ '6.0.1' ],
47 silly audit   'react-native-swipeout': [ '2.3.6' ],
47 silly audit   'react-native-vector-icons': [ '10.0.0' ],
47 silly audit   'react-native-webview': [ '13.2.2' ],
47 silly audit   ws: [ '6.2.2', '8.13.0', '7.5.9' ],
47 silly audit   'react-refresh': [ '0.4.3' ],
47 silly audit   'react-shallow-renderer': [ '16.15.0' ],
47 silly audit   'react-test-renderer': [ '18.2.0' ],
47 silly audit   'react-tween-state': [ '0.1.5' ],
47 silly audit   readdirp: [ '3.6.0' ],
47 silly audit   readline: [ '1.3.0' ],
47 silly audit   recast: [ '0.21.5' ],
47 silly audit   regenerate: [ '1.4.2' ],
47 silly audit   'regenerate-unicode-properties': [ '10.1.0' ],
47 silly audit   'regenerator-runtime': [ '0.13.11' ],
47 silly audit   'regenerator-transform': [ '0.15.1' ],
47 silly audit   'regexp.prototype.flags': [ '1.5.0' ],
47 silly audit   'regexpu-core': [ '5.3.2' ],
47 silly audit   'registry-auth-token': [ '3.3.2' ],
47 silly audit   'registry-url': [ '3.1.0' ],
47 silly audit   regjsparser: [ '0.9.1' ],
47 silly audit   relateurl: [ '0.2.7' ],
47 silly audit   renderkid: [ '3.0.0' ],
47 silly audit   'require-directory': [ '2.1.1' ],
47 silly audit   'require-from-string': [ '2.0.2' ],
47 silly audit   'require-main-filename': [ '2.0.0' ],
47 silly audit   'requires-port': [ '1.0.0' ],
47 silly audit   'resolve-cwd': [ '3.0.0' ],
47 silly audit   'resolve.exports': [ '2.0.2' ],
47 silly audit   'restore-cursor': [ '3.1.0' ],
47 silly audit   reusify: [ '1.0.4' ],
47 silly audit   'rn-photos-framework': [ '1.0.7' ],
47 silly audit   'run-parallel': [ '1.2.0' ],
47 silly audit   'safe-regex-test': [ '1.0.0' ],
47 silly audit   'safer-buffer': [ '2.1.2' ],
47 silly audit   'select-hose': [ '2.0.0' ],
47 silly audit   selfsigned: [ '2.1.1' ],
47 silly audit   send: [ '0.18.0' ],
47 silly audit   'serialize-error': [ '2.1.0' ],
47 silly audit   'serialize-javascript': [ '6.0.1' ],
47 silly audit   'serve-index': [ '1.9.1' ],
47 silly audit   setprototypeof: [ '1.1.0', '1.2.0' ],
47 silly audit   'serve-static': [ '1.15.0' ],
47 silly audit   'set-blocking': [ '2.0.0' ],
47 silly audit   setimmediate: [ '1.0.5' ],
47 silly audit   'shallow-clone': [ '3.0.1', '1.0.0' ],
47 silly audit   'shell-quote': [ '1.8.1' ],
47 silly audit   'side-channel': [ '1.0.4' ],
47 silly audit   'signal-exit': [ '3.0.7' ],
47 silly audit   'simple-swizzle': [ '0.2.2' ],
47 silly audit   sisteransi: [ '1.0.5' ],
47 silly audit   'slice-ansi': [ '2.1.0' ],
47 silly audit   'smart-buffer': [ '4.2.0' ],
47 silly audit   sockjs: [ '0.3.24' ],
47 silly audit   socks: [ '2.7.1' ],
47 silly audit   'socks-proxy-agent': [ '6.2.1' ],
47 silly audit   'source-list-map': [ '2.0.1' ],
47 silly audit   'source-map-js': [ '1.0.2' ],
47 silly audit   'source-map-loader': [ '3.0.2' ],
47 silly audit   spdy: [ '4.0.2' ],
47 silly audit   'spdy-transport': [ '3.0.0' ],
47 silly audit   'split-on-first': [ '1.1.0' ],
47 silly audit   'sprintf-js': [ '1.0.3' ],
47 silly audit   sqlite3: [ '5.1.6' ],
47 silly audit   ssri: [ '8.0.1' ],
47 silly audit   stable: [ '0.1.8' ],
47 silly audit   'stack-utils': [ '2.0.6' ],
47 silly audit   stackframe: [ '1.3.4' ],
47 silly audit   'stacktrace-parser': [ '0.1.10' ],
47 silly audit   'strict-uri-encode': [ '2.0.0' ],
47 silly audit   'string-length': [ '4.0.2' ],
47 silly audit   'string-natural-compare': [ '3.0.1' ],
47 silly audit   'string-width': [ '4.2.3' ],
47 silly audit   'string.prototype.matchall': [ '4.0.8' ],
47 silly audit   'string.prototype.trim': [ '1.2.7' ],
47 silly audit   'string.prototype.trimend': [ '1.0.6' ],
47 silly audit   'string.prototype.trimstart': [ '1.0.6' ],
47 silly audit   'strip-bom': [ '4.0.0' ],
47 silly audit   'strip-final-newline': [ '2.0.0' ],
47 silly audit   strnum: [ '1.0.5' ],
47 silly audit   'style-loader': [ '3.3.3' ],
47 silly audit   stylehacks: [ '5.1.1' ],
47 silly audit   'sudo-prompt': [ '9.2.1' ],
47 silly audit   superstruct: [ '0.6.2' ],
47 silly audit   'supports-preserve-symlinks-flag': [ '1.0.0' ],
47 silly audit   svgo: [ '2.8.0' ],
47 silly audit   tapable: [ '2.2.1' ],
47 silly audit   tar: [ '6.1.15' ],
47 silly audit   temp: [ '0.8.4' ],
47 silly audit   'temp-dir': [ '1.0.0' ],
47 silly audit   tempy: [ '0.3.0' ],
47 silly audit   terser: [ '5.18.2' ],
47 silly audit   'terser-webpack-plugin': [ '5.3.9' ],
47 silly audit   'test-exclude': [ '6.0.0' ],
47 silly audit   'text-table': [ '0.2.0' ],
47 silly audit   throat: [ '5.0.0' ],
47 silly audit   through2: [ '2.0.5' ],
47 silly audit   thunky: [ '1.1.0' ],
47 silly audit   'tiny-queue': [ '0.2.1' ],
47 silly audit   tmpl: [ '1.0.5' ],
47 silly audit   'to-fast-properties': [ '2.0.0' ],
47 silly audit   'to-regex-range': [ '5.0.1' ],
47 silly audit   toidentifier: [ '1.0.1' ],
47 silly audit   tr46: [ '0.0.3' ],
47 silly audit   tslib: [ '2.6.0', '1.14.1' ],
47 silly audit   tsutils: [ '3.21.0' ],
47 silly audit   'tween-functions': [ '1.2.0' ],
47 silly audit   'type-check': [ '0.4.0' ],
47 silly audit   'type-detect': [ '4.0.8' ],
47 silly audit   'type-is': [ '1.6.18' ],
47 silly audit   'typed-array-length': [ '1.0.4' ],
47 silly audit   typescript: [ '4.8.4' ],
47 silly audit   'ua-parser-js': [ '1.0.35' ],
47 silly audit   'uglify-es': [ '3.3.9' ],
47 silly audit   'unbox-primitive': [ '1.0.2' ],
47 silly audit   'unicode-canonical-property-names-ecmascript': [ '2.0.0' ],
47 silly audit   'unicode-match-property-ecmascript': [ '2.0.0' ],
47 silly audit   'unicode-match-property-value-ecmascript': [ '2.1.0' ],
47 silly audit   'unicode-property-aliases-ecmascript': [ '2.1.0' ],
47 silly audit   'unique-filename': [ '1.1.1' ],
47 silly audit   'unique-slug': [ '2.0.2' ],
47 silly audit   'unique-string': [ '1.0.0' ],
47 silly audit   unpipe: [ '1.0.0' ],
47 silly audit   'update-browserslist-db': [ '1.0.11' ],
47 silly audit   'update-check': [ '1.5.3' ],
47 silly audit   'uri-js': [ '4.4.1' ],
47 silly audit   'use-latest-callback': [ '0.1.6' ],
47 silly audit   'use-sync-external-store': [ '1.2.0' ],
47 silly audit   'util-deprecate': [ '1.0.2' ],
47 silly audit   utila: [ '0.4.0' ],
47 silly audit   'utils-merge': [ '1.0.1' ],
47 silly audit   uuid: [ '8.3.2' ],
47 silly audit   'v8-to-istanbul': [ '9.1.0' ],
47 silly audit   vary: [ '1.1.2' ],
47 silly audit   vlq: [ '1.0.1' ],
47 silly audit   walker: [ '1.0.8' ],
47 silly audit   'warn-once': [ '0.1.1' ],
47 silly audit   watchpack: [ '2.4.0' ],
47 silly audit   wbuf: [ '1.7.3' ],
47 silly audit   wcwidth: [ '1.0.1' ],
47 silly audit   'webidl-conversions': [ '3.0.1' ],
47 silly audit   webpack: [ '5.88.2' ],
47 silly audit   'webpack-dev-middleware': [ '5.3.3' ],
47 silly audit   'webpack-dev-server': [ '4.15.1' ],
47 silly audit   'webpack-manifest-plugin': [ '4.1.1' ],
47 silly audit   'webpack-sources': [ '2.3.1', '3.2.3' ],
47 silly audit   'websocket-driver': [ '0.7.4' ],
47 silly audit   'websocket-extensions': [ '0.1.4' ],
47 silly audit   websql: [ '2.0.3' ],
47 silly audit   'whatwg-fetch': [ '3.6.2' ],
47 silly audit   'whatwg-url': [ '5.0.0' ],
47 silly audit   'which-boxed-primitive': [ '1.0.2' ],
47 silly audit   'which-module': [ '2.0.1' ],
47 silly audit   'which-typed-array': [ '1.1.9' ],
47 silly audit   'wide-align': [ '1.1.5' ],
47 silly audit   wrappy: [ '1.0.2' ],
47 silly audit   xtend: [ '4.0.2' ],
47 silly audit   'yocto-queue': [ '0.1.0' ]
47 silly audit }
48 timing reify:unpack Completed in 1ms
49 timing reify:unretire Completed in 0ms
50 timing build:queue Completed in 0ms
51 timing build:deps Completed in 0ms
52 timing build Completed in 0ms
53 timing reify:build Completed in 0ms
54 timing reify:trash Completed in 0ms
55 timing reify:save Completed in 157ms
56 http fetch POST 200 https://registry.npmjs.org/-/npm/v1/security/advisories/bulk 620ms
57 timing auditReport:getReport Completed in 627ms
58 silly audit report {
58 silly audit report   semver: [
58 silly audit report     {
58 silly audit report       id: 1093262,
58 silly audit report       url: 'https://github.com/advisories/GHSA-c2qf-rxjj-qqgw',
58 silly audit report       title: 'semver vulnerable to Regular Expression Denial of Service',
58 silly audit report       severity: 'moderate',
58 silly audit report       vulnerable_versions: '<5.7.2',
58 silly audit report       cwe: [Array],
58 silly audit report       cvss: [Object]
58 silly audit report     },
58 silly audit report     {
58 silly audit report       id: 1093263,
58 silly audit report       url: 'https://github.com/advisories/GHSA-c2qf-rxjj-qqgw',
58 silly audit report       title: 'semver vulnerable to Regular Expression Denial of Service',
58 silly audit report       severity: 'moderate',
58 silly audit report       vulnerable_versions: '>=6.0.0 <6.3.1',
58 silly audit report       cwe: [Array],
58 silly audit report       cvss: [Object]
58 silly audit report     },
58 silly audit report     {
58 silly audit report       id: 1093264,
58 silly audit report       url: 'https://github.com/advisories/GHSA-c2qf-rxjj-qqgw',
58 silly audit report       title: 'semver vulnerable to Regular Expression Denial of Service',
58 silly audit report       severity: 'moderate',
58 silly audit report       vulnerable_versions: '>=7.0.0 <7.5.2',
58 silly audit report       cwe: [Array],
58 silly audit report       cvss: [Object]
58 silly audit report     }
58 silly audit report   ]
58 silly audit report }
59 timing metavuln:cache:get:security-advisory:semver:PlZgIkF6e3/0yLjqYqSrH86eUBw0BU9Wzsy4iARPg9G3iRIQ2GNxvejcQXeGaJot7HHphkgcPgSjq2bILFos4A== Completed in 8ms
60 timing metavuln:cache:get:security-advisory:semver:ylVPedjv/X8TpgairrCUKxYrttyJ3d9KZq9OUWSImrjp5hbdN12y00p2CHArh2hdr4BFmY4wjnBtJ5hGE9Q1vQ== Completed in 7ms
61 timing metavuln:cache:get:security-advisory:semver:QOiLWUW91ttGunirVTBb4H1yCzzSgBan1koq6ouAtmrfkHTHTd8VFTM5X4rBVXabv7Sr0sKo4HJXtfFbV76tPA== Completed in 7ms
62 http fetch GET 200 https://registry.npmjs.org/semver 85ms (cache revalidated)
63 timing metavuln:packument:semver Completed in 86ms
64 timing metavuln:load:security-advisory:semver:1093262 Completed in 0ms
65 timing metavuln:calculate:security-advisory:semver:1093262 Completed in 87ms
66 timing metavuln:load:security-advisory:semver:1093263 Completed in 1ms
67 timing metavuln:calculate:security-advisory:semver:1093263 Completed in 86ms
68 timing metavuln:load:security-advisory:semver:1093264 Completed in 0ms
69 timing metavuln:calculate:security-advisory:semver:1093264 Completed in 86ms
70 timing metavuln:cache:get:security-advisory:make-dir:fiQFxIbItdm1JzoBL5vhL8ExwRGy2iH0qK+X1lwlPItpd5RzuXbacRRqom22sQbnKhRw750xTdYnTHPDs5UiBg== Completed in 2ms
71 http fetch GET 200 https://registry.npmjs.org/make-dir 50ms (cache revalidated)
72 timing metavuln:packument:make-dir Completed in 52ms
73 timing metavuln:load:security-advisory:make-dir:PlZgIkF6e3/0yLjqYqSrH86eUBw0BU9Wzsy4iARPg9G3iRIQ2GNxvejcQXeGaJot7HHphkgcPgSjq2bILFos4A== Completed in 0ms
74 timing metavuln:calculate:security-advisory:make-dir:PlZgIkF6e3/0yLjqYqSrH86eUBw0BU9Wzsy4iARPg9G3iRIQ2GNxvejcQXeGaJot7HHphkgcPgSjq2bILFos4A== Completed in 52ms
75 timing metavuln:cache:get:security-advisory:@react-native-community/cli:GOPGJKizry0EaLbpUucyLmxp1ApCFJIOPRldm0R2wlTc3XY6qyBttfWhB3s+pk4bspKyPSnr1mO2r7r0ihfLow== Completed in 6ms
76 timing metavuln:cache:get:security-advisory:@react-native-community/cli-tools:chAIRdjRorLllyvQYh6dIa7ofBapoE8aN3oDO9yWFQKiJWVgWTj3+7XCY3aJE0R+X1/FMQoXmsC6j5zSbjvk1w== Completed in 5ms
77 timing metavuln:cache:get:security-advisory:eslint-plugin-react:SJE/145h3ByRmIHJOWdlDnJmDnAlXbNKgoii7Kt42orQlDRXgEqqrw9M1tkcOg8eCcKRq3QXQA+tPFIbpDQJIA== Completed in 5ms
78 timing metavuln:cache:get:security-advisory:@react-native-community/cli-doctor:N2E7/Xtt3/QxsMjS1QGeOpAsu7KOFDy56ESg47uU9mIrMnNi1AICe8yP6r+MnJ3rFxz4XE/gh+BBui7rvKLz4w== Completed in 5ms
79 timing metavuln:cache:get:security-advisory:make-dir:0LfYkKFJwV5hNgM07X2/+8WT1T2LrmnH5c0UcSnXm7cB/8z6imJuo7lEYQW5/GqzbvC1ob3RZskF54ZuFXkRgQ== Completed in 5ms
80 timing metavuln:load:security-advisory:make-dir:ylVPedjv/X8TpgairrCUKxYrttyJ3d9KZq9OUWSImrjp5hbdN12y00p2CHArh2hdr4BFmY4wjnBtJ5hGE9Q1vQ== Completed in 0ms
81 timing metavuln:calculate:security-advisory:make-dir:ylVPedjv/X8TpgairrCUKxYrttyJ3d9KZq9OUWSImrjp5hbdN12y00p2CHArh2hdr4BFmY4wjnBtJ5hGE9Q1vQ== Completed in 5ms
82 timing metavuln:cache:get:security-advisory:istanbul-lib-instrument:Zuo4cgX2ME8DiijMDlofBHd3UQtGdZGgcqVPNoQXASeGsaxKhHxktkPyUgUQjJgzIv3hjtWH+Ups2cdfEpKz0w== Completed in 4ms
83 http fetch GET 200 https://registry.npmjs.org/eslint-plugin-react 104ms (cache revalidated)
84 timing metavuln:packument:eslint-plugin-react Completed in 107ms
85 timing metavuln:load:security-advisory:eslint-plugin-react:ylVPedjv/X8TpgairrCUKxYrttyJ3d9KZq9OUWSImrjp5hbdN12y00p2CHArh2hdr4BFmY4wjnBtJ5hGE9Q1vQ== Completed in 0ms
86 timing metavuln:calculate:security-advisory:eslint-plugin-react:ylVPedjv/X8TpgairrCUKxYrttyJ3d9KZq9OUWSImrjp5hbdN12y00p2CHArh2hdr4BFmY4wjnBtJ5hGE9Q1vQ== Completed in 107ms
87 http fetch GET 200 https://registry.npmjs.org/istanbul-lib-instrument 108ms (cache revalidated)
88 timing metavuln:packument:istanbul-lib-instrument Completed in 109ms
89 timing metavuln:load:security-advisory:istanbul-lib-instrument:ylVPedjv/X8TpgairrCUKxYrttyJ3d9KZq9OUWSImrjp5hbdN12y00p2CHArh2hdr4BFmY4wjnBtJ5hGE9Q1vQ== Completed in 0ms
90 timing metavuln:calculate:security-advisory:istanbul-lib-instrument:ylVPedjv/X8TpgairrCUKxYrttyJ3d9KZq9OUWSImrjp5hbdN12y00p2CHArh2hdr4BFmY4wjnBtJ5hGE9Q1vQ== Completed in 109ms
91 http fetch GET 200 https://registry.npmjs.org/@react-native-community%2fcli-tools 143ms (cache revalidated)
92 timing metavuln:packument:@react-native-community/cli-tools Completed in 144ms
93 timing metavuln:load:security-advisory:@react-native-community/cli-tools:ylVPedjv/X8TpgairrCUKxYrttyJ3d9KZq9OUWSImrjp5hbdN12y00p2CHArh2hdr4BFmY4wjnBtJ5hGE9Q1vQ== Completed in 1ms
94 timing metavuln:calculate:security-advisory:@react-native-community/cli-tools:ylVPedjv/X8TpgairrCUKxYrttyJ3d9KZq9OUWSImrjp5hbdN12y00p2CHArh2hdr4BFmY4wjnBtJ5hGE9Q1vQ== Completed in 145ms
95 http fetch GET 200 https://registry.npmjs.org/@react-native-community%2fcli 147ms (cache revalidated)
96 timing metavuln:packument:@react-native-community/cli Completed in 152ms
97 timing metavuln:load:security-advisory:@react-native-community/cli:ylVPedjv/X8TpgairrCUKxYrttyJ3d9KZq9OUWSImrjp5hbdN12y00p2CHArh2hdr4BFmY4wjnBtJ5hGE9Q1vQ== Completed in 0ms
98 timing metavuln:calculate:security-advisory:@react-native-community/cli:ylVPedjv/X8TpgairrCUKxYrttyJ3d9KZq9OUWSImrjp5hbdN12y00p2CHArh2hdr4BFmY4wjnBtJ5hGE9Q1vQ== Completed in 152ms
99 http fetch GET 200 https://registry.npmjs.org/@react-native-community%2fcli-doctor 220ms (cache revalidated)
100 timing metavuln:packument:@react-native-community/cli-doctor Completed in 221ms
101 timing metavuln:load:security-advisory:@react-native-community/cli-doctor:ylVPedjv/X8TpgairrCUKxYrttyJ3d9KZq9OUWSImrjp5hbdN12y00p2CHArh2hdr4BFmY4wjnBtJ5hGE9Q1vQ== Completed in 0ms
102 timing metavuln:calculate:security-advisory:@react-native-community/cli-doctor:ylVPedjv/X8TpgairrCUKxYrttyJ3d9KZq9OUWSImrjp5hbdN12y00p2CHArh2hdr4BFmY4wjnBtJ5hGE9Q1vQ== Completed in 221ms
103 timing metavuln:cache:get:security-advisory:@expo/image-utils:UgaC3ZB8oQw95tXWqAj07rzATF9+M87Ty2rIeIlVO9YyZpnDXq1N4og/rUCR3Xt8iNPupogHrpNjFOi7x5XHTg== Completed in 2ms
104 timing metavuln:cache:get:security-advisory:@expo/webpack-config:iquBut+RMISlt9xL3UFlil8Y/4D3hmnPxnbqYAXMUE8xj1BsnTmQ4DZ5xPi3CuBFDnnaIzcIeeniXhxVnhjv0g== Completed in 1ms
105 http fetch GET 200 https://registry.npmjs.org/@expo%2fimage-utils 423ms (cache revalidated)
106 timing metavuln:packument:@expo/image-utils Completed in 423ms
107 timing metavuln:load:security-advisory:@expo/image-utils:QOiLWUW91ttGunirVTBb4H1yCzzSgBan1koq6ouAtmrfkHTHTd8VFTM5X4rBVXabv7Sr0sKo4HJXtfFbV76tPA== Completed in 0ms
108 timing metavuln:calculate:security-advisory:@expo/image-utils:QOiLWUW91ttGunirVTBb4H1yCzzSgBan1koq6ouAtmrfkHTHTd8VFTM5X4rBVXabv7Sr0sKo4HJXtfFbV76tPA== Completed in 423ms
109 http fetch GET 200 https://registry.npmjs.org/@expo%2fwebpack-config 2529ms (cache revalidated)
110 timing metavuln:packument:@expo/webpack-config Completed in 2535ms
111 timing metavuln:load:security-advisory:@expo/webpack-config:QOiLWUW91ttGunirVTBb4H1yCzzSgBan1koq6ouAtmrfkHTHTd8VFTM5X4rBVXabv7Sr0sKo4HJXtfFbV76tPA== Completed in 1ms
112 timing metavuln:calculate:security-advisory:@expo/webpack-config:QOiLWUW91ttGunirVTBb4H1yCzzSgBan1koq6ouAtmrfkHTHTd8VFTM5X4rBVXabv7Sr0sKo4HJXtfFbV76tPA== Completed in 2536ms
113 timing metavuln:cache:get:security-advisory:expo-pwa:9cTjmAOpEGZE/UrxHCrF5x+zP62Bw+RH/YzbpYJq4HOQ2VQd6ft959ouAZSKSflHjRqpBKlP3IZ6ejt/lz1LKw== Completed in 3ms
114 http fetch GET 200 https://registry.npmjs.org/expo-pwa 345ms (cache revalidated)
115 timing metavuln:packument:expo-pwa Completed in 347ms
116 timing metavuln:load:security-advisory:expo-pwa:UgaC3ZB8oQw95tXWqAj07rzATF9+M87Ty2rIeIlVO9YyZpnDXq1N4og/rUCR3Xt8iNPupogHrpNjFOi7x5XHTg== Completed in 0ms
117 timing metavuln:calculate:security-advisory:expo-pwa:UgaC3ZB8oQw95tXWqAj07rzATF9+M87Ty2rIeIlVO9YyZpnDXq1N4og/rUCR3Xt8iNPupogHrpNjFOi7x5XHTg== Completed in 347ms
118 timing metavuln:cache:get:security-advisory:@expo/webpack-config:IW/Ts2XObVQ5A6gFxoI83zV5eHoGwohBL+7qlOv5MK2Xmle9AgCl8dMKLn/5kePa56t4im0xgi6jaJwf5vxOXw== Completed in 1ms
119 timing metavuln:load:security-advisory:@expo/webpack-config:9cTjmAOpEGZE/UrxHCrF5x+zP62Bw+RH/YzbpYJq4HOQ2VQd6ft959ouAZSKSflHjRqpBKlP3IZ6ejt/lz1LKw== Completed in 0ms
120 timing metavuln:calculate:security-advisory:@expo/webpack-config:9cTjmAOpEGZE/UrxHCrF5x+zP62Bw+RH/YzbpYJq4HOQ2VQd6ft959ouAZSKSflHjRqpBKlP3IZ6ejt/lz1LKw== Completed in 1ms
121 timing auditReport:init Completed in 3258ms
122 timing reify:audit Completed in 3885ms
123 timing reify Completed in 4349ms
124 timing command:install Completed in 4359ms
125 verbose exit 0
126 timing npm Completed in 4493ms
127 info ok
