0 verbose cli /opt/homebrew/Cellar/node/20.4.0/bin/node /opt/homebrew/bin/npm
1 info using npm@9.7.2
2 info using node@v20.4.0
3 timing npm:load:whichnode Completed in 1ms
4 timing config:load:defaults Completed in 0ms
5 timing config:load:file:/opt/homebrew/lib/node_modules/npm/npmrc Completed in 1ms
6 timing config:load:builtin Completed in 1ms
7 timing config:load:cli Completed in 1ms
8 timing config:load:env Completed in 0ms
9 timing config:load:file:/Users/arunakumari/Desktop/TestProject/.npmrc Completed in 0ms
10 timing config:load:project Completed in 0ms
11 timing config:load:file:/Users/arunakumari/.npmrc Completed in 0ms
12 timing config:load:user Completed in 0ms
13 timing config:load:file:/opt/homebrew/etc/npmrc Completed in 1ms
14 timing config:load:global Completed in 1ms
15 timing config:load:setEnvs Completed in 1ms
16 timing config:load Completed in 6ms
17 timing npm:load:configload Completed in 6ms
18 timing config:load:flatten Completed in 1ms
19 timing npm:load:mkdirpcache Completed in 1ms
20 timing npm:load:mkdirplogs Completed in 1ms
21 verbose title npm i @types/rn-photos-framework
22 verbose argv "i" "--save-dev" "@types/rn-photos-framework"
23 timing npm:load:setTitle Completed in 2ms
24 timing npm:load:display Completed in 0ms
25 verbose logfile logs-max:10 dir:/Users/arunakumari/Desktop/TestProject/C:\Users\Firstname~1\AppData\Roaming\npm-cache/_logs/2023-07-24T11_00_58_687Z-
26 verbose logfile /Users/arunakumari/Desktop/TestProject/C:\Users\Firstname~1\AppData\Roaming\npm-cache/_logs/2023-07-24T11_00_58_687Z-debug-0.log
27 timing npm:load:logFile Completed in 4ms
28 timing npm:load:timers Completed in 0ms
29 timing npm:load:configScope Completed in 0ms
30 timing npm:load Completed in 23ms
31 timing arborist:ctor Completed in 0ms
32 silly logfile done cleaning log files
33 timing idealTree:init Completed in 172ms
34 timing idealTree:userRequests Completed in 2ms
35 silly idealTree buildDeps
36 silly fetch manifest @types/rn-photos-framework@*
37 timing arborist:ctor Completed in 0ms
38 http fetch GET 404 https://registry.npmjs.org/@types%2frn-photos-framework 1335ms (cache skip)
39 http fetch GET 404 https://registry.npmjs.org/@types%2frn-photos-framework 1067ms (cache skip)
40 silly placeDep ROOT @types/rn-photos-framework@ OK for: TestProject@0.0.1 want: *
41 timing idealTree:#root Completed in 2413ms
42 timing idealTree:node_modules/@types/rn-photos-framework Completed in 0ms
43 timing idealTree:buildDeps Completed in 2414ms
44 timing idealTree:fixDepFlags Completed in 7ms
45 timing idealTree Completed in 2595ms
46 timing command:i Completed in 2599ms
47 verbose stack HttpErrorGeneral: 404 Not Found - GET https://registry.npmjs.org/@types%2frn-photos-framework - Not found
47 verbose stack     at /opt/homebrew/lib/node_modules/npm/node_modules/npm-registry-fetch/lib/check-response.js:95:15
47 verbose stack     at process.processTicksAndRejections (node:internal/process/task_queues:95:5)
47 verbose stack     at async RegistryFetcher.packument (/opt/homebrew/lib/node_modules/npm/node_modules/pacote/lib/registry.js:87:19)
47 verbose stack     at async RegistryFetcher.manifest (/opt/homebrew/lib/node_modules/npm/node_modules/pacote/lib/registry.js:118:23)
47 verbose stack     at async #nodeFromEdge (/opt/homebrew/lib/node_modules/npm/node_modules/@npmcli/arborist/lib/arborist/build-ideal-tree.js:1049:19)
47 verbose stack     at async #buildDepStep (/opt/homebrew/lib/node_modules/npm/node_modules/@npmcli/arborist/lib/arborist/build-ideal-tree.js:917:11)
47 verbose stack     at async Arborist.buildIdealTree (/opt/homebrew/lib/node_modules/npm/node_modules/@npmcli/arborist/lib/arborist/build-ideal-tree.js:196:7)
47 verbose stack     at async Promise.all (index 1)
47 verbose stack     at async Arborist.reify (/opt/homebrew/lib/node_modules/npm/node_modules/@npmcli/arborist/lib/arborist/reify.js:159:5)
47 verbose stack     at async Install.exec (/opt/homebrew/lib/node_modules/npm/lib/commands/install.js:149:5)
48 verbose statusCode 404
49 verbose pkgid @types/rn-photos-framework@*
50 verbose cwd /Users/arunakumari/Desktop/TestProject
51 verbose Darwin 22.1.0
52 verbose node v20.4.0
53 verbose npm  v9.7.2
54 error code E404
55 error 404 Not Found - GET https://registry.npmjs.org/@types%2frn-photos-framework - Not found
56 error 404
57 error 404  '@types/rn-photos-framework@*' is not in this registry.
58 error 404
58 error 404 Note that you can also install from a
59 error 404 tarball, folder, http url, or git url.
60 verbose exit 1
61 timing npm Completed in 2723ms
62 verbose unfinished npm timer reify 1690196458805
63 verbose unfinished npm timer reify:loadTrees 1690196458807
64 verbose code 1
65 error A complete log of this run can be found in: /Users/arunakumari/Desktop/TestProject/C:\Users\Firstname~1\AppData\Roaming\npm-cache/_logs/2023-07-24T11_00_58_687Z-debug-0.log
