0 verbose cli /opt/homebrew/Cellar/node/20.4.0/bin/node /opt/homebrew/bin/npm
1 info using npm@9.7.2
2 info using node@v20.4.0
3 timing npm:load:whichnode Completed in 1ms
4 timing config:load:defaults Completed in 1ms
5 timing config:load:file:/opt/homebrew/lib/node_modules/npm/npmrc Completed in 1ms
6 timing config:load:builtin Completed in 1ms
7 timing config:load:cli Completed in 1ms
8 timing config:load:env Completed in 1ms
9 timing config:load:file:/Users/arunakumari/Desktop/TestProject/.npmrc Completed in 0ms
10 timing config:load:project Completed in 0ms
11 timing config:load:file:/Users/arunakumari/.npmrc Completed in 1ms
12 timing config:load:user Completed in 1ms
13 timing config:load:file:/opt/homebrew/etc/npmrc Completed in 0ms
14 timing config:load:global Completed in 0ms
15 timing config:load:setEnvs Completed in 0ms
16 timing config:load Completed in 5ms
17 timing npm:load:configload Completed in 5ms
18 timing config:load:flatten Completed in 1ms
19 timing npm:load:mkdirpcache Completed in 1ms
20 timing npm:load:mkdirplogs Completed in 0ms
21 verbose title npm i rn-photos-framework
22 verbose argv "i" "--save" "rn-photos-framework"
23 timing npm:load:setTitle Completed in 2ms
24 timing npm:load:display Completed in 1ms
25 verbose logfile logs-max:10 dir:/Users/arunakumari/Desktop/TestProject/C:\Users\Firstname~1\AppData\Roaming\npm-cache/_logs/2023-07-31T09_47_02_910Z-
26 verbose logfile /Users/arunakumari/Desktop/TestProject/C:\Users\Firstname~1\AppData\Roaming\npm-cache/_logs/2023-07-31T09_47_02_910Z-debug-0.log
27 timing npm:load:logFile Completed in 4ms
28 timing npm:load:timers Completed in 0ms
29 timing npm:load:configScope Completed in 0ms
30 timing npm:load Completed in 22ms
31 timing arborist:ctor Completed in 0ms
32 silly logfile done cleaning log files
33 timing idealTree:init Completed in 183ms
34 timing idealTree:userRequests Completed in 2ms
35 silly idealTree buildDeps
36 silly fetch manifest rn-photos-framework@*
37 verbose shrinkwrap failed to load node_modules/.package-lock.json out of date, updated: node_modules
38 http fetch GET 200 https://registry.npmjs.org/rn-photos-framework 1349ms (cache revalidated)
39 silly placeDep ROOT rn-photos-framework@1.0.7 OK for: TestProject@0.0.1 want: *
40 timing idealTree:#root Completed in 1355ms
41 timing idealTree:node_modules/rn-photos-framework Completed in 0ms
42 timing idealTree:buildDeps Completed in 1356ms
43 timing idealTree:fixDepFlags Completed in 6ms
44 timing idealTree Completed in 1555ms
45 timing reify:loadTrees Completed in 1556ms
46 timing reify:diffTrees Completed in 12ms
47 silly reify moves {}
48 timing reify:retireShallow Completed in 2ms
49 timing reify:createSparse Completed in 1ms
50 timing reify:loadBundles Completed in 0ms
51 silly audit bulk request {
51 silly audit   '@aashutoshrathi/word-wrap': [ '1.2.6' ],
51 silly audit   '@ampproject/remapping': [ '2.2.1' ],
51 silly audit   '@babel/code-frame': [ '7.22.5' ],
51 silly audit   '@babel/compat-data': [ '7.22.6' ],
51 silly audit   '@babel/core': [ '7.22.8' ],
51 silly audit   '@babel/eslint-parser': [ '7.22.7' ],
51 silly audit   'eslint-visitor-keys': [ '2.1.0', '3.4.1' ],
51 silly audit   '@babel/generator': [ '7.22.7' ],
51 silly audit   '@babel/helper-annotate-as-pure': [ '7.22.5' ],
51 silly audit   '@babel/helper-builder-binary-assignment-operator-visitor': [ '7.22.5' ],
51 silly audit   '@babel/helper-compilation-targets': [ '7.22.6' ],
51 silly audit   '@babel/helper-create-class-features-plugin': [ '7.22.6' ],
51 silly audit   '@babel/helper-create-regexp-features-plugin': [ '7.22.6' ],
51 silly audit   '@babel/helper-define-polyfill-provider': [ '0.4.1' ],
51 silly audit   '@babel/helper-environment-visitor': [ '7.22.5' ],
51 silly audit   '@babel/helper-function-name': [ '7.22.5' ],
51 silly audit   '@babel/helper-hoist-variables': [ '7.22.5' ],
51 silly audit   '@babel/helper-member-expression-to-functions': [ '7.22.5' ],
51 silly audit   '@babel/helper-module-imports': [ '7.22.5' ],
51 silly audit   '@babel/helper-module-transforms': [ '7.22.5' ],
51 silly audit   '@babel/helper-optimise-call-expression': [ '7.22.5' ],
51 silly audit   '@babel/helper-plugin-utils': [ '7.22.5' ],
51 silly audit   '@babel/helper-remap-async-to-generator': [ '7.22.5' ],
51 silly audit   '@babel/helper-replace-supers': [ '7.22.5' ],
51 silly audit   '@babel/helper-simple-access': [ '7.22.5' ],
51 silly audit   '@babel/helper-skip-transparent-expression-wrappers': [ '7.22.5' ],
51 silly audit   '@babel/helper-split-export-declaration': [ '7.22.6' ],
51 silly audit   '@babel/helper-string-parser': [ '7.22.5' ],
51 silly audit   '@babel/helper-validator-identifier': [ '7.22.5' ],
51 silly audit   '@babel/helper-validator-option': [ '7.22.5' ],
51 silly audit   '@babel/helper-wrap-function': [ '7.22.5' ],
51 silly audit   '@babel/helpers': [ '7.22.6' ],
51 silly audit   '@babel/highlight': [ '7.22.5' ],
51 silly audit   'ansi-styles': [ '3.2.1', '4.3.0', '5.2.0' ],
51 silly audit   chalk: [ '2.4.2', '4.1.2' ],
51 silly audit   'color-convert': [ '1.9.3', '2.0.1' ],
51 silly audit   'color-name': [ '1.1.3', '1.1.4' ],
51 silly audit   'has-flag': [ '3.0.0', '4.0.0' ],
51 silly audit   'supports-color': [ '5.5.0', '8.1.1', '7.2.0' ],
51 silly audit   '@babel/parser': [ '7.22.7' ],
51 silly audit   '@babel/plugin-bugfix-safari-id-destructuring-collision-in-function-expression': [ '7.22.5' ],
51 silly audit   '@babel/plugin-bugfix-v8-spread-parameters-in-optional-chaining': [ '7.22.5' ],
51 silly audit   '@babel/plugin-proposal-async-generator-functions': [ '7.20.7' ],
51 silly audit   '@babel/plugin-proposal-class-properties': [ '7.18.6' ],
51 silly audit   '@babel/plugin-proposal-export-default-from': [ '7.22.5' ],
51 silly audit   '@babel/plugin-proposal-nullish-coalescing-operator': [ '7.18.6' ],
51 silly audit   '@babel/plugin-proposal-numeric-separator': [ '7.18.6' ],
51 silly audit   '@babel/plugin-proposal-object-rest-spread': [ '7.20.7' ],
51 silly audit   '@babel/plugin-proposal-optional-catch-binding': [ '7.18.6' ],
51 silly audit   '@babel/plugin-proposal-optional-chaining': [ '7.21.0' ],
51 silly audit   '@babel/plugin-proposal-private-property-in-object': [ '7.21.0-placeholder-for-preset-env.2' ],
51 silly audit   '@babel/plugin-proposal-unicode-property-regex': [ '7.18.6' ],
51 silly audit   '@babel/plugin-syntax-async-generators': [ '7.8.4' ],
51 silly audit   '@babel/plugin-syntax-bigint': [ '7.8.3' ],
51 silly audit   '@babel/plugin-syntax-class-properties': [ '7.12.13' ],
51 silly audit   '@babel/plugin-syntax-class-static-block': [ '7.14.5' ],
51 silly audit   '@babel/plugin-syntax-dynamic-import': [ '7.8.3' ],
51 silly audit   '@babel/plugin-syntax-export-default-from': [ '7.22.5' ],
51 silly audit   '@babel/plugin-syntax-export-namespace-from': [ '7.8.3' ],
51 silly audit   '@babel/plugin-syntax-flow': [ '7.22.5' ],
51 silly audit   '@babel/plugin-syntax-import-assertions': [ '7.22.5' ],
51 silly audit   '@babel/plugin-syntax-import-attributes': [ '7.22.5' ],
51 silly audit   '@babel/plugin-syntax-import-meta': [ '7.10.4' ],
51 silly audit   '@babel/plugin-syntax-json-strings': [ '7.8.3' ],
51 silly audit   '@babel/plugin-syntax-jsx': [ '7.22.5' ],
51 silly audit   '@babel/plugin-syntax-logical-assignment-operators': [ '7.10.4' ],
51 silly audit   '@babel/plugin-syntax-nullish-coalescing-operator': [ '7.8.3' ],
51 silly audit   '@babel/plugin-syntax-numeric-separator': [ '7.10.4' ],
51 silly audit   '@babel/plugin-syntax-object-rest-spread': [ '7.8.3' ],
51 silly audit   '@babel/plugin-syntax-optional-catch-binding': [ '7.8.3' ],
51 silly audit   '@babel/plugin-syntax-optional-chaining': [ '7.8.3' ],
51 silly audit   '@babel/plugin-syntax-private-property-in-object': [ '7.14.5' ],
51 silly audit   '@babel/plugin-syntax-top-level-await': [ '7.14.5' ],
51 silly audit   '@babel/plugin-syntax-typescript': [ '7.22.5' ],
51 silly audit   '@babel/plugin-syntax-unicode-sets-regex': [ '7.18.6' ],
51 silly audit   '@babel/plugin-transform-arrow-functions': [ '7.22.5' ],
51 silly audit   '@babel/plugin-transform-async-generator-functions': [ '7.22.7' ],
51 silly audit   '@babel/plugin-transform-async-to-generator': [ '7.22.5' ],
51 silly audit   '@babel/plugin-transform-block-scoped-functions': [ '7.22.5' ],
51 silly audit   '@babel/plugin-transform-block-scoping': [ '7.22.5' ],
51 silly audit   '@babel/plugin-transform-class-properties': [ '7.22.5' ],
51 silly audit   '@babel/plugin-transform-class-static-block': [ '7.22.5' ],
51 silly audit   '@babel/plugin-transform-classes': [ '7.22.6' ],
51 silly audit   '@babel/plugin-transform-computed-properties': [ '7.22.5' ],
51 silly audit   '@babel/plugin-transform-destructuring': [ '7.22.5' ],
51 silly audit   '@babel/plugin-transform-dotall-regex': [ '7.22.5' ],
51 silly audit   '@babel/plugin-transform-duplicate-keys': [ '7.22.5' ],
51 silly audit   '@babel/plugin-transform-dynamic-import': [ '7.22.5' ],
51 silly audit   '@babel/plugin-transform-exponentiation-operator': [ '7.22.5' ],
51 silly audit   '@babel/plugin-transform-export-namespace-from': [ '7.22.5' ],
51 silly audit   '@babel/plugin-transform-flow-strip-types': [ '7.22.5' ],
51 silly audit   '@babel/plugin-transform-for-of': [ '7.22.5' ],
51 silly audit   '@babel/plugin-transform-function-name': [ '7.22.5' ],
51 silly audit   '@babel/plugin-transform-json-strings': [ '7.22.5' ],
51 silly audit   '@babel/plugin-transform-literals': [ '7.22.5' ],
51 silly audit   '@babel/plugin-transform-logical-assignment-operators': [ '7.22.5' ],
51 silly audit   '@babel/plugin-transform-member-expression-literals': [ '7.22.5' ],
51 silly audit   '@babel/plugin-transform-modules-amd': [ '7.22.5' ],
51 silly audit   '@babel/plugin-transform-modules-commonjs': [ '7.22.5' ],
51 silly audit   '@babel/plugin-transform-modules-systemjs': [ '7.22.5' ],
51 silly audit   '@babel/plugin-transform-modules-umd': [ '7.22.5' ],
51 silly audit   '@babel/plugin-transform-named-capturing-groups-regex': [ '7.22.5' ],
51 silly audit   '@babel/plugin-transform-new-target': [ '7.22.5' ],
51 silly audit   '@babel/plugin-transform-nullish-coalescing-operator': [ '7.22.5' ],
51 silly audit   '@babel/plugin-transform-numeric-separator': [ '7.22.5' ],
51 silly audit   '@babel/plugin-transform-object-assign': [ '7.22.5' ],
51 silly audit   '@babel/plugin-transform-object-rest-spread': [ '7.22.5' ],
51 silly audit   '@babel/plugin-transform-object-super': [ '7.22.5' ],
51 silly audit   '@babel/plugin-transform-optional-catch-binding': [ '7.22.5' ],
51 silly audit   '@babel/plugin-transform-optional-chaining': [ '7.22.6' ],
51 silly audit   '@babel/plugin-transform-parameters': [ '7.22.5' ],
51 silly audit   '@babel/plugin-transform-private-methods': [ '7.22.5' ],
51 silly audit   '@babel/plugin-transform-private-property-in-object': [ '7.22.5' ],
51 silly audit   '@babel/plugin-transform-property-literals': [ '7.22.5' ],
51 silly audit   '@babel/plugin-transform-react-display-name': [ '7.22.5' ],
51 silly audit   '@babel/plugin-transform-react-jsx': [ '7.22.5' ],
51 silly audit   '@babel/plugin-transform-react-jsx-self': [ '7.22.5' ],
51 silly audit   '@babel/plugin-transform-react-jsx-source': [ '7.22.5' ],
51 silly audit   '@babel/plugin-transform-regenerator': [ '7.22.5' ],
51 silly audit   '@babel/plugin-transform-reserved-words': [ '7.22.5' ],
51 silly audit   '@babel/plugin-transform-runtime': [ '7.22.7' ],
51 silly audit   '@babel/plugin-transform-shorthand-properties': [ '7.22.5' ],
51 silly audit   '@babel/plugin-transform-spread': [ '7.22.5' ],
51 silly audit   '@babel/plugin-transform-sticky-regex': [ '7.22.5' ],
51 silly audit   '@babel/plugin-transform-template-literals': [ '7.22.5' ],
51 silly audit   '@babel/plugin-transform-typeof-symbol': [ '7.22.5' ],
51 silly audit   '@babel/plugin-transform-typescript': [ '7.22.5' ],
51 silly audit   '@babel/plugin-transform-unicode-escapes': [ '7.22.5' ],
51 silly audit   '@babel/plugin-transform-unicode-property-regex': [ '7.22.5' ],
51 silly audit   '@babel/plugin-transform-unicode-regex': [ '7.22.5' ],
51 silly audit   '@babel/plugin-transform-unicode-sets-regex': [ '7.22.5' ],
51 silly audit   '@babel/preset-env': [ '7.22.7' ],
51 silly audit   '@babel/preset-flow': [ '7.22.5' ],
51 silly audit   '@babel/preset-modules': [ '0.1.5' ],
51 silly audit   '@babel/preset-typescript': [ '7.22.5' ],
51 silly audit   '@babel/register': [ '7.22.5' ],
51 silly audit   '@babel/regjsgen': [ '0.8.0' ],
51 silly audit   '@babel/runtime': [ '7.22.6' ],
51 silly audit   '@babel/template': [ '7.22.5' ],
51 silly audit   '@babel/traverse': [ '7.22.8' ],
51 silly audit   '@babel/types': [ '7.22.5' ],
51 silly audit   '@bcoe/v8-coverage': [ '0.2.3' ],
51 silly audit   '@egjs/hammerjs': [ '2.0.17' ],
51 silly audit   '@eslint-community/eslint-utils': [ '4.4.0' ],
51 silly audit   '@eslint-community/regexpp': [ '4.5.1' ],
51 silly audit   '@eslint/eslintrc': [ '2.1.0' ],
51 silly audit   argparse: [ '2.0.1', '1.0.10' ],
51 silly audit   globals: [ '13.20.0', '11.12.0' ],
51 silly audit   'js-yaml': [ '4.1.0', '3.14.1' ],
51 silly audit   '@eslint/js': [ '8.44.0' ],
51 silly audit   '@hapi/hoek': [ '9.3.0' ],
51 silly audit   '@hapi/topo': [ '5.1.0' ],
51 silly audit   '@humanwhocodes/config-array': [ '0.11.10' ],
51 silly audit   '@humanwhocodes/module-importer': [ '1.0.1' ],
51 silly audit   '@humanwhocodes/object-schema': [ '1.2.1' ],
51 silly audit   '@istanbuljs/load-nyc-config': [ '1.1.0' ],
51 silly audit   '@istanbuljs/schema': [ '0.1.3' ],
51 silly audit   '@jest/console': [ '29.6.1' ],
51 silly audit   '@jest/core': [ '29.6.1' ],
51 silly audit   '@jest/create-cache-key-function': [ '29.6.1' ],
51 silly audit   '@jest/environment': [ '29.6.1' ],
51 silly audit   '@jest/expect': [ '29.6.1' ],
51 silly audit   '@jest/expect-utils': [ '29.6.1' ],
51 silly audit   '@jest/fake-timers': [ '29.6.1' ],
51 silly audit   '@jest/globals': [ '29.6.1' ],
51 silly audit   '@jest/reporters': [ '29.6.1' ],
51 silly audit   'jest-worker': [ '29.6.1', '27.5.1' ],
51 silly audit   '@jest/schemas': [ '29.6.0' ],
51 silly audit   '@jest/source-map': [ '29.6.0' ],
51 silly audit   '@jest/test-result': [ '29.6.1' ],
51 silly audit   '@jest/test-sequencer': [ '29.6.1' ],
51 silly audit   '@jest/transform': [ '29.6.1' ],
51 silly audit   'convert-source-map': [ '2.0.0', '1.9.0' ],
51 silly audit   '@jest/types': [ '29.6.1', '26.6.2', '27.5.1' ],
51 silly audit   '@jridgewell/gen-mapping': [ '0.3.3' ],
51 silly audit   '@jridgewell/sourcemap-codec': [ '1.4.15', '1.4.14' ],
51 silly audit   '@jridgewell/resolve-uri': [ '3.1.0' ],
51 silly audit   '@jridgewell/set-array': [ '1.1.2' ],
51 silly audit   '@jridgewell/source-map': [ '0.3.5' ],
51 silly audit   '@jridgewell/trace-mapping': [ '0.3.18' ],
51 silly audit   '@kebetoo/camera-roll-picker': [ '1.0.7' ],
51 silly audit   '@nicolo-ribaudo/eslint-scope-5-internals': [ '5.1.1-v1' ],
51 silly audit   '@nicolo-ribaudo/semver-v6': [ '6.3.3' ],
51 silly audit   '@nodelib/fs.scandir': [ '2.1.5' ],
51 silly audit   '@nodelib/fs.stat': [ '2.0.5' ],
51 silly audit   '@nodelib/fs.walk': [ '1.2.8' ],
51 silly audit   '@react-native-community/cameraroll': [ '4.1.2' ],
51 silly audit   '@react-native-community/cli': [ '11.3.3' ],
51 silly audit   '@react-native-community/cli-clean': [ '11.3.3' ],
51 silly audit   '@react-native-community/cli-config': [ '11.3.3' ],
51 silly audit   '@react-native-community/cli-debugger-ui': [ '11.3.3' ],
51 silly audit   '@react-native-community/cli-doctor': [ '11.3.3' ],
51 silly audit   'ansi-regex': [ '4.1.1', '5.0.1' ],
51 silly audit   'strip-ansi': [ '5.2.0', '6.0.1' ],
51 silly audit   '@react-native-community/cli-hermes': [ '11.3.3' ],
51 silly audit   '@react-native-community/cli-platform-android': [ '11.3.3' ],
51 silly audit   '@react-native-community/cli-platform-ios': [ '11.3.3' ],
51 silly audit   '@react-native-community/cli-plugin-metro': [ '11.3.3' ],
51 silly audit   '@react-native-community/cli-server-api': [ '11.3.3' ],
51 silly audit   '@types/yargs': [ '15.0.15', '16.0.5', '17.0.24' ],
51 silly audit   'pretty-format': [ '26.6.2', '29.6.1' ],
51 silly audit   'react-is': [ '17.0.2', '16.13.1', '18.2.0' ],
51 silly audit   '@react-native-community/cli-tools': [ '11.3.3' ],
51 silly audit   'find-up': [ '5.0.0', '3.0.0', '4.1.0' ],
51 silly audit   'locate-path': [ '6.0.0', '3.0.0', '5.0.0' ],
51 silly audit   'p-locate': [ '5.0.0', '3.0.0', '4.1.0' ],
51 silly audit   '@react-native-community/cli-types': [ '11.3.3' ],
51 silly audit   '@react-native-community/masked-view': [ '0.1.11' ],
51 silly audit   '@react-native/assets-registry': [ '0.72.0' ],
51 silly audit   '@react-native/codegen': [ '0.72.6' ],
51 silly audit   '@react-native/eslint-config': [ '0.72.2' ],
51 silly audit   '@react-native/eslint-plugin': [ '0.72.0' ],
51 silly audit   '@react-native/gradle-plugin': [ '0.72.11' ],
51 silly audit   '@react-native/js-polyfills': [ '0.72.1' ],
51 silly audit   '@react-native/metro-config': [ '0.72.7' ],
51 silly audit   '@react-native/normalize-color': [ '2.1.0' ],
51 silly audit   '@react-native/normalize-colors': [ '0.72.0', '0.73.0' ],
51 silly audit   '@react-native/virtualized-lists': [ '0.72.6' ],
51 silly audit   '@react-navigation/core': [ '6.4.9' ],
51 silly audit   'escape-string-regexp': [ '4.0.0', '1.0.5', '2.0.0' ],
51 silly audit   '@react-navigation/drawer': [ '6.6.3' ],
51 silly audit   '@react-navigation/elements': [ '1.3.18' ],
51 silly audit   '@react-navigation/native': [ '6.1.7' ],
51 silly audit   '@react-navigation/routers': [ '6.1.9' ],
51 silly audit   '@react-navigation/stack': [ '6.3.17' ],
51 silly audit   '@sideway/address': [ '4.1.4' ],
51 silly audit   '@sideway/formula': [ '3.0.1' ],
51 silly audit   '@sideway/pinpoint': [ '2.0.0' ],
51 silly audit   '@sinclair/typebox': [ '0.27.8' ],
51 silly audit   '@sinonjs/commons': [ '3.0.0' ],
51 silly audit   '@sinonjs/fake-timers': [ '10.3.0' ],
51 silly audit   '@tsconfig/react-native': [ '3.0.2' ],
51 silly audit   '@types/babel__core': [ '7.20.1' ],
51 silly audit   '@types/babel__generator': [ '7.6.4' ],
51 silly audit   '@types/babel__template': [ '7.4.1' ],
51 silly audit   '@types/babel__traverse': [ '7.20.1' ],
51 silly audit   '@types/graceful-fs': [ '4.1.6' ],
51 silly audit   '@types/hammerjs': [ '2.0.41' ],
51 silly audit   '@types/istanbul-lib-coverage': [ '2.0.4' ],
51 silly audit   '@types/istanbul-lib-report': [ '3.0.0' ],
51 silly audit   '@types/istanbul-reports': [ '3.0.1' ],
51 silly audit   '@types/json-schema': [ '7.0.12' ],
51 silly audit   '@types/metro-config': [ '0.76.3' ],
51 silly audit   'ci-info': [ '2.0.0', '3.8.0' ],
51 silly audit   debug: [ '2.6.9', '4.3.4' ],
51 silly audit   'hermes-estree': [ '0.14.0', '0.8.0' ],
51 silly audit   'hermes-parser': [ '0.14.0', '0.8.0' ],
51 silly audit   'jest-regex-util': [ '27.5.1', '29.4.3' ],
51 silly audit   'jest-util': [ '27.5.1', '29.6.1' ],
51 silly audit   metro: [ '0.77.0', '0.76.5' ],
51 silly audit   'metro-babel-transformer': [ '0.77.0', '0.76.5' ],
51 silly audit   'metro-cache': [ '0.77.0', '0.76.5' ],
51 silly audit   'metro-cache-key': [ '0.77.0', '0.76.5' ],
51 silly audit   'metro-config': [ '0.77.0', '0.76.5' ],
51 silly audit   'metro-core': [ '0.77.0', '0.76.5' ],
51 silly audit   'metro-file-map': [ '0.77.0', '0.76.5' ],
51 silly audit   'metro-inspector-proxy': [ '0.77.0', '0.76.5' ],
51 silly audit   'metro-minify-terser': [ '0.77.0', '0.76.5' ],
51 silly audit   'metro-resolver': [ '0.77.0', '0.76.5' ],
51 silly audit   'metro-runtime': [ '0.77.0', '0.76.5' ],
51 silly audit   'metro-source-map': [ '0.77.0', '0.76.5' ],
51 silly audit   'metro-symbolicate': [ '0.77.0', '0.76.5' ],
51 silly audit   'metro-transform-plugins': [ '0.77.0', '0.76.5' ],
51 silly audit   'metro-transform-worker': [ '0.77.0', '0.76.5' ],
51 silly audit   ms: [ '2.0.0', '2.1.2', '2.1.3' ],
51 silly audit   ob1: [ '0.77.0', '0.76.5' ],
51 silly audit   '@types/node': [ '20.4.0' ],
51 silly audit   '@types/prettier': [ '2.7.3' ],
51 silly audit   '@types/prop-types': [ '15.7.5' ],
51 silly audit   '@types/react': [ '18.2.14' ],
51 silly audit   '@types/react-test-renderer': [ '18.0.0' ],
51 silly audit   '@types/scheduler': [ '0.16.3' ],
51 silly audit   '@types/semver': [ '7.5.0' ],
51 silly audit   '@types/stack-utils': [ '2.0.1' ],
51 silly audit   '@types/yargs-parser': [ '21.0.0' ],
51 silly audit   '@typescript-eslint/eslint-plugin': [ '5.61.0' ],
51 silly audit   'lru-cache': [ '6.0.0', '5.1.1' ],
51 silly audit   semver: [ '7.5.3', '5.7.1', '6.3.0' ],
51 silly audit   yallist: [ '4.0.0', '3.1.1' ],
51 silly audit   '@typescript-eslint/parser': [ '5.61.0' ],
51 silly audit   '@typescript-eslint/scope-manager': [ '5.61.0' ],
51 silly audit   '@typescript-eslint/type-utils': [ '5.61.0' ],
51 silly audit   '@typescript-eslint/types': [ '5.61.0' ],
51 silly audit   '@typescript-eslint/typescript-estree': [ '5.61.0' ],
51 silly audit   '@typescript-eslint/utils': [ '5.61.0' ],
51 silly audit   '@typescript-eslint/visitor-keys': [ '5.61.0' ],
51 silly audit   'abort-controller': [ '3.0.0' ],
51 silly audit   accepts: [ '1.3.8' ],
51 silly audit   acorn: [ '8.10.0' ],
51 silly audit   'acorn-jsx': [ '5.3.2' ],
51 silly audit   ajv: [ '6.12.6' ],
51 silly audit   anser: [ '1.4.10' ],
51 silly audit   'ansi-escapes': [ '4.3.2' ],
51 silly audit   'type-fest': [ '0.21.3', '0.7.1', '0.20.2' ],
51 silly audit   'ansi-fragments': [ '0.2.1' ],
51 silly audit   anymatch: [ '3.1.3' ],
51 silly audit   appdirsjs: [ '1.2.7' ],
51 silly audit   'array-buffer-byte-length': [ '1.0.0' ],
51 silly audit   'array-includes': [ '3.1.6' ],
51 silly audit   'array-union': [ '2.1.0' ],
51 silly audit   'array.prototype.flat': [ '1.3.1' ],
51 silly audit   'array.prototype.flatmap': [ '1.3.1' ],
51 silly audit   'array.prototype.tosorted': [ '1.1.1' ],
51 silly audit   asap: [ '2.0.6' ],
51 silly audit   'ast-types': [ '0.15.2' ],
51 silly audit   'astral-regex': [ '1.0.0' ],
51 silly audit   async: [ '3.2.4' ],
51 silly audit   'async-limiter': [ '1.0.1' ],
51 silly audit   'available-typed-arrays': [ '1.0.5' ],
51 silly audit   'babel-core': [ '7.0.0-bridge.0' ],
51 silly audit   'babel-jest': [ '29.6.1' ],
51 silly audit   'babel-plugin-istanbul': [ '6.1.1' ],
51 silly audit   'babel-plugin-jest-hoist': [ '29.5.0' ],
51 silly audit   'babel-plugin-polyfill-corejs2': [ '0.4.4' ],
51 silly audit   'babel-plugin-polyfill-corejs3': [ '0.8.2' ],
51 silly audit   'babel-plugin-polyfill-regenerator': [ '0.5.1' ],
51 silly audit   'babel-plugin-syntax-trailing-function-commas': [ '7.0.0-beta.0' ],
51 silly audit   'babel-plugin-transform-flow-enums': [ '0.0.2' ],
51 silly audit   'babel-preset-current-node-syntax': [ '1.0.1' ],
51 silly audit   'babel-preset-fbjs': [ '3.4.0' ],
51 silly audit   'babel-preset-jest': [ '29.5.0' ],
51 silly audit   'balanced-match': [ '1.0.2' ],
51 silly audit   'base64-js': [ '1.5.1' ],
51 silly audit   bl: [ '4.1.0' ],
51 silly audit   'readable-stream': [ '3.6.2', '2.3.8' ],
51 silly audit   'safe-buffer': [ '5.2.1', '5.1.2' ],
51 silly audit   string_decoder: [ '1.3.0', '1.1.1' ],
51 silly audit   'brace-expansion': [ '1.1.11' ],
51 silly audit   braces: [ '3.0.2' ],
51 silly audit   browserslist: [ '4.21.9' ],
51 silly audit   bser: [ '2.1.1' ],
51 silly audit   buffer: [ '5.7.1' ],
51 silly audit   'buffer-from': [ '1.1.2' ],
51 silly audit   bytes: [ '3.0.0' ],
51 silly audit   'call-bind': [ '1.0.2' ],
51 silly audit   'caller-callsite': [ '2.0.0' ],
51 silly audit   callsites: [ '2.0.0', '3.1.0' ],
51 silly audit   'caller-path': [ '2.0.0' ],
51 silly audit   camelcase: [ '5.3.1', '6.3.0' ],
51 silly audit   'caniuse-lite': [ '1.0.30001513' ],
51 silly audit   'char-regex': [ '1.0.2' ],
51 silly audit   'cjs-module-lexer': [ '1.2.3' ],
51 silly audit   'cli-cursor': [ '3.1.0' ],
51 silly audit   'cli-spinners': [ '2.9.0' ],
51 silly audit   cliui: [ '8.0.1', '6.0.0', '7.0.4' ],
51 silly audit   clone: [ '1.0.4' ],
51 silly audit   'clone-deep': [ '4.0.1' ],
51 silly audit   co: [ '4.6.0' ],
51 silly audit   'collect-v8-coverage': [ '1.0.2' ],
51 silly audit   color: [ '4.2.3' ],
51 silly audit   'color-string': [ '1.9.1' ],
51 silly audit   colorette: [ '1.4.0' ],
51 silly audit   'command-exists': [ '1.2.9' ],
51 silly audit   commander: [ '9.5.0', '2.20.3', '2.13.0' ],
51 silly audit   commondir: [ '1.0.1' ],
51 silly audit   compressible: [ '2.0.18' ],
51 silly audit   compression: [ '1.7.4' ],
51 silly audit   'concat-map': [ '0.0.1' ],
51 silly audit   connect: [ '3.7.0' ],
51 silly audit   'core-js-compat': [ '3.31.1' ],
51 silly audit   'core-util-is': [ '1.0.3' ],
51 silly audit   cosmiconfig: [ '5.2.1' ],
51 silly audit   'import-fresh': [ '2.0.0', '3.3.0' ],
51 silly audit   'resolve-from': [ '3.0.0', '4.0.0', '5.0.0' ],
51 silly audit   'cross-fetch': [ '3.1.8' ],
51 silly audit   'cross-spawn': [ '7.0.3' ],
51 silly audit   'css-in-js-utils': [ '3.1.0' ],
51 silly audit   csstype: [ '3.1.2' ],
51 silly audit   dayjs: [ '1.11.9' ],
51 silly audit   decamelize: [ '1.2.0' ],
51 silly audit   'decode-uri-component': [ '0.2.2' ],
51 silly audit   dedent: [ '0.7.0' ],
51 silly audit   'deep-is': [ '0.1.4' ],
51 silly audit   deepmerge: [ '4.3.1' ],
51 silly audit   defaults: [ '1.0.4' ],
51 silly audit   'define-properties': [ '1.2.0' ],
51 silly audit   denodeify: [ '1.2.1' ],
51 silly audit   depd: [ '2.0.0' ],
51 silly audit   'deprecated-react-native-prop-types': [ '4.1.0', '2.3.0' ],
51 silly audit   destroy: [ '1.2.0' ],
51 silly audit   'detect-newline': [ '3.1.0' ],
51 silly audit   'diff-sequences': [ '29.4.3' ],
51 silly audit   'dir-glob': [ '3.0.1' ],
51 silly audit   doctrine: [ '3.0.0', '2.1.0' ],
51 silly audit   'ee-first': [ '1.1.1' ],
51 silly audit   'electron-to-chromium': [ '1.4.453' ],
51 silly audit   emittery: [ '0.13.1' ],
51 silly audit   'emoji-regex': [ '8.0.0' ],
51 silly audit   encodeurl: [ '1.0.2' ],
51 silly audit   envinfo: [ '7.10.0' ],
51 silly audit   'error-ex': [ '1.3.2' ],
51 silly audit   'error-stack-parser': [ '2.1.4' ],
51 silly audit   errorhandler: [ '1.5.1' ],
51 silly audit   'es-abstract': [ '1.21.2' ],
51 silly audit   'es-set-tostringtag': [ '2.0.1' ],
51 silly audit   'es-shim-unscopables': [ '1.0.0' ],
51 silly audit   'es-to-primitive': [ '1.2.1' ],
51 silly audit   escalade: [ '3.1.1' ],
51 silly audit   'escape-html': [ '1.0.3' ],
51 silly audit   eslint: [ '8.44.0' ],
51 silly audit   'eslint-config-prettier': [ '8.8.0' ],
51 silly audit   'eslint-plugin-eslint-comments': [ '3.2.0' ],
51 silly audit   'eslint-plugin-ft-flow': [ '2.0.3' ],
51 silly audit   'eslint-plugin-jest': [ '26.9.0' ],
51 silly audit   'eslint-plugin-prettier': [ '4.2.1' ],
51 silly audit   'eslint-plugin-react': [ '7.32.2' ],
51 silly audit   'eslint-plugin-react-hooks': [ '4.6.0' ],
51 silly audit   'eslint-plugin-react-native': [ '4.0.0' ],
51 silly audit   'eslint-plugin-react-native-globals': [ '0.1.2' ],
51 silly audit   resolve: [ '2.0.0-next.4', '1.22.2' ],
51 silly audit   'eslint-scope': [ '5.1.1', '7.2.0' ],
51 silly audit   estraverse: [ '4.3.0', '5.3.0' ],
51 silly audit   espree: [ '9.6.0' ],
51 silly audit   esprima: [ '4.0.1' ],
51 silly audit   esquery: [ '1.5.0' ],
51 silly audit   esrecurse: [ '4.3.0' ],
51 silly audit   esutils: [ '2.0.3' ],
51 silly audit   etag: [ '1.8.1' ],
51 silly audit   'event-target-shim': [ '5.0.1' ],
51 silly audit   execa: [ '5.1.1' ],
51 silly audit   exit: [ '0.1.2' ],
51 silly audit   expect: [ '29.6.1' ],
51 silly audit   'fast-deep-equal': [ '3.1.3' ],
51 silly audit   'fast-diff': [ '1.3.0' ],
51 silly audit   'fast-glob': [ '3.3.0' ],
51 silly audit   'glob-parent': [ '5.1.2', '6.0.2' ],
51 silly audit   'fast-json-stable-stringify': [ '2.1.0' ],
51 silly audit   'fast-levenshtein': [ '2.0.6' ],
51 silly audit   'fast-loops': [ '1.1.3' ],
51 silly audit   'fast-xml-parser': [ '4.2.5' ],
51 silly audit   fastq: [ '1.15.0' ],
51 silly audit   'fb-watchman': [ '2.0.2' ],
51 silly audit   fbjs: [ '3.0.5' ],
51 silly audit   'fbjs-css-vars': [ '1.0.2' ],
51 silly audit   promise: [ '7.3.1', '8.3.0' ],
51 silly audit   'file-entry-cache': [ '6.0.1' ],
51 silly audit   'fill-range': [ '7.0.1' ],
51 silly audit   'filter-obj': [ '1.1.0' ],
51 silly audit   finalhandler: [ '1.1.2' ],
51 silly audit   statuses: [ '1.5.0', '2.0.1' ],
51 silly audit   'find-cache-dir': [ '2.1.0' ],
51 silly audit   'p-limit': [ '2.3.0', '3.1.0' ],
51 silly audit   'path-exists': [ '3.0.0', '4.0.0' ],
51 silly audit   'pkg-dir': [ '3.0.0', '4.2.0', '5.0.0' ],
51 silly audit   'flat-cache': [ '3.0.4' ],
51 silly audit   flatted: [ '3.2.7' ],
51 silly audit   'flow-enums-runtime': [ '0.0.5' ],
51 silly audit   'flow-parser': [ '0.206.0', '0.211.0' ],
51 silly audit   'for-each': [ '0.3.3' ],
51 silly audit   fresh: [ '0.5.2' ],
51 silly audit   'fs-extra': [ '8.1.0' ],
51 silly audit   'fs.realpath': [ '1.0.0' ],
51 silly audit   fsevents: [ '2.3.2' ],
51 silly audit   'function-bind': [ '1.1.1' ],
51 silly audit   'function.prototype.name': [ '1.1.5' ],
51 silly audit   'functions-have-names': [ '1.2.3' ],
51 silly audit   gensync: [ '1.0.0-beta.2' ],
51 silly audit   'get-caller-file': [ '2.0.5' ],
51 silly audit   'get-intrinsic': [ '1.2.1' ],
51 silly audit   'get-package-type': [ '0.1.0' ],
51 silly audit   'get-stream': [ '6.0.1' ],
51 silly audit   'get-symbol-description': [ '1.0.0' ],
51 silly audit   glob: [ '7.2.3' ],
51 silly audit   globalthis: [ '1.0.3' ],
51 silly audit   globby: [ '11.1.0' ],
51 silly audit   gopd: [ '1.0.1' ],
51 silly audit   'graceful-fs': [ '4.2.11' ],
51 silly audit   graphemer: [ '1.4.0' ],
51 silly audit   has: [ '1.0.3' ],
51 silly audit   'has-bigints': [ '1.0.2' ],
51 silly audit   'has-property-descriptors': [ '1.0.0' ],
51 silly audit   'has-proto': [ '1.0.1' ],
51 silly audit   'has-symbols': [ '1.0.3' ],
51 silly audit   'has-tostringtag': [ '1.0.0' ],
51 silly audit   'hermes-profile-transformer': [ '0.0.6' ],
51 silly audit   'source-map': [ '0.7.4', '0.6.1', '0.5.7' ],
51 silly audit   'hoist-non-react-statics': [ '3.3.2' ],
51 silly audit   'html-escaper': [ '2.0.2' ],
51 silly audit   'http-errors': [ '2.0.0' ],
51 silly audit   'human-signals': [ '2.1.0' ],
51 silly audit   'hyphenate-style-name': [ '1.0.4' ],
51 silly audit   ieee754: [ '1.2.1' ],
51 silly audit   ignore: [ '5.2.4' ],
51 silly audit   'image-size': [ '1.0.2' ],
51 silly audit   'import-local': [ '3.1.0' ],
51 silly audit   imurmurhash: [ '0.1.4' ],
51 silly audit   inflight: [ '1.0.6' ],
51 silly audit   inherits: [ '2.0.4' ],
51 silly audit   'inline-style-prefixer': [ '6.0.4' ],
51 silly audit   'internal-slot': [ '1.0.5' ],
51 silly audit   invariant: [ '2.2.4' ],
51 silly audit   ip: [ '1.1.8' ],
51 silly audit   'is-array-buffer': [ '3.0.2' ],
51 silly audit   'is-arrayish': [ '0.2.1', '0.3.2' ],
51 silly audit   'is-bigint': [ '1.0.4' ],
51 silly audit   'is-boolean-object': [ '1.1.2' ],
51 silly audit   'is-callable': [ '1.2.7' ],
51 silly audit   'is-core-module': [ '2.12.1' ],
51 silly audit   'is-date-object': [ '1.0.5' ],
51 silly audit   'is-directory': [ '0.3.1' ],
51 silly audit   'is-extglob': [ '2.1.1' ],
51 silly audit   'is-fullwidth-code-point': [ '3.0.0', '2.0.0' ],
51 silly audit   'is-generator-fn': [ '2.1.0' ],
51 silly audit   'is-glob': [ '4.0.3' ],
51 silly audit   'is-interactive': [ '1.0.0' ],
51 silly audit   'is-negative-zero': [ '2.0.2' ],
51 silly audit   'is-number': [ '7.0.0' ],
51 silly audit   'is-number-object': [ '1.0.7' ],
51 silly audit   'is-path-inside': [ '3.0.3' ],
51 silly audit   'is-plain-object': [ '2.0.4' ],
51 silly audit   'is-regex': [ '1.1.4' ],
51 silly audit   'is-shared-array-buffer': [ '1.0.2' ],
51 silly audit   'is-stream': [ '2.0.1' ],
51 silly audit   'is-string': [ '1.0.7' ],
51 silly audit   'is-symbol': [ '1.0.4' ],
51 silly audit   'is-typed-array': [ '1.1.10' ],
51 silly audit   'is-unicode-supported': [ '0.1.0' ],
51 silly audit   'is-weakref': [ '1.0.2' ],
51 silly audit   'is-wsl': [ '1.1.0' ],
51 silly audit   isarray: [ '1.0.0' ],
51 silly audit   isexe: [ '2.0.0' ],
51 silly audit   isobject: [ '3.0.1' ],
51 silly audit   'istanbul-lib-coverage': [ '3.2.0' ],
51 silly audit   'istanbul-lib-instrument': [ '5.2.1' ],
51 silly audit   'istanbul-lib-report': [ '3.0.0' ],
51 silly audit   'make-dir': [ '3.1.0', '2.1.0' ],
51 silly audit   'istanbul-lib-source-maps': [ '4.0.1' ],
51 silly audit   'istanbul-reports': [ '3.1.5' ],
51 silly audit   jest: [ '29.6.1' ],
51 silly audit   'jest-changed-files': [ '29.5.0' ],
51 silly audit   'jest-circus': [ '29.6.1' ],
51 silly audit   'jest-cli': [ '29.6.1' ],
51 silly audit   'jest-config': [ '29.6.1' ],
51 silly audit   'parse-json': [ '5.2.0', '4.0.0' ],
51 silly audit   'jest-diff': [ '29.6.1' ],
51 silly audit   'jest-docblock': [ '29.4.3' ],
51 silly audit   'jest-each': [ '29.6.1' ],
51 silly audit   'jest-environment-node': [ '29.6.1' ],
51 silly audit   'jest-get-type': [ '29.4.3' ],
51 silly audit   'jest-haste-map': [ '29.6.1' ],
51 silly audit   'jest-leak-detector': [ '29.6.1' ],
51 silly audit   'jest-matcher-utils': [ '29.6.1' ],
51 silly audit   'jest-message-util': [ '29.6.1' ],
51 silly audit   'jest-mock': [ '29.6.1' ],
51 silly audit   'jest-pnp-resolver': [ '1.2.3' ],
51 silly audit   'jest-resolve': [ '29.6.1' ],
51 silly audit   'jest-resolve-dependencies': [ '29.6.1' ],
51 silly audit   'jest-runner': [ '29.6.1' ],
51 silly audit   'source-map-support': [ '0.5.13', '0.5.21' ],
51 silly audit   'jest-runtime': [ '29.6.1' ],
51 silly audit   'jest-snapshot': [ '29.6.1' ],
51 silly audit   'jest-validate': [ '29.6.1' ],
51 silly audit   'jest-watcher': [ '29.6.1' ],
51 silly audit   joi: [ '17.9.2' ],
51 silly audit   'js-tokens': [ '4.0.0' ],
51 silly audit   'jsc-android': [ '250231.0.0' ],
51 silly audit   'jsc-safe-url': [ '0.2.4' ],
51 silly audit   jscodeshift: [ '0.14.0' ],
51 silly audit   'write-file-atomic': [ '2.4.3', '4.0.2' ],
51 silly audit   jsesc: [ '2.5.2', '0.5.0' ],
51 silly audit   'json-parse-better-errors': [ '1.0.2' ],
51 silly audit   'json-parse-even-better-errors': [ '2.3.1' ],
51 silly audit   'json-schema-traverse': [ '0.4.1' ],
51 silly audit   'json-stable-stringify-without-jsonify': [ '1.0.1' ],
51 silly audit   json5: [ '2.2.3' ],
51 silly audit   jsonfile: [ '4.0.0' ],
51 silly audit   'jsx-ast-utils': [ '3.3.4' ],
51 silly audit   'kind-of': [ '6.0.3' ],
51 silly audit   kleur: [ '3.0.3' ],
51 silly audit   leven: [ '3.1.0' ],
51 silly audit   levn: [ '0.4.1' ],
51 silly audit   'lines-and-columns': [ '1.2.4' ],
51 silly audit   lodash: [ '4.17.21' ],
51 silly audit   'lodash.debounce': [ '4.0.8' ],
51 silly audit   'lodash.merge': [ '4.6.2' ],
51 silly audit   'lodash.throttle': [ '4.1.1' ],
51 silly audit   'log-symbols': [ '4.1.0' ],
51 silly audit   logkitty: [ '0.7.1' ],
51 silly audit   'wrap-ansi': [ '6.2.0', '7.0.0' ],
51 silly audit   y18n: [ '4.0.3', '5.0.8' ],
51 silly audit   yargs: [ '15.4.1', '16.2.0', '17.7.2' ],
51 silly audit   'yargs-parser': [ '18.1.3', '20.2.9', '21.1.1' ],
51 silly audit   'loose-envify': [ '1.4.0' ],
51 silly audit   makeerror: [ '1.0.12' ],
51 silly audit   'memoize-one': [ '5.2.1', '6.0.0' ],
51 silly audit   'merge-stream': [ '2.0.0' ],
51 silly audit   merge2: [ '1.4.1' ],
51 silly audit   'metro-minify-uglify': [ '0.76.5' ],
51 silly audit   'metro-react-native-babel-preset': [ '0.76.5' ],
51 silly audit   'metro-react-native-babel-transformer': [ '0.76.5' ],
51 silly audit   micromatch: [ '4.0.5' ],
51 silly audit   mime: [ '2.6.0', '1.6.0' ],
51 silly audit   'mime-db': [ '1.52.0' ],
51 silly audit   'mime-types': [ '2.1.35' ],
51 silly audit   'mimic-fn': [ '2.1.0' ],
51 silly audit   minimatch: [ '3.1.2' ],
51 silly audit   minimist: [ '1.2.8' ],
51 silly audit   mkdirp: [ '0.5.6' ],
51 silly audit   nanoid: [ '3.3.6' ],
51 silly audit   'natural-compare': [ '1.4.0' ],
51 silly audit   'natural-compare-lite': [ '1.4.0' ],
51 silly audit   negotiator: [ '0.6.3' ],
51 silly audit   'neo-async': [ '2.6.2' ],
51 silly audit   nocache: [ '3.0.4' ],
51 silly audit   'node-abort-controller': [ '3.1.1' ],
51 silly audit   'node-dir': [ '0.1.17' ],
51 silly audit   'node-fetch': [ '2.6.12' ],
51 silly audit   'node-int64': [ '0.4.0' ],
51 silly audit   'node-releases': [ '2.0.13' ],
51 silly audit   'node-stream-zip': [ '1.15.0' ],
51 silly audit   'normalize-path': [ '3.0.0' ],
51 silly audit   'npm-run-path': [ '4.0.1' ],
51 silly audit   nullthrows: [ '1.1.1' ],
51 silly audit   'object-assign': [ '4.1.1' ],
51 silly audit   'object-inspect': [ '1.12.3' ],
51 silly audit   'object-keys': [ '1.1.1' ],
51 silly audit   'object.assign': [ '4.1.4' ],
51 silly audit   'object.entries': [ '1.1.6' ],
51 silly audit   'object.fromentries': [ '2.0.6' ],
51 silly audit   'object.hasown': [ '1.1.2' ],
51 silly audit   'object.values': [ '1.1.6' ],
51 silly audit   'on-finished': [ '2.3.0', '2.4.1' ],
51 silly audit   'on-headers': [ '1.0.2' ],
51 silly audit   once: [ '1.4.0' ],
51 silly audit   onetime: [ '5.1.2' ],
51 silly audit   open: [ '6.4.0' ],
51 silly audit   optionator: [ '0.9.3' ],
51 silly audit   ora: [ '5.4.1' ],
51 silly audit   'p-try': [ '2.2.0' ],
51 silly audit   'parent-module': [ '1.0.1' ],
51 silly audit   parseurl: [ '1.3.3' ],
51 silly audit   'path-is-absolute': [ '1.0.1' ],
51 silly audit   'path-key': [ '3.1.1' ],
51 silly audit   'path-parse': [ '1.0.7' ],
51 silly audit   'path-type': [ '4.0.0' ],
51 silly audit   picocolors: [ '1.0.0' ],
51 silly audit   picomatch: [ '2.3.1' ],
51 silly audit   pify: [ '4.0.1' ],
51 silly audit   pirates: [ '4.0.6' ],
51 silly audit   'postcss-value-parser': [ '4.2.0' ],
51 silly audit   'prelude-ls': [ '1.2.1' ],
51 silly audit   prettier: [ '2.8.8' ],
51 silly audit   'prettier-linter-helpers': [ '1.0.0' ],
51 silly audit   'process-nextick-args': [ '2.0.1' ],
51 silly audit   prompts: [ '2.4.2' ],
51 silly audit   'prop-types': [ '15.8.1' ],
51 silly audit   punycode: [ '2.3.0' ],
51 silly audit   'pure-rand': [ '6.0.2' ],
51 silly audit   'query-string': [ '7.1.3' ],
51 silly audit   queue: [ '6.0.2' ],
51 silly audit   'queue-microtask': [ '1.2.3' ],
51 silly audit   'range-parser': [ '1.2.1' ],
51 silly audit   react: [ '18.2.0' ],
51 silly audit   'react-devtools-core': [ '4.27.8' ],
51 silly audit   'react-freeze': [ '1.0.3' ],
51 silly audit   'react-native': [ '0.72.1' ],
51 silly audit   'react-native-app-intro-slider': [ '4.0.4' ],
51 silly audit   'react-native-autoheight-webview': [ '1.6.5' ],
51 silly audit   'react-native-cameraroll-image-picker': [ '1.0.3', '0.0.9' ],
51 silly audit   'react-native-gesture-handler': [ '2.12.0' ],
51 silly audit   'react-native-image-crop-picker': [ '0.40.0' ],
51 silly audit   'react-native-image-picker': [ '5.6.0' ],
51 silly audit   'react-native-iphone-x-helper': [ '1.3.1' ],
51 silly audit   'react-native-orientation-locker': [ '1.5.0' ],
51 silly audit   'react-native-permissions': [ '3.8.4' ],
51 silly audit   'react-native-photos-framework': [ '1.0.8' ],
51 silly audit   'react-native-reanimated': [ '3.3.0' ],
51 silly audit   'react-native-responsive-fontsize': [ '0.5.1' ],
51 silly audit   'react-native-safe-area-context': [ '4.6.4' ],
51 silly audit   'react-native-screens': [ '3.22.1' ],
51 silly audit   'react-native-vector-icons': [ '10.0.0' ],
51 silly audit   'react-native-web': [ '0.19.6' ],
51 silly audit   'react-native-webview': [ '13.2.2' ],
51 silly audit   ws: [ '6.2.2', '7.5.9' ],
51 silly audit   'react-refresh': [ '0.4.3' ],
51 silly audit   'react-shallow-renderer': [ '16.15.0' ],
51 silly audit   'react-test-renderer': [ '18.2.0' ],
51 silly audit   scheduler: [ '0.23.0', '0.24.0-canary-efb381bbf-20230505' ],
51 silly audit   readline: [ '1.3.0' ],
51 silly audit   recast: [ '0.21.5' ],
51 silly audit   regenerate: [ '1.4.2' ],
51 silly audit   'regenerate-unicode-properties': [ '10.1.0' ],
51 silly audit   'regenerator-runtime': [ '0.13.11' ],
51 silly audit   'regenerator-transform': [ '0.15.1' ],
51 silly audit   'regexp.prototype.flags': [ '1.5.0' ],
51 silly audit   'regexpu-core': [ '5.3.2' ],
51 silly audit   regjsparser: [ '0.9.1' ],
51 silly audit   'require-directory': [ '2.1.1' ],
51 silly audit   'require-main-filename': [ '2.0.0' ],
51 silly audit   'resolve-cwd': [ '3.0.0' ],
51 silly audit   'resolve.exports': [ '2.0.2' ],
51 silly audit   'restore-cursor': [ '3.1.0' ],
51 silly audit   reusify: [ '1.0.4' ],
51 silly audit   rimraf: [ '3.0.2', '2.6.3' ],
51 silly audit   'run-parallel': [ '1.2.0' ],
51 silly audit   'safe-regex-test': [ '1.0.0' ],
51 silly audit   send: [ '0.18.0' ],
51 silly audit   'serialize-error': [ '2.1.0' ],
51 silly audit   'serve-static': [ '1.15.0' ],
51 silly audit   'set-blocking': [ '2.0.0' ],
51 silly audit   setimmediate: [ '1.0.5' ],
51 silly audit   setprototypeof: [ '1.2.0' ],
51 silly audit   'shallow-clone': [ '3.0.1' ],
51 silly audit   'shebang-command': [ '2.0.0' ],
51 silly audit   'shebang-regex': [ '3.0.0' ],
51 silly audit   'shell-quote': [ '1.8.1' ],
51 silly audit   'side-channel': [ '1.0.4' ],
51 silly audit   'signal-exit': [ '3.0.7' ],
51 silly audit   'simple-swizzle': [ '0.2.2' ],
51 silly audit   sisteransi: [ '1.0.5' ],
51 silly audit   slash: [ '3.0.0' ],
51 silly audit   'slice-ansi': [ '2.1.0' ],
51 silly audit   'split-on-first': [ '1.1.0' ],
51 silly audit   'sprintf-js': [ '1.0.3' ],
51 silly audit   'stack-utils': [ '2.0.6' ],
51 silly audit   stackframe: [ '1.3.4' ],
51 silly audit   'stacktrace-parser': [ '0.1.10' ],
51 silly audit   'strict-uri-encode': [ '2.0.0' ],
51 silly audit   'string-length': [ '4.0.2' ],
51 silly audit   'string-natural-compare': [ '3.0.1' ],
51 silly audit   'string-width': [ '4.2.3' ],
51 silly audit   'string.prototype.matchall': [ '4.0.8' ],
51 silly audit   'string.prototype.trim': [ '1.2.7' ],
51 silly audit   'string.prototype.trimend': [ '1.0.6' ],
51 silly audit   'string.prototype.trimstart': [ '1.0.6' ],
51 silly audit   'strip-bom': [ '4.0.0' ],
51 silly audit   'strip-final-newline': [ '2.0.0' ],
51 silly audit   'strip-json-comments': [ '3.1.1' ],
51 silly audit   strnum: [ '1.0.5' ],
51 silly audit   styleq: [ '0.1.3' ],
51 silly audit   'sudo-prompt': [ '9.2.1' ],
51 silly audit   'supports-preserve-symlinks-flag': [ '1.0.0' ],
51 silly audit   temp: [ '0.8.4' ],
51 silly audit   terser: [ '5.18.2' ],
51 silly audit   'test-exclude': [ '6.0.0' ],
51 silly audit   'text-table': [ '0.2.0' ],
51 silly audit   throat: [ '5.0.0' ],
51 silly audit   through2: [ '2.0.5' ],
51 silly audit   tmpl: [ '1.0.5' ],
51 silly audit   'to-fast-properties': [ '2.0.0' ],
51 silly audit   'to-regex-range': [ '5.0.1' ],
51 silly audit   toidentifier: [ '1.0.1' ],
51 silly audit   tr46: [ '0.0.3' ],
51 silly audit   tslib: [ '2.6.0', '1.14.1' ],
51 silly audit   tsutils: [ '3.21.0' ],
51 silly audit   'type-check': [ '0.4.0' ],
51 silly audit   'type-detect': [ '4.0.8' ],
51 silly audit   'typed-array-length': [ '1.0.4' ],
51 silly audit   typescript: [ '4.8.4' ],
51 silly audit   'ua-parser-js': [ '1.0.35' ],
51 silly audit   'uglify-es': [ '3.3.9' ],
51 silly audit   'unbox-primitive': [ '1.0.2' ],
51 silly audit   'unicode-canonical-property-names-ecmascript': [ '2.0.0' ],
51 silly audit   'unicode-match-property-ecmascript': [ '2.0.0' ],
51 silly audit   'unicode-match-property-value-ecmascript': [ '2.1.0' ],
51 silly audit   'unicode-property-aliases-ecmascript': [ '2.1.0' ],
51 silly audit   universalify: [ '0.1.2' ],
51 silly audit   unpipe: [ '1.0.0' ],
51 silly audit   'update-browserslist-db': [ '1.0.11' ],
51 silly audit   'uri-js': [ '4.4.1' ],
51 silly audit   'use-latest-callback': [ '0.1.6' ],
51 silly audit   'use-sync-external-store': [ '1.2.0' ],
51 silly audit   'util-deprecate': [ '1.0.2' ],
51 silly audit   'utils-merge': [ '1.0.1' ],
51 silly audit   'v8-to-istanbul': [ '9.1.0' ],
51 silly audit   vary: [ '1.1.2' ],
51 silly audit   vlq: [ '1.0.1' ],
51 silly audit   walker: [ '1.0.8' ],
51 silly audit   'warn-once': [ '0.1.1' ],
51 silly audit   wcwidth: [ '1.0.1' ],
51 silly audit   'webidl-conversions': [ '3.0.1' ],
51 silly audit   'whatwg-fetch': [ '3.6.2' ],
51 silly audit   'whatwg-url': [ '5.0.0' ],
51 silly audit   which: [ '2.0.2' ],
51 silly audit   'which-boxed-primitive': [ '1.0.2' ],
51 silly audit   'which-module': [ '2.0.1' ],
51 silly audit   'which-typed-array': [ '1.1.9' ],
51 silly audit   wrappy: [ '1.0.2' ],
51 silly audit   xtend: [ '4.0.2' ],
51 silly audit   yaml: [ '2.3.1' ],
51 silly audit   'yocto-queue': [ '0.1.0' ],
51 silly audit   'rn-photos-framework': [ '1.0.7' ]
51 silly audit }
52 timing reifyNode:node_modules/rn-photos-framework Completed in 24ms
53 timing reify:unpack Completed in 24ms
54 timing reify:unretire Completed in 0ms
55 timing build:queue Completed in 0ms
56 timing build:deps Completed in 0ms
57 timing build Completed in 1ms
58 timing reify:build Completed in 1ms
59 timing reify:trash Completed in 0ms
60 timing reify:save Completed in 107ms
61 http fetch POST 200 https://registry.npmjs.org/-/npm/v1/security/advisories/bulk 498ms
62 timing auditReport:getReport Completed in 508ms
63 silly audit report {
63 silly audit report   semver: [
63 silly audit report     {
63 silly audit report       id: 1092459,
63 silly audit report       url: 'https://github.com/advisories/GHSA-c2qf-rxjj-qqgw',
63 silly audit report       title: 'semver vulnerable to Regular Expression Denial of Service',
63 silly audit report       severity: 'moderate',
63 silly audit report       vulnerable_versions: '<5.7.2',
63 silly audit report       cwe: [Array],
63 silly audit report       cvss: [Object]
63 silly audit report     },
63 silly audit report     {
63 silly audit report       id: 1092460,
63 silly audit report       url: 'https://github.com/advisories/GHSA-c2qf-rxjj-qqgw',
63 silly audit report       title: 'semver vulnerable to Regular Expression Denial of Service',
63 silly audit report       severity: 'moderate',
63 silly audit report       vulnerable_versions: '>=6.0.0 <6.3.1',
63 silly audit report       cwe: [Array],
63 silly audit report       cvss: [Object]
63 silly audit report     }
63 silly audit report   ]
63 silly audit report }
64 timing metavuln:cache:get:security-advisory:semver:4rAGLI77ah4GjE+TMeF3bs1i2q5PTlh8Yy3a788BL+nsbnDjtFmvZQR4wF1DxsFHGN6S44lxm3JWgPb3W5s30Q== Completed in 6ms
65 timing metavuln:cache:get:security-advisory:semver:kAFjC+gZYE0hg0fnwRCthyeJmOP92DfFUBq7TwOAbcgH8333wOUXJiBMf3cV5pyGPYsWeSSSBLLcOEcTn3mGyA== Completed in 5ms
66 http fetch GET 200 https://registry.npmjs.org/semver 114ms (cache revalidated)
67 timing metavuln:packument:semver Completed in 115ms
68 timing metavuln:load:security-advisory:semver:1092459 Completed in 2ms
69 timing metavuln:calculate:security-advisory:semver:1092459 Completed in 118ms
70 timing metavuln:load:security-advisory:semver:1092460 Completed in 1ms
71 timing metavuln:calculate:security-advisory:semver:1092460 Completed in 118ms
72 timing metavuln:cache:get:security-advisory:make-dir:O88H0IVF6OY8krXQ3vX3QOc3lSUqhNIbxt2DH+Qb3DwMTBRLMivaQ39q2XP5xLZ46Bw7Yb0shTIdKpw9F8q/tg== Completed in 2ms
73 http fetch GET 200 https://registry.npmjs.org/make-dir 95ms (cache revalidated)
74 timing metavuln:packument:make-dir Completed in 96ms
75 timing metavuln:load:security-advisory:make-dir:4rAGLI77ah4GjE+TMeF3bs1i2q5PTlh8Yy3a788BL+nsbnDjtFmvZQR4wF1DxsFHGN6S44lxm3JWgPb3W5s30Q== Completed in 0ms
76 timing metavuln:calculate:security-advisory:make-dir:4rAGLI77ah4GjE+TMeF3bs1i2q5PTlh8Yy3a788BL+nsbnDjtFmvZQR4wF1DxsFHGN6S44lxm3JWgPb3W5s30Q== Completed in 96ms
77 timing metavuln:cache:get:security-advisory:@react-native-community/cli:zNlfRJvEbchLDojC+4dpONtJzL2Pv8SPtBTa1Bnuux5nK0n5GBXVgaJfSiBviEE+ifi3BNelu8H2QtgyP88uqg== Completed in 5ms
78 timing metavuln:cache:get:security-advisory:eslint-plugin-react:gw0y+oN71m/z9bSZf3hntBV8WyYNo1cQHgZQ25yM+RPehc6ZeHYBdl3D+T4o5Ks0rKahdSfpzsoQotORCvn0Fg== Completed in 5ms
79 timing metavuln:cache:get:security-advisory:@react-native-community/cli-tools:x9wP2XXTTV+EV4Y8BiC0sS41/DDanZQDwKi8lSpKPfZ3pT6+FtxSkC3xierUxc8MaloV3Rg16RLncrAHju0Mog== Completed in 5ms
80 timing metavuln:cache:get:security-advisory:@react-native-community/cli-doctor:i0h0ZCijjOJQ0H8520as604RVYIcZL4hn8LFgNZfVw86fTKleoWhcuG+9ftHJRHc5hof2BOvUNVgx7bTmIJBEQ== Completed in 5ms
81 timing metavuln:cache:get:security-advisory:make-dir:weuzECRx3sHGwZBPCFAOw+reXIrADTbGbizJp0ZnSLHBnHRwvI+KfkBVtBE5QdNKsk3MslUtnkTJvuEn4vDUEA== Completed in 4ms
82 timing metavuln:load:security-advisory:make-dir:kAFjC+gZYE0hg0fnwRCthyeJmOP92DfFUBq7TwOAbcgH8333wOUXJiBMf3cV5pyGPYsWeSSSBLLcOEcTn3mGyA== Completed in 0ms
83 timing metavuln:calculate:security-advisory:make-dir:kAFjC+gZYE0hg0fnwRCthyeJmOP92DfFUBq7TwOAbcgH8333wOUXJiBMf3cV5pyGPYsWeSSSBLLcOEcTn3mGyA== Completed in 4ms
84 timing metavuln:cache:get:security-advisory:istanbul-lib-instrument:uH0G1pfO6b4cgSxKdxQvU1YrKC/fzHnE5ltTYbnXJ+3ZYq33oSYu5u8gcMOLh4RShCOawhrpddM7up7rm/7/hw== Completed in 6ms
85 http fetch GET 200 https://registry.npmjs.org/@react-native-community%2fcli 114ms (cache revalidated)
86 timing metavuln:packument:@react-native-community/cli Completed in 118ms
87 timing metavuln:load:security-advisory:@react-native-community/cli:kAFjC+gZYE0hg0fnwRCthyeJmOP92DfFUBq7TwOAbcgH8333wOUXJiBMf3cV5pyGPYsWeSSSBLLcOEcTn3mGyA== Completed in 2ms
88 timing metavuln:calculate:security-advisory:@react-native-community/cli:kAFjC+gZYE0hg0fnwRCthyeJmOP92DfFUBq7TwOAbcgH8333wOUXJiBMf3cV5pyGPYsWeSSSBLLcOEcTn3mGyA== Completed in 120ms
89 http fetch GET 200 https://registry.npmjs.org/istanbul-lib-instrument 155ms (cache revalidated)
90 timing metavuln:packument:istanbul-lib-instrument Completed in 156ms
91 timing metavuln:load:security-advisory:istanbul-lib-instrument:kAFjC+gZYE0hg0fnwRCthyeJmOP92DfFUBq7TwOAbcgH8333wOUXJiBMf3cV5pyGPYsWeSSSBLLcOEcTn3mGyA== Completed in 1ms
92 timing metavuln:calculate:security-advisory:istanbul-lib-instrument:kAFjC+gZYE0hg0fnwRCthyeJmOP92DfFUBq7TwOAbcgH8333wOUXJiBMf3cV5pyGPYsWeSSSBLLcOEcTn3mGyA== Completed in 157ms
93 http fetch GET 200 https://registry.npmjs.org/eslint-plugin-react 190ms (cache revalidated)
94 timing metavuln:packument:eslint-plugin-react Completed in 193ms
95 timing metavuln:load:security-advisory:eslint-plugin-react:kAFjC+gZYE0hg0fnwRCthyeJmOP92DfFUBq7TwOAbcgH8333wOUXJiBMf3cV5pyGPYsWeSSSBLLcOEcTn3mGyA== Completed in 1ms
96 timing metavuln:calculate:security-advisory:eslint-plugin-react:kAFjC+gZYE0hg0fnwRCthyeJmOP92DfFUBq7TwOAbcgH8333wOUXJiBMf3cV5pyGPYsWeSSSBLLcOEcTn3mGyA== Completed in 194ms
97 http fetch GET 200 https://registry.npmjs.org/@react-native-community%2fcli-tools 230ms (cache revalidated)
98 timing metavuln:packument:@react-native-community/cli-tools Completed in 231ms
99 timing metavuln:load:security-advisory:@react-native-community/cli-tools:kAFjC+gZYE0hg0fnwRCthyeJmOP92DfFUBq7TwOAbcgH8333wOUXJiBMf3cV5pyGPYsWeSSSBLLcOEcTn3mGyA== Completed in 1ms
100 timing metavuln:calculate:security-advisory:@react-native-community/cli-tools:kAFjC+gZYE0hg0fnwRCthyeJmOP92DfFUBq7TwOAbcgH8333wOUXJiBMf3cV5pyGPYsWeSSSBLLcOEcTn3mGyA== Completed in 232ms
101 http fetch GET 200 https://registry.npmjs.org/@react-native-community%2fcli-doctor 616ms (cache revalidated)
102 timing metavuln:packument:@react-native-community/cli-doctor Completed in 617ms
103 timing metavuln:load:security-advisory:@react-native-community/cli-doctor:kAFjC+gZYE0hg0fnwRCthyeJmOP92DfFUBq7TwOAbcgH8333wOUXJiBMf3cV5pyGPYsWeSSSBLLcOEcTn3mGyA== Completed in 0ms
104 timing metavuln:calculate:security-advisory:@react-native-community/cli-doctor:kAFjC+gZYE0hg0fnwRCthyeJmOP92DfFUBq7TwOAbcgH8333wOUXJiBMf3cV5pyGPYsWeSSSBLLcOEcTn3mGyA== Completed in 617ms
105 timing auditReport:init Completed in 834ms
106 timing reify:audit Completed in 1344ms
107 timing reify Completed in 2917ms
108 silly ADD node_modules/rn-photos-framework
109 timing command:i Completed in 2926ms
110 verbose exit 0
111 timing npm Completed in 3045ms
112 info ok
