0 verbose cli /opt/homebrew/Cellar/node/20.4.0/bin/node /opt/homebrew/lib/node_modules/npm/bin/npm-cli.js
1 info using npm@9.8.1
2 info using node@v20.4.0
3 timing npm:load:whichnode Completed in 4ms
4 timing config:load:defaults Completed in 22ms
5 timing config:load:file:/opt/homebrew/lib/node_modules/npm/npmrc Completed in 47ms
6 timing config:load:builtin Completed in 50ms
7 timing config:load:cli Completed in 3ms
8 timing config:load:env Completed in 0ms
9 timing config:load:file:/Users/arunakumari/Desktop/TestProject/.npmrc Completed in 1ms
10 timing config:load:project Completed in 3ms
11 timing config:load:file:/Users/arunakumari/.npmrc Completed in 6ms
12 timing config:load:user Completed in 6ms
13 timing config:load:file:/opt/homebrew/etc/npmrc Completed in 3ms
14 timing config:load:global Completed in 5ms
15 timing config:load:setEnvs Completed in 1ms
16 timing config:load Completed in 91ms
17 timing npm:load:configload Completed in 92ms
18 timing config:load:flatten Completed in 23ms
19 timing npm:load:mkdirpcache Completed in 11ms
20 timing npm:load:mkdirplogs Completed in 2ms
21 verbose title npm exec react-native run-android
22 verbose argv "exec" "--" "react-native" "run-android"
23 timing npm:load:setTitle Completed in 4ms
24 timing npm:load:display Completed in 0ms
25 verbose logfile logs-max:10 dir:/Users/arunakumari/Desktop/TestProject/C:\Users\Firstname~1\AppData\Roaming\npm-cache/_logs/2023-09-05T09_16_21_656Z-
26 verbose logfile /Users/arunakumari/Desktop/TestProject/C:\Users\Firstname~1\AppData\Roaming\npm-cache/_logs/2023-09-05T09_16_21_656Z-debug-0.log
27 timing npm:load:logFile Completed in 12ms
28 timing npm:load:timers Completed in 0ms
29 timing npm:load:configScope Completed in 0ms
30 timing npm:load Completed in 261ms
31 silly logfile done cleaning log files
