0 verbose cli /opt/homebrew/Cellar/node/20.4.0/bin/node /opt/homebrew/bin/npm
1 info using npm@9.8.1
2 info using node@v20.4.0
3 timing npm:load:whichnode Completed in 1ms
4 timing config:load:defaults Completed in 1ms
5 timing config:load:file:/opt/homebrew/lib/node_modules/npm/npmrc Completed in 1ms
6 timing config:load:builtin Completed in 2ms
7 timing config:load:cli Completed in 1ms
8 timing config:load:env Completed in 0ms
9 timing config:load:file:/Users/arunakumari/Desktop/TestProject/.npmrc Completed in 0ms
10 timing config:load:project Completed in 2ms
11 timing config:load:file:/Users/arunakumari/.npmrc Completed in 0ms
12 timing config:load:user Completed in 0ms
13 timing config:load:file:/opt/homebrew/etc/npmrc Completed in 1ms
14 timing config:load:global Completed in 1ms
15 timing config:load:setEnvs Completed in 0ms
16 timing config:load Completed in 7ms
17 timing npm:load:configload Completed in 7ms
18 timing config:load:flatten Completed in 1ms
19 timing npm:load:mkdirpcache Completed in 0ms
20 timing npm:load:mkdirplogs Completed in 0ms
21 verbose title npm install react-native-community/cameraroll
22 verbose argv "install" "react-native-community/cameraroll"
23 timing npm:load:setTitle Completed in 2ms
24 timing npm:load:display Completed in 0ms
25 verbose logfile logs-max:10 dir:/Users/arunakumari/Desktop/TestProject/C:\Users\Firstname~1\AppData\Roaming\npm-cache/_logs/2023-09-05T08_44_49_613Z-
26 verbose logfile /Users/arunakumari/Desktop/TestProject/C:\Users\Firstname~1\AppData\Roaming\npm-cache/_logs/2023-09-05T08_44_49_613Z-debug-0.log
27 timing npm:load:logFile Completed in 4ms
28 timing npm:load:timers Completed in 0ms
29 timing npm:load:configScope Completed in 0ms
30 timing npm:load Completed in 22ms
31 timing arborist:ctor Completed in 0ms
32 silly logfile done cleaning log files
33 timing idealTree:init Completed in 278ms
34 timing arborist:ctor Completed in 0ms
35 timing idealTree Completed in 2640ms
36 timing command:install Completed in 2645ms
37 verbose stack Error: An unknown git error occurred
37 verbose stack     at makeError (/opt/homebrew/lib/node_modules/npm/node_modules/@npmcli/git/lib/make-error.js:28:13)
37 verbose stack     at /opt/homebrew/lib/node_modules/npm/node_modules/@npmcli/git/lib/spawn.js:37:26
37 verbose stack     at process.processTicksAndRejections (node:internal/process/task_queues:95:5)
38 verbose cwd /Users/arunakumari/Desktop/TestProject
39 verbose Darwin 22.1.0
40 verbose node v20.4.0
41 verbose npm  v9.8.1
42 error code 128
43 error An unknown git error occurred
44 error command git --no-replace-objects ls-remote ssh://git@github.com/react-native-community/cameraroll.git
45 error Warning: Permanently added 'github.com' (ED25519) to the list of known hosts.
45 error git@github.com: Permission denied (publickey).
45 error fatal: Could not read from remote repository.
45 error
45 error Please make sure you have the correct access rights
45 error and the repository exists.
46 verbose exit 128
47 timing npm Completed in 2778ms
48 verbose unfinished npm timer reify 1693903489746
49 verbose unfinished npm timer reify:loadTrees 1693903489747
50 verbose unfinished npm timer idealTree:userRequests 1693903490026
51 verbose code 128
52 error A complete log of this run can be found in: /Users/arunakumari/Desktop/TestProject/C:\Users\Firstname~1\AppData\Roaming\npm-cache/_logs/2023-09-05T08_44_49_613Z-debug-0.log
