0 verbose cli /opt/homebrew/Cellar/node/20.3.0_1/bin/node /opt/homebrew/bin/npm
1 info using npm@9.6.7
2 info using node@v20.3.0
3 timing npm:load:whichnode Completed in 1ms
4 timing config:load:defaults Completed in 1ms
5 timing config:load:file:/opt/homebrew/lib/node_modules/npm/npmrc Completed in 0ms
6 timing config:load:builtin Completed in 0ms
7 timing config:load:cli Completed in 1ms
8 timing config:load:env Completed in 1ms
9 timing config:load:project Completed in 0ms
10 timing config:load:file:/Users/arunakumari/.npmrc Completed in 0ms
11 timing config:load:user Completed in 0ms
12 timing config:load:file:/opt/homebrew/etc/npmrc Completed in 0ms
13 timing config:load:global Completed in 0ms
14 timing config:load:setEnvs Completed in 1ms
15 timing config:load Completed in 4ms
16 timing npm:load:configload Completed in 4ms
17 timing npm:load:mkdirpcache Completed in 0ms
18 timing npm:load:mkdirplogs Completed in 0ms
19 verbose title npm install npm@9.8.0
20 verbose argv "install" "--global" "npm@9.8.0"
21 timing npm:load:setTitle Completed in 2ms
22 timing config:load:flatten Completed in 1ms
23 timing npm:load:display Completed in 1ms
24 verbose logfile logs-max:10 dir:/Users/arunakumari/Desktop/TestProject/C:\Users\Firstname~1\AppData\Roaming\npm-cache/_logs/2023-07-07T06_40_23_687Z-
25 verbose logfile /Users/arunakumari/Desktop/TestProject/C:\Users\Firstname~1\AppData\Roaming\npm-cache/_logs/2023-07-07T06_40_23_687Z-debug-0.log
26 timing npm:load:logFile Completed in 4ms
27 timing npm:load:timers Completed in 0ms
28 timing npm:load:configScope Completed in 0ms
29 timing npm:load Completed in 12ms
30 timing config:load:flatten Completed in 1ms
31 silly logfile done cleaning log files
32 http fetch GET 200 https://registry.npmjs.org/npm 11ms (cache hit)
33 timing arborist:ctor Completed in 0ms
34 timing idealTree:init Completed in 2ms
35 timing idealTree:userRequests Completed in 0ms
36 silly idealTree buildDeps
37 silly fetch manifest npm@9.8.0
38 http fetch GET 200 https://registry.npmjs.org/npm 5ms (cache hit)
39 silly placeDep ROOT npm@9.8.0 OK for:  want: 9.8.0
40 timing idealTree:#root Completed in 16ms
41 timing idealTree:node_modules/npm Completed in 0ms
42 timing idealTree:buildDeps Completed in 16ms
43 timing idealTree:fixDepFlags Completed in 0ms
44 timing idealTree Completed in 19ms
45 timing reify:loadTrees Completed in 58ms
46 timing reify:diffTrees Completed in 2ms
47 silly reify mark retired [
47 silly reify   '/opt/homebrew/lib/node_modules/npm',
47 silly reify   '/opt/homebrew/bin/npm',
47 silly reify   '/opt/homebrew/bin/npx'
47 silly reify ]
48 silly reify moves {
48 silly reify   '/opt/homebrew/lib/node_modules/npm': '/opt/homebrew/lib/node_modules/.npm-uqSPdfFS',
48 silly reify   '/opt/homebrew/bin/npm': '/opt/homebrew/bin/.npm-5PDFe52Y',
48 silly reify   '/opt/homebrew/bin/npx': '/opt/homebrew/bin/.npx-6vsdz4pY'
48 silly reify }
49 timing reify:retireShallow Completed in 2ms
50 timing reify:createSparse Completed in 0ms
51 silly tarball no local data for npm@https://registry.npmjs.org/npm/-/npm-9.8.0.tgz. Extracting by manifest.
52 http fetch GET 200 https://registry.npmjs.org/npm/-/npm-9.8.0.tgz 1295ms (cache miss)
53 timing reifyNode:node_modules/npm Completed in 1298ms
54 timing arborist:ctor Completed in 0ms
55 timing reify:diffTrees Completed in 3ms
56 timing reify:loadBundles Completed in 1364ms
57 timing reify:unpack Completed in 0ms
58 timing reify:unretire Completed in 0ms
59 timing build:queue Completed in 3ms
60 timing build:link:node_modules/npm/node_modules/@npmcli/installed-package-contents Completed in 1ms
61 timing build:link:node_modules/npm/node_modules/node-gyp/node_modules/nopt Completed in 2ms
62 timing build:link:node_modules/npm/node_modules/cross-spawn/node_modules/which Completed in 2ms
63 timing build:link:node_modules/npm/node_modules/cssesc Completed in 2ms
64 timing build:link:node_modules/npm Completed in 3ms
65 timing build:link:node_modules/npm/node_modules/glob Completed in 2ms
66 timing build:link:node_modules/npm/node_modules/pacote Completed in 2ms
67 timing build:link:node_modules/npm/node_modules/mkdirp Completed in 2ms
68 timing build:link:node_modules/npm/node_modules/node-gyp Completed in 2ms
69 timing build:link:node_modules/npm/node_modules/rimraf Completed in 2ms
70 timing build:link:node_modules/npm/node_modules/nopt Completed in 2ms
71 timing build:link:node_modules/npm/node_modules/semver Completed in 2ms
72 timing build:link:node_modules/npm/node_modules/qrcode-terminal Completed in 2ms
73 timing build:link:node_modules/npm/node_modules/sigstore Completed in 2ms
74 timing build:link:node_modules/npm/node_modules/which Completed in 2ms
75 timing build:link:node_modules/npm/node_modules/node-gyp/node_modules/which Completed in 2ms
76 timing build:link:node_modules/npm/node_modules/color-support Completed in 2ms
77 timing build:link:node_modules/npm/node_modules/@npmcli/arborist Completed in 2ms
78 timing build:link Completed in 3ms
79 timing build:deps Completed in 6ms
80 timing build Completed in 7ms
81 timing reify:build Completed in 7ms
82 timing reify:trash Completed in 83ms
83 timing reify Completed in 1518ms
84 silly CHANGE node_modules/npm
85 silly REMOVE node_modules/npm/node_modules/@gar/promisify
86 silly REMOVE node_modules/npm/node_modules/@npmcli/move-file
87 silly CHANGE node_modules/npm/node_modules/@npmcli/package-json
88 silly CHANGE node_modules/npm/node_modules/@isaacs/cliui/node_modules/strip-ansi
89 silly CHANGE node_modules/npm/node_modules/@npmcli/installed-package-contents
90 silly CHANGE node_modules/npm/node_modules/@npmcli/git
91 silly CHANGE node_modules/npm/node_modules/@npmcli/config
92 silly CHANGE node_modules/npm/node_modules/@npmcli/arborist
93 silly CHANGE node_modules/npm/node_modules/wrap-ansi/node_modules/strip-ansi
94 silly CHANGE node_modules/npm/node_modules/which
95 silly CHANGE node_modules/npm/node_modules/tuf-js
96 silly CHANGE node_modules/npm/node_modules/string_decoder
97 silly CHANGE node_modules/npm/node_modules/rimraf
98 silly CHANGE node_modules/npm/node_modules/tar
99 silly CHANGE node_modules/npm/node_modules/safe-buffer
100 silly CHANGE node_modules/npm/node_modules/supports-color
101 silly CHANGE node_modules/npm/node_modules/sigstore
102 silly CHANGE node_modules/npm/node_modules/qrcode-terminal
103 silly CHANGE node_modules/npm/node_modules/semver
104 silly CHANGE node_modules/npm/node_modules/read-package-json
105 silly CHANGE node_modules/npm/node_modules/pacote
106 silly CHANGE node_modules/npm/node_modules/path-scurry
107 silly CHANGE node_modules/npm/node_modules/nopt
108 silly CHANGE node_modules/npm/node_modules/npm-audit-report
109 silly CHANGE node_modules/npm/node_modules/node-gyp
110 silly REMOVE node_modules/npm/node_modules/node-gyp/node_modules/@npmcli/fs
111 silly REMOVE node_modules/npm/node_modules/node-gyp/node_modules/minipass-fetch
112 silly CHANGE node_modules/npm/node_modules/node-gyp/node_modules/which
113 silly REMOVE node_modules/npm/node_modules/node-gyp/node_modules/unique-filename
114 silly REMOVE node_modules/npm/node_modules/node-gyp/node_modules/unique-slug
115 silly REMOVE node_modules/npm/node_modules/node-gyp/node_modules/ssri
116 silly CHANGE node_modules/npm/node_modules/node-gyp/node_modules/nopt
117 silly REMOVE node_modules/npm/node_modules/node-gyp/node_modules/minipass
118 silly REMOVE node_modules/npm/node_modules/node-gyp/node_modules/make-fetch-happen
119 silly REMOVE node_modules/npm/node_modules/node-gyp/node_modules/cacache
120 silly REMOVE node_modules/npm/node_modules/node-gyp/node_modules/cacache/node_modules/glob
121 silly REMOVE node_modules/npm/node_modules/node-gyp/node_modules/cacache/node_modules/minimatch
122 silly REMOVE node_modules/npm/node_modules/node-gyp/node_modules/cacache/node_modules/brace-expansion
123 silly REMOVE node_modules/npm/node_modules/node-gyp/node_modules/fs-minipass
124 silly CHANGE node_modules/npm/node_modules/mkdirp
125 silly CHANGE node_modules/npm/node_modules/libnpmpack
126 silly CHANGE node_modules/npm/node_modules/minimatch
127 silly CHANGE node_modules/npm/node_modules/libnpmpublish
128 silly CHANGE node_modules/npm/node_modules/libnpmdiff
129 silly CHANGE node_modules/npm/node_modules/libnpmexec
130 silly CHANGE node_modules/npm/node_modules/jackspeak
131 silly CHANGE node_modules/npm/node_modules/libnpmfund
132 silly REMOVE node_modules/npm/node_modules/infer-owner
133 silly CHANGE node_modules/npm/node_modules/is-core-module
134 silly CHANGE node_modules/npm/node_modules/ini
135 silly REMOVE node_modules/npm/node_modules/has-flag
136 silly CHANGE node_modules/npm/node_modules/glob
137 silly CHANGE node_modules/npm/node_modules/chalk
138 silly CHANGE node_modules/npm/node_modules/cross-spawn/node_modules/which
139 silly CHANGE node_modules/npm/node_modules/cssesc
140 silly CHANGE node_modules/npm/node_modules/color-support
141 silly CHANGE node_modules/npm/node_modules/cacache
142 timing command:install Completed in 1547ms
143 verbose exit 0
144 timing npm Completed in 1662ms
145 info ok
