0 verbose cli /opt/homebrew/Cellar/node/20.4.0/bin/node /opt/homebrew/lib/node_modules/npm/bin/npm-cli.js
1 info using npm@9.8.1
2 info using node@v20.4.0
3 timing npm:load:whichnode Completed in 1ms
4 timing config:load:defaults Completed in 1ms
5 timing config:load:file:/opt/homebrew/lib/node_modules/npm/npmrc Completed in 113ms
6 timing config:load:builtin Completed in 113ms
7 timing config:load:cli Completed in 3ms
8 timing config:load:env Completed in 1ms
9 timing config:load:file:/Users/arunakumari/Desktop/TestProject/.npmrc Completed in 0ms
10 timing config:load:project Completed in 1ms
11 timing config:load:file:/Users/arunakumari/.npmrc Completed in 41ms
12 timing config:load:user Completed in 54ms
13 timing config:load:file:/opt/homebrew/etc/npmrc Completed in 9ms
14 timing config:load:global Completed in 10ms
15 timing config:load:setEnvs Completed in 0ms
16 timing config:load Completed in 183ms
17 timing npm:load:configload Completed in 183ms
18 timing config:load:flatten Completed in 5ms
19 timing npm:load:mkdirpcache Completed in 0ms
20 timing npm:load:mkdirplogs Completed in 1ms
21 verbose title npm exec react-native run-ios
22 verbose argv "exec" "--" "react-native" "run-ios"
23 timing npm:load:setTitle Completed in 5ms
24 timing npm:load:display Completed in 0ms
25 verbose logfile logs-max:10 dir:/Users/arunakumari/Desktop/TestProject/C:\Users\Firstname~1\AppData\Roaming\npm-cache/_logs/2023-09-05T09_16_21_238Z-
26 verbose logfile /Users/arunakumari/Desktop/TestProject/C:\Users\Firstname~1\AppData\Roaming\npm-cache/_logs/2023-09-05T09_16_21_238Z-debug-0.log
27 timing npm:load:logFile Completed in 142ms
28 timing npm:load:timers Completed in 0ms
29 timing npm:load:configScope Completed in 0ms
30 timing npm:load Completed in 375ms
31 silly logfile done cleaning log files
