0 verbose cli /opt/homebrew/Cellar/node/20.4.0/bin/node /opt/homebrew/bin/npm
1 info using npm@9.7.2
2 info using node@v20.4.0
3 timing npm:load:whichnode Completed in 0ms
4 timing config:load:defaults Completed in 0ms
5 timing config:load:file:/opt/homebrew/lib/node_modules/npm/npmrc Completed in 1ms
6 timing config:load:builtin Completed in 2ms
7 timing config:load:cli Completed in 0ms
8 timing config:load:env Completed in 1ms
9 timing config:load:file:/Users/arunakumari/Desktop/TestProject/.npmrc Completed in 0ms
10 timing config:load:project Completed in 0ms
11 timing config:load:file:/Users/arunakumari/.npmrc Completed in 0ms
12 timing config:load:user Completed in 0ms
13 timing config:load:file:/opt/homebrew/etc/npmrc Completed in 0ms
14 timing config:load:global Completed in 0ms
15 timing config:load:setEnvs Completed in 1ms
16 timing config:load Completed in 4ms
17 timing npm:load:configload Completed in 5ms
18 timing config:load:flatten Completed in 1ms
19 timing npm:load:mkdirpcache Completed in 0ms
20 timing npm:load:mkdirplogs Completed in 0ms
21 verbose title npm install react-native-webview
22 verbose argv "install" "react-native-webview"
23 timing npm:load:setTitle Completed in 3ms
24 timing npm:load:display Completed in 1ms
25 verbose logfile logs-max:10 dir:/Users/arunakumari/Desktop/TestProject/C:\Users\Firstname~1\AppData\Roaming\npm-cache/_logs/2023-07-07T12_22_17_036Z-
26 verbose logfile /Users/arunakumari/Desktop/TestProject/C:\Users\Firstname~1\AppData\Roaming\npm-cache/_logs/2023-07-07T12_22_17_036Z-debug-0.log
27 timing npm:load:logFile Completed in 6ms
28 timing npm:load:timers Completed in 1ms
29 timing npm:load:configScope Completed in 0ms
30 timing npm:load Completed in 24ms
31 timing arborist:ctor Completed in 0ms
32 silly logfile done cleaning log files
33 timing idealTree:init Completed in 179ms
34 timing idealTree:userRequests Completed in 2ms
35 silly idealTree buildDeps
36 silly fetch manifest react-native-webview@^13.2.2
37 timing arborist:ctor Completed in 0ms
38 http fetch GET 200 https://registry.npmjs.org/react-native-webview 1386ms (cache revalidated)
39 silly fetch manifest react@18.2.0
40 http fetch GET 200 https://registry.npmjs.org/react 77ms (cache revalidated)
41 silly fetch manifest react-native@0.72.1
42 http fetch GET 200 https://registry.npmjs.org/react-native 1057ms (cache revalidated)
43 silly placeDep ROOT react-native-webview@13.2.2 REPLACE for: TestProject@0.0.1 want: ^13.2.2
44 timing idealTree:#root Completed in 2575ms
45 timing idealTree:node_modules/react-native-webview Completed in 0ms
46 timing idealTree:buildDeps Completed in 2576ms
47 timing idealTree:fixDepFlags Completed in 4ms
48 timing idealTree Completed in 2768ms
49 timing reify:loadTrees Completed in 2768ms
50 timing reify:diffTrees Completed in 22ms
51 silly reify moves {}
52 timing reify:retireShallow Completed in 1ms
53 timing reify:createSparse Completed in 0ms
54 timing reify:loadBundles Completed in 0ms
55 silly audit bulk request {
55 silly audit   '@aashutoshrathi/word-wrap': [ '1.2.6' ],
55 silly audit   '@ampproject/remapping': [ '2.2.1' ],
55 silly audit   '@babel/code-frame': [ '7.22.5' ],
55 silly audit   '@babel/compat-data': [ '7.22.6' ],
55 silly audit   '@babel/core': [ '7.22.8' ],
55 silly audit   '@babel/eslint-parser': [ '7.22.7' ],
55 silly audit   'eslint-visitor-keys': [ '2.1.0', '3.4.1' ],
55 silly audit   '@babel/generator': [ '7.22.7' ],
55 silly audit   '@babel/helper-annotate-as-pure': [ '7.22.5' ],
55 silly audit   '@babel/helper-builder-binary-assignment-operator-visitor': [ '7.22.5' ],
55 silly audit   '@babel/helper-compilation-targets': [ '7.22.6' ],
55 silly audit   '@babel/helper-create-class-features-plugin': [ '7.22.6' ],
55 silly audit   '@babel/helper-create-regexp-features-plugin': [ '7.22.6' ],
55 silly audit   '@babel/helper-define-polyfill-provider': [ '0.4.1' ],
55 silly audit   '@babel/helper-environment-visitor': [ '7.22.5' ],
55 silly audit   '@babel/helper-function-name': [ '7.22.5' ],
55 silly audit   '@babel/helper-hoist-variables': [ '7.22.5' ],
55 silly audit   '@babel/helper-member-expression-to-functions': [ '7.22.5' ],
55 silly audit   '@babel/helper-module-imports': [ '7.22.5' ],
55 silly audit   '@babel/helper-module-transforms': [ '7.22.5' ],
55 silly audit   '@babel/helper-optimise-call-expression': [ '7.22.5' ],
55 silly audit   '@babel/helper-plugin-utils': [ '7.22.5' ],
55 silly audit   '@babel/helper-remap-async-to-generator': [ '7.22.5' ],
55 silly audit   '@babel/helper-replace-supers': [ '7.22.5' ],
55 silly audit   '@babel/helper-simple-access': [ '7.22.5' ],
55 silly audit   '@babel/helper-skip-transparent-expression-wrappers': [ '7.22.5' ],
55 silly audit   '@babel/helper-split-export-declaration': [ '7.22.6' ],
55 silly audit   '@babel/helper-string-parser': [ '7.22.5' ],
55 silly audit   '@babel/helper-validator-identifier': [ '7.22.5' ],
55 silly audit   '@babel/helper-validator-option': [ '7.22.5' ],
55 silly audit   '@babel/helper-wrap-function': [ '7.22.5' ],
55 silly audit   '@babel/helpers': [ '7.22.6' ],
55 silly audit   '@babel/highlight': [ '7.22.5' ],
55 silly audit   'ansi-styles': [ '3.2.1', '4.3.0', '5.2.0' ],
55 silly audit   chalk: [ '2.4.2', '4.1.2' ],
55 silly audit   'color-convert': [ '1.9.3', '2.0.1' ],
55 silly audit   'color-name': [ '1.1.3', '1.1.4' ],
55 silly audit   'has-flag': [ '3.0.0', '4.0.0' ],
55 silly audit   'supports-color': [ '5.5.0', '8.1.1', '7.2.0' ],
55 silly audit   '@babel/parser': [ '7.22.7' ],
55 silly audit   '@babel/plugin-bugfix-safari-id-destructuring-collision-in-function-expression': [ '7.22.5' ],
55 silly audit   '@babel/plugin-bugfix-v8-spread-parameters-in-optional-chaining': [ '7.22.5' ],
55 silly audit   '@babel/plugin-proposal-async-generator-functions': [ '7.20.7' ],
55 silly audit   '@babel/plugin-proposal-class-properties': [ '7.18.6' ],
55 silly audit   '@babel/plugin-proposal-export-default-from': [ '7.22.5' ],
55 silly audit   '@babel/plugin-proposal-nullish-coalescing-operator': [ '7.18.6' ],
55 silly audit   '@babel/plugin-proposal-numeric-separator': [ '7.18.6' ],
55 silly audit   '@babel/plugin-proposal-object-rest-spread': [ '7.20.7' ],
55 silly audit   '@babel/plugin-proposal-optional-catch-binding': [ '7.18.6' ],
55 silly audit   '@babel/plugin-proposal-optional-chaining': [ '7.21.0' ],
55 silly audit   '@babel/plugin-proposal-private-property-in-object': [ '7.21.0-placeholder-for-preset-env.2' ],
55 silly audit   '@babel/plugin-proposal-unicode-property-regex': [ '7.18.6' ],
55 silly audit   '@babel/plugin-syntax-async-generators': [ '7.8.4' ],
55 silly audit   '@babel/plugin-syntax-bigint': [ '7.8.3' ],
55 silly audit   '@babel/plugin-syntax-class-properties': [ '7.12.13' ],
55 silly audit   '@babel/plugin-syntax-class-static-block': [ '7.14.5' ],
55 silly audit   '@babel/plugin-syntax-dynamic-import': [ '7.8.3' ],
55 silly audit   '@babel/plugin-syntax-export-default-from': [ '7.22.5' ],
55 silly audit   '@babel/plugin-syntax-export-namespace-from': [ '7.8.3' ],
55 silly audit   '@babel/plugin-syntax-flow': [ '7.22.5' ],
55 silly audit   '@babel/plugin-syntax-import-assertions': [ '7.22.5' ],
55 silly audit   '@babel/plugin-syntax-import-attributes': [ '7.22.5' ],
55 silly audit   '@babel/plugin-syntax-import-meta': [ '7.10.4' ],
55 silly audit   '@babel/plugin-syntax-json-strings': [ '7.8.3' ],
55 silly audit   '@babel/plugin-syntax-jsx': [ '7.22.5' ],
55 silly audit   '@babel/plugin-syntax-logical-assignment-operators': [ '7.10.4' ],
55 silly audit   '@babel/plugin-syntax-nullish-coalescing-operator': [ '7.8.3' ],
55 silly audit   '@babel/plugin-syntax-numeric-separator': [ '7.10.4' ],
55 silly audit   '@babel/plugin-syntax-object-rest-spread': [ '7.8.3' ],
55 silly audit   '@babel/plugin-syntax-optional-catch-binding': [ '7.8.3' ],
55 silly audit   '@babel/plugin-syntax-optional-chaining': [ '7.8.3' ],
55 silly audit   '@babel/plugin-syntax-private-property-in-object': [ '7.14.5' ],
55 silly audit   '@babel/plugin-syntax-top-level-await': [ '7.14.5' ],
55 silly audit   '@babel/plugin-syntax-typescript': [ '7.22.5' ],
55 silly audit   '@babel/plugin-syntax-unicode-sets-regex': [ '7.18.6' ],
55 silly audit   '@babel/plugin-transform-arrow-functions': [ '7.22.5' ],
55 silly audit   '@babel/plugin-transform-async-generator-functions': [ '7.22.7' ],
55 silly audit   '@babel/plugin-transform-async-to-generator': [ '7.22.5' ],
55 silly audit   '@babel/plugin-transform-block-scoped-functions': [ '7.22.5' ],
55 silly audit   '@babel/plugin-transform-block-scoping': [ '7.22.5' ],
55 silly audit   '@babel/plugin-transform-class-properties': [ '7.22.5' ],
55 silly audit   '@babel/plugin-transform-class-static-block': [ '7.22.5' ],
55 silly audit   '@babel/plugin-transform-classes': [ '7.22.6' ],
55 silly audit   '@babel/plugin-transform-computed-properties': [ '7.22.5' ],
55 silly audit   '@babel/plugin-transform-destructuring': [ '7.22.5' ],
55 silly audit   '@babel/plugin-transform-dotall-regex': [ '7.22.5' ],
55 silly audit   '@babel/plugin-transform-duplicate-keys': [ '7.22.5' ],
55 silly audit   '@babel/plugin-transform-dynamic-import': [ '7.22.5' ],
55 silly audit   '@babel/plugin-transform-exponentiation-operator': [ '7.22.5' ],
55 silly audit   '@babel/plugin-transform-export-namespace-from': [ '7.22.5' ],
55 silly audit   '@babel/plugin-transform-flow-strip-types': [ '7.22.5' ],
55 silly audit   '@babel/plugin-transform-for-of': [ '7.22.5' ],
55 silly audit   '@babel/plugin-transform-function-name': [ '7.22.5' ],
55 silly audit   '@babel/plugin-transform-json-strings': [ '7.22.5' ],
55 silly audit   '@babel/plugin-transform-literals': [ '7.22.5' ],
55 silly audit   '@babel/plugin-transform-logical-assignment-operators': [ '7.22.5' ],
55 silly audit   '@babel/plugin-transform-member-expression-literals': [ '7.22.5' ],
55 silly audit   '@babel/plugin-transform-modules-amd': [ '7.22.5' ],
55 silly audit   '@babel/plugin-transform-modules-commonjs': [ '7.22.5' ],
55 silly audit   '@babel/plugin-transform-modules-systemjs': [ '7.22.5' ],
55 silly audit   '@babel/plugin-transform-modules-umd': [ '7.22.5' ],
55 silly audit   '@babel/plugin-transform-named-capturing-groups-regex': [ '7.22.5' ],
55 silly audit   '@babel/plugin-transform-new-target': [ '7.22.5' ],
55 silly audit   '@babel/plugin-transform-nullish-coalescing-operator': [ '7.22.5' ],
55 silly audit   '@babel/plugin-transform-numeric-separator': [ '7.22.5' ],
55 silly audit   '@babel/plugin-transform-object-assign': [ '7.22.5' ],
55 silly audit   '@babel/plugin-transform-object-rest-spread': [ '7.22.5' ],
55 silly audit   '@babel/plugin-transform-object-super': [ '7.22.5' ],
55 silly audit   '@babel/plugin-transform-optional-catch-binding': [ '7.22.5' ],
55 silly audit   '@babel/plugin-transform-optional-chaining': [ '7.22.6' ],
55 silly audit   '@babel/plugin-transform-parameters': [ '7.22.5' ],
55 silly audit   '@babel/plugin-transform-private-methods': [ '7.22.5' ],
55 silly audit   '@babel/plugin-transform-private-property-in-object': [ '7.22.5' ],
55 silly audit   '@babel/plugin-transform-property-literals': [ '7.22.5' ],
55 silly audit   '@babel/plugin-transform-react-display-name': [ '7.22.5' ],
55 silly audit   '@babel/plugin-transform-react-jsx': [ '7.22.5' ],
55 silly audit   '@babel/plugin-transform-react-jsx-self': [ '7.22.5' ],
55 silly audit   '@babel/plugin-transform-react-jsx-source': [ '7.22.5' ],
55 silly audit   '@babel/plugin-transform-regenerator': [ '7.22.5' ],
55 silly audit   '@babel/plugin-transform-reserved-words': [ '7.22.5' ],
55 silly audit   '@babel/plugin-transform-runtime': [ '7.22.7' ],
55 silly audit   '@babel/plugin-transform-shorthand-properties': [ '7.22.5' ],
55 silly audit   '@babel/plugin-transform-spread': [ '7.22.5' ],
55 silly audit   '@babel/plugin-transform-sticky-regex': [ '7.22.5' ],
55 silly audit   '@babel/plugin-transform-template-literals': [ '7.22.5' ],
55 silly audit   '@babel/plugin-transform-typeof-symbol': [ '7.22.5' ],
55 silly audit   '@babel/plugin-transform-typescript': [ '7.22.5' ],
55 silly audit   '@babel/plugin-transform-unicode-escapes': [ '7.22.5' ],
55 silly audit   '@babel/plugin-transform-unicode-property-regex': [ '7.22.5' ],
55 silly audit   '@babel/plugin-transform-unicode-regex': [ '7.22.5' ],
55 silly audit   '@babel/plugin-transform-unicode-sets-regex': [ '7.22.5' ],
55 silly audit   '@babel/preset-env': [ '7.22.7' ],
55 silly audit   '@babel/preset-flow': [ '7.22.5' ],
55 silly audit   '@babel/preset-modules': [ '0.1.5' ],
55 silly audit   '@babel/preset-typescript': [ '7.22.5' ],
55 silly audit   '@babel/register': [ '7.22.5' ],
55 silly audit   '@babel/regjsgen': [ '0.8.0' ],
55 silly audit   '@babel/runtime': [ '7.22.6' ],
55 silly audit   '@babel/template': [ '7.22.5' ],
55 silly audit   '@babel/traverse': [ '7.22.8' ],
55 silly audit   '@babel/types': [ '7.22.5' ],
55 silly audit   '@bcoe/v8-coverage': [ '0.2.3' ],
55 silly audit   '@egjs/hammerjs': [ '2.0.17' ],
55 silly audit   '@eslint-community/eslint-utils': [ '4.4.0' ],
55 silly audit   '@eslint-community/regexpp': [ '4.5.1' ],
55 silly audit   '@eslint/eslintrc': [ '2.1.0' ],
55 silly audit   argparse: [ '2.0.1', '1.0.10' ],
55 silly audit   globals: [ '13.20.0', '11.12.0' ],
55 silly audit   'js-yaml': [ '4.1.0', '3.14.1' ],
55 silly audit   '@eslint/js': [ '8.44.0' ],
55 silly audit   '@hapi/hoek': [ '9.3.0' ],
55 silly audit   '@hapi/topo': [ '5.1.0' ],
55 silly audit   '@humanwhocodes/config-array': [ '0.11.10' ],
55 silly audit   '@humanwhocodes/module-importer': [ '1.0.1' ],
55 silly audit   '@humanwhocodes/object-schema': [ '1.2.1' ],
55 silly audit   '@istanbuljs/load-nyc-config': [ '1.1.0' ],
55 silly audit   '@istanbuljs/schema': [ '0.1.3' ],
55 silly audit   '@jest/console': [ '29.6.1' ],
55 silly audit   '@jest/core': [ '29.6.1' ],
55 silly audit   '@jest/create-cache-key-function': [ '29.6.1' ],
55 silly audit   '@jest/environment': [ '29.6.1' ],
55 silly audit   '@jest/expect': [ '29.6.1' ],
55 silly audit   '@jest/expect-utils': [ '29.6.1' ],
55 silly audit   '@jest/fake-timers': [ '29.6.1' ],
55 silly audit   '@jest/globals': [ '29.6.1' ],
55 silly audit   '@jest/reporters': [ '29.6.1' ],
55 silly audit   'jest-worker': [ '29.6.1', '27.5.1' ],
55 silly audit   '@jest/schemas': [ '29.6.0' ],
55 silly audit   '@jest/source-map': [ '29.6.0' ],
55 silly audit   '@jest/test-result': [ '29.6.1' ],
55 silly audit   '@jest/test-sequencer': [ '29.6.1' ],
55 silly audit   '@jest/transform': [ '29.6.1' ],
55 silly audit   'convert-source-map': [ '2.0.0', '1.9.0' ],
55 silly audit   '@jest/types': [ '29.6.1', '26.6.2', '27.5.1' ],
55 silly audit   '@jridgewell/gen-mapping': [ '0.3.3' ],
55 silly audit   '@jridgewell/sourcemap-codec': [ '1.4.15', '1.4.14' ],
55 silly audit   '@jridgewell/resolve-uri': [ '3.1.0' ],
55 silly audit   '@jridgewell/set-array': [ '1.1.2' ],
55 silly audit   '@jridgewell/source-map': [ '0.3.5' ],
55 silly audit   '@jridgewell/trace-mapping': [ '0.3.18' ],
55 silly audit   '@nicolo-ribaudo/eslint-scope-5-internals': [ '5.1.1-v1' ],
55 silly audit   '@nicolo-ribaudo/semver-v6': [ '6.3.3' ],
55 silly audit   '@nodelib/fs.scandir': [ '2.1.5' ],
55 silly audit   '@nodelib/fs.stat': [ '2.0.5' ],
55 silly audit   '@nodelib/fs.walk': [ '1.2.8' ],
55 silly audit   '@react-native-community/cli': [ '11.3.3' ],
55 silly audit   '@react-native-community/cli-clean': [ '11.3.3' ],
55 silly audit   '@react-native-community/cli-config': [ '11.3.3' ],
55 silly audit   '@react-native-community/cli-debugger-ui': [ '11.3.3' ],
55 silly audit   '@react-native-community/cli-doctor': [ '11.3.3' ],
55 silly audit   'ansi-regex': [ '4.1.1', '5.0.1' ],
55 silly audit   'strip-ansi': [ '5.2.0', '6.0.1' ],
55 silly audit   '@react-native-community/cli-hermes': [ '11.3.3' ],
55 silly audit   '@react-native-community/cli-platform-android': [ '11.3.3' ],
55 silly audit   '@react-native-community/cli-platform-ios': [ '11.3.3' ],
55 silly audit   '@react-native-community/cli-plugin-metro': [ '11.3.3' ],
55 silly audit   '@react-native-community/cli-server-api': [ '11.3.3' ],
55 silly audit   '@types/yargs': [ '15.0.15', '16.0.5', '17.0.24' ],
55 silly audit   'pretty-format': [ '26.6.2', '29.6.1' ],
55 silly audit   'react-is': [ '17.0.2', '16.13.1', '18.2.0' ],
55 silly audit   '@react-native-community/cli-tools': [ '11.3.3' ],
55 silly audit   'find-up': [ '5.0.0', '3.0.0', '4.1.0' ],
55 silly audit   'locate-path': [ '6.0.0', '3.0.0', '5.0.0' ],
55 silly audit   'p-locate': [ '5.0.0', '3.0.0', '4.1.0' ],
55 silly audit   '@react-native-community/cli-types': [ '11.3.3' ],
55 silly audit   '@react-native-community/masked-view': [ '0.1.11' ],
55 silly audit   '@react-native/assets-registry': [ '0.72.0' ],
55 silly audit   '@react-native/codegen': [ '0.72.6' ],
55 silly audit   '@react-native/eslint-config': [ '0.72.2' ],
55 silly audit   '@react-native/eslint-plugin': [ '0.72.0' ],
55 silly audit   '@react-native/gradle-plugin': [ '0.72.11' ],
55 silly audit   '@react-native/js-polyfills': [ '0.72.1' ],
55 silly audit   '@react-native/metro-config': [ '0.72.7' ],
55 silly audit   '@react-native/normalize-color': [ '2.1.0' ],
55 silly audit   '@react-native/normalize-colors': [ '0.72.0', '0.73.0' ],
55 silly audit   '@react-native/virtualized-lists': [ '0.72.6' ],
55 silly audit   '@react-navigation/core': [ '6.4.9' ],
55 silly audit   'escape-string-regexp': [ '4.0.0', '1.0.5', '2.0.0' ],
55 silly audit   '@react-navigation/drawer': [ '6.6.3' ],
55 silly audit   '@react-navigation/elements': [ '1.3.18' ],
55 silly audit   '@react-navigation/native': [ '6.1.7' ],
55 silly audit   '@react-navigation/routers': [ '6.1.9' ],
55 silly audit   '@react-navigation/stack': [ '6.3.17' ],
55 silly audit   '@sideway/address': [ '4.1.4' ],
55 silly audit   '@sideway/formula': [ '3.0.1' ],
55 silly audit   '@sideway/pinpoint': [ '2.0.0' ],
55 silly audit   '@sinclair/typebox': [ '0.27.8' ],
55 silly audit   '@sinonjs/commons': [ '3.0.0' ],
55 silly audit   '@sinonjs/fake-timers': [ '10.3.0' ],
55 silly audit   '@tsconfig/react-native': [ '3.0.2' ],
55 silly audit   '@types/babel__core': [ '7.20.1' ],
55 silly audit   '@types/babel__generator': [ '7.6.4' ],
55 silly audit   '@types/babel__template': [ '7.4.1' ],
55 silly audit   '@types/babel__traverse': [ '7.20.1' ],
55 silly audit   '@types/graceful-fs': [ '4.1.6' ],
55 silly audit   '@types/hammerjs': [ '2.0.41' ],
55 silly audit   '@types/istanbul-lib-coverage': [ '2.0.4' ],
55 silly audit   '@types/istanbul-lib-report': [ '3.0.0' ],
55 silly audit   '@types/istanbul-reports': [ '3.0.1' ],
55 silly audit   '@types/json-schema': [ '7.0.12' ],
55 silly audit   '@types/metro-config': [ '0.76.3' ],
55 silly audit   'ci-info': [ '2.0.0', '3.8.0' ],
55 silly audit   debug: [ '2.6.9', '4.3.4' ],
55 silly audit   'hermes-estree': [ '0.14.0', '0.8.0' ],
55 silly audit   'hermes-parser': [ '0.14.0', '0.8.0' ],
55 silly audit   'jest-regex-util': [ '27.5.1', '29.4.3' ],
55 silly audit   'jest-util': [ '27.5.1', '29.6.1' ],
55 silly audit   metro: [ '0.77.0', '0.76.5' ],
55 silly audit   'metro-babel-transformer': [ '0.77.0', '0.76.5' ],
55 silly audit   'metro-cache': [ '0.77.0', '0.76.5' ],
55 silly audit   'metro-cache-key': [ '0.77.0', '0.76.5' ],
55 silly audit   'metro-config': [ '0.77.0', '0.76.5' ],
55 silly audit   'metro-core': [ '0.77.0', '0.76.5' ],
55 silly audit   'metro-file-map': [ '0.77.0', '0.76.5' ],
55 silly audit   'metro-inspector-proxy': [ '0.77.0', '0.76.5' ],
55 silly audit   'metro-minify-terser': [ '0.77.0', '0.76.5' ],
55 silly audit   'metro-resolver': [ '0.77.0', '0.76.5' ],
55 silly audit   'metro-runtime': [ '0.77.0', '0.76.5' ],
55 silly audit   'metro-source-map': [ '0.77.0', '0.76.5' ],
55 silly audit   'metro-symbolicate': [ '0.77.0', '0.76.5' ],
55 silly audit   'metro-transform-plugins': [ '0.77.0', '0.76.5' ],
55 silly audit   'metro-transform-worker': [ '0.77.0', '0.76.5' ],
55 silly audit   ms: [ '2.0.0', '2.1.2', '2.1.3' ],
55 silly audit   ob1: [ '0.77.0', '0.76.5' ],
55 silly audit   '@types/node': [ '20.4.0' ],
55 silly audit   '@types/prettier': [ '2.7.3' ],
55 silly audit   '@types/prop-types': [ '15.7.5' ],
55 silly audit   '@types/react': [ '18.2.14' ],
55 silly audit   '@types/react-test-renderer': [ '18.0.0' ],
55 silly audit   '@types/scheduler': [ '0.16.3' ],
55 silly audit   '@types/semver': [ '7.5.0' ],
55 silly audit   '@types/stack-utils': [ '2.0.1' ],
55 silly audit   '@types/yargs-parser': [ '21.0.0' ],
55 silly audit   '@typescript-eslint/eslint-plugin': [ '5.61.0' ],
55 silly audit   'lru-cache': [ '6.0.0', '5.1.1' ],
55 silly audit   semver: [ '7.5.3', '5.7.1', '6.3.0' ],
55 silly audit   yallist: [ '4.0.0', '3.1.1' ],
55 silly audit   '@typescript-eslint/parser': [ '5.61.0' ],
55 silly audit   '@typescript-eslint/scope-manager': [ '5.61.0' ],
55 silly audit   '@typescript-eslint/type-utils': [ '5.61.0' ],
55 silly audit   '@typescript-eslint/types': [ '5.61.0' ],
55 silly audit   '@typescript-eslint/typescript-estree': [ '5.61.0' ],
55 silly audit   '@typescript-eslint/utils': [ '5.61.0' ],
55 silly audit   '@typescript-eslint/visitor-keys': [ '5.61.0' ],
55 silly audit   'abort-controller': [ '3.0.0' ],
55 silly audit   accepts: [ '1.3.8' ],
55 silly audit   acorn: [ '8.10.0' ],
55 silly audit   'acorn-jsx': [ '5.3.2' ],
55 silly audit   ajv: [ '6.12.6' ],
55 silly audit   anser: [ '1.4.10' ],
55 silly audit   'ansi-escapes': [ '4.3.2' ],
55 silly audit   'type-fest': [ '0.21.3', '0.7.1', '0.20.2' ],
55 silly audit   'ansi-fragments': [ '0.2.1' ],
55 silly audit   anymatch: [ '3.1.3' ],
55 silly audit   appdirsjs: [ '1.2.7' ],
55 silly audit   'array-buffer-byte-length': [ '1.0.0' ],
55 silly audit   'array-includes': [ '3.1.6' ],
55 silly audit   'array-union': [ '2.1.0' ],
55 silly audit   'array.prototype.flat': [ '1.3.1' ],
55 silly audit   'array.prototype.flatmap': [ '1.3.1' ],
55 silly audit   'array.prototype.tosorted': [ '1.1.1' ],
55 silly audit   asap: [ '2.0.6' ],
55 silly audit   'ast-types': [ '0.15.2' ],
55 silly audit   'astral-regex': [ '1.0.0' ],
55 silly audit   async: [ '3.2.4' ],
55 silly audit   'async-limiter': [ '1.0.1' ],
55 silly audit   'available-typed-arrays': [ '1.0.5' ],
55 silly audit   'babel-core': [ '7.0.0-bridge.0' ],
55 silly audit   'babel-jest': [ '29.6.1' ],
55 silly audit   'babel-plugin-istanbul': [ '6.1.1' ],
55 silly audit   'babel-plugin-jest-hoist': [ '29.5.0' ],
55 silly audit   'babel-plugin-polyfill-corejs2': [ '0.4.4' ],
55 silly audit   'babel-plugin-polyfill-corejs3': [ '0.8.2' ],
55 silly audit   'babel-plugin-polyfill-regenerator': [ '0.5.1' ],
55 silly audit   'babel-plugin-syntax-trailing-function-commas': [ '7.0.0-beta.0' ],
55 silly audit   'babel-plugin-transform-flow-enums': [ '0.0.2' ],
55 silly audit   'babel-preset-current-node-syntax': [ '1.0.1' ],
55 silly audit   'babel-preset-fbjs': [ '3.4.0' ],
55 silly audit   'babel-preset-jest': [ '29.5.0' ],
55 silly audit   'balanced-match': [ '1.0.2' ],
55 silly audit   'base64-js': [ '1.5.1' ],
55 silly audit   bl: [ '4.1.0' ],
55 silly audit   'readable-stream': [ '3.6.2', '2.3.8' ],
55 silly audit   'safe-buffer': [ '5.2.1', '5.1.2' ],
55 silly audit   string_decoder: [ '1.3.0', '1.1.1' ],
55 silly audit   'brace-expansion': [ '1.1.11' ],
55 silly audit   braces: [ '3.0.2' ],
55 silly audit   browserslist: [ '4.21.9' ],
55 silly audit   bser: [ '2.1.1' ],
55 silly audit   buffer: [ '5.7.1' ],
55 silly audit   'buffer-from': [ '1.1.2' ],
55 silly audit   bytes: [ '3.0.0' ],
55 silly audit   'call-bind': [ '1.0.2' ],
55 silly audit   'caller-callsite': [ '2.0.0' ],
55 silly audit   callsites: [ '2.0.0', '3.1.0' ],
55 silly audit   'caller-path': [ '2.0.0' ],
55 silly audit   camelcase: [ '5.3.1', '6.3.0' ],
55 silly audit   'caniuse-lite': [ '1.0.30001513' ],
55 silly audit   'char-regex': [ '1.0.2' ],
55 silly audit   'cjs-module-lexer': [ '1.2.3' ],
55 silly audit   'cli-cursor': [ '3.1.0' ],
55 silly audit   'cli-spinners': [ '2.9.0' ],
55 silly audit   cliui: [ '8.0.1', '6.0.0' ],
55 silly audit   clone: [ '1.0.4' ],
55 silly audit   'clone-deep': [ '4.0.1' ],
55 silly audit   co: [ '4.6.0' ],
55 silly audit   'collect-v8-coverage': [ '1.0.2' ],
55 silly audit   color: [ '4.2.3' ],
55 silly audit   'color-string': [ '1.9.1' ],
55 silly audit   colorette: [ '1.4.0' ],
55 silly audit   'command-exists': [ '1.2.9' ],
55 silly audit   commander: [ '9.5.0', '2.20.3', '2.13.0' ],
55 silly audit   commondir: [ '1.0.1' ],
55 silly audit   compressible: [ '2.0.18' ],
55 silly audit   compression: [ '1.7.4' ],
55 silly audit   'concat-map': [ '0.0.1' ],
55 silly audit   connect: [ '3.7.0' ],
55 silly audit   'core-js-compat': [ '3.31.1' ],
55 silly audit   'core-util-is': [ '1.0.3' ],
55 silly audit   cosmiconfig: [ '5.2.1' ],
55 silly audit   'import-fresh': [ '2.0.0', '3.3.0' ],
55 silly audit   'resolve-from': [ '3.0.0', '4.0.0', '5.0.0' ],
55 silly audit   'cross-spawn': [ '7.0.3' ],
55 silly audit   csstype: [ '3.1.2' ],
55 silly audit   dayjs: [ '1.11.9' ],
55 silly audit   decamelize: [ '1.2.0' ],
55 silly audit   'decode-uri-component': [ '0.2.2' ],
55 silly audit   dedent: [ '0.7.0' ],
55 silly audit   'deep-is': [ '0.1.4' ],
55 silly audit   deepmerge: [ '4.3.1' ],
55 silly audit   defaults: [ '1.0.4' ],
55 silly audit   'define-properties': [ '1.2.0' ],
55 silly audit   denodeify: [ '1.2.1' ],
55 silly audit   depd: [ '2.0.0' ],
55 silly audit   'deprecated-react-native-prop-types': [ '4.1.0', '2.3.0' ],
55 silly audit   destroy: [ '1.2.0' ],
55 silly audit   'detect-newline': [ '3.1.0' ],
55 silly audit   'diff-sequences': [ '29.4.3' ],
55 silly audit   'dir-glob': [ '3.0.1' ],
55 silly audit   doctrine: [ '3.0.0', '2.1.0' ],
55 silly audit   'ee-first': [ '1.1.1' ],
55 silly audit   'electron-to-chromium': [ '1.4.453' ],
55 silly audit   emittery: [ '0.13.1' ],
55 silly audit   'emoji-regex': [ '8.0.0' ],
55 silly audit   encodeurl: [ '1.0.2' ],
55 silly audit   envinfo: [ '7.10.0' ],
55 silly audit   'error-ex': [ '1.3.2' ],
55 silly audit   'error-stack-parser': [ '2.1.4' ],
55 silly audit   errorhandler: [ '1.5.1' ],
55 silly audit   'es-abstract': [ '1.21.2' ],
55 silly audit   'es-set-tostringtag': [ '2.0.1' ],
55 silly audit   'es-shim-unscopables': [ '1.0.0' ],
55 silly audit   'es-to-primitive': [ '1.2.1' ],
55 silly audit   escalade: [ '3.1.1' ],
55 silly audit   'escape-html': [ '1.0.3' ],
55 silly audit   eslint: [ '8.44.0' ],
55 silly audit   'eslint-config-prettier': [ '8.8.0' ],
55 silly audit   'eslint-plugin-eslint-comments': [ '3.2.0' ],
55 silly audit   'eslint-plugin-ft-flow': [ '2.0.3' ],
55 silly audit   'eslint-plugin-jest': [ '26.9.0' ],
55 silly audit   'eslint-plugin-prettier': [ '4.2.1' ],
55 silly audit   'eslint-plugin-react': [ '7.32.2' ],
55 silly audit   'eslint-plugin-react-hooks': [ '4.6.0' ],
55 silly audit   'eslint-plugin-react-native': [ '4.0.0' ],
55 silly audit   'eslint-plugin-react-native-globals': [ '0.1.2' ],
55 silly audit   resolve: [ '2.0.0-next.4', '1.22.2' ],
55 silly audit   'eslint-scope': [ '5.1.1', '7.2.0' ],
55 silly audit   estraverse: [ '4.3.0', '5.3.0' ],
55 silly audit   espree: [ '9.6.0' ],
55 silly audit   esprima: [ '4.0.1' ],
55 silly audit   esquery: [ '1.5.0' ],
55 silly audit   esrecurse: [ '4.3.0' ],
55 silly audit   esutils: [ '2.0.3' ],
55 silly audit   etag: [ '1.8.1' ],
55 silly audit   'event-target-shim': [ '5.0.1' ],
55 silly audit   execa: [ '5.1.1' ],
55 silly audit   exit: [ '0.1.2' ],
55 silly audit   expect: [ '29.6.1' ],
55 silly audit   'fast-deep-equal': [ '3.1.3' ],
55 silly audit   'fast-diff': [ '1.3.0' ],
55 silly audit   'fast-glob': [ '3.3.0' ],
55 silly audit   'glob-parent': [ '5.1.2', '6.0.2' ],
55 silly audit   'fast-json-stable-stringify': [ '2.1.0' ],
55 silly audit   'fast-levenshtein': [ '2.0.6' ],
55 silly audit   'fast-xml-parser': [ '4.2.5' ],
55 silly audit   fastq: [ '1.15.0' ],
55 silly audit   'fb-watchman': [ '2.0.2' ],
55 silly audit   'file-entry-cache': [ '6.0.1' ],
55 silly audit   'fill-range': [ '7.0.1' ],
55 silly audit   'filter-obj': [ '1.1.0' ],
55 silly audit   finalhandler: [ '1.1.2' ],
55 silly audit   statuses: [ '1.5.0', '2.0.1' ],
55 silly audit   'find-cache-dir': [ '2.1.0' ],
55 silly audit   'p-limit': [ '2.3.0', '3.1.0' ],
55 silly audit   'path-exists': [ '3.0.0', '4.0.0' ],
55 silly audit   'pkg-dir': [ '3.0.0', '4.2.0' ],
55 silly audit   'flat-cache': [ '3.0.4' ],
55 silly audit   flatted: [ '3.2.7' ],
55 silly audit   'flow-enums-runtime': [ '0.0.5' ],
55 silly audit   'flow-parser': [ '0.206.0', '0.211.0' ],
55 silly audit   'for-each': [ '0.3.3' ],
55 silly audit   fresh: [ '0.5.2' ],
55 silly audit   'fs-extra': [ '8.1.0' ],
55 silly audit   'fs.realpath': [ '1.0.0' ],
55 silly audit   fsevents: [ '2.3.2' ],
55 silly audit   'function-bind': [ '1.1.1' ],
55 silly audit   'function.prototype.name': [ '1.1.5' ],
55 silly audit   'functions-have-names': [ '1.2.3' ],
55 silly audit   gensync: [ '1.0.0-beta.2' ],
55 silly audit   'get-caller-file': [ '2.0.5' ],
55 silly audit   'get-intrinsic': [ '1.2.1' ],
55 silly audit   'get-package-type': [ '0.1.0' ],
55 silly audit   'get-stream': [ '6.0.1' ],
55 silly audit   'get-symbol-description': [ '1.0.0' ],
55 silly audit   glob: [ '7.2.3' ],
55 silly audit   globalthis: [ '1.0.3' ],
55 silly audit   globby: [ '11.1.0' ],
55 silly audit   gopd: [ '1.0.1' ],
55 silly audit   'graceful-fs': [ '4.2.11' ],
55 silly audit   graphemer: [ '1.4.0' ],
55 silly audit   has: [ '1.0.3' ],
55 silly audit   'has-bigints': [ '1.0.2' ],
55 silly audit   'has-property-descriptors': [ '1.0.0' ],
55 silly audit   'has-proto': [ '1.0.1' ],
55 silly audit   'has-symbols': [ '1.0.3' ],
55 silly audit   'has-tostringtag': [ '1.0.0' ],
55 silly audit   'hermes-profile-transformer': [ '0.0.6' ],
55 silly audit   'source-map': [ '0.7.4', '0.6.1', '0.5.7' ],
55 silly audit   'hoist-non-react-statics': [ '3.3.2' ],
55 silly audit   'html-escaper': [ '2.0.2' ],
55 silly audit   'http-errors': [ '2.0.0' ],
55 silly audit   'human-signals': [ '2.1.0' ],
55 silly audit   ieee754: [ '1.2.1' ],
55 silly audit   ignore: [ '5.2.4' ],
55 silly audit   'image-size': [ '1.0.2' ],
55 silly audit   'import-local': [ '3.1.0' ],
55 silly audit   imurmurhash: [ '0.1.4' ],
55 silly audit   inflight: [ '1.0.6' ],
55 silly audit   inherits: [ '2.0.4' ],
55 silly audit   'internal-slot': [ '1.0.5' ],
55 silly audit   invariant: [ '2.2.4' ],
55 silly audit   ip: [ '1.1.8' ],
55 silly audit   'is-array-buffer': [ '3.0.2' ],
55 silly audit   'is-arrayish': [ '0.2.1', '0.3.2' ],
55 silly audit   'is-bigint': [ '1.0.4' ],
55 silly audit   'is-boolean-object': [ '1.1.2' ],
55 silly audit   'is-callable': [ '1.2.7' ],
55 silly audit   'is-core-module': [ '2.12.1' ],
55 silly audit   'is-date-object': [ '1.0.5' ],
55 silly audit   'is-directory': [ '0.3.1' ],
55 silly audit   'is-extglob': [ '2.1.1' ],
55 silly audit   'is-fullwidth-code-point': [ '3.0.0', '2.0.0' ],
55 silly audit   'is-generator-fn': [ '2.1.0' ],
55 silly audit   'is-glob': [ '4.0.3' ],
55 silly audit   'is-interactive': [ '1.0.0' ],
55 silly audit   'is-negative-zero': [ '2.0.2' ],
55 silly audit   'is-number': [ '7.0.0' ],
55 silly audit   'is-number-object': [ '1.0.7' ],
55 silly audit   'is-path-inside': [ '3.0.3' ],
55 silly audit   'is-plain-object': [ '2.0.4' ],
55 silly audit   'is-regex': [ '1.1.4' ],
55 silly audit   'is-shared-array-buffer': [ '1.0.2' ],
55 silly audit   'is-stream': [ '2.0.1' ],
55 silly audit   'is-string': [ '1.0.7' ],
55 silly audit   'is-symbol': [ '1.0.4' ],
55 silly audit   'is-typed-array': [ '1.1.10' ],
55 silly audit   'is-unicode-supported': [ '0.1.0' ],
55 silly audit   'is-weakref': [ '1.0.2' ],
55 silly audit   'is-wsl': [ '1.1.0' ],
55 silly audit   isarray: [ '1.0.0' ],
55 silly audit   isexe: [ '2.0.0' ],
55 silly audit   isobject: [ '3.0.1' ],
55 silly audit   'istanbul-lib-coverage': [ '3.2.0' ],
55 silly audit   'istanbul-lib-instrument': [ '5.2.1' ],
55 silly audit   'istanbul-lib-report': [ '3.0.0' ],
55 silly audit   'make-dir': [ '3.1.0', '2.1.0' ],
55 silly audit   'istanbul-lib-source-maps': [ '4.0.1' ],
55 silly audit   'istanbul-reports': [ '3.1.5' ],
55 silly audit   jest: [ '29.6.1' ],
55 silly audit   'jest-changed-files': [ '29.5.0' ],
55 silly audit   'jest-circus': [ '29.6.1' ],
55 silly audit   'jest-cli': [ '29.6.1' ],
55 silly audit   'jest-config': [ '29.6.1' ],
55 silly audit   'parse-json': [ '5.2.0', '4.0.0' ],
55 silly audit   'jest-diff': [ '29.6.1' ],
55 silly audit   'jest-docblock': [ '29.4.3' ],
55 silly audit   'jest-each': [ '29.6.1' ],
55 silly audit   'jest-environment-node': [ '29.6.1' ],
55 silly audit   'jest-get-type': [ '29.4.3' ],
55 silly audit   'jest-haste-map': [ '29.6.1' ],
55 silly audit   'jest-leak-detector': [ '29.6.1' ],
55 silly audit   'jest-matcher-utils': [ '29.6.1' ],
55 silly audit   'jest-message-util': [ '29.6.1' ],
55 silly audit   'jest-mock': [ '29.6.1' ],
55 silly audit   'jest-pnp-resolver': [ '1.2.3' ],
55 silly audit   'jest-resolve': [ '29.6.1' ],
55 silly audit   'jest-resolve-dependencies': [ '29.6.1' ],
55 silly audit   'jest-runner': [ '29.6.1' ],
55 silly audit   'source-map-support': [ '0.5.13', '0.5.21' ],
55 silly audit   'jest-runtime': [ '29.6.1' ],
55 silly audit   'jest-snapshot': [ '29.6.1' ],
55 silly audit   'jest-validate': [ '29.6.1' ],
55 silly audit   'jest-watcher': [ '29.6.1' ],
55 silly audit   joi: [ '17.9.2' ],
55 silly audit   'js-tokens': [ '4.0.0' ],
55 silly audit   'jsc-android': [ '250231.0.0' ],
55 silly audit   'jsc-safe-url': [ '0.2.4' ],
55 silly audit   jscodeshift: [ '0.14.0' ],
55 silly audit   'write-file-atomic': [ '2.4.3', '4.0.2' ],
55 silly audit   jsesc: [ '2.5.2', '0.5.0' ],
55 silly audit   'json-parse-better-errors': [ '1.0.2' ],
55 silly audit   'json-parse-even-better-errors': [ '2.3.1' ],
55 silly audit   'json-schema-traverse': [ '0.4.1' ],
55 silly audit   'json-stable-stringify-without-jsonify': [ '1.0.1' ],
55 silly audit   json5: [ '2.2.3' ],
55 silly audit   jsonfile: [ '4.0.0' ],
55 silly audit   'jsx-ast-utils': [ '3.3.4' ],
55 silly audit   'kind-of': [ '6.0.3' ],
55 silly audit   kleur: [ '3.0.3' ],
55 silly audit   leven: [ '3.1.0' ],
55 silly audit   levn: [ '0.4.1' ],
55 silly audit   'lines-and-columns': [ '1.2.4' ],
55 silly audit   lodash: [ '4.17.21' ],
55 silly audit   'lodash.debounce': [ '4.0.8' ],
55 silly audit   'lodash.merge': [ '4.6.2' ],
55 silly audit   'lodash.throttle': [ '4.1.1' ],
55 silly audit   'log-symbols': [ '4.1.0' ],
55 silly audit   logkitty: [ '0.7.1' ],
55 silly audit   'wrap-ansi': [ '6.2.0', '7.0.0' ],
55 silly audit   y18n: [ '4.0.3', '5.0.8' ],
55 silly audit   yargs: [ '15.4.1', '17.7.2' ],
55 silly audit   'yargs-parser': [ '18.1.3', '21.1.1' ],
55 silly audit   'loose-envify': [ '1.4.0' ],
55 silly audit   makeerror: [ '1.0.12' ],
55 silly audit   'memoize-one': [ '5.2.1' ],
55 silly audit   'merge-stream': [ '2.0.0' ],
55 silly audit   merge2: [ '1.4.1' ],
55 silly audit   'metro-minify-uglify': [ '0.76.5' ],
55 silly audit   'metro-react-native-babel-preset': [ '0.76.5' ],
55 silly audit   'metro-react-native-babel-transformer': [ '0.76.5' ],
55 silly audit   micromatch: [ '4.0.5' ],
55 silly audit   mime: [ '2.6.0', '1.6.0' ],
55 silly audit   'mime-db': [ '1.52.0' ],
55 silly audit   'mime-types': [ '2.1.35' ],
55 silly audit   'mimic-fn': [ '2.1.0' ],
55 silly audit   minimatch: [ '3.1.2' ],
55 silly audit   minimist: [ '1.2.8' ],
55 silly audit   mkdirp: [ '0.5.6' ],
55 silly audit   nanoid: [ '3.3.6' ],
55 silly audit   'natural-compare': [ '1.4.0' ],
55 silly audit   'natural-compare-lite': [ '1.4.0' ],
55 silly audit   negotiator: [ '0.6.3' ],
55 silly audit   'neo-async': [ '2.6.2' ],
55 silly audit   nocache: [ '3.0.4' ],
55 silly audit   'node-abort-controller': [ '3.1.1' ],
55 silly audit   'node-dir': [ '0.1.17' ],
55 silly audit   'node-fetch': [ '2.6.12' ],
55 silly audit   'node-int64': [ '0.4.0' ],
55 silly audit   'node-releases': [ '2.0.13' ],
55 silly audit   'node-stream-zip': [ '1.15.0' ],
55 silly audit   'normalize-path': [ '3.0.0' ],
55 silly audit   'npm-run-path': [ '4.0.1' ],
55 silly audit   nullthrows: [ '1.1.1' ],
55 silly audit   'object-assign': [ '4.1.1' ],
55 silly audit   'object-inspect': [ '1.12.3' ],
55 silly audit   'object-keys': [ '1.1.1' ],
55 silly audit   'object.assign': [ '4.1.4' ],
55 silly audit   'object.entries': [ '1.1.6' ],
55 silly audit   'object.fromentries': [ '2.0.6' ],
55 silly audit   'object.hasown': [ '1.1.2' ],
55 silly audit   'object.values': [ '1.1.6' ],
55 silly audit   'on-finished': [ '2.3.0', '2.4.1' ],
55 silly audit   'on-headers': [ '1.0.2' ],
55 silly audit   once: [ '1.4.0' ],
55 silly audit   onetime: [ '5.1.2' ],
55 silly audit   open: [ '6.4.0' ],
55 silly audit   optionator: [ '0.9.3' ],
55 silly audit   ora: [ '5.4.1' ],
55 silly audit   'p-try': [ '2.2.0' ],
55 silly audit   'parent-module': [ '1.0.1' ],
55 silly audit   parseurl: [ '1.3.3' ],
55 silly audit   'path-is-absolute': [ '1.0.1' ],
55 silly audit   'path-key': [ '3.1.1' ],
55 silly audit   'path-parse': [ '1.0.7' ],
55 silly audit   'path-type': [ '4.0.0' ],
55 silly audit   picocolors: [ '1.0.0' ],
55 silly audit   picomatch: [ '2.3.1' ],
55 silly audit   pify: [ '4.0.1' ],
55 silly audit   pirates: [ '4.0.6' ],
55 silly audit   'prelude-ls': [ '1.2.1' ],
55 silly audit   prettier: [ '2.8.8' ],
55 silly audit   'prettier-linter-helpers': [ '1.0.0' ],
55 silly audit   'process-nextick-args': [ '2.0.1' ],
55 silly audit   promise: [ '8.3.0' ],
55 silly audit   prompts: [ '2.4.2' ],
55 silly audit   'prop-types': [ '15.8.1' ],
55 silly audit   punycode: [ '2.3.0' ],
55 silly audit   'pure-rand': [ '6.0.2' ],
55 silly audit   'query-string': [ '7.1.3' ],
55 silly audit   queue: [ '6.0.2' ],
55 silly audit   'queue-microtask': [ '1.2.3' ],
55 silly audit   'range-parser': [ '1.2.1' ],
55 silly audit   react: [ '18.2.0' ],
55 silly audit   'react-devtools-core': [ '4.27.8' ],
55 silly audit   'react-freeze': [ '1.0.3' ],
55 silly audit   'react-native': [ '0.72.1' ],
55 silly audit   'react-native-autoheight-webview': [ '1.6.5' ],
55 silly audit   'react-native-gesture-handler': [ '2.12.0' ],
55 silly audit   'react-native-reanimated': [ '3.3.0' ],
55 silly audit   'react-native-safe-area-context': [ '4.6.4' ],
55 silly audit   'react-native-screens': [ '3.22.1' ],
55 silly audit   ws: [ '6.2.2', '7.5.9' ],
55 silly audit   'react-refresh': [ '0.4.3' ],
55 silly audit   'react-shallow-renderer': [ '16.15.0' ],
55 silly audit   'react-test-renderer': [ '18.2.0' ],
55 silly audit   scheduler: [ '0.23.0', '0.24.0-canary-efb381bbf-20230505' ],
55 silly audit   readline: [ '1.3.0' ],
55 silly audit   recast: [ '0.21.5' ],
55 silly audit   regenerate: [ '1.4.2' ],
55 silly audit   'regenerate-unicode-properties': [ '10.1.0' ],
55 silly audit   'regenerator-runtime': [ '0.13.11' ],
55 silly audit   'regenerator-transform': [ '0.15.1' ],
55 silly audit   'regexp.prototype.flags': [ '1.5.0' ],
55 silly audit   'regexpu-core': [ '5.3.2' ],
55 silly audit   regjsparser: [ '0.9.1' ],
55 silly audit   'require-directory': [ '2.1.1' ],
55 silly audit   'require-main-filename': [ '2.0.0' ],
55 silly audit   'resolve-cwd': [ '3.0.0' ],
55 silly audit   'resolve.exports': [ '2.0.2' ],
55 silly audit   'restore-cursor': [ '3.1.0' ],
55 silly audit   reusify: [ '1.0.4' ],
55 silly audit   rimraf: [ '3.0.2', '2.6.3' ],
55 silly audit   'run-parallel': [ '1.2.0' ],
55 silly audit   'safe-regex-test': [ '1.0.0' ],
55 silly audit   send: [ '0.18.0' ],
55 silly audit   'serialize-error': [ '2.1.0' ],
55 silly audit   'serve-static': [ '1.15.0' ],
55 silly audit   'set-blocking': [ '2.0.0' ],
55 silly audit   setprototypeof: [ '1.2.0' ],
55 silly audit   'shallow-clone': [ '3.0.1' ],
55 silly audit   'shebang-command': [ '2.0.0' ],
55 silly audit   'shebang-regex': [ '3.0.0' ],
55 silly audit   'shell-quote': [ '1.8.1' ],
55 silly audit   'side-channel': [ '1.0.4' ],
55 silly audit   'signal-exit': [ '3.0.7' ],
55 silly audit   'simple-swizzle': [ '0.2.2' ],
55 silly audit   sisteransi: [ '1.0.5' ],
55 silly audit   slash: [ '3.0.0' ],
55 silly audit   'slice-ansi': [ '2.1.0' ],
55 silly audit   'split-on-first': [ '1.1.0' ],
55 silly audit   'sprintf-js': [ '1.0.3' ],
55 silly audit   'stack-utils': [ '2.0.6' ],
55 silly audit   stackframe: [ '1.3.4' ],
55 silly audit   'stacktrace-parser': [ '0.1.10' ],
55 silly audit   'strict-uri-encode': [ '2.0.0' ],
55 silly audit   'string-length': [ '4.0.2' ],
55 silly audit   'string-natural-compare': [ '3.0.1' ],
55 silly audit   'string-width': [ '4.2.3' ],
55 silly audit   'string.prototype.matchall': [ '4.0.8' ],
55 silly audit   'string.prototype.trim': [ '1.2.7' ],
55 silly audit   'string.prototype.trimend': [ '1.0.6' ],
55 silly audit   'string.prototype.trimstart': [ '1.0.6' ],
55 silly audit   'strip-bom': [ '4.0.0' ],
55 silly audit   'strip-final-newline': [ '2.0.0' ],
55 silly audit   'strip-json-comments': [ '3.1.1' ],
55 silly audit   strnum: [ '1.0.5' ],
55 silly audit   'sudo-prompt': [ '9.2.1' ],
55 silly audit   'supports-preserve-symlinks-flag': [ '1.0.0' ],
55 silly audit   temp: [ '0.8.4' ],
55 silly audit   terser: [ '5.18.2' ],
55 silly audit   'test-exclude': [ '6.0.0' ],
55 silly audit   'text-table': [ '0.2.0' ],
55 silly audit   throat: [ '5.0.0' ],
55 silly audit   through2: [ '2.0.5' ],
55 silly audit   tmpl: [ '1.0.5' ],
55 silly audit   'to-fast-properties': [ '2.0.0' ],
55 silly audit   'to-regex-range': [ '5.0.1' ],
55 silly audit   toidentifier: [ '1.0.1' ],
55 silly audit   tr46: [ '0.0.3' ],
55 silly audit   tslib: [ '2.6.0', '1.14.1' ],
55 silly audit   tsutils: [ '3.21.0' ],
55 silly audit   'type-check': [ '0.4.0' ],
55 silly audit   'type-detect': [ '4.0.8' ],
55 silly audit   'typed-array-length': [ '1.0.4' ],
55 silly audit   typescript: [ '4.8.4' ],
55 silly audit   'uglify-es': [ '3.3.9' ],
55 silly audit   'unbox-primitive': [ '1.0.2' ],
55 silly audit   'unicode-canonical-property-names-ecmascript': [ '2.0.0' ],
55 silly audit   'unicode-match-property-ecmascript': [ '2.0.0' ],
55 silly audit   'unicode-match-property-value-ecmascript': [ '2.1.0' ],
55 silly audit   'unicode-property-aliases-ecmascript': [ '2.1.0' ],
55 silly audit   universalify: [ '0.1.2' ],
55 silly audit   unpipe: [ '1.0.0' ],
55 silly audit   'update-browserslist-db': [ '1.0.11' ],
55 silly audit   'uri-js': [ '4.4.1' ],
55 silly audit   'use-latest-callback': [ '0.1.6' ],
55 silly audit   'use-sync-external-store': [ '1.2.0' ],
55 silly audit   'util-deprecate': [ '1.0.2' ],
55 silly audit   'utils-merge': [ '1.0.1' ],
55 silly audit   'v8-to-istanbul': [ '9.1.0' ],
55 silly audit   vary: [ '1.1.2' ],
55 silly audit   vlq: [ '1.0.1' ],
55 silly audit   walker: [ '1.0.8' ],
55 silly audit   'warn-once': [ '0.1.1' ],
55 silly audit   wcwidth: [ '1.0.1' ],
55 silly audit   'webidl-conversions': [ '3.0.1' ],
55 silly audit   'whatwg-fetch': [ '3.6.2' ],
55 silly audit   'whatwg-url': [ '5.0.0' ],
55 silly audit   which: [ '2.0.2' ],
55 silly audit   'which-boxed-primitive': [ '1.0.2' ],
55 silly audit   'which-module': [ '2.0.1' ],
55 silly audit   'which-typed-array': [ '1.1.9' ],
55 silly audit   wrappy: [ '1.0.2' ],
55 silly audit   xtend: [ '4.0.2' ],
55 silly audit   yaml: [ '2.3.1' ],
55 silly audit   'yocto-queue': [ '0.1.0' ],
55 silly audit   'react-native-webview': [ '13.2.2' ]
55 silly audit }
56 timing reify:unpack Completed in 0ms
57 timing reify:unretire Completed in 0ms
58 timing build:queue Completed in 0ms
59 timing build:deps Completed in 0ms
60 timing build Completed in 1ms
61 timing reify:build Completed in 1ms
62 timing reify:trash Completed in 0ms
63 timing reify:save Completed in 126ms
64 http fetch POST 200 https://registry.npmjs.org/-/npm/v1/security/advisories/bulk 1281ms
65 timing auditReport:getReport Completed in 1287ms
66 silly audit report {
66 silly audit report   semver: [
66 silly audit report     {
66 silly audit report       id: 1092310,
66 silly audit report       url: 'https://github.com/advisories/GHSA-c2qf-rxjj-qqgw',
66 silly audit report       title: 'semver vulnerable to Regular Expression Denial of Service',
66 silly audit report       severity: 'moderate',
66 silly audit report       vulnerable_versions: '<7.5.2',
66 silly audit report       cwe: [Array],
66 silly audit report       cvss: [Object]
66 silly audit report     }
66 silly audit report   ]
66 silly audit report }
67 timing metavuln:cache:get:security-advisory:semver:I4c32oeABjRQ7pSB09QCFLZcMmoOZJ7CcL65eBKepUY9VufCkv7209hlPOkVcQCPmmughIXfDgj9552srK+lJQ== Completed in 6ms
68 http fetch GET 200 https://registry.npmjs.org/semver 85ms (cache revalidated)
69 timing metavuln:packument:semver Completed in 86ms
70 timing metavuln:load:security-advisory:semver:1092310 Completed in 2ms
71 timing metavuln:calculate:security-advisory:semver:1092310 Completed in 89ms
72 timing metavuln:cache:get:security-advisory:@react-native-community/cli-tools:8hRJVTatMRAlRbXqWt4Ie2DG9nKukA9gr5rnkFOxYRP2PJqkGLMqetSVPeh9LDhoK/OIpvk9Hq4ByobDDtHrBQ== Completed in 10ms
73 timing metavuln:cache:get:security-advisory:@react-native-community/cli:q0PgKQsa9vx+vYQyKbnKQ8lY4eFmf9+z5pHDuYFJGbilVYIw537lbSu+ztq/KdOkF6GRsWHjntmM567COy+PYw== Completed in 11ms
74 timing metavuln:cache:get:security-advisory:@react-native-community/cli-doctor:z6gq7NSKcumaF8uvdbBa8NnB9zMBtDZNa9pXAQDvW2EyXsvnL2qPFtZ163IFyrXqgU5fir26NULt0XAdZRtbvA== Completed in 12ms
75 timing metavuln:cache:get:security-advisory:make-dir:qy6fIKtLhXSQ3P5aYPLqKfvd3eUXdcIm+CpuB5j88mhYxQEEhm1sn+t9ndpRrm5LuxAQNSjSDqgj1WNYALjFAA== Completed in 13ms
76 timing metavuln:cache:get:security-advisory:istanbul-lib-instrument:AvmMzxn9BInv8mmo58rk3rnBqEj5Z3RKbf1OruKo80lRMyFCJsdnkMsIaVsjEc4yXkFwF6/yY3Rvi42uLoDaEQ== Completed in 9ms
77 timing metavuln:cache:get:security-advisory:eslint-plugin-react:z1HD8Q6TGyj4+QHceNvyLwmwvuJzR2Qaa2xXx3b7vbuhYuseVsm5Dye7GbhsKuNOvQRvdmvQlDXHYDP7hAQHhw== Completed in 10ms
78 http fetch GET 200 https://registry.npmjs.org/make-dir 80ms (cache revalidated)
79 timing metavuln:packument:make-dir Completed in 81ms
80 timing metavuln:load:security-advisory:make-dir:I4c32oeABjRQ7pSB09QCFLZcMmoOZJ7CcL65eBKepUY9VufCkv7209hlPOkVcQCPmmughIXfDgj9552srK+lJQ== Completed in 0ms
81 timing metavuln:calculate:security-advisory:make-dir:I4c32oeABjRQ7pSB09QCFLZcMmoOZJ7CcL65eBKepUY9VufCkv7209hlPOkVcQCPmmughIXfDgj9552srK+lJQ== Completed in 81ms
82 http fetch GET 200 https://registry.npmjs.org/istanbul-lib-instrument 182ms (cache revalidated)
83 timing metavuln:packument:istanbul-lib-instrument Completed in 184ms
84 timing metavuln:load:security-advisory:istanbul-lib-instrument:I4c32oeABjRQ7pSB09QCFLZcMmoOZJ7CcL65eBKepUY9VufCkv7209hlPOkVcQCPmmughIXfDgj9552srK+lJQ== Completed in 1ms
85 timing metavuln:calculate:security-advisory:istanbul-lib-instrument:I4c32oeABjRQ7pSB09QCFLZcMmoOZJ7CcL65eBKepUY9VufCkv7209hlPOkVcQCPmmughIXfDgj9552srK+lJQ== Completed in 186ms
86 http fetch GET 200 https://registry.npmjs.org/eslint-plugin-react 189ms (cache revalidated)
87 timing metavuln:packument:eslint-plugin-react Completed in 192ms
88 timing metavuln:load:security-advisory:eslint-plugin-react:I4c32oeABjRQ7pSB09QCFLZcMmoOZJ7CcL65eBKepUY9VufCkv7209hlPOkVcQCPmmughIXfDgj9552srK+lJQ== Completed in 1ms
89 timing metavuln:calculate:security-advisory:eslint-plugin-react:I4c32oeABjRQ7pSB09QCFLZcMmoOZJ7CcL65eBKepUY9VufCkv7209hlPOkVcQCPmmughIXfDgj9552srK+lJQ== Completed in 193ms
90 http fetch GET 200 https://registry.npmjs.org/@react-native-community%2fcli 1827ms (cache revalidated)
91 timing metavuln:packument:@react-native-community/cli Completed in 1837ms
92 timing metavuln:load:security-advisory:@react-native-community/cli:I4c32oeABjRQ7pSB09QCFLZcMmoOZJ7CcL65eBKepUY9VufCkv7209hlPOkVcQCPmmughIXfDgj9552srK+lJQ== Completed in 2ms
93 timing metavuln:calculate:security-advisory:@react-native-community/cli:I4c32oeABjRQ7pSB09QCFLZcMmoOZJ7CcL65eBKepUY9VufCkv7209hlPOkVcQCPmmughIXfDgj9552srK+lJQ== Completed in 1840ms
94 http fetch GET 200 https://registry.npmjs.org/@react-native-community%2fcli-tools 1845ms (cache revalidated)
95 timing metavuln:packument:@react-native-community/cli-tools Completed in 1846ms
96 timing metavuln:load:security-advisory:@react-native-community/cli-tools:I4c32oeABjRQ7pSB09QCFLZcMmoOZJ7CcL65eBKepUY9VufCkv7209hlPOkVcQCPmmughIXfDgj9552srK+lJQ== Completed in 1ms
97 timing metavuln:calculate:security-advisory:@react-native-community/cli-tools:I4c32oeABjRQ7pSB09QCFLZcMmoOZJ7CcL65eBKepUY9VufCkv7209hlPOkVcQCPmmughIXfDgj9552srK+lJQ== Completed in 1847ms
98 http fetch GET 200 https://registry.npmjs.org/@react-native-community%2fcli-doctor 2709ms (cache revalidated)
99 timing metavuln:packument:@react-native-community/cli-doctor Completed in 2710ms
100 timing metavuln:load:security-advisory:@react-native-community/cli-doctor:I4c32oeABjRQ7pSB09QCFLZcMmoOZJ7CcL65eBKepUY9VufCkv7209hlPOkVcQCPmmughIXfDgj9552srK+lJQ== Completed in 1ms
101 timing metavuln:calculate:security-advisory:@react-native-community/cli-doctor:I4c32oeABjRQ7pSB09QCFLZcMmoOZJ7CcL65eBKepUY9VufCkv7209hlPOkVcQCPmmughIXfDgj9552srK+lJQ== Completed in 2712ms
102 timing metavuln:cache:get:security-advisory:@babel/register:/jWQ5zsg3HVydQUKlIkyS88j8RWHIs6fyXpTGAL2qFkkTq6iBbcNtEOu9czQmAdum4+Vpfw2WnKfh249TK0UpQ== Completed in 9ms
103 timing metavuln:cache:get:security-advisory:istanbul-lib-report:rjpEQF7y9hp9CHu+eJwVTb3FZp212tu5iq63nDN8r/cqTMKnSEPYkZVJu/pNb8B3cUvkYlxqFhMEOM4C9oEJCA== Completed in 10ms
104 timing metavuln:cache:get:security-advisory:find-cache-dir:eO2eqS5wMvBnpYhiCdfJxOTZhqPfh8faXjaDcKWG2PwBo0Hvv8gwnB3Q2BO+JgtxtUw6p75dWiqL0Sdp45k+pA== Completed in 8ms
105 http fetch GET 200 https://registry.npmjs.org/istanbul-lib-report 87ms (cache revalidated)
106 timing metavuln:packument:istanbul-lib-report Completed in 89ms
107 timing metavuln:load:security-advisory:istanbul-lib-report:qy6fIKtLhXSQ3P5aYPLqKfvd3eUXdcIm+CpuB5j88mhYxQEEhm1sn+t9ndpRrm5LuxAQNSjSDqgj1WNYALjFAA== Completed in 0ms
108 timing metavuln:calculate:security-advisory:istanbul-lib-report:qy6fIKtLhXSQ3P5aYPLqKfvd3eUXdcIm+CpuB5j88mhYxQEEhm1sn+t9ndpRrm5LuxAQNSjSDqgj1WNYALjFAA== Completed in 89ms
109 http fetch GET 200 https://registry.npmjs.org/find-cache-dir 92ms (cache revalidated)
110 timing metavuln:packument:find-cache-dir Completed in 93ms
111 timing metavuln:load:security-advisory:find-cache-dir:qy6fIKtLhXSQ3P5aYPLqKfvd3eUXdcIm+CpuB5j88mhYxQEEhm1sn+t9ndpRrm5LuxAQNSjSDqgj1WNYALjFAA== Completed in 0ms
112 timing metavuln:calculate:security-advisory:find-cache-dir:qy6fIKtLhXSQ3P5aYPLqKfvd3eUXdcIm+CpuB5j88mhYxQEEhm1sn+t9ndpRrm5LuxAQNSjSDqgj1WNYALjFAA== Completed in 93ms
113 http fetch GET 200 https://registry.npmjs.org/@babel%2fregister 639ms (cache revalidated)
114 timing metavuln:packument:@babel/register Completed in 640ms
115 timing metavuln:load:security-advisory:@babel/register:qy6fIKtLhXSQ3P5aYPLqKfvd3eUXdcIm+CpuB5j88mhYxQEEhm1sn+t9ndpRrm5LuxAQNSjSDqgj1WNYALjFAA== Completed in 1ms
116 timing metavuln:calculate:security-advisory:@babel/register:qy6fIKtLhXSQ3P5aYPLqKfvd3eUXdcIm+CpuB5j88mhYxQEEhm1sn+t9ndpRrm5LuxAQNSjSDqgj1WNYALjFAA== Completed in 641ms
117 timing metavuln:cache:get:security-advisory:babel-plugin-istanbul:g6QGjgGw653pChsXoVyzNuK+MxGmMh1ty0qntE62pFXZrrxgPh+GwhbqNGd3UxD200iB6ZeYUlawwyoHrZiY+g== Completed in 1ms
118 timing metavuln:cache:get:security-advisory:@jest/reporters:jThPlCKmYXwnyaLFn3xeNjf392p8Q5gbLUGXji3JlgXIWVcITT9RVv1JjOZRpxXfRJFRul4tMChK3KlURughTQ== Completed in 2ms
119 http fetch GET 200 https://registry.npmjs.org/babel-plugin-istanbul 49ms (cache revalidated)
120 timing metavuln:packument:babel-plugin-istanbul Completed in 49ms
121 timing metavuln:load:security-advisory:babel-plugin-istanbul:AvmMzxn9BInv8mmo58rk3rnBqEj5Z3RKbf1OruKo80lRMyFCJsdnkMsIaVsjEc4yXkFwF6/yY3Rvi42uLoDaEQ== Completed in 0ms
122 timing metavuln:calculate:security-advisory:babel-plugin-istanbul:AvmMzxn9BInv8mmo58rk3rnBqEj5Z3RKbf1OruKo80lRMyFCJsdnkMsIaVsjEc4yXkFwF6/yY3Rvi42uLoDaEQ== Completed in 49ms
123 http fetch GET 200 https://registry.npmjs.org/@jest%2freporters 70ms (cache revalidated)
124 timing metavuln:packument:@jest/reporters Completed in 72ms
125 timing metavuln:load:security-advisory:@jest/reporters:AvmMzxn9BInv8mmo58rk3rnBqEj5Z3RKbf1OruKo80lRMyFCJsdnkMsIaVsjEc4yXkFwF6/yY3Rvi42uLoDaEQ== Completed in 1ms
126 timing metavuln:calculate:security-advisory:@jest/reporters:AvmMzxn9BInv8mmo58rk3rnBqEj5Z3RKbf1OruKo80lRMyFCJsdnkMsIaVsjEc4yXkFwF6/yY3Rvi42uLoDaEQ== Completed in 73ms
127 timing metavuln:cache:get:security-advisory:@react-native/eslint-config:bBJCtwUec0XWzRIVNIZqoxBtC3hl+Qv9ibf62o3KgEmNjsKjxcC46wXP6lOb9M1t4ukq/asKn0kEKU3kGTA9/w== Completed in 1ms
128 http fetch GET 200 https://registry.npmjs.org/@react-native%2feslint-config 812ms (cache revalidated)
129 timing metavuln:packument:@react-native/eslint-config Completed in 813ms
130 timing metavuln:load:security-advisory:@react-native/eslint-config:z1HD8Q6TGyj4+QHceNvyLwmwvuJzR2Qaa2xXx3b7vbuhYuseVsm5Dye7GbhsKuNOvQRvdmvQlDXHYDP7hAQHhw== Completed in 0ms
131 timing metavuln:calculate:security-advisory:@react-native/eslint-config:z1HD8Q6TGyj4+QHceNvyLwmwvuJzR2Qaa2xXx3b7vbuhYuseVsm5Dye7GbhsKuNOvQRvdmvQlDXHYDP7hAQHhw== Completed in 813ms
132 timing metavuln:packument:react-native Completed in 0ms
133 timing metavuln:cache:get:security-advisory:react-native:GQvrHPo8c2ZjiSkRTT5G2E7IW08dFz0Fbhz9BaScNkzfKXXfFBDKvHQLddfFh6af1oDOSQkDHWDgGZjXCjQt+w== Completed in 3ms
134 timing metavuln:load:security-advisory:react-native:q0PgKQsa9vx+vYQyKbnKQ8lY4eFmf9+z5pHDuYFJGbilVYIw537lbSu+ztq/KdOkF6GRsWHjntmM567COy+PYw== Completed in 21ms
135 timing metavuln:calculate:security-advisory:react-native:q0PgKQsa9vx+vYQyKbnKQ8lY4eFmf9+z5pHDuYFJGbilVYIw537lbSu+ztq/KdOkF6GRsWHjntmM567COy+PYw== Completed in 25ms
136 timing metavuln:cache:get:security-advisory:@react-native-community/cli-clean:9ej1Z4EiIkCZ/4qrnkj6DTUDUakozDrQt758TLcYUpsb0opQ0p3AwBx9hnk0JD0YMhu7LAjivfxq97Phy+NWtg== Completed in 10ms
137 timing metavuln:cache:get:security-advisory:@react-native-community/cli-platform-android:lxPYn7p087A21EtZ+fzvCsH6MLe43dP+9Wo7OpLhL4O03/4UCleLcrL3O3t/NVUk3NUx3sZrIYgpee/EUjunoQ== Completed in 9ms
138 timing metavuln:cache:get:security-advisory:@react-native-community/cli-plugin-metro:LGhFCPzzfCmqtHrfJvcgHzO+ykWi9kxKa4dJUTAqA9yB+qM4gsprwBhZdIDr7T+vDKGTAPxlZHm12eRi6gmLrg== Completed in 8ms
139 timing metavuln:cache:get:security-advisory:@react-native-community/cli-doctor:WRmCAyqSEfNBsRZfYdodTd50DBf1u7Y5c0nnkjk8P2CVLysr2b7qbM5VzQyAhmaS2iy7G0gho730ElpIqZZqCg== Completed in 10ms
140 timing metavuln:load:security-advisory:@react-native-community/cli-doctor:8hRJVTatMRAlRbXqWt4Ie2DG9nKukA9gr5rnkFOxYRP2PJqkGLMqetSVPeh9LDhoK/OIpvk9Hq4ByobDDtHrBQ== Completed in 0ms
141 timing metavuln:calculate:security-advisory:@react-native-community/cli-doctor:8hRJVTatMRAlRbXqWt4Ie2DG9nKukA9gr5rnkFOxYRP2PJqkGLMqetSVPeh9LDhoK/OIpvk9Hq4ByobDDtHrBQ== Completed in 10ms
142 timing metavuln:cache:get:security-advisory:@react-native-community/cli:u06AChnv+ophg5Qde4CDnRTt1OlNT7VcOKeMd2OC1aMYpTcxDES7aDu+Jd8w47i6fUXd5wkczaMRtImvwY6JsQ== Completed in 11ms
143 timing metavuln:load:security-advisory:@react-native-community/cli:8hRJVTatMRAlRbXqWt4Ie2DG9nKukA9gr5rnkFOxYRP2PJqkGLMqetSVPeh9LDhoK/OIpvk9Hq4ByobDDtHrBQ== Completed in 1ms
144 timing metavuln:calculate:security-advisory:@react-native-community/cli:8hRJVTatMRAlRbXqWt4Ie2DG9nKukA9gr5rnkFOxYRP2PJqkGLMqetSVPeh9LDhoK/OIpvk9Hq4ByobDDtHrBQ== Completed in 13ms
145 timing metavuln:cache:get:security-advisory:@react-native-community/cli-platform-ios:SVvdn08w/TNC4i7tYfHBsHXkNH0fqBiCRL9peBy5wxkUEvdmP/9Vy7OhUcCYCn+qdWMwX7HHjDj7StOef9jBoA== Completed in 10ms
146 timing metavuln:cache:get:security-advisory:@react-native-community/cli-config:gNkWAieCJGwkDSUqa3ZvENXFxO7KgDRvk0exA9Oy3Xov5FFsSfWjBu2QjMnbZYUIencfKDBODI2a9Ix1x+agzA== Completed in 12ms
147 timing metavuln:cache:get:security-advisory:@react-native-community/cli-hermes:eDDQcSXr1mwSkRyRV5qyS4becwc6bgCEojkK3krUP6XA4Rko0px5btyLfYrWXxpm9QWi1eYsm+mevIYcISBjsA== Completed in 11ms
148 timing metavuln:cache:get:security-advisory:@react-native-community/cli-server-api:0oLvHpyvLcWDEefztr/20aST9WmTAP3INY6BgB4RZVIzmSTlQ1Pk1WkwUCdck4OKr+b1jGfRjMi7FL23xh+zMA== Completed in 9ms
149 http fetch GET 200 https://registry.npmjs.org/@react-native-community%2fcli-platform-android 913ms (cache revalidated)
150 timing metavuln:packument:@react-native-community/cli-platform-android Completed in 916ms
151 timing metavuln:load:security-advisory:@react-native-community/cli-platform-android:8hRJVTatMRAlRbXqWt4Ie2DG9nKukA9gr5rnkFOxYRP2PJqkGLMqetSVPeh9LDhoK/OIpvk9Hq4ByobDDtHrBQ== Completed in 1ms
152 timing metavuln:calculate:security-advisory:@react-native-community/cli-platform-android:8hRJVTatMRAlRbXqWt4Ie2DG9nKukA9gr5rnkFOxYRP2PJqkGLMqetSVPeh9LDhoK/OIpvk9Hq4ByobDDtHrBQ== Completed in 917ms
153 http fetch GET 200 https://registry.npmjs.org/@react-native-community%2fcli-platform-ios 969ms (cache revalidated)
154 timing metavuln:packument:@react-native-community/cli-platform-ios Completed in 970ms
155 timing metavuln:load:security-advisory:@react-native-community/cli-platform-ios:8hRJVTatMRAlRbXqWt4Ie2DG9nKukA9gr5rnkFOxYRP2PJqkGLMqetSVPeh9LDhoK/OIpvk9Hq4ByobDDtHrBQ== Completed in 0ms
156 timing metavuln:calculate:security-advisory:@react-native-community/cli-platform-ios:8hRJVTatMRAlRbXqWt4Ie2DG9nKukA9gr5rnkFOxYRP2PJqkGLMqetSVPeh9LDhoK/OIpvk9Hq4ByobDDtHrBQ== Completed in 970ms
157 http fetch GET 200 https://registry.npmjs.org/@react-native-community%2fcli-server-api 1469ms (cache revalidated)
158 timing metavuln:packument:@react-native-community/cli-server-api Completed in 1469ms
159 timing metavuln:load:security-advisory:@react-native-community/cli-server-api:8hRJVTatMRAlRbXqWt4Ie2DG9nKukA9gr5rnkFOxYRP2PJqkGLMqetSVPeh9LDhoK/OIpvk9Hq4ByobDDtHrBQ== Completed in 1ms
160 timing metavuln:calculate:security-advisory:@react-native-community/cli-server-api:8hRJVTatMRAlRbXqWt4Ie2DG9nKukA9gr5rnkFOxYRP2PJqkGLMqetSVPeh9LDhoK/OIpvk9Hq4ByobDDtHrBQ== Completed in 1470ms
161 http fetch GET 200 https://registry.npmjs.org/@react-native-community%2fcli-clean 1492ms (cache revalidated)
162 timing metavuln:packument:@react-native-community/cli-clean Completed in 1492ms
163 timing metavuln:load:security-advisory:@react-native-community/cli-clean:8hRJVTatMRAlRbXqWt4Ie2DG9nKukA9gr5rnkFOxYRP2PJqkGLMqetSVPeh9LDhoK/OIpvk9Hq4ByobDDtHrBQ== Completed in 0ms
164 timing metavuln:calculate:security-advisory:@react-native-community/cli-clean:8hRJVTatMRAlRbXqWt4Ie2DG9nKukA9gr5rnkFOxYRP2PJqkGLMqetSVPeh9LDhoK/OIpvk9Hq4ByobDDtHrBQ== Completed in 1492ms
165 http fetch GET 200 https://registry.npmjs.org/@react-native-community%2fcli-config 1606ms (cache revalidated)
166 timing metavuln:packument:@react-native-community/cli-config Completed in 1608ms
167 timing metavuln:load:security-advisory:@react-native-community/cli-config:8hRJVTatMRAlRbXqWt4Ie2DG9nKukA9gr5rnkFOxYRP2PJqkGLMqetSVPeh9LDhoK/OIpvk9Hq4ByobDDtHrBQ== Completed in 0ms
168 timing metavuln:calculate:security-advisory:@react-native-community/cli-config:8hRJVTatMRAlRbXqWt4Ie2DG9nKukA9gr5rnkFOxYRP2PJqkGLMqetSVPeh9LDhoK/OIpvk9Hq4ByobDDtHrBQ== Completed in 1608ms
169 http fetch GET 200 https://registry.npmjs.org/@react-native-community%2fcli-hermes 1652ms (cache revalidated)
170 timing metavuln:packument:@react-native-community/cli-hermes Completed in 1653ms
171 timing metavuln:load:security-advisory:@react-native-community/cli-hermes:8hRJVTatMRAlRbXqWt4Ie2DG9nKukA9gr5rnkFOxYRP2PJqkGLMqetSVPeh9LDhoK/OIpvk9Hq4ByobDDtHrBQ== Completed in 0ms
172 timing metavuln:calculate:security-advisory:@react-native-community/cli-hermes:8hRJVTatMRAlRbXqWt4Ie2DG9nKukA9gr5rnkFOxYRP2PJqkGLMqetSVPeh9LDhoK/OIpvk9Hq4ByobDDtHrBQ== Completed in 1653ms
173 http fetch GET 200 https://registry.npmjs.org/@react-native-community%2fcli-plugin-metro 2413ms (cache revalidated)
174 timing metavuln:packument:@react-native-community/cli-plugin-metro Completed in 2416ms
175 timing metavuln:load:security-advisory:@react-native-community/cli-plugin-metro:8hRJVTatMRAlRbXqWt4Ie2DG9nKukA9gr5rnkFOxYRP2PJqkGLMqetSVPeh9LDhoK/OIpvk9Hq4ByobDDtHrBQ== Completed in 1ms
176 timing metavuln:calculate:security-advisory:@react-native-community/cli-plugin-metro:8hRJVTatMRAlRbXqWt4Ie2DG9nKukA9gr5rnkFOxYRP2PJqkGLMqetSVPeh9LDhoK/OIpvk9Hq4ByobDDtHrBQ== Completed in 2417ms
177 timing metavuln:cache:get:security-advisory:@react-native-community/cli:Vk60W6BSQeF7cijIZZ4at6Mc6645YD9w4qBKHcO+s/WtDxu2xKjVEFteQ6EDh+yjudCsdK/Al9BDOhch4ehqEQ== Completed in 2ms
178 timing metavuln:load:security-advisory:@react-native-community/cli:z6gq7NSKcumaF8uvdbBa8NnB9zMBtDZNa9pXAQDvW2EyXsvnL2qPFtZ163IFyrXqgU5fir26NULt0XAdZRtbvA== Completed in 2ms
179 timing metavuln:calculate:security-advisory:@react-native-community/cli:z6gq7NSKcumaF8uvdbBa8NnB9zMBtDZNa9pXAQDvW2EyXsvnL2qPFtZ163IFyrXqgU5fir26NULt0XAdZRtbvA== Completed in 5ms
180 timing metavuln:cache:get:security-advisory:@jest/reporters:PRw/su+mxsURLmccuHiQ0Rc0+bEPPdC5pqJDLcjpEN+B4cYflXeMyPDa17r4moEoPW7SsFNZ4y+EKysGIx1CMA== Completed in 4ms
181 timing metavuln:load:security-advisory:@jest/reporters:rjpEQF7y9hp9CHu+eJwVTb3FZp212tu5iq63nDN8r/cqTMKnSEPYkZVJu/pNb8B3cUvkYlxqFhMEOM4C9oEJCA== Completed in 1ms
182 timing metavuln:calculate:security-advisory:@jest/reporters:rjpEQF7y9hp9CHu+eJwVTb3FZp212tu5iq63nDN8r/cqTMKnSEPYkZVJu/pNb8B3cUvkYlxqFhMEOM4C9oEJCA== Completed in 5ms
183 timing metavuln:cache:get:security-advisory:istanbul-reports:9q2jpSs9vEKmUW4H92EoJSEv4QTmwzqzCngAdCnccBwlWD7ibGZfjREiFXEsJL2en7i96qDaXwhe0a2tn+ec1w== Completed in 6ms
184 http fetch GET 200 https://registry.npmjs.org/istanbul-reports 73ms (cache revalidated)
185 timing metavuln:packument:istanbul-reports Completed in 76ms
186 timing metavuln:load:security-advisory:istanbul-reports:rjpEQF7y9hp9CHu+eJwVTb3FZp212tu5iq63nDN8r/cqTMKnSEPYkZVJu/pNb8B3cUvkYlxqFhMEOM4C9oEJCA== Completed in 0ms
187 timing metavuln:calculate:security-advisory:istanbul-reports:rjpEQF7y9hp9CHu+eJwVTb3FZp212tu5iq63nDN8r/cqTMKnSEPYkZVJu/pNb8B3cUvkYlxqFhMEOM4C9oEJCA== Completed in 76ms
188 timing metavuln:cache:get:security-advisory:@babel/register:7QBhcs+Cu2ZMH9tf76ujNM7AsyAyjNMBbQ0DEBBd2q4eQK026qBuGTYutE3xQi6itk3wSJCKXfjoTBWPuhMHgw== Completed in 2ms
189 timing metavuln:load:security-advisory:@babel/register:eO2eqS5wMvBnpYhiCdfJxOTZhqPfh8faXjaDcKWG2PwBo0Hvv8gwnB3Q2BO+JgtxtUw6p75dWiqL0Sdp45k+pA== Completed in 0ms
190 timing metavuln:calculate:security-advisory:@babel/register:eO2eqS5wMvBnpYhiCdfJxOTZhqPfh8faXjaDcKWG2PwBo0Hvv8gwnB3Q2BO+JgtxtUw6p75dWiqL0Sdp45k+pA== Completed in 2ms
191 timing metavuln:cache:get:security-advisory:jscodeshift:N4NiiOwj+pt8VcM/eEhs95RzuKAIJoq9qlIto6RtWgvax9GkqhAsjrCrUVpZJAC8wfdpgUw/wnGQPJt7eGAouA== Completed in 3ms
192 http fetch GET 200 https://registry.npmjs.org/jscodeshift 318ms (cache revalidated)
193 timing metavuln:packument:jscodeshift Completed in 320ms
194 timing metavuln:load:security-advisory:jscodeshift:/jWQ5zsg3HVydQUKlIkyS88j8RWHIs6fyXpTGAL2qFkkTq6iBbcNtEOu9czQmAdum4+Vpfw2WnKfh249TK0UpQ== Completed in 0ms
195 timing metavuln:calculate:security-advisory:jscodeshift:/jWQ5zsg3HVydQUKlIkyS88j8RWHIs6fyXpTGAL2qFkkTq6iBbcNtEOu9czQmAdum4+Vpfw2WnKfh249TK0UpQ== Completed in 320ms
196 timing metavuln:cache:get:security-advisory:babel-jest:p/MDJwmRGl1aYxvlItn7d2JWf7oQcKZHn11vsalMpaJfE0wQWg8lAtLndZeCC/fKc8UMND/moQV+P066iybcBA== Completed in 2ms
197 timing metavuln:cache:get:security-advisory:@jest/transform:8dm5gxGUlTFkC26ikByBOXt5IpfPSRWXPBTTPkHc3DDgrbrcGifKENE4ixgok7YM0usqOTXAgwDrarC1gkIn1g== Completed in 3ms
198 http fetch GET 200 https://registry.npmjs.org/babel-jest 64ms (cache revalidated)
199 timing metavuln:packument:babel-jest Completed in 65ms
200 timing metavuln:load:security-advisory:babel-jest:g6QGjgGw653pChsXoVyzNuK+MxGmMh1ty0qntE62pFXZrrxgPh+GwhbqNGd3UxD200iB6ZeYUlawwyoHrZiY+g== Completed in 0ms
201 timing metavuln:calculate:security-advisory:babel-jest:g6QGjgGw653pChsXoVyzNuK+MxGmMh1ty0qntE62pFXZrrxgPh+GwhbqNGd3UxD200iB6ZeYUlawwyoHrZiY+g== Completed in 65ms
202 http fetch GET 200 https://registry.npmjs.org/@jest%2ftransform 89ms (cache revalidated)
203 timing metavuln:packument:@jest/transform Completed in 89ms
204 timing metavuln:load:security-advisory:@jest/transform:g6QGjgGw653pChsXoVyzNuK+MxGmMh1ty0qntE62pFXZrrxgPh+GwhbqNGd3UxD200iB6ZeYUlawwyoHrZiY+g== Completed in 1ms
205 timing metavuln:calculate:security-advisory:@jest/transform:g6QGjgGw653pChsXoVyzNuK+MxGmMh1ty0qntE62pFXZrrxgPh+GwhbqNGd3UxD200iB6ZeYUlawwyoHrZiY+g== Completed in 90ms
206 timing metavuln:cache:get:security-advisory:@jest/core:0nc0kfCswBZGENgVujN/EcKmkyo+XsFfXv/Wlo45NdLyj3a6QOU808j3oby3FEGbuUIdOziozrskUnNhCe68uw== Completed in 1ms
207 http fetch GET 200 https://registry.npmjs.org/@jest%2fcore 85ms (cache revalidated)
208 timing metavuln:packument:@jest/core Completed in 86ms
209 timing metavuln:load:security-advisory:@jest/core:jThPlCKmYXwnyaLFn3xeNjf392p8Q5gbLUGXji3JlgXIWVcITT9RVv1JjOZRpxXfRJFRul4tMChK3KlURughTQ== Completed in 0ms
210 timing metavuln:calculate:security-advisory:@jest/core:jThPlCKmYXwnyaLFn3xeNjf392p8Q5gbLUGXji3JlgXIWVcITT9RVv1JjOZRpxXfRJFRul4tMChK3KlURughTQ== Completed in 86ms
211 timing metavuln:packument:react-native-webview Completed in 18ms
212 timing metavuln:cache:get:security-advisory:@react-native-community/masked-view:nVSesAL21Sk04QRQHFxewTMgCXoGnEekVnbcOvlLm+MGaGxg4W6m3XDL6urhPuxQ1iTz2ULt8aaC66U+Lb4bCw== Completed in 27ms
213 timing metavuln:cache:get:security-advisory:@react-navigation/elements:rMER7+dOPG/dCo+PypyHN23Hot0zslAie7kMSBtznxP8jaKStL23CsTDg0/R71yn5q8qyKw7Vi8NWeVm/VL6mw== Completed in 27ms
214 timing metavuln:cache:get:security-advisory:react-native-safe-area-context:F/4BF9hY7TBh/r+Rauxfz0grfb1W2x/BGUCT4ftqXRN2BguS3en25SplNa1Nl1TnYFjnvC6vb/LCvT/0gUKSMg== Completed in 26ms
215 timing metavuln:cache:get:security-advisory:@react-navigation/stack:pwGZmzkkOQtx31W1GTxgHFIpnm/JwFl0Onb5dEbQMBK8a+7THiLAIjaINx2xCcWrvSa3mz97xXX0+/SnMvpAzg== Completed in 26ms
216 timing metavuln:cache:get:security-advisory:react-native-gesture-handler:oP7lK1x+eLv7VhIJBOjN/r99PkLppIoyPphQ9Y9pD/PbnYowiLYiVha7AT0hCS6UahV1OpUSh42sQ6EiwCF1JQ== Completed in 26ms
217 timing metavuln:cache:get:security-advisory:@react-navigation/drawer:pB5K1bt0j0szfQ0PXDMalsGA0V+d0jbnhip7+4nC/L5c5a2yMUwkUuMOOnmkCY3Rq/cZeu7EJZXfTs7g45GJ8w== Completed in 27ms
218 timing metavuln:cache:get:security-advisory:@react-native/virtualized-lists:z03d75LdeGb23v1vtCC2va2yhVSXZwiEwsfpmcO4hrDMGNiJafWsxIBa9THAsgLttkKaSWFr1FRGveZ56Gia3g== Completed in 27ms
219 timing metavuln:cache:get:security-advisory:react-native-autoheight-webview:nuyAz2SaVSQeXGCWVw6qIVB+INsYV5gaIocvgNT5uX2lp3sSSM07rI4fXHjFJqzWEm5lvxDAu5NinHoH4y7pwQ== Completed in 26ms
220 timing metavuln:cache:get:security-advisory:react-native-webview:pruhYIddHWKnNAOFlCsoSGHgwBRTd9e4ugjhY7BtK5bZxAFsMezXDZma7o9lfsrTnQyN5RRUSUHskc4UcoTZdQ== Completed in 25ms
221 timing metavuln:load:security-advisory:react-native-webview:GQvrHPo8c2ZjiSkRTT5G2E7IW08dFz0Fbhz9BaScNkzfKXXfFBDKvHQLddfFh6af1oDOSQkDHWDgGZjXCjQt+w== Completed in 1ms
222 timing metavuln:calculate:security-advisory:react-native-webview:GQvrHPo8c2ZjiSkRTT5G2E7IW08dFz0Fbhz9BaScNkzfKXXfFBDKvHQLddfFh6af1oDOSQkDHWDgGZjXCjQt+w== Completed in 26ms
223 timing metavuln:cache:get:security-advisory:react-native-screens:we0jnmlLXKXNggxIU2yYkh0sMPyxsx2ns9YNeknAfnONbavRrSwuWemrfji/1ELEt49hTTHFiC1e+FE1oxDuKw== Completed in 28ms
224 timing metavuln:cache:get:security-advisory:react-native-reanimated:08J8L/Zbd913RudI4QkKwY9fpVu3/iz+DWVKYP4htRquxz3IsTx5VOnDEm1PbmWAUkr01/RENVE3mRhwXUEsbg== Completed in 29ms
225 timing metavuln:cache:get:security-advisory:@react-navigation/native:qpq4NNCQ6fi//k240Ew3td6CVItaaOnSTeQdwcCQgA4E+Hd/msBNYjC9esdhjMqujznTPbz1qbTLwGWjsuaNrg== Completed in 31ms
226 http fetch GET 200 https://registry.npmjs.org/react-native-gesture-handler 467ms (cache revalidated)
227 timing metavuln:packument:react-native-gesture-handler Completed in 468ms
228 timing metavuln:load:security-advisory:react-native-gesture-handler:GQvrHPo8c2ZjiSkRTT5G2E7IW08dFz0Fbhz9BaScNkzfKXXfFBDKvHQLddfFh6af1oDOSQkDHWDgGZjXCjQt+w== Completed in 0ms
229 timing metavuln:calculate:security-advisory:react-native-gesture-handler:GQvrHPo8c2ZjiSkRTT5G2E7IW08dFz0Fbhz9BaScNkzfKXXfFBDKvHQLddfFh6af1oDOSQkDHWDgGZjXCjQt+w== Completed in 468ms
230 http fetch GET 200 https://registry.npmjs.org/react-native-safe-area-context 705ms (cache revalidated)
231 timing metavuln:packument:react-native-safe-area-context Completed in 708ms
232 timing metavuln:load:security-advisory:react-native-safe-area-context:GQvrHPo8c2ZjiSkRTT5G2E7IW08dFz0Fbhz9BaScNkzfKXXfFBDKvHQLddfFh6af1oDOSQkDHWDgGZjXCjQt+w== Completed in 0ms
233 timing metavuln:calculate:security-advisory:react-native-safe-area-context:GQvrHPo8c2ZjiSkRTT5G2E7IW08dFz0Fbhz9BaScNkzfKXXfFBDKvHQLddfFh6af1oDOSQkDHWDgGZjXCjQt+w== Completed in 708ms
234 http fetch GET 200 https://registry.npmjs.org/@react-native%2fvirtualized-lists 788ms (cache revalidated)
235 timing metavuln:packument:@react-native/virtualized-lists Completed in 789ms
236 timing metavuln:load:security-advisory:@react-native/virtualized-lists:GQvrHPo8c2ZjiSkRTT5G2E7IW08dFz0Fbhz9BaScNkzfKXXfFBDKvHQLddfFh6af1oDOSQkDHWDgGZjXCjQt+w== Completed in 0ms
237 timing metavuln:calculate:security-advisory:@react-native/virtualized-lists:GQvrHPo8c2ZjiSkRTT5G2E7IW08dFz0Fbhz9BaScNkzfKXXfFBDKvHQLddfFh6af1oDOSQkDHWDgGZjXCjQt+w== Completed in 789ms
238 http fetch GET 200 https://registry.npmjs.org/@react-navigation%2felements 855ms (cache revalidated)
239 timing metavuln:packument:@react-navigation/elements Completed in 856ms
240 timing metavuln:load:security-advisory:@react-navigation/elements:GQvrHPo8c2ZjiSkRTT5G2E7IW08dFz0Fbhz9BaScNkzfKXXfFBDKvHQLddfFh6af1oDOSQkDHWDgGZjXCjQt+w== Completed in 0ms
241 timing metavuln:calculate:security-advisory:@react-navigation/elements:GQvrHPo8c2ZjiSkRTT5G2E7IW08dFz0Fbhz9BaScNkzfKXXfFBDKvHQLddfFh6af1oDOSQkDHWDgGZjXCjQt+w== Completed in 856ms
242 http fetch GET 200 https://registry.npmjs.org/@react-navigation%2fstack 866ms (cache revalidated)
243 timing metavuln:packument:@react-navigation/stack Completed in 870ms
244 timing metavuln:load:security-advisory:@react-navigation/stack:GQvrHPo8c2ZjiSkRTT5G2E7IW08dFz0Fbhz9BaScNkzfKXXfFBDKvHQLddfFh6af1oDOSQkDHWDgGZjXCjQt+w== Completed in 1ms
245 timing metavuln:calculate:security-advisory:@react-navigation/stack:GQvrHPo8c2ZjiSkRTT5G2E7IW08dFz0Fbhz9BaScNkzfKXXfFBDKvHQLddfFh6af1oDOSQkDHWDgGZjXCjQt+w== Completed in 871ms
246 http fetch GET 200 https://registry.npmjs.org/@react-navigation%2fdrawer 967ms (cache revalidated)
247 timing metavuln:packument:@react-navigation/drawer Completed in 972ms
248 timing metavuln:load:security-advisory:@react-navigation/drawer:GQvrHPo8c2ZjiSkRTT5G2E7IW08dFz0Fbhz9BaScNkzfKXXfFBDKvHQLddfFh6af1oDOSQkDHWDgGZjXCjQt+w== Completed in 1ms
249 timing metavuln:calculate:security-advisory:@react-navigation/drawer:GQvrHPo8c2ZjiSkRTT5G2E7IW08dFz0Fbhz9BaScNkzfKXXfFBDKvHQLddfFh6af1oDOSQkDHWDgGZjXCjQt+w== Completed in 973ms
250 http fetch GET 200 https://registry.npmjs.org/react-native-reanimated 1084ms (cache revalidated)
251 timing metavuln:packument:react-native-reanimated Completed in 1087ms
252 timing metavuln:load:security-advisory:react-native-reanimated:GQvrHPo8c2ZjiSkRTT5G2E7IW08dFz0Fbhz9BaScNkzfKXXfFBDKvHQLddfFh6af1oDOSQkDHWDgGZjXCjQt+w== Completed in 0ms
253 timing metavuln:calculate:security-advisory:react-native-reanimated:GQvrHPo8c2ZjiSkRTT5G2E7IW08dFz0Fbhz9BaScNkzfKXXfFBDKvHQLddfFh6af1oDOSQkDHWDgGZjXCjQt+w== Completed in 1087ms
254 http fetch GET 200 https://registry.npmjs.org/react-native-screens 1227ms (cache revalidated)
255 timing metavuln:packument:react-native-screens Completed in 1229ms
256 timing metavuln:load:security-advisory:react-native-screens:GQvrHPo8c2ZjiSkRTT5G2E7IW08dFz0Fbhz9BaScNkzfKXXfFBDKvHQLddfFh6af1oDOSQkDHWDgGZjXCjQt+w== Completed in 1ms
257 timing metavuln:calculate:security-advisory:react-native-screens:GQvrHPo8c2ZjiSkRTT5G2E7IW08dFz0Fbhz9BaScNkzfKXXfFBDKvHQLddfFh6af1oDOSQkDHWDgGZjXCjQt+w== Completed in 1230ms
258 http fetch GET 200 https://registry.npmjs.org/react-native-autoheight-webview 1323ms (cache revalidated)
259 timing metavuln:packument:react-native-autoheight-webview Completed in 1324ms
260 timing metavuln:load:security-advisory:react-native-autoheight-webview:GQvrHPo8c2ZjiSkRTT5G2E7IW08dFz0Fbhz9BaScNkzfKXXfFBDKvHQLddfFh6af1oDOSQkDHWDgGZjXCjQt+w== Completed in 0ms
261 timing metavuln:calculate:security-advisory:react-native-autoheight-webview:GQvrHPo8c2ZjiSkRTT5G2E7IW08dFz0Fbhz9BaScNkzfKXXfFBDKvHQLddfFh6af1oDOSQkDHWDgGZjXCjQt+w== Completed in 1324ms
262 http fetch GET 200 https://registry.npmjs.org/@react-navigation%2fnative 1593ms (cache revalidated)
263 timing metavuln:packument:@react-navigation/native Completed in 1596ms
264 timing metavuln:load:security-advisory:@react-navigation/native:GQvrHPo8c2ZjiSkRTT5G2E7IW08dFz0Fbhz9BaScNkzfKXXfFBDKvHQLddfFh6af1oDOSQkDHWDgGZjXCjQt+w== Completed in 1ms
265 timing metavuln:calculate:security-advisory:@react-navigation/native:GQvrHPo8c2ZjiSkRTT5G2E7IW08dFz0Fbhz9BaScNkzfKXXfFBDKvHQLddfFh6af1oDOSQkDHWDgGZjXCjQt+w== Completed in 1597ms
266 http fetch GET 200 https://registry.npmjs.org/@react-native-community%2fmasked-view 1802ms (cache revalidated)
267 timing metavuln:packument:@react-native-community/masked-view Completed in 1802ms
268 timing metavuln:load:security-advisory:@react-native-community/masked-view:GQvrHPo8c2ZjiSkRTT5G2E7IW08dFz0Fbhz9BaScNkzfKXXfFBDKvHQLddfFh6af1oDOSQkDHWDgGZjXCjQt+w== Completed in 1ms
269 timing metavuln:calculate:security-advisory:@react-native-community/masked-view:GQvrHPo8c2ZjiSkRTT5G2E7IW08dFz0Fbhz9BaScNkzfKXXfFBDKvHQLddfFh6af1oDOSQkDHWDgGZjXCjQt+w== Completed in 1803ms
270 timing metavuln:cache:get:security-advisory:@react-native-community/cli-doctor:PiI5u2Ma1l9xv4mjf898iGx9bwpdfpRtwEuX3ttKP1HYv/a+e9IQCsKhrn9T8Gdx8CBcBhA/E1L5bexCHbR8Lg== Completed in 2ms
271 timing metavuln:load:security-advisory:@react-native-community/cli-doctor:lxPYn7p087A21EtZ+fzvCsH6MLe43dP+9Wo7OpLhL4O03/4UCleLcrL3O3t/NVUk3NUx3sZrIYgpee/EUjunoQ== Completed in 0ms
272 timing metavuln:calculate:security-advisory:@react-native-community/cli-doctor:lxPYn7p087A21EtZ+fzvCsH6MLe43dP+9Wo7OpLhL4O03/4UCleLcrL3O3t/NVUk3NUx3sZrIYgpee/EUjunoQ== Completed in 2ms
273 timing metavuln:cache:get:security-advisory:@react-native-community/cli-hermes:MOEdhWAQdke7VQ5GZG8p3LXmvuXq8dlK59zsoLBQ57sbOxA5+qOqk5RtvaS92st+0kZcev7mydcIRhUkhvtJHg== Completed in 2ms
274 timing metavuln:load:security-advisory:@react-native-community/cli-hermes:lxPYn7p087A21EtZ+fzvCsH6MLe43dP+9Wo7OpLhL4O03/4UCleLcrL3O3t/NVUk3NUx3sZrIYgpee/EUjunoQ== Completed in 0ms
275 timing metavuln:calculate:security-advisory:@react-native-community/cli-hermes:lxPYn7p087A21EtZ+fzvCsH6MLe43dP+9Wo7OpLhL4O03/4UCleLcrL3O3t/NVUk3NUx3sZrIYgpee/EUjunoQ== Completed in 2ms
276 timing metavuln:cache:get:security-advisory:react-native:oVEM3B78GCZusTC/DKiHrzJx7WFU3fkBqR6/VnKgY3UbkC2dFqj14AuxbUh7fOGJExnuIlaZknvE9+9nmCvk8Q== Completed in 2ms
277 timing metavuln:load:security-advisory:react-native:lxPYn7p087A21EtZ+fzvCsH6MLe43dP+9Wo7OpLhL4O03/4UCleLcrL3O3t/NVUk3NUx3sZrIYgpee/EUjunoQ== Completed in 6ms
278 timing metavuln:calculate:security-advisory:react-native:lxPYn7p087A21EtZ+fzvCsH6MLe43dP+9Wo7OpLhL4O03/4UCleLcrL3O3t/NVUk3NUx3sZrIYgpee/EUjunoQ== Completed in 8ms
279 timing metavuln:cache:get:security-advisory:@react-native-community/cli-doctor:k8JYcFOPveVMGwN/BPSZvdMPejplSi5b/Pi75KBu7BdM+hR696Y/E7/Z35Mvij/LeveRF1L2P6ZGdAxzV8p2mA== Completed in 0ms
280 timing metavuln:load:security-advisory:@react-native-community/cli-doctor:SVvdn08w/TNC4i7tYfHBsHXkNH0fqBiCRL9peBy5wxkUEvdmP/9Vy7OhUcCYCn+qdWMwX7HHjDj7StOef9jBoA== Completed in 1ms
281 timing metavuln:calculate:security-advisory:@react-native-community/cli-doctor:SVvdn08w/TNC4i7tYfHBsHXkNH0fqBiCRL9peBy5wxkUEvdmP/9Vy7OhUcCYCn+qdWMwX7HHjDj7StOef9jBoA== Completed in 1ms
282 timing metavuln:cache:get:security-advisory:react-native:2rQxBczBbOqbsE0Q7zbF2glIPs9FhnBLFRC9kHSQ77i4iVOu1XgEwNDPAMqTbvFgTOO56qBpo+BFyMDrQdyavg== Completed in 1ms
283 timing metavuln:load:security-advisory:react-native:SVvdn08w/TNC4i7tYfHBsHXkNH0fqBiCRL9peBy5wxkUEvdmP/9Vy7OhUcCYCn+qdWMwX7HHjDj7StOef9jBoA== Completed in 6ms
284 timing metavuln:calculate:security-advisory:react-native:SVvdn08w/TNC4i7tYfHBsHXkNH0fqBiCRL9peBy5wxkUEvdmP/9Vy7OhUcCYCn+qdWMwX7HHjDj7StOef9jBoA== Completed in 7ms
285 timing metavuln:cache:get:security-advisory:@react-native-community/cli-plugin-metro:AelvgO46ty9lFWEpnEngmCJTIbmbyKnNA1w1X7Z5RtFZN5WiOSOzyLRPHe+4iSoWjKB4lEfBY0VmMH7t+rYZUw== Completed in 1ms
286 timing metavuln:load:security-advisory:@react-native-community/cli-plugin-metro:0oLvHpyvLcWDEefztr/20aST9WmTAP3INY6BgB4RZVIzmSTlQ1Pk1WkwUCdck4OKr+b1jGfRjMi7FL23xh+zMA== Completed in 0ms
287 timing metavuln:calculate:security-advisory:@react-native-community/cli-plugin-metro:0oLvHpyvLcWDEefztr/20aST9WmTAP3INY6BgB4RZVIzmSTlQ1Pk1WkwUCdck4OKr+b1jGfRjMi7FL23xh+zMA== Completed in 1ms
288 timing metavuln:cache:get:security-advisory:@react-native-community/cli:704RRcxtDXd+X5F97sHisCFCfKhnWs6nOxs5SJ9lo3qgS27JIL5iirUxMxa0vTv6ZqaWXu6eG2xU+4iLbuL+wA== Completed in 1ms
289 timing metavuln:load:security-advisory:@react-native-community/cli:0oLvHpyvLcWDEefztr/20aST9WmTAP3INY6BgB4RZVIzmSTlQ1Pk1WkwUCdck4OKr+b1jGfRjMi7FL23xh+zMA== Completed in 1ms
290 timing metavuln:calculate:security-advisory:@react-native-community/cli:0oLvHpyvLcWDEefztr/20aST9WmTAP3INY6BgB4RZVIzmSTlQ1Pk1WkwUCdck4OKr+b1jGfRjMi7FL23xh+zMA== Completed in 3ms
291 timing metavuln:cache:get:security-advisory:@react-native-community/cli:dz3IlsU8N0PO91I1ryISmNPZrjwp6z/udYxsWzfbfJBRN9Di4ecood7aAuqkqcqa907eE6kFz8gKw5cuw12IGw== Completed in 1ms
292 timing metavuln:load:security-advisory:@react-native-community/cli:9ej1Z4EiIkCZ/4qrnkj6DTUDUakozDrQt758TLcYUpsb0opQ0p3AwBx9hnk0JD0YMhu7LAjivfxq97Phy+NWtg== Completed in 0ms
293 timing metavuln:calculate:security-advisory:@react-native-community/cli:9ej1Z4EiIkCZ/4qrnkj6DTUDUakozDrQt758TLcYUpsb0opQ0p3AwBx9hnk0JD0YMhu7LAjivfxq97Phy+NWtg== Completed in 1ms
294 timing metavuln:cache:get:security-advisory:@react-native-community/cli:DoyiRB2rS3BgSTBRpL9xmJnM4a5NAqE3JlbOCZvmXvQxtUWYzWewPeAkuCIGBn0dqqveK0l6osGelS88x1FJHw== Completed in 1ms
295 timing metavuln:load:security-advisory:@react-native-community/cli:gNkWAieCJGwkDSUqa3ZvENXFxO7KgDRvk0exA9Oy3Xov5FFsSfWjBu2QjMnbZYUIencfKDBODI2a9Ix1x+agzA== Completed in 1ms
296 timing metavuln:calculate:security-advisory:@react-native-community/cli:gNkWAieCJGwkDSUqa3ZvENXFxO7KgDRvk0exA9Oy3Xov5FFsSfWjBu2QjMnbZYUIencfKDBODI2a9Ix1x+agzA== Completed in 2ms
297 timing metavuln:cache:get:security-advisory:@react-native-community/cli-doctor:kUpFfmgrF+lMYX8091SpzooSjunl5/RLKYNcbCXrIizXgLwam0mhQtxR0ljh1cpsHNA3tseB7dtK5sAx4PwuIQ== Completed in 1ms
298 timing metavuln:load:security-advisory:@react-native-community/cli-doctor:gNkWAieCJGwkDSUqa3ZvENXFxO7KgDRvk0exA9Oy3Xov5FFsSfWjBu2QjMnbZYUIencfKDBODI2a9Ix1x+agzA== Completed in 0ms
299 timing metavuln:calculate:security-advisory:@react-native-community/cli-doctor:gNkWAieCJGwkDSUqa3ZvENXFxO7KgDRvk0exA9Oy3Xov5FFsSfWjBu2QjMnbZYUIencfKDBODI2a9Ix1x+agzA== Completed in 1ms
300 timing metavuln:cache:get:security-advisory:@react-native-community/cli:gzrToskrKSMOkn+oawLCcDEYF0Ii9HAG5pzkxeiFZC0hhe0b6AfKvDBvTdYIuqFgRIQdV5X494xNNalrYX7zew== Completed in 2ms
301 timing metavuln:load:security-advisory:@react-native-community/cli:eDDQcSXr1mwSkRyRV5qyS4becwc6bgCEojkK3krUP6XA4Rko0px5btyLfYrWXxpm9QWi1eYsm+mevIYcISBjsA== Completed in 0ms
302 timing metavuln:calculate:security-advisory:@react-native-community/cli:eDDQcSXr1mwSkRyRV5qyS4becwc6bgCEojkK3krUP6XA4Rko0px5btyLfYrWXxpm9QWi1eYsm+mevIYcISBjsA== Completed in 2ms
303 timing metavuln:cache:get:security-advisory:@react-native-community/cli:GqbA4CZA9jclxfWHSIAenc8HSKNgM9Z2zYQZymBQXOQML5ywfeTkKY8PV2q+Ogkspge84HWvuHTWtJQzqpybPQ== Completed in 1ms
304 timing metavuln:load:security-advisory:@react-native-community/cli:LGhFCPzzfCmqtHrfJvcgHzO+ykWi9kxKa4dJUTAqA9yB+qM4gsprwBhZdIDr7T+vDKGTAPxlZHm12eRi6gmLrg== Completed in 1ms
305 timing metavuln:calculate:security-advisory:@react-native-community/cli:LGhFCPzzfCmqtHrfJvcgHzO+ykWi9kxKa4dJUTAqA9yB+qM4gsprwBhZdIDr7T+vDKGTAPxlZHm12eRi6gmLrg== Completed in 2ms
306 timing metavuln:cache:get:security-advisory:@jest/reporters:Ll5jMKuEfC9rgdxcYdKBciUtuDO7FkbdlUWeUgeLD2EyFtiDfBqXOSomSlP7HvFrTaRFE1wt2YgHePTlGhY9mg== Completed in 3ms
307 timing metavuln:load:security-advisory:@jest/reporters:9q2jpSs9vEKmUW4H92EoJSEv4QTmwzqzCngAdCnccBwlWD7ibGZfjREiFXEsJL2en7i96qDaXwhe0a2tn+ec1w== Completed in 1ms
308 timing metavuln:calculate:security-advisory:@jest/reporters:9q2jpSs9vEKmUW4H92EoJSEv4QTmwzqzCngAdCnccBwlWD7ibGZfjREiFXEsJL2en7i96qDaXwhe0a2tn+ec1w== Completed in 4ms
309 timing metavuln:cache:get:security-advisory:@react-native/codegen:TcQlbvhCGYns4L8TLeUeYZJjg95vCptKIbX1xla0LF2jj7dh5DhRymH4afD+ClzGa5Ae8uz+KOi///XlBRLguA== Completed in 2ms
310 http fetch GET 200 https://registry.npmjs.org/@react-native%2fcodegen 879ms (cache revalidated)
311 timing metavuln:packument:@react-native/codegen Completed in 880ms
312 timing metavuln:load:security-advisory:@react-native/codegen:N4NiiOwj+pt8VcM/eEhs95RzuKAIJoq9qlIto6RtWgvax9GkqhAsjrCrUVpZJAC8wfdpgUw/wnGQPJt7eGAouA== Completed in 0ms
313 timing metavuln:calculate:security-advisory:@react-native/codegen:N4NiiOwj+pt8VcM/eEhs95RzuKAIJoq9qlIto6RtWgvax9GkqhAsjrCrUVpZJAC8wfdpgUw/wnGQPJt7eGAouA== Completed in 880ms
314 timing metavuln:cache:get:security-advisory:jest-config:pLBviQNSR1YJivJaUSVoNT7C1hKb0zWLXPt7yFNpAcpqqJnT95j4DAB4Hq8/AWlmglIeCxrmMbOgE67YCbpUVg== Completed in 4ms
315 http fetch GET 200 https://registry.npmjs.org/jest-config 55ms (cache revalidated)
316 timing metavuln:packument:jest-config Completed in 57ms
317 timing metavuln:load:security-advisory:jest-config:p/MDJwmRGl1aYxvlItn7d2JWf7oQcKZHn11vsalMpaJfE0wQWg8lAtLndZeCC/fKc8UMND/moQV+P066iybcBA== Completed in 0ms
318 timing metavuln:calculate:security-advisory:jest-config:p/MDJwmRGl1aYxvlItn7d2JWf7oQcKZHn11vsalMpaJfE0wQWg8lAtLndZeCC/fKc8UMND/moQV+P066iybcBA== Completed in 57ms
319 timing metavuln:cache:get:security-advisory:@jest/core:5bJAuxlyqGwGcN/42ub1cSFm+k8uvc+57GOhic7UBGZjVhQfhgGcnqRUklWQIp1RyRVSwNwV8kwPGMmxnbKnqA== Completed in 3ms
320 timing metavuln:load:security-advisory:@jest/core:8dm5gxGUlTFkC26ikByBOXt5IpfPSRWXPBTTPkHc3DDgrbrcGifKENE4ixgok7YM0usqOTXAgwDrarC1gkIn1g== Completed in 0ms
321 timing metavuln:calculate:security-advisory:@jest/core:8dm5gxGUlTFkC26ikByBOXt5IpfPSRWXPBTTPkHc3DDgrbrcGifKENE4ixgok7YM0usqOTXAgwDrarC1gkIn1g== Completed in 4ms
322 timing metavuln:cache:get:security-advisory:@jest/reporters:cGDSwoDGyxUqf+yCH4Ej3UHKIE9+LjiuU9LFIrZm9GO1LTx0Nk0fDF387L3hbrKMD4GWjLgpc+nCk4vYhp0GkA== Completed in 3ms
323 timing metavuln:load:security-advisory:@jest/reporters:8dm5gxGUlTFkC26ikByBOXt5IpfPSRWXPBTTPkHc3DDgrbrcGifKENE4ixgok7YM0usqOTXAgwDrarC1gkIn1g== Completed in 0ms
324 timing metavuln:calculate:security-advisory:@jest/reporters:8dm5gxGUlTFkC26ikByBOXt5IpfPSRWXPBTTPkHc3DDgrbrcGifKENE4ixgok7YM0usqOTXAgwDrarC1gkIn1g== Completed in 3ms
325 timing metavuln:cache:get:security-advisory:babel-jest:N2C+JMWQXkLA8OYw8rZAXmYXsQWCW2zKFSp94FjU3QOGwZy8ZMFm854owkvgTk1seGgVYGKqx8UMN6/xDRWDsQ== Completed in 3ms
326 timing metavuln:load:security-advisory:babel-jest:8dm5gxGUlTFkC26ikByBOXt5IpfPSRWXPBTTPkHc3DDgrbrcGifKENE4ixgok7YM0usqOTXAgwDrarC1gkIn1g== Completed in 1ms
327 timing metavuln:calculate:security-advisory:babel-jest:8dm5gxGUlTFkC26ikByBOXt5IpfPSRWXPBTTPkHc3DDgrbrcGifKENE4ixgok7YM0usqOTXAgwDrarC1gkIn1g== Completed in 4ms
328 timing metavuln:cache:get:security-advisory:jest-snapshot:AJj/2I+uhNBYLCVHSAnfjZpsnMfOCnGkx5cP53UA75KzeRuMfCyKxsyBzDYIlbBXaun5Jg7PC1x7hUrUGu01Bg== Completed in 4ms
329 timing metavuln:cache:get:security-advisory:jest-runner:TQBqxlV8GPWD7reSWX9OU1qojWySd2tl0TophbYhlcUZNW8aUUEyVYzqDJ/h+cy+kKl76uMYeZPo9KubXB6VtA== Completed in 4ms
330 timing metavuln:cache:get:security-advisory:jest-runtime:GyspxZPXgPY9o6jDNM61honE+Wwgxtx2nTOp9eExemho6TBwPbzsHt2k5puiyD2cCxew5TghDEQuIXW00K/KEw== Completed in 4ms
331 http fetch GET 200 https://registry.npmjs.org/jest-runtime 55ms (cache revalidated)
332 timing metavuln:packument:jest-runtime Completed in 57ms
333 timing metavuln:load:security-advisory:jest-runtime:8dm5gxGUlTFkC26ikByBOXt5IpfPSRWXPBTTPkHc3DDgrbrcGifKENE4ixgok7YM0usqOTXAgwDrarC1gkIn1g== Completed in 0ms
334 timing metavuln:calculate:security-advisory:jest-runtime:8dm5gxGUlTFkC26ikByBOXt5IpfPSRWXPBTTPkHc3DDgrbrcGifKENE4ixgok7YM0usqOTXAgwDrarC1gkIn1g== Completed in 57ms
335 http fetch GET 200 https://registry.npmjs.org/jest-snapshot 61ms (cache revalidated)
336 timing metavuln:packument:jest-snapshot Completed in 62ms
337 timing metavuln:load:security-advisory:jest-snapshot:8dm5gxGUlTFkC26ikByBOXt5IpfPSRWXPBTTPkHc3DDgrbrcGifKENE4ixgok7YM0usqOTXAgwDrarC1gkIn1g== Completed in 0ms
338 timing metavuln:calculate:security-advisory:jest-snapshot:8dm5gxGUlTFkC26ikByBOXt5IpfPSRWXPBTTPkHc3DDgrbrcGifKENE4ixgok7YM0usqOTXAgwDrarC1gkIn1g== Completed in 62ms
339 http fetch GET 200 https://registry.npmjs.org/jest-runner 63ms (cache revalidated)
340 timing metavuln:packument:jest-runner Completed in 64ms
341 timing metavuln:load:security-advisory:jest-runner:8dm5gxGUlTFkC26ikByBOXt5IpfPSRWXPBTTPkHc3DDgrbrcGifKENE4ixgok7YM0usqOTXAgwDrarC1gkIn1g== Completed in 0ms
342 timing metavuln:calculate:security-advisory:jest-runner:8dm5gxGUlTFkC26ikByBOXt5IpfPSRWXPBTTPkHc3DDgrbrcGifKENE4ixgok7YM0usqOTXAgwDrarC1gkIn1g== Completed in 64ms
343 timing metavuln:cache:get:security-advisory:jest:Vr5AbbnFD8wP5D7fbRw7ti95UN0xaIApQPHYwS64aHHNzCeHlLfVQ0zcTEEw3zSnsukr+cP4xfzXUQrzbzMJrg== Completed in 2ms
344 timing metavuln:cache:get:security-advisory:jest-cli:H926q/Y3xV7vXrpcMwS7fo5aC49e7veK5sjvyEaXHkQ65vP7xk+pOeEA2FNU0EdJDx5yM4OUUyTCuMPWUZ0ctQ== Completed in 1ms
345 http fetch GET 200 https://registry.npmjs.org/jest 60ms (cache revalidated)
346 timing metavuln:packument:jest Completed in 63ms
347 timing metavuln:load:security-advisory:jest:0nc0kfCswBZGENgVujN/EcKmkyo+XsFfXv/Wlo45NdLyj3a6QOU808j3oby3FEGbuUIdOziozrskUnNhCe68uw== Completed in 0ms
348 timing metavuln:calculate:security-advisory:jest:0nc0kfCswBZGENgVujN/EcKmkyo+XsFfXv/Wlo45NdLyj3a6QOU808j3oby3FEGbuUIdOziozrskUnNhCe68uw== Completed in 63ms
349 http fetch GET 200 https://registry.npmjs.org/jest-cli 63ms (cache revalidated)
350 timing metavuln:packument:jest-cli Completed in 65ms
351 timing metavuln:load:security-advisory:jest-cli:0nc0kfCswBZGENgVujN/EcKmkyo+XsFfXv/Wlo45NdLyj3a6QOU808j3oby3FEGbuUIdOziozrskUnNhCe68uw== Completed in 1ms
352 timing metavuln:calculate:security-advisory:jest-cli:0nc0kfCswBZGENgVujN/EcKmkyo+XsFfXv/Wlo45NdLyj3a6QOU808j3oby3FEGbuUIdOziozrskUnNhCe68uw== Completed in 66ms
353 timing metavuln:cache:get:security-advisory:react-native:lMxl3CB81n+hX5uWldD8EbiXRT/HkikuYwvS/u4cwQcI2Jlu8IlhgUgT6aRZNZ8K+u5yh1o3DOeibG2ul2015g== Completed in 1ms
354 timing metavuln:load:security-advisory:react-native:TcQlbvhCGYns4L8TLeUeYZJjg95vCptKIbX1xla0LF2jj7dh5DhRymH4afD+ClzGa5Ae8uz+KOi///XlBRLguA== Completed in 5ms
355 timing metavuln:calculate:security-advisory:react-native:TcQlbvhCGYns4L8TLeUeYZJjg95vCptKIbX1xla0LF2jj7dh5DhRymH4afD+ClzGa5Ae8uz+KOi///XlBRLguA== Completed in 6ms
356 timing metavuln:cache:get:security-advisory:jest-cli:EW+2ReoLPHWE4XvwCmWLOEuXL0/L+uGL5D/HORqRLRiXZFwG7tqpfRevlLvYQVeFPXp67MbEQpnnlqYw0cvaTg== Completed in 3ms
357 timing metavuln:load:security-advisory:jest-cli:pLBviQNSR1YJivJaUSVoNT7C1hKb0zWLXPt7yFNpAcpqqJnT95j4DAB4Hq8/AWlmglIeCxrmMbOgE67YCbpUVg== Completed in 0ms
358 timing metavuln:calculate:security-advisory:jest-cli:pLBviQNSR1YJivJaUSVoNT7C1hKb0zWLXPt7yFNpAcpqqJnT95j4DAB4Hq8/AWlmglIeCxrmMbOgE67YCbpUVg== Completed in 3ms
359 timing metavuln:cache:get:security-advisory:@jest/core:TMiDbWhJ8Vlp2C5NhmjcKj/YYsa7Xg/L9xbTRVHIvW8MB5tJPTyitdTVTxY8QupsYam/A6D3SDzsoLJ1b3L4aA== Completed in 3ms
360 timing metavuln:load:security-advisory:@jest/core:pLBviQNSR1YJivJaUSVoNT7C1hKb0zWLXPt7yFNpAcpqqJnT95j4DAB4Hq8/AWlmglIeCxrmMbOgE67YCbpUVg== Completed in 0ms
361 timing metavuln:calculate:security-advisory:@jest/core:pLBviQNSR1YJivJaUSVoNT7C1hKb0zWLXPt7yFNpAcpqqJnT95j4DAB4Hq8/AWlmglIeCxrmMbOgE67YCbpUVg== Completed in 3ms
362 timing metavuln:cache:get:security-advisory:@jest/core:EzsVxumIVLgr9c6qidNIBt9yj2CFIm3Dra1Phq9G3DFjxX0GG7IZ0103mL/WMKnvhLF7yDrxgx2MoQG/MLw+0w== Completed in 1ms
363 timing metavuln:load:security-advisory:@jest/core:GyspxZPXgPY9o6jDNM61honE+Wwgxtx2nTOp9eExemho6TBwPbzsHt2k5puiyD2cCxew5TghDEQuIXW00K/KEw== Completed in 1ms
364 timing metavuln:calculate:security-advisory:@jest/core:GyspxZPXgPY9o6jDNM61honE+Wwgxtx2nTOp9eExemho6TBwPbzsHt2k5puiyD2cCxew5TghDEQuIXW00K/KEw== Completed in 2ms
365 timing metavuln:cache:get:security-advisory:jest-circus:B+79Q62QI1/P4Uyhrj6hOz0KvqlC9ummFcQZhoeQB0mT5LCLDmeEph0vQr/qVcv8VVCehRMcI9N3xydUPf7DHw== Completed in 1ms
366 timing metavuln:cache:get:security-advisory:jest-runner:ANGieN8aqOTC1bSmxT34GsVU8oEKYcZJyZRJ/Uy4w2S2HauTX3i4GFAtKA9yrSaBfHDt42ABZFwIVhc/TcvDlQ== Completed in 1ms
367 timing metavuln:load:security-advisory:jest-runner:GyspxZPXgPY9o6jDNM61honE+Wwgxtx2nTOp9eExemho6TBwPbzsHt2k5puiyD2cCxew5TghDEQuIXW00K/KEw== Completed in 0ms
368 timing metavuln:calculate:security-advisory:jest-runner:GyspxZPXgPY9o6jDNM61honE+Wwgxtx2nTOp9eExemho6TBwPbzsHt2k5puiyD2cCxew5TghDEQuIXW00K/KEw== Completed in 1ms
369 http fetch GET 200 https://registry.npmjs.org/jest-circus 61ms (cache revalidated)
370 timing metavuln:packument:jest-circus Completed in 62ms
371 timing metavuln:load:security-advisory:jest-circus:GyspxZPXgPY9o6jDNM61honE+Wwgxtx2nTOp9eExemho6TBwPbzsHt2k5puiyD2cCxew5TghDEQuIXW00K/KEw== Completed in 1ms
372 timing metavuln:calculate:security-advisory:jest-circus:GyspxZPXgPY9o6jDNM61honE+Wwgxtx2nTOp9eExemho6TBwPbzsHt2k5puiyD2cCxew5TghDEQuIXW00K/KEw== Completed in 63ms
373 timing metavuln:cache:get:security-advisory:@jest/expect:DUiyE8HdmGcvRybKgFUJb0bPGAiTF3aKSFVFL5sqLq9xpVDl+7co8gFpYb3yB78dbF1cJOb7rk4PIkZPUPlbdQ== Completed in 2ms
374 timing metavuln:cache:get:security-advisory:@jest/core:jK1nVdGfzjyUwDOQ6XSyU6dxWcCKeZ9zHcPjH4zuUs1+oFtpAgAZ8jiif4YDT+o6jy5RZA4n0n8YcO/iXq8mqQ== Completed in 2ms
375 timing metavuln:load:security-advisory:@jest/core:AJj/2I+uhNBYLCVHSAnfjZpsnMfOCnGkx5cP53UA75KzeRuMfCyKxsyBzDYIlbBXaun5Jg7PC1x7hUrUGu01Bg== Completed in 1ms
376 timing metavuln:calculate:security-advisory:@jest/core:AJj/2I+uhNBYLCVHSAnfjZpsnMfOCnGkx5cP53UA75KzeRuMfCyKxsyBzDYIlbBXaun5Jg7PC1x7hUrUGu01Bg== Completed in 3ms
377 timing metavuln:cache:get:security-advisory:jest-resolve-dependencies:VJ9Y6W13rSCfMwimyGAnIY8hgGhViMMXmWjF5RZqxGh7DJufAsSDtPiSwYvPrtMeSzNRMX15tiEa9stJXcK60Q== Completed in 3ms
378 timing metavuln:cache:get:security-advisory:jest-circus:nJp3I3J6frRJpYFkpA7Uv9hWWnOnFXAWUQH85x8MCC2ENtrtFVKXANKcUglqSfe+raybRoh+aOK/uX0WdbTcaw== Completed in 3ms
379 timing metavuln:load:security-advisory:jest-circus:AJj/2I+uhNBYLCVHSAnfjZpsnMfOCnGkx5cP53UA75KzeRuMfCyKxsyBzDYIlbBXaun5Jg7PC1x7hUrUGu01Bg== Completed in 0ms
380 timing metavuln:calculate:security-advisory:jest-circus:AJj/2I+uhNBYLCVHSAnfjZpsnMfOCnGkx5cP53UA75KzeRuMfCyKxsyBzDYIlbBXaun5Jg7PC1x7hUrUGu01Bg== Completed in 3ms
381 timing metavuln:cache:get:security-advisory:jest-runtime:a9rejpsc8Gqeso3Pvz8YHYO3Lqso4mIHdxy25h23kkscUy05UpVkal3SxhUvp+tZuMyFaDnWMtQpdXMorlvv8A== Completed in 3ms
382 timing metavuln:load:security-advisory:jest-runtime:AJj/2I+uhNBYLCVHSAnfjZpsnMfOCnGkx5cP53UA75KzeRuMfCyKxsyBzDYIlbBXaun5Jg7PC1x7hUrUGu01Bg== Completed in 1ms
383 timing metavuln:calculate:security-advisory:jest-runtime:AJj/2I+uhNBYLCVHSAnfjZpsnMfOCnGkx5cP53UA75KzeRuMfCyKxsyBzDYIlbBXaun5Jg7PC1x7hUrUGu01Bg== Completed in 4ms
384 http fetch GET 200 https://registry.npmjs.org/jest-resolve-dependencies 69ms (cache revalidated)
385 timing metavuln:packument:jest-resolve-dependencies Completed in 70ms
386 timing metavuln:load:security-advisory:jest-resolve-dependencies:AJj/2I+uhNBYLCVHSAnfjZpsnMfOCnGkx5cP53UA75KzeRuMfCyKxsyBzDYIlbBXaun5Jg7PC1x7hUrUGu01Bg== Completed in 0ms
387 timing metavuln:calculate:security-advisory:jest-resolve-dependencies:AJj/2I+uhNBYLCVHSAnfjZpsnMfOCnGkx5cP53UA75KzeRuMfCyKxsyBzDYIlbBXaun5Jg7PC1x7hUrUGu01Bg== Completed in 70ms
388 http fetch GET 200 https://registry.npmjs.org/@jest%2fexpect 822ms (cache revalidated)
389 timing metavuln:packument:@jest/expect Completed in 823ms
390 timing metavuln:load:security-advisory:@jest/expect:AJj/2I+uhNBYLCVHSAnfjZpsnMfOCnGkx5cP53UA75KzeRuMfCyKxsyBzDYIlbBXaun5Jg7PC1x7hUrUGu01Bg== Completed in 0ms
391 timing metavuln:calculate:security-advisory:@jest/expect:AJj/2I+uhNBYLCVHSAnfjZpsnMfOCnGkx5cP53UA75KzeRuMfCyKxsyBzDYIlbBXaun5Jg7PC1x7hUrUGu01Bg== Completed in 823ms
392 timing metavuln:cache:get:security-advisory:jest-config:zfwv0gLFB+KmzwflGfYYWC30Mf3eg44oglsHYkJpnBd/2ymuas0hcH4fF3Re+8o/SL/YlLZuzuzPqHBwK799+Q== Completed in 1ms
393 timing metavuln:load:security-advisory:jest-config:TQBqxlV8GPWD7reSWX9OU1qojWySd2tl0TophbYhlcUZNW8aUUEyVYzqDJ/h+cy+kKl76uMYeZPo9KubXB6VtA== Completed in 2ms
394 timing metavuln:calculate:security-advisory:jest-config:TQBqxlV8GPWD7reSWX9OU1qojWySd2tl0TophbYhlcUZNW8aUUEyVYzqDJ/h+cy+kKl76uMYeZPo9KubXB6VtA== Completed in 3ms
395 timing metavuln:cache:get:security-advisory:@jest/core:SMp90OKyKoGkg1xDx4DYoSjnatZXqgbskBkVrjbalC+CFbCzW7nNtliyJejFqnIxmanhSfrgDxQVKItLw9y0jA== Completed in 3ms
396 timing metavuln:load:security-advisory:@jest/core:TQBqxlV8GPWD7reSWX9OU1qojWySd2tl0TophbYhlcUZNW8aUUEyVYzqDJ/h+cy+kKl76uMYeZPo9KubXB6VtA== Completed in 1ms
397 timing metavuln:calculate:security-advisory:@jest/core:TQBqxlV8GPWD7reSWX9OU1qojWySd2tl0TophbYhlcUZNW8aUUEyVYzqDJ/h+cy+kKl76uMYeZPo9KubXB6VtA== Completed in 4ms
398 timing metavuln:cache:get:security-advisory:jest:oo7sgqkX94XqXTiZi/t0EO1QEKP1txzGJmMvpzxRsrd0NJOfcQxHxtVf5rghCOGEy0TQybQxjAPUa74qxEdTew== Completed in 2ms
399 timing metavuln:load:security-advisory:jest:H926q/Y3xV7vXrpcMwS7fo5aC49e7veK5sjvyEaXHkQ65vP7xk+pOeEA2FNU0EdJDx5yM4OUUyTCuMPWUZ0ctQ== Completed in 2ms
400 timing metavuln:calculate:security-advisory:jest:H926q/Y3xV7vXrpcMwS7fo5aC49e7veK5sjvyEaXHkQ65vP7xk+pOeEA2FNU0EdJDx5yM4OUUyTCuMPWUZ0ctQ== Completed in 5ms
401 timing metavuln:cache:get:security-advisory:jest-config:HT3sUEzhnsqmvOvXjz6s/Zp8hA/eXxn3PQzWrR7P/oKnZR5Z/4B0nn8poGcFyaS6SqgUFM/KRS4Aantus7rhuQ== Completed in 1ms
402 timing metavuln:load:security-advisory:jest-config:B+79Q62QI1/P4Uyhrj6hOz0KvqlC9ummFcQZhoeQB0mT5LCLDmeEph0vQr/qVcv8VVCehRMcI9N3xydUPf7DHw== Completed in 2ms
403 timing metavuln:calculate:security-advisory:jest-config:B+79Q62QI1/P4Uyhrj6hOz0KvqlC9ummFcQZhoeQB0mT5LCLDmeEph0vQr/qVcv8VVCehRMcI9N3xydUPf7DHw== Completed in 3ms
404 timing metavuln:cache:get:security-advisory:@jest/core:sqitP+MTJO16eroeXh36PhuQWQglYZxBqaOmqa2H6OrOAxag2do1ykAuOPB53JoclFb7bII9SLRX/0n6PZWQLQ== Completed in 2ms
405 timing metavuln:load:security-advisory:@jest/core:VJ9Y6W13rSCfMwimyGAnIY8hgGhViMMXmWjF5RZqxGh7DJufAsSDtPiSwYvPrtMeSzNRMX15tiEa9stJXcK60Q== Completed in 1ms
406 timing metavuln:calculate:security-advisory:@jest/core:VJ9Y6W13rSCfMwimyGAnIY8hgGhViMMXmWjF5RZqxGh7DJufAsSDtPiSwYvPrtMeSzNRMX15tiEa9stJXcK60Q== Completed in 3ms
407 timing metavuln:cache:get:security-advisory:jest-circus:HWoNWbJ+JYau13teOrezo67EEMjLQJL23gpnQVbBa6c7ec3JL7+mYANfJ4S0pKAKcgDRo5LLpT5cbrWWfcQKGw== Completed in 2ms
408 timing metavuln:load:security-advisory:jest-circus:DUiyE8HdmGcvRybKgFUJb0bPGAiTF3aKSFVFL5sqLq9xpVDl+7co8gFpYb3yB78dbF1cJOb7rk4PIkZPUPlbdQ== Completed in 1ms
409 timing metavuln:calculate:security-advisory:jest-circus:DUiyE8HdmGcvRybKgFUJb0bPGAiTF3aKSFVFL5sqLq9xpVDl+7co8gFpYb3yB78dbF1cJOb7rk4PIkZPUPlbdQ== Completed in 3ms
410 timing metavuln:cache:get:security-advisory:@jest/globals:yAkPS7oC4/wFqL3gUJc6isyIpM0f8K5S2JbErFjTTRHWPAh2GvIKTKi0moEfsH0ug7LJXWS4vUY1RpGTwy2H9w== Completed in 4ms
411 http fetch GET 200 https://registry.npmjs.org/@jest%2fglobals 79ms (cache revalidated)
412 timing metavuln:packument:@jest/globals Completed in 81ms
413 timing metavuln:load:security-advisory:@jest/globals:DUiyE8HdmGcvRybKgFUJb0bPGAiTF3aKSFVFL5sqLq9xpVDl+7co8gFpYb3yB78dbF1cJOb7rk4PIkZPUPlbdQ== Completed in 0ms
414 timing metavuln:calculate:security-advisory:@jest/globals:DUiyE8HdmGcvRybKgFUJb0bPGAiTF3aKSFVFL5sqLq9xpVDl+7co8gFpYb3yB78dbF1cJOb7rk4PIkZPUPlbdQ== Completed in 81ms
415 timing metavuln:cache:get:security-advisory:jest-runtime:2ewBdN2hWS/BFFBzhPQWMsS0u5MoHRpXyPEz630cfij/4VJ0ZRU7hyR2T5QKsnZaxT0X4iVDaJwG1Tq0yYhYZg== Completed in 1ms
416 timing metavuln:load:security-advisory:jest-runtime:yAkPS7oC4/wFqL3gUJc6isyIpM0f8K5S2JbErFjTTRHWPAh2GvIKTKi0moEfsH0ug7LJXWS4vUY1RpGTwy2H9w== Completed in 1ms
417 timing metavuln:calculate:security-advisory:jest-runtime:yAkPS7oC4/wFqL3gUJc6isyIpM0f8K5S2JbErFjTTRHWPAh2GvIKTKi0moEfsH0ug7LJXWS4vUY1RpGTwy2H9w== Completed in 2ms
418 timing auditReport:init Completed in 11270ms
419 timing reify:audit Completed in 12558ms
420 timing reify Completed in 15352ms
421 timing command:install Completed in 15389ms
422 verbose exit 0
423 timing npm Completed in 15519ms
424 info ok
