0 verbose cli /opt/homebrew/Cellar/node/20.4.0/bin/node /opt/homebrew/bin/npm
1 info using npm@9.8.1
2 info using node@v20.4.0
3 timing npm:load:whichnode Completed in 1ms
4 timing config:load:defaults Completed in 1ms
5 timing config:load:file:/opt/homebrew/lib/node_modules/npm/npmrc Completed in 1ms
6 timing config:load:builtin Completed in 1ms
7 timing config:load:cli Completed in 1ms
8 timing config:load:env Completed in 0ms
9 timing config:load:file:/Users/arunakumari/Desktop/TestProject/.npmrc Completed in 0ms
10 timing config:load:project Completed in 0ms
11 timing config:load:file:/Users/arunakumari/.npmrc Completed in 1ms
12 timing config:load:user Completed in 1ms
13 timing config:load:file:/opt/homebrew/etc/npmrc Completed in 1ms
14 timing config:load:global Completed in 1ms
15 timing config:load:setEnvs Completed in 0ms
16 timing config:load Completed in 5ms
17 timing npm:load:configload Completed in 5ms
18 timing config:load:flatten Completed in 1ms
19 timing npm:load:mkdirpcache Completed in 0ms
20 timing npm:load:mkdirplogs Completed in 0ms
21 verbose title npm install –save react-native-geocoding
22 verbose argv "install" "–save" "react-native-geocoding"
23 timing npm:load:setTitle Completed in 2ms
24 timing npm:load:display Completed in 1ms
25 verbose logfile logs-max:10 dir:/Users/arunakumari/Desktop/TestProject/C:\Users\Firstname~1\AppData\Roaming\npm-cache/_logs/2023-08-30T10_09_51_490Z-
26 verbose logfile /Users/arunakumari/Desktop/TestProject/C:\Users\Firstname~1\AppData\Roaming\npm-cache/_logs/2023-08-30T10_09_51_490Z-debug-0.log
27 timing npm:load:logFile Completed in 5ms
28 timing npm:load:timers Completed in 0ms
29 timing npm:load:configScope Completed in 0ms
30 timing npm:load Completed in 24ms
31 error arg Argument starts with non-ascii dash, this is probably invalid: –save
32 timing arborist:ctor Completed in 1ms
33 silly logfile done cleaning log files
34 timing idealTree:init Completed in 195ms
35 timing idealTree Completed in 196ms
36 timing command:install Completed in 201ms
37 verbose stack Error: Invalid tag name "–save" of package "–save": Tags may not have any characters that encodeURIComponent encodes.
37 verbose stack     at invalidTagName (/opt/homebrew/lib/node_modules/npm/node_modules/npm-package-arg/lib/npa.js:118:15)
37 verbose stack     at fromRegistry (/opt/homebrew/lib/node_modules/npm/node_modules/npm-package-arg/lib/npa.js:426:13)
37 verbose stack     at resolve (/opt/homebrew/lib/node_modules/npm/node_modules/npm-package-arg/lib/npa.js:87:12)
37 verbose stack     at npa (/opt/homebrew/lib/node_modules/npm/node_modules/npm-package-arg/lib/npa.js:53:10)
37 verbose stack     at /opt/homebrew/lib/node_modules/npm/node_modules/@npmcli/arborist/lib/arborist/build-ideal-tree.js:519:18
37 verbose stack     at Array.map (<anonymous>)
37 verbose stack     at #add (/opt/homebrew/lib/node_modules/npm/node_modules/@npmcli/arborist/lib/arborist/build-ideal-tree.js:516:27)
37 verbose stack     at #applyUserRequestsToNode (/opt/homebrew/lib/node_modules/npm/node_modules/@npmcli/arborist/lib/arborist/build-ideal-tree.js:485:22)
37 verbose stack     at #applyUserRequests (/opt/homebrew/lib/node_modules/npm/node_modules/@npmcli/arborist/lib/arborist/build-ideal-tree.js:420:42)
37 verbose stack     at Arborist.buildIdealTree (/opt/homebrew/lib/node_modules/npm/node_modules/@npmcli/arborist/lib/arborist/build-ideal-tree.js:195:36)
38 verbose cwd /Users/arunakumari/Desktop/TestProject
39 verbose Darwin 22.1.0
40 verbose node v20.4.0
41 verbose npm  v9.8.1
42 error code EINVALIDTAGNAME
43 error Invalid tag name "–save" of package "–save": Tags may not have any characters that encodeURIComponent encodes.
44 verbose exit 1
45 timing npm Completed in 356ms
46 verbose unfinished npm timer reify 1693390191648
47 verbose unfinished npm timer reify:loadTrees 1693390191650
48 verbose unfinished npm timer idealTree:userRequests 1693390191845
49 verbose code 1
50 error A complete log of this run can be found in: /Users/arunakumari/Desktop/TestProject/C:\Users\Firstname~1\AppData\Roaming\npm-cache/_logs/2023-08-30T10_09_51_490Z-debug-0.log
