0 verbose cli /opt/homebrew/Cellar/node/20.4.0/bin/node /opt/homebrew/bin/npm
1 info using npm@9.7.2
2 info using node@v20.4.0
3 timing npm:load:whichnode Completed in 1ms
4 timing config:load:defaults Completed in 1ms
5 timing config:load:file:/opt/homebrew/lib/node_modules/npm/npmrc Completed in 1ms
6 timing config:load:builtin Completed in 1ms
7 timing config:load:cli Completed in 1ms
8 timing config:load:env Completed in 0ms
9 timing config:load:file:/Users/arunakumari/Desktop/TestProject/.npmrc Completed in 0ms
10 timing config:load:project Completed in 1ms
11 timing config:load:file:/Users/arunakumari/.npmrc Completed in 0ms
12 timing config:load:user Completed in 0ms
13 timing config:load:file:/opt/homebrew/etc/npmrc Completed in 0ms
14 timing config:load:global Completed in 0ms
15 timing config:load:setEnvs Completed in 0ms
16 timing config:load Completed in 4ms
17 timing npm:load:configload Completed in 4ms
18 timing config:load:flatten Completed in 1ms
19 timing npm:load:mkdirpcache Completed in 1ms
20 timing npm:load:mkdirplogs Completed in 0ms
21 verbose title npm install react-native-zoomable-view
22 verbose argv "install" "react-native-zoomable-view"
23 timing npm:load:setTitle Completed in 2ms
24 timing npm:load:display Completed in 1ms
25 verbose logfile logs-max:10 dir:/Users/arunakumari/Desktop/TestProject/C:\Users\Firstname~1\AppData\Roaming\npm-cache/_logs/2023-07-12T04_49_09_277Z-
26 verbose logfile /Users/arunakumari/Desktop/TestProject/C:\Users\Firstname~1\AppData\Roaming\npm-cache/_logs/2023-07-12T04_49_09_277Z-debug-0.log
27 timing npm:load:logFile Completed in 4ms
28 timing npm:load:timers Completed in 0ms
29 timing npm:load:configScope Completed in 0ms
30 timing npm:load Completed in 21ms
31 timing arborist:ctor Completed in 1ms
32 silly logfile done cleaning log files
33 timing idealTree:init Completed in 185ms
34 timing idealTree:userRequests Completed in 1ms
35 silly idealTree buildDeps
36 silly fetch manifest react-native-zoomable-view@*
37 timing arborist:ctor Completed in 0ms
38 http fetch GET 200 https://registry.npmjs.org/react-native-zoomable-view 1479ms (cache miss)
39 silly fetch manifest react@18.2.0
40 http fetch GET 200 https://registry.npmjs.org/react 74ms (cache revalidated)
41 silly fetch manifest react-native@0.72.1
42 http fetch GET 200 https://registry.npmjs.org/react-native 2133ms (cache updated)
43 silly placeDep ROOT react-native-zoomable-view@0.3.1 OK for: TestProject@0.0.1 want: *
44 silly fetch manifest react-native-gesture-handler@^1.10.3
45 silly fetch manifest react-native-reanimated@^2.2.2
46 http fetch GET 200 https://registry.npmjs.org/react-native-gesture-handler 58ms (cache revalidated)
47 http fetch GET 200 https://registry.npmjs.org/react-native-reanimated 385ms (cache updated)
48 timing idealTree:#root Completed in 4134ms
49 silly fetch manifest @babel/core@^7.0.0-0
50 http fetch GET 200 https://registry.npmjs.org/@babel%2fcore 74ms (cache revalidated)
51 silly fetch manifest react@*
52 silly fetch manifest react-native@*
53 silly placeDep node_modules/react-native-zoomable-view react-native-gesture-handler@1.10.3 OK for: react-native-zoomable-view@0.3.1 want: ^1.10.3
54 silly fetch manifest fbjs@^3.0.0
55 silly placeDep node_modules/react-native-zoomable-view react-native-reanimated@2.17.0 OK for: react-native-zoomable-view@0.3.1 want: ^2.2.2
56 silly fetch manifest lodash.isequal@^4.5.0
57 silly fetch manifest setimmediate@^1.0.5
58 silly fetch manifest string-hash-64@^1.0.3
59 http fetch GET 200 https://registry.npmjs.org/setimmediate 76ms (cache miss)
60 http fetch GET 200 https://registry.npmjs.org/lodash.isequal 130ms (cache miss)
61 http fetch GET 200 https://registry.npmjs.org/fbjs 362ms (cache miss)
62 http fetch GET 200 https://registry.npmjs.org/string-hash-64 1246ms (cache miss)
63 timing idealTree:node_modules/react-native-zoomable-view Completed in 1336ms
64 silly placeDep ROOT fbjs@3.0.5 OK for: react-native-gesture-handler@1.10.3 want: ^3.0.0
65 silly fetch manifest cross-fetch@^3.1.5
66 silly fetch manifest fbjs-css-vars@^1.0.0
67 silly fetch manifest promise@^7.1.1
68 silly fetch manifest ua-parser-js@^1.0.35
69 http fetch GET 200 https://registry.npmjs.org/fbjs-css-vars 71ms (cache miss)
70 http fetch GET 200 https://registry.npmjs.org/promise 102ms (cache revalidated)
71 http fetch GET 200 https://registry.npmjs.org/cross-fetch 125ms (cache miss)
72 http fetch GET 200 https://registry.npmjs.org/ua-parser-js 145ms (cache miss)
73 timing idealTree:node_modules/react-native-zoomable-view/node_modules/react-native-gesture-handler Completed in 151ms
74 silly placeDep ROOT cross-fetch@3.1.8 OK for: fbjs@3.0.5 want: ^3.1.5
75 silly placeDep ROOT fbjs-css-vars@1.0.2 OK for: fbjs@3.0.5 want: ^1.0.0
76 silly placeDep node_modules/fbjs promise@7.3.1 OK for: fbjs@3.0.5 want: ^7.1.1
77 silly placeDep ROOT setimmediate@1.0.5 OK for: fbjs@3.0.5 want: ^1.0.5
78 silly placeDep ROOT ua-parser-js@1.0.35 OK for: fbjs@3.0.5 want: ^1.0.35
79 timing idealTree:node_modules/fbjs Completed in 9ms
80 timing idealTree:node_modules/cross-fetch Completed in 0ms
81 timing idealTree:node_modules/fbjs-css-vars Completed in 0ms
82 timing idealTree:node_modules/setimmediate Completed in 0ms
83 timing idealTree:node_modules/ua-parser-js Completed in 0ms
84 timing idealTree:node_modules/fbjs/node_modules/promise Completed in 0ms
85 silly placeDep ROOT lodash.isequal@4.5.0 OK for: react-native-reanimated@2.17.0 want: ^4.5.0
86 silly placeDep ROOT string-hash-64@1.0.3 OK for: react-native-reanimated@2.17.0 want: ^1.0.3
87 timing idealTree:node_modules/react-native-zoomable-view/node_modules/react-native-reanimated Completed in 3ms
88 timing idealTree:node_modules/lodash.isequal Completed in 0ms
89 timing idealTree:node_modules/string-hash-64 Completed in 0ms
90 timing idealTree:buildDeps Completed in 5634ms
91 timing idealTree:fixDepFlags Completed in 10ms
92 timing idealTree Completed in 5838ms
93 timing reify:loadTrees Completed in 5838ms
94 timing reify:diffTrees Completed in 11ms
95 silly reify moves {}
96 timing reify:retireShallow Completed in 0ms
97 timing reify:createSparse Completed in 1ms
98 timing reify:loadBundles Completed in 0ms
99 silly audit bulk request {
99 silly audit   '@aashutoshrathi/word-wrap': [ '1.2.6' ],
99 silly audit   '@ampproject/remapping': [ '2.2.1' ],
99 silly audit   '@babel/code-frame': [ '7.22.5' ],
99 silly audit   '@babel/compat-data': [ '7.22.6' ],
99 silly audit   '@babel/core': [ '7.22.8' ],
99 silly audit   '@babel/eslint-parser': [ '7.22.7' ],
99 silly audit   'eslint-visitor-keys': [ '2.1.0', '3.4.1' ],
99 silly audit   '@babel/generator': [ '7.22.7' ],
99 silly audit   '@babel/helper-annotate-as-pure': [ '7.22.5' ],
99 silly audit   '@babel/helper-builder-binary-assignment-operator-visitor': [ '7.22.5' ],
99 silly audit   '@babel/helper-compilation-targets': [ '7.22.6' ],
99 silly audit   '@babel/helper-create-class-features-plugin': [ '7.22.6' ],
99 silly audit   '@babel/helper-create-regexp-features-plugin': [ '7.22.6' ],
99 silly audit   '@babel/helper-define-polyfill-provider': [ '0.4.1' ],
99 silly audit   '@babel/helper-environment-visitor': [ '7.22.5' ],
99 silly audit   '@babel/helper-function-name': [ '7.22.5' ],
99 silly audit   '@babel/helper-hoist-variables': [ '7.22.5' ],
99 silly audit   '@babel/helper-member-expression-to-functions': [ '7.22.5' ],
99 silly audit   '@babel/helper-module-imports': [ '7.22.5' ],
99 silly audit   '@babel/helper-module-transforms': [ '7.22.5' ],
99 silly audit   '@babel/helper-optimise-call-expression': [ '7.22.5' ],
99 silly audit   '@babel/helper-plugin-utils': [ '7.22.5' ],
99 silly audit   '@babel/helper-remap-async-to-generator': [ '7.22.5' ],
99 silly audit   '@babel/helper-replace-supers': [ '7.22.5' ],
99 silly audit   '@babel/helper-simple-access': [ '7.22.5' ],
99 silly audit   '@babel/helper-skip-transparent-expression-wrappers': [ '7.22.5' ],
99 silly audit   '@babel/helper-split-export-declaration': [ '7.22.6' ],
99 silly audit   '@babel/helper-string-parser': [ '7.22.5' ],
99 silly audit   '@babel/helper-validator-identifier': [ '7.22.5' ],
99 silly audit   '@babel/helper-validator-option': [ '7.22.5' ],
99 silly audit   '@babel/helper-wrap-function': [ '7.22.5' ],
99 silly audit   '@babel/helpers': [ '7.22.6' ],
99 silly audit   '@babel/highlight': [ '7.22.5' ],
99 silly audit   'ansi-styles': [ '3.2.1', '4.3.0', '5.2.0' ],
99 silly audit   chalk: [ '2.4.2', '4.1.2' ],
99 silly audit   'color-convert': [ '1.9.3', '2.0.1' ],
99 silly audit   'color-name': [ '1.1.3', '1.1.4' ],
99 silly audit   'has-flag': [ '3.0.0', '4.0.0' ],
99 silly audit   'supports-color': [ '5.5.0', '8.1.1', '7.2.0' ],
99 silly audit   '@babel/parser': [ '7.22.7' ],
99 silly audit   '@babel/plugin-bugfix-safari-id-destructuring-collision-in-function-expression': [ '7.22.5' ],
99 silly audit   '@babel/plugin-bugfix-v8-spread-parameters-in-optional-chaining': [ '7.22.5' ],
99 silly audit   '@babel/plugin-proposal-async-generator-functions': [ '7.20.7' ],
99 silly audit   '@babel/plugin-proposal-class-properties': [ '7.18.6' ],
99 silly audit   '@babel/plugin-proposal-export-default-from': [ '7.22.5' ],
99 silly audit   '@babel/plugin-proposal-nullish-coalescing-operator': [ '7.18.6' ],
99 silly audit   '@babel/plugin-proposal-numeric-separator': [ '7.18.6' ],
99 silly audit   '@babel/plugin-proposal-object-rest-spread': [ '7.20.7' ],
99 silly audit   '@babel/plugin-proposal-optional-catch-binding': [ '7.18.6' ],
99 silly audit   '@babel/plugin-proposal-optional-chaining': [ '7.21.0' ],
99 silly audit   '@babel/plugin-proposal-private-property-in-object': [ '7.21.0-placeholder-for-preset-env.2' ],
99 silly audit   '@babel/plugin-proposal-unicode-property-regex': [ '7.18.6' ],
99 silly audit   '@babel/plugin-syntax-async-generators': [ '7.8.4' ],
99 silly audit   '@babel/plugin-syntax-bigint': [ '7.8.3' ],
99 silly audit   '@babel/plugin-syntax-class-properties': [ '7.12.13' ],
99 silly audit   '@babel/plugin-syntax-class-static-block': [ '7.14.5' ],
99 silly audit   '@babel/plugin-syntax-dynamic-import': [ '7.8.3' ],
99 silly audit   '@babel/plugin-syntax-export-default-from': [ '7.22.5' ],
99 silly audit   '@babel/plugin-syntax-export-namespace-from': [ '7.8.3' ],
99 silly audit   '@babel/plugin-syntax-flow': [ '7.22.5' ],
99 silly audit   '@babel/plugin-syntax-import-assertions': [ '7.22.5' ],
99 silly audit   '@babel/plugin-syntax-import-attributes': [ '7.22.5' ],
99 silly audit   '@babel/plugin-syntax-import-meta': [ '7.10.4' ],
99 silly audit   '@babel/plugin-syntax-json-strings': [ '7.8.3' ],
99 silly audit   '@babel/plugin-syntax-jsx': [ '7.22.5' ],
99 silly audit   '@babel/plugin-syntax-logical-assignment-operators': [ '7.10.4' ],
99 silly audit   '@babel/plugin-syntax-nullish-coalescing-operator': [ '7.8.3' ],
99 silly audit   '@babel/plugin-syntax-numeric-separator': [ '7.10.4' ],
99 silly audit   '@babel/plugin-syntax-object-rest-spread': [ '7.8.3' ],
99 silly audit   '@babel/plugin-syntax-optional-catch-binding': [ '7.8.3' ],
99 silly audit   '@babel/plugin-syntax-optional-chaining': [ '7.8.3' ],
99 silly audit   '@babel/plugin-syntax-private-property-in-object': [ '7.14.5' ],
99 silly audit   '@babel/plugin-syntax-top-level-await': [ '7.14.5' ],
99 silly audit   '@babel/plugin-syntax-typescript': [ '7.22.5' ],
99 silly audit   '@babel/plugin-syntax-unicode-sets-regex': [ '7.18.6' ],
99 silly audit   '@babel/plugin-transform-arrow-functions': [ '7.22.5' ],
99 silly audit   '@babel/plugin-transform-async-generator-functions': [ '7.22.7' ],
99 silly audit   '@babel/plugin-transform-async-to-generator': [ '7.22.5' ],
99 silly audit   '@babel/plugin-transform-block-scoped-functions': [ '7.22.5' ],
99 silly audit   '@babel/plugin-transform-block-scoping': [ '7.22.5' ],
99 silly audit   '@babel/plugin-transform-class-properties': [ '7.22.5' ],
99 silly audit   '@babel/plugin-transform-class-static-block': [ '7.22.5' ],
99 silly audit   '@babel/plugin-transform-classes': [ '7.22.6' ],
99 silly audit   '@babel/plugin-transform-computed-properties': [ '7.22.5' ],
99 silly audit   '@babel/plugin-transform-destructuring': [ '7.22.5' ],
99 silly audit   '@babel/plugin-transform-dotall-regex': [ '7.22.5' ],
99 silly audit   '@babel/plugin-transform-duplicate-keys': [ '7.22.5' ],
99 silly audit   '@babel/plugin-transform-dynamic-import': [ '7.22.5' ],
99 silly audit   '@babel/plugin-transform-exponentiation-operator': [ '7.22.5' ],
99 silly audit   '@babel/plugin-transform-export-namespace-from': [ '7.22.5' ],
99 silly audit   '@babel/plugin-transform-flow-strip-types': [ '7.22.5' ],
99 silly audit   '@babel/plugin-transform-for-of': [ '7.22.5' ],
99 silly audit   '@babel/plugin-transform-function-name': [ '7.22.5' ],
99 silly audit   '@babel/plugin-transform-json-strings': [ '7.22.5' ],
99 silly audit   '@babel/plugin-transform-literals': [ '7.22.5' ],
99 silly audit   '@babel/plugin-transform-logical-assignment-operators': [ '7.22.5' ],
99 silly audit   '@babel/plugin-transform-member-expression-literals': [ '7.22.5' ],
99 silly audit   '@babel/plugin-transform-modules-amd': [ '7.22.5' ],
99 silly audit   '@babel/plugin-transform-modules-commonjs': [ '7.22.5' ],
99 silly audit   '@babel/plugin-transform-modules-systemjs': [ '7.22.5' ],
99 silly audit   '@babel/plugin-transform-modules-umd': [ '7.22.5' ],
99 silly audit   '@babel/plugin-transform-named-capturing-groups-regex': [ '7.22.5' ],
99 silly audit   '@babel/plugin-transform-new-target': [ '7.22.5' ],
99 silly audit   '@babel/plugin-transform-nullish-coalescing-operator': [ '7.22.5' ],
99 silly audit   '@babel/plugin-transform-numeric-separator': [ '7.22.5' ],
99 silly audit   '@babel/plugin-transform-object-assign': [ '7.22.5' ],
99 silly audit   '@babel/plugin-transform-object-rest-spread': [ '7.22.5' ],
99 silly audit   '@babel/plugin-transform-object-super': [ '7.22.5' ],
99 silly audit   '@babel/plugin-transform-optional-catch-binding': [ '7.22.5' ],
99 silly audit   '@babel/plugin-transform-optional-chaining': [ '7.22.6' ],
99 silly audit   '@babel/plugin-transform-parameters': [ '7.22.5' ],
99 silly audit   '@babel/plugin-transform-private-methods': [ '7.22.5' ],
99 silly audit   '@babel/plugin-transform-private-property-in-object': [ '7.22.5' ],
99 silly audit   '@babel/plugin-transform-property-literals': [ '7.22.5' ],
99 silly audit   '@babel/plugin-transform-react-display-name': [ '7.22.5' ],
99 silly audit   '@babel/plugin-transform-react-jsx': [ '7.22.5' ],
99 silly audit   '@babel/plugin-transform-react-jsx-self': [ '7.22.5' ],
99 silly audit   '@babel/plugin-transform-react-jsx-source': [ '7.22.5' ],
99 silly audit   '@babel/plugin-transform-regenerator': [ '7.22.5' ],
99 silly audit   '@babel/plugin-transform-reserved-words': [ '7.22.5' ],
99 silly audit   '@babel/plugin-transform-runtime': [ '7.22.7' ],
99 silly audit   '@babel/plugin-transform-shorthand-properties': [ '7.22.5' ],
99 silly audit   '@babel/plugin-transform-spread': [ '7.22.5' ],
99 silly audit   '@babel/plugin-transform-sticky-regex': [ '7.22.5' ],
99 silly audit   '@babel/plugin-transform-template-literals': [ '7.22.5' ],
99 silly audit   '@babel/plugin-transform-typeof-symbol': [ '7.22.5' ],
99 silly audit   '@babel/plugin-transform-typescript': [ '7.22.5' ],
99 silly audit   '@babel/plugin-transform-unicode-escapes': [ '7.22.5' ],
99 silly audit   '@babel/plugin-transform-unicode-property-regex': [ '7.22.5' ],
99 silly audit   '@babel/plugin-transform-unicode-regex': [ '7.22.5' ],
99 silly audit   '@babel/plugin-transform-unicode-sets-regex': [ '7.22.5' ],
99 silly audit   '@babel/preset-env': [ '7.22.7' ],
99 silly audit   '@babel/preset-flow': [ '7.22.5' ],
99 silly audit   '@babel/preset-modules': [ '0.1.5' ],
99 silly audit   '@babel/preset-typescript': [ '7.22.5' ],
99 silly audit   '@babel/register': [ '7.22.5' ],
99 silly audit   '@babel/regjsgen': [ '0.8.0' ],
99 silly audit   '@babel/runtime': [ '7.22.6' ],
99 silly audit   '@babel/template': [ '7.22.5' ],
99 silly audit   '@babel/traverse': [ '7.22.8' ],
99 silly audit   '@babel/types': [ '7.22.5' ],
99 silly audit   '@bcoe/v8-coverage': [ '0.2.3' ],
99 silly audit   '@egjs/hammerjs': [ '2.0.17' ],
99 silly audit   '@eslint-community/eslint-utils': [ '4.4.0' ],
99 silly audit   '@eslint-community/regexpp': [ '4.5.1' ],
99 silly audit   '@eslint/eslintrc': [ '2.1.0' ],
99 silly audit   argparse: [ '2.0.1', '1.0.10' ],
99 silly audit   globals: [ '13.20.0', '11.12.0' ],
99 silly audit   'js-yaml': [ '4.1.0', '3.14.1' ],
99 silly audit   '@eslint/js': [ '8.44.0' ],
99 silly audit   '@hapi/hoek': [ '9.3.0' ],
99 silly audit   '@hapi/topo': [ '5.1.0' ],
99 silly audit   '@humanwhocodes/config-array': [ '0.11.10' ],
99 silly audit   '@humanwhocodes/module-importer': [ '1.0.1' ],
99 silly audit   '@humanwhocodes/object-schema': [ '1.2.1' ],
99 silly audit   '@istanbuljs/load-nyc-config': [ '1.1.0' ],
99 silly audit   '@istanbuljs/schema': [ '0.1.3' ],
99 silly audit   '@jest/console': [ '29.6.1' ],
99 silly audit   '@jest/core': [ '29.6.1' ],
99 silly audit   '@jest/create-cache-key-function': [ '29.6.1' ],
99 silly audit   '@jest/environment': [ '29.6.1' ],
99 silly audit   '@jest/expect': [ '29.6.1' ],
99 silly audit   '@jest/expect-utils': [ '29.6.1' ],
99 silly audit   '@jest/fake-timers': [ '29.6.1' ],
99 silly audit   '@jest/globals': [ '29.6.1' ],
99 silly audit   '@jest/reporters': [ '29.6.1' ],
99 silly audit   'jest-worker': [ '29.6.1', '27.5.1' ],
99 silly audit   '@jest/schemas': [ '29.6.0' ],
99 silly audit   '@jest/source-map': [ '29.6.0' ],
99 silly audit   '@jest/test-result': [ '29.6.1' ],
99 silly audit   '@jest/test-sequencer': [ '29.6.1' ],
99 silly audit   '@jest/transform': [ '29.6.1' ],
99 silly audit   'convert-source-map': [ '2.0.0', '1.9.0' ],
99 silly audit   '@jest/types': [ '29.6.1', '26.6.2', '27.5.1' ],
99 silly audit   '@jridgewell/gen-mapping': [ '0.3.3' ],
99 silly audit   '@jridgewell/sourcemap-codec': [ '1.4.15', '1.4.14' ],
99 silly audit   '@jridgewell/resolve-uri': [ '3.1.0' ],
99 silly audit   '@jridgewell/set-array': [ '1.1.2' ],
99 silly audit   '@jridgewell/source-map': [ '0.3.5' ],
99 silly audit   '@jridgewell/trace-mapping': [ '0.3.18' ],
99 silly audit   '@nicolo-ribaudo/eslint-scope-5-internals': [ '5.1.1-v1' ],
99 silly audit   '@nicolo-ribaudo/semver-v6': [ '6.3.3' ],
99 silly audit   '@nodelib/fs.scandir': [ '2.1.5' ],
99 silly audit   '@nodelib/fs.stat': [ '2.0.5' ],
99 silly audit   '@nodelib/fs.walk': [ '1.2.8' ],
99 silly audit   '@react-native-community/cli': [ '11.3.3' ],
99 silly audit   '@react-native-community/cli-clean': [ '11.3.3' ],
99 silly audit   '@react-native-community/cli-config': [ '11.3.3' ],
99 silly audit   '@react-native-community/cli-debugger-ui': [ '11.3.3' ],
99 silly audit   '@react-native-community/cli-doctor': [ '11.3.3' ],
99 silly audit   'ansi-regex': [ '4.1.1', '5.0.1' ],
99 silly audit   'strip-ansi': [ '5.2.0', '6.0.1' ],
99 silly audit   '@react-native-community/cli-hermes': [ '11.3.3' ],
99 silly audit   '@react-native-community/cli-platform-android': [ '11.3.3' ],
99 silly audit   '@react-native-community/cli-platform-ios': [ '11.3.3' ],
99 silly audit   '@react-native-community/cli-plugin-metro': [ '11.3.3' ],
99 silly audit   '@react-native-community/cli-server-api': [ '11.3.3' ],
99 silly audit   '@types/yargs': [ '15.0.15', '16.0.5', '17.0.24' ],
99 silly audit   'pretty-format': [ '26.6.2', '29.6.1' ],
99 silly audit   'react-is': [ '17.0.2', '16.13.1', '18.2.0' ],
99 silly audit   '@react-native-community/cli-tools': [ '11.3.3' ],
99 silly audit   'find-up': [ '5.0.0', '3.0.0', '4.1.0' ],
99 silly audit   'locate-path': [ '6.0.0', '3.0.0', '5.0.0' ],
99 silly audit   'p-locate': [ '5.0.0', '3.0.0', '4.1.0' ],
99 silly audit   '@react-native-community/cli-types': [ '11.3.3' ],
99 silly audit   '@react-native-community/masked-view': [ '0.1.11' ],
99 silly audit   '@react-native/assets-registry': [ '0.72.0' ],
99 silly audit   '@react-native/codegen': [ '0.72.6' ],
99 silly audit   '@react-native/eslint-config': [ '0.72.2' ],
99 silly audit   '@react-native/eslint-plugin': [ '0.72.0' ],
99 silly audit   '@react-native/gradle-plugin': [ '0.72.11' ],
99 silly audit   '@react-native/js-polyfills': [ '0.72.1' ],
99 silly audit   '@react-native/metro-config': [ '0.72.7' ],
99 silly audit   '@react-native/normalize-color': [ '2.1.0' ],
99 silly audit   '@react-native/normalize-colors': [ '0.72.0', '0.73.0' ],
99 silly audit   '@react-native/virtualized-lists': [ '0.72.6' ],
99 silly audit   '@react-navigation/core': [ '6.4.9' ],
99 silly audit   'escape-string-regexp': [ '4.0.0', '1.0.5', '2.0.0' ],
99 silly audit   '@react-navigation/drawer': [ '6.6.3' ],
99 silly audit   '@react-navigation/elements': [ '1.3.18' ],
99 silly audit   '@react-navigation/native': [ '6.1.7' ],
99 silly audit   '@react-navigation/routers': [ '6.1.9' ],
99 silly audit   '@react-navigation/stack': [ '6.3.17' ],
99 silly audit   '@sideway/address': [ '4.1.4' ],
99 silly audit   '@sideway/formula': [ '3.0.1' ],
99 silly audit   '@sideway/pinpoint': [ '2.0.0' ],
99 silly audit   '@sinclair/typebox': [ '0.27.8' ],
99 silly audit   '@sinonjs/commons': [ '3.0.0' ],
99 silly audit   '@sinonjs/fake-timers': [ '10.3.0' ],
99 silly audit   '@tsconfig/react-native': [ '3.0.2' ],
99 silly audit   '@types/babel__core': [ '7.20.1' ],
99 silly audit   '@types/babel__generator': [ '7.6.4' ],
99 silly audit   '@types/babel__template': [ '7.4.1' ],
99 silly audit   '@types/babel__traverse': [ '7.20.1' ],
99 silly audit   '@types/graceful-fs': [ '4.1.6' ],
99 silly audit   '@types/hammerjs': [ '2.0.41' ],
99 silly audit   '@types/istanbul-lib-coverage': [ '2.0.4' ],
99 silly audit   '@types/istanbul-lib-report': [ '3.0.0' ],
99 silly audit   '@types/istanbul-reports': [ '3.0.1' ],
99 silly audit   '@types/json-schema': [ '7.0.12' ],
99 silly audit   '@types/metro-config': [ '0.76.3' ],
99 silly audit   'ci-info': [ '2.0.0', '3.8.0' ],
99 silly audit   debug: [ '2.6.9', '4.3.4' ],
99 silly audit   'hermes-estree': [ '0.14.0', '0.8.0' ],
99 silly audit   'hermes-parser': [ '0.14.0', '0.8.0' ],
99 silly audit   'jest-regex-util': [ '27.5.1', '29.4.3' ],
99 silly audit   'jest-util': [ '27.5.1', '29.6.1' ],
99 silly audit   metro: [ '0.77.0', '0.76.5' ],
99 silly audit   'metro-babel-transformer': [ '0.77.0', '0.76.5' ],
99 silly audit   'metro-cache': [ '0.77.0', '0.76.5' ],
99 silly audit   'metro-cache-key': [ '0.77.0', '0.76.5' ],
99 silly audit   'metro-config': [ '0.77.0', '0.76.5' ],
99 silly audit   'metro-core': [ '0.77.0', '0.76.5' ],
99 silly audit   'metro-file-map': [ '0.77.0', '0.76.5' ],
99 silly audit   'metro-inspector-proxy': [ '0.77.0', '0.76.5' ],
99 silly audit   'metro-minify-terser': [ '0.77.0', '0.76.5' ],
99 silly audit   'metro-resolver': [ '0.77.0', '0.76.5' ],
99 silly audit   'metro-runtime': [ '0.77.0', '0.76.5' ],
99 silly audit   'metro-source-map': [ '0.77.0', '0.76.5' ],
99 silly audit   'metro-symbolicate': [ '0.77.0', '0.76.5' ],
99 silly audit   'metro-transform-plugins': [ '0.77.0', '0.76.5' ],
99 silly audit   'metro-transform-worker': [ '0.77.0', '0.76.5' ],
99 silly audit   ms: [ '2.0.0', '2.1.2', '2.1.3' ],
99 silly audit   ob1: [ '0.77.0', '0.76.5' ],
99 silly audit   '@types/node': [ '20.4.0' ],
99 silly audit   '@types/prettier': [ '2.7.3' ],
99 silly audit   '@types/prop-types': [ '15.7.5' ],
99 silly audit   '@types/react': [ '18.2.14' ],
99 silly audit   '@types/react-test-renderer': [ '18.0.0' ],
99 silly audit   '@types/scheduler': [ '0.16.3' ],
99 silly audit   '@types/semver': [ '7.5.0' ],
99 silly audit   '@types/stack-utils': [ '2.0.1' ],
99 silly audit   '@types/yargs-parser': [ '21.0.0' ],
99 silly audit   '@typescript-eslint/eslint-plugin': [ '5.61.0' ],
99 silly audit   'lru-cache': [ '6.0.0', '5.1.1' ],
99 silly audit   semver: [ '7.5.3', '5.7.1', '6.3.0' ],
99 silly audit   yallist: [ '4.0.0', '3.1.1' ],
99 silly audit   '@typescript-eslint/parser': [ '5.61.0' ],
99 silly audit   '@typescript-eslint/scope-manager': [ '5.61.0' ],
99 silly audit   '@typescript-eslint/type-utils': [ '5.61.0' ],
99 silly audit   '@typescript-eslint/types': [ '5.61.0' ],
99 silly audit   '@typescript-eslint/typescript-estree': [ '5.61.0' ],
99 silly audit   '@typescript-eslint/utils': [ '5.61.0' ],
99 silly audit   '@typescript-eslint/visitor-keys': [ '5.61.0' ],
99 silly audit   'abort-controller': [ '3.0.0' ],
99 silly audit   accepts: [ '1.3.8' ],
99 silly audit   acorn: [ '8.10.0' ],
99 silly audit   'acorn-jsx': [ '5.3.2' ],
99 silly audit   ajv: [ '6.12.6' ],
99 silly audit   anser: [ '1.4.10' ],
99 silly audit   'ansi-escapes': [ '4.3.2' ],
99 silly audit   'type-fest': [ '0.21.3', '0.7.1', '0.20.2' ],
99 silly audit   'ansi-fragments': [ '0.2.1' ],
99 silly audit   anymatch: [ '3.1.3' ],
99 silly audit   appdirsjs: [ '1.2.7' ],
99 silly audit   'array-buffer-byte-length': [ '1.0.0' ],
99 silly audit   'array-includes': [ '3.1.6' ],
99 silly audit   'array-union': [ '2.1.0' ],
99 silly audit   'array.prototype.flat': [ '1.3.1' ],
99 silly audit   'array.prototype.flatmap': [ '1.3.1' ],
99 silly audit   'array.prototype.tosorted': [ '1.1.1' ],
99 silly audit   asap: [ '2.0.6' ],
99 silly audit   'ast-types': [ '0.15.2' ],
99 silly audit   'astral-regex': [ '1.0.0' ],
99 silly audit   async: [ '3.2.4' ],
99 silly audit   'async-limiter': [ '1.0.1' ],
99 silly audit   'available-typed-arrays': [ '1.0.5' ],
99 silly audit   'babel-core': [ '7.0.0-bridge.0' ],
99 silly audit   'babel-jest': [ '29.6.1' ],
99 silly audit   'babel-plugin-istanbul': [ '6.1.1' ],
99 silly audit   'babel-plugin-jest-hoist': [ '29.5.0' ],
99 silly audit   'babel-plugin-polyfill-corejs2': [ '0.4.4' ],
99 silly audit   'babel-plugin-polyfill-corejs3': [ '0.8.2' ],
99 silly audit   'babel-plugin-polyfill-regenerator': [ '0.5.1' ],
99 silly audit   'babel-plugin-syntax-trailing-function-commas': [ '7.0.0-beta.0' ],
99 silly audit   'babel-plugin-transform-flow-enums': [ '0.0.2' ],
99 silly audit   'babel-preset-current-node-syntax': [ '1.0.1' ],
99 silly audit   'babel-preset-fbjs': [ '3.4.0' ],
99 silly audit   'babel-preset-jest': [ '29.5.0' ],
99 silly audit   'balanced-match': [ '1.0.2' ],
99 silly audit   'base64-js': [ '1.5.1' ],
99 silly audit   bl: [ '4.1.0' ],
99 silly audit   'readable-stream': [ '3.6.2', '2.3.8' ],
99 silly audit   'safe-buffer': [ '5.2.1', '5.1.2' ],
99 silly audit   string_decoder: [ '1.3.0', '1.1.1' ],
99 silly audit   'brace-expansion': [ '1.1.11' ],
99 silly audit   braces: [ '3.0.2' ],
99 silly audit   browserslist: [ '4.21.9' ],
99 silly audit   bser: [ '2.1.1' ],
99 silly audit   buffer: [ '5.7.1' ],
99 silly audit   'buffer-from': [ '1.1.2' ],
99 silly audit   bytes: [ '3.0.0' ],
99 silly audit   'call-bind': [ '1.0.2' ],
99 silly audit   'caller-callsite': [ '2.0.0' ],
99 silly audit   callsites: [ '2.0.0', '3.1.0' ],
99 silly audit   'caller-path': [ '2.0.0' ],
99 silly audit   camelcase: [ '5.3.1', '6.3.0' ],
99 silly audit   'caniuse-lite': [ '1.0.30001513' ],
99 silly audit   'char-regex': [ '1.0.2' ],
99 silly audit   'cjs-module-lexer': [ '1.2.3' ],
99 silly audit   'cli-cursor': [ '3.1.0' ],
99 silly audit   'cli-spinners': [ '2.9.0' ],
99 silly audit   cliui: [ '8.0.1', '6.0.0' ],
99 silly audit   clone: [ '1.0.4' ],
99 silly audit   'clone-deep': [ '4.0.1' ],
99 silly audit   co: [ '4.6.0' ],
99 silly audit   'collect-v8-coverage': [ '1.0.2' ],
99 silly audit   color: [ '4.2.3' ],
99 silly audit   'color-string': [ '1.9.1' ],
99 silly audit   colorette: [ '1.4.0' ],
99 silly audit   'command-exists': [ '1.2.9' ],
99 silly audit   commander: [ '9.5.0', '2.20.3', '2.13.0' ],
99 silly audit   commondir: [ '1.0.1' ],
99 silly audit   compressible: [ '2.0.18' ],
99 silly audit   compression: [ '1.7.4' ],
99 silly audit   'concat-map': [ '0.0.1' ],
99 silly audit   connect: [ '3.7.0' ],
99 silly audit   'core-js-compat': [ '3.31.1' ],
99 silly audit   'core-util-is': [ '1.0.3' ],
99 silly audit   cosmiconfig: [ '5.2.1' ],
99 silly audit   'import-fresh': [ '2.0.0', '3.3.0' ],
99 silly audit   'resolve-from': [ '3.0.0', '4.0.0', '5.0.0' ],
99 silly audit   'cross-spawn': [ '7.0.3' ],
99 silly audit   csstype: [ '3.1.2' ],
99 silly audit   dayjs: [ '1.11.9' ],
99 silly audit   decamelize: [ '1.2.0' ],
99 silly audit   'decode-uri-component': [ '0.2.2' ],
99 silly audit   dedent: [ '0.7.0' ],
99 silly audit   'deep-is': [ '0.1.4' ],
99 silly audit   deepmerge: [ '4.3.1' ],
99 silly audit   defaults: [ '1.0.4' ],
99 silly audit   'define-properties': [ '1.2.0' ],
99 silly audit   denodeify: [ '1.2.1' ],
99 silly audit   depd: [ '2.0.0' ],
99 silly audit   'deprecated-react-native-prop-types': [ '4.1.0', '2.3.0' ],
99 silly audit   destroy: [ '1.2.0' ],
99 silly audit   'detect-newline': [ '3.1.0' ],
99 silly audit   'diff-sequences': [ '29.4.3' ],
99 silly audit   'dir-glob': [ '3.0.1' ],
99 silly audit   doctrine: [ '3.0.0', '2.1.0' ],
99 silly audit   'ee-first': [ '1.1.1' ],
99 silly audit   'electron-to-chromium': [ '1.4.453' ],
99 silly audit   emittery: [ '0.13.1' ],
99 silly audit   'emoji-regex': [ '8.0.0' ],
99 silly audit   encodeurl: [ '1.0.2' ],
99 silly audit   envinfo: [ '7.10.0' ],
99 silly audit   'error-ex': [ '1.3.2' ],
99 silly audit   'error-stack-parser': [ '2.1.4' ],
99 silly audit   errorhandler: [ '1.5.1' ],
99 silly audit   'es-abstract': [ '1.21.2' ],
99 silly audit   'es-set-tostringtag': [ '2.0.1' ],
99 silly audit   'es-shim-unscopables': [ '1.0.0' ],
99 silly audit   'es-to-primitive': [ '1.2.1' ],
99 silly audit   escalade: [ '3.1.1' ],
99 silly audit   'escape-html': [ '1.0.3' ],
99 silly audit   eslint: [ '8.44.0' ],
99 silly audit   'eslint-config-prettier': [ '8.8.0' ],
99 silly audit   'eslint-plugin-eslint-comments': [ '3.2.0' ],
99 silly audit   'eslint-plugin-ft-flow': [ '2.0.3' ],
99 silly audit   'eslint-plugin-jest': [ '26.9.0' ],
99 silly audit   'eslint-plugin-prettier': [ '4.2.1' ],
99 silly audit   'eslint-plugin-react': [ '7.32.2' ],
99 silly audit   'eslint-plugin-react-hooks': [ '4.6.0' ],
99 silly audit   'eslint-plugin-react-native': [ '4.0.0' ],
99 silly audit   'eslint-plugin-react-native-globals': [ '0.1.2' ],
99 silly audit   resolve: [ '2.0.0-next.4', '1.22.2' ],
99 silly audit   'eslint-scope': [ '5.1.1', '7.2.0' ],
99 silly audit   estraverse: [ '4.3.0', '5.3.0' ],
99 silly audit   espree: [ '9.6.0' ],
99 silly audit   esprima: [ '4.0.1' ],
99 silly audit   esquery: [ '1.5.0' ],
99 silly audit   esrecurse: [ '4.3.0' ],
99 silly audit   esutils: [ '2.0.3' ],
99 silly audit   etag: [ '1.8.1' ],
99 silly audit   'event-target-shim': [ '5.0.1' ],
99 silly audit   execa: [ '5.1.1' ],
99 silly audit   exit: [ '0.1.2' ],
99 silly audit   expect: [ '29.6.1' ],
99 silly audit   'fast-deep-equal': [ '3.1.3' ],
99 silly audit   'fast-diff': [ '1.3.0' ],
99 silly audit   'fast-glob': [ '3.3.0' ],
99 silly audit   'glob-parent': [ '5.1.2', '6.0.2' ],
99 silly audit   'fast-json-stable-stringify': [ '2.1.0' ],
99 silly audit   'fast-levenshtein': [ '2.0.6' ],
99 silly audit   'fast-xml-parser': [ '4.2.5' ],
99 silly audit   fastq: [ '1.15.0' ],
99 silly audit   'fb-watchman': [ '2.0.2' ],
99 silly audit   'file-entry-cache': [ '6.0.1' ],
99 silly audit   'fill-range': [ '7.0.1' ],
99 silly audit   'filter-obj': [ '1.1.0' ],
99 silly audit   finalhandler: [ '1.1.2' ],
99 silly audit   statuses: [ '1.5.0', '2.0.1' ],
99 silly audit   'find-cache-dir': [ '2.1.0' ],
99 silly audit   'p-limit': [ '2.3.0', '3.1.0' ],
99 silly audit   'path-exists': [ '3.0.0', '4.0.0' ],
99 silly audit   'pkg-dir': [ '3.0.0', '4.2.0' ],
99 silly audit   'flat-cache': [ '3.0.4' ],
99 silly audit   flatted: [ '3.2.7' ],
99 silly audit   'flow-enums-runtime': [ '0.0.5' ],
99 silly audit   'flow-parser': [ '0.206.0', '0.211.0' ],
99 silly audit   'for-each': [ '0.3.3' ],
99 silly audit   fresh: [ '0.5.2' ],
99 silly audit   'fs-extra': [ '8.1.0' ],
99 silly audit   'fs.realpath': [ '1.0.0' ],
99 silly audit   fsevents: [ '2.3.2' ],
99 silly audit   'function-bind': [ '1.1.1' ],
99 silly audit   'function.prototype.name': [ '1.1.5' ],
99 silly audit   'functions-have-names': [ '1.2.3' ],
99 silly audit   gensync: [ '1.0.0-beta.2' ],
99 silly audit   'get-caller-file': [ '2.0.5' ],
99 silly audit   'get-intrinsic': [ '1.2.1' ],
99 silly audit   'get-package-type': [ '0.1.0' ],
99 silly audit   'get-stream': [ '6.0.1' ],
99 silly audit   'get-symbol-description': [ '1.0.0' ],
99 silly audit   glob: [ '7.2.3' ],
99 silly audit   globalthis: [ '1.0.3' ],
99 silly audit   globby: [ '11.1.0' ],
99 silly audit   gopd: [ '1.0.1' ],
99 silly audit   'graceful-fs': [ '4.2.11' ],
99 silly audit   graphemer: [ '1.4.0' ],
99 silly audit   has: [ '1.0.3' ],
99 silly audit   'has-bigints': [ '1.0.2' ],
99 silly audit   'has-property-descriptors': [ '1.0.0' ],
99 silly audit   'has-proto': [ '1.0.1' ],
99 silly audit   'has-symbols': [ '1.0.3' ],
99 silly audit   'has-tostringtag': [ '1.0.0' ],
99 silly audit   'hermes-profile-transformer': [ '0.0.6' ],
99 silly audit   'source-map': [ '0.7.4', '0.6.1', '0.5.7' ],
99 silly audit   'hoist-non-react-statics': [ '3.3.2' ],
99 silly audit   'html-escaper': [ '2.0.2' ],
99 silly audit   'http-errors': [ '2.0.0' ],
99 silly audit   'human-signals': [ '2.1.0' ],
99 silly audit   ieee754: [ '1.2.1' ],
99 silly audit   ignore: [ '5.2.4' ],
99 silly audit   'image-size': [ '1.0.2' ],
99 silly audit   'import-local': [ '3.1.0' ],
99 silly audit   imurmurhash: [ '0.1.4' ],
99 silly audit   inflight: [ '1.0.6' ],
99 silly audit   inherits: [ '2.0.4' ],
99 silly audit   'internal-slot': [ '1.0.5' ],
99 silly audit   invariant: [ '2.2.4' ],
99 silly audit   ip: [ '1.1.8' ],
99 silly audit   'is-array-buffer': [ '3.0.2' ],
99 silly audit   'is-arrayish': [ '0.2.1', '0.3.2' ],
99 silly audit   'is-bigint': [ '1.0.4' ],
99 silly audit   'is-boolean-object': [ '1.1.2' ],
99 silly audit   'is-callable': [ '1.2.7' ],
99 silly audit   'is-core-module': [ '2.12.1' ],
99 silly audit   'is-date-object': [ '1.0.5' ],
99 silly audit   'is-directory': [ '0.3.1' ],
99 silly audit   'is-extglob': [ '2.1.1' ],
99 silly audit   'is-fullwidth-code-point': [ '3.0.0', '2.0.0' ],
99 silly audit   'is-generator-fn': [ '2.1.0' ],
99 silly audit   'is-glob': [ '4.0.3' ],
99 silly audit   'is-interactive': [ '1.0.0' ],
99 silly audit   'is-negative-zero': [ '2.0.2' ],
99 silly audit   'is-number': [ '7.0.0' ],
99 silly audit   'is-number-object': [ '1.0.7' ],
99 silly audit   'is-path-inside': [ '3.0.3' ],
99 silly audit   'is-plain-object': [ '2.0.4' ],
99 silly audit   'is-regex': [ '1.1.4' ],
99 silly audit   'is-shared-array-buffer': [ '1.0.2' ],
99 silly audit   'is-stream': [ '2.0.1' ],
99 silly audit   'is-string': [ '1.0.7' ],
99 silly audit   'is-symbol': [ '1.0.4' ],
99 silly audit   'is-typed-array': [ '1.1.10' ],
99 silly audit   'is-unicode-supported': [ '0.1.0' ],
99 silly audit   'is-weakref': [ '1.0.2' ],
99 silly audit   'is-wsl': [ '1.1.0' ],
99 silly audit   isarray: [ '1.0.0' ],
99 silly audit   isexe: [ '2.0.0' ],
99 silly audit   isobject: [ '3.0.1' ],
99 silly audit   'istanbul-lib-coverage': [ '3.2.0' ],
99 silly audit   'istanbul-lib-instrument': [ '5.2.1' ],
99 silly audit   'istanbul-lib-report': [ '3.0.0' ],
99 silly audit   'make-dir': [ '3.1.0', '2.1.0' ],
99 silly audit   'istanbul-lib-source-maps': [ '4.0.1' ],
99 silly audit   'istanbul-reports': [ '3.1.5' ],
99 silly audit   jest: [ '29.6.1' ],
99 silly audit   'jest-changed-files': [ '29.5.0' ],
99 silly audit   'jest-circus': [ '29.6.1' ],
99 silly audit   'jest-cli': [ '29.6.1' ],
99 silly audit   'jest-config': [ '29.6.1' ],
99 silly audit   'parse-json': [ '5.2.0', '4.0.0' ],
99 silly audit   'jest-diff': [ '29.6.1' ],
99 silly audit   'jest-docblock': [ '29.4.3' ],
99 silly audit   'jest-each': [ '29.6.1' ],
99 silly audit   'jest-environment-node': [ '29.6.1' ],
99 silly audit   'jest-get-type': [ '29.4.3' ],
99 silly audit   'jest-haste-map': [ '29.6.1' ],
99 silly audit   'jest-leak-detector': [ '29.6.1' ],
99 silly audit   'jest-matcher-utils': [ '29.6.1' ],
99 silly audit   'jest-message-util': [ '29.6.1' ],
99 silly audit   'jest-mock': [ '29.6.1' ],
99 silly audit   'jest-pnp-resolver': [ '1.2.3' ],
99 silly audit   'jest-resolve': [ '29.6.1' ],
99 silly audit   'jest-resolve-dependencies': [ '29.6.1' ],
99 silly audit   'jest-runner': [ '29.6.1' ],
99 silly audit   'source-map-support': [ '0.5.13', '0.5.21' ],
99 silly audit   'jest-runtime': [ '29.6.1' ],
99 silly audit   'jest-snapshot': [ '29.6.1' ],
99 silly audit   'jest-validate': [ '29.6.1' ],
99 silly audit   'jest-watcher': [ '29.6.1' ],
99 silly audit   joi: [ '17.9.2' ],
99 silly audit   'js-tokens': [ '4.0.0' ],
99 silly audit   'jsc-android': [ '250231.0.0' ],
99 silly audit   'jsc-safe-url': [ '0.2.4' ],
99 silly audit   jscodeshift: [ '0.14.0' ],
99 silly audit   'write-file-atomic': [ '2.4.3', '4.0.2' ],
99 silly audit   jsesc: [ '2.5.2', '0.5.0' ],
99 silly audit   'json-parse-better-errors': [ '1.0.2' ],
99 silly audit   'json-parse-even-better-errors': [ '2.3.1' ],
99 silly audit   'json-schema-traverse': [ '0.4.1' ],
99 silly audit   'json-stable-stringify-without-jsonify': [ '1.0.1' ],
99 silly audit   json5: [ '2.2.3' ],
99 silly audit   jsonfile: [ '4.0.0' ],
99 silly audit   'jsx-ast-utils': [ '3.3.4' ],
99 silly audit   'kind-of': [ '6.0.3' ],
99 silly audit   kleur: [ '3.0.3' ],
99 silly audit   leven: [ '3.1.0' ],
99 silly audit   levn: [ '0.4.1' ],
99 silly audit   'lines-and-columns': [ '1.2.4' ],
99 silly audit   lodash: [ '4.17.21' ],
99 silly audit   'lodash.debounce': [ '4.0.8' ],
99 silly audit   'lodash.merge': [ '4.6.2' ],
99 silly audit   'lodash.throttle': [ '4.1.1' ],
99 silly audit   'log-symbols': [ '4.1.0' ],
99 silly audit   logkitty: [ '0.7.1' ],
99 silly audit   'wrap-ansi': [ '6.2.0', '7.0.0' ],
99 silly audit   y18n: [ '4.0.3', '5.0.8' ],
99 silly audit   yargs: [ '15.4.1', '17.7.2' ],
99 silly audit   'yargs-parser': [ '18.1.3', '21.1.1' ],
99 silly audit   'loose-envify': [ '1.4.0' ],
99 silly audit   makeerror: [ '1.0.12' ],
99 silly audit   'memoize-one': [ '5.2.1' ],
99 silly audit   'merge-stream': [ '2.0.0' ],
99 silly audit   merge2: [ '1.4.1' ],
99 silly audit   'metro-minify-uglify': [ '0.76.5' ],
99 silly audit   'metro-react-native-babel-preset': [ '0.76.5' ],
99 silly audit   'metro-react-native-babel-transformer': [ '0.76.5' ],
99 silly audit   micromatch: [ '4.0.5' ],
99 silly audit   mime: [ '2.6.0', '1.6.0' ],
99 silly audit   'mime-db': [ '1.52.0' ],
99 silly audit   'mime-types': [ '2.1.35' ],
99 silly audit   'mimic-fn': [ '2.1.0' ],
99 silly audit   minimatch: [ '3.1.2' ],
99 silly audit   minimist: [ '1.2.8' ],
99 silly audit   mkdirp: [ '0.5.6' ],
99 silly audit   nanoid: [ '3.3.6' ],
99 silly audit   'natural-compare': [ '1.4.0' ],
99 silly audit   'natural-compare-lite': [ '1.4.0' ],
99 silly audit   negotiator: [ '0.6.3' ],
99 silly audit   'neo-async': [ '2.6.2' ],
99 silly audit   nocache: [ '3.0.4' ],
99 silly audit   'node-abort-controller': [ '3.1.1' ],
99 silly audit   'node-dir': [ '0.1.17' ],
99 silly audit   'node-fetch': [ '2.6.12' ],
99 silly audit   'node-int64': [ '0.4.0' ],
99 silly audit   'node-releases': [ '2.0.13' ],
99 silly audit   'node-stream-zip': [ '1.15.0' ],
99 silly audit   'normalize-path': [ '3.0.0' ],
99 silly audit   'npm-run-path': [ '4.0.1' ],
99 silly audit   nullthrows: [ '1.1.1' ],
99 silly audit   'object-assign': [ '4.1.1' ],
99 silly audit   'object-inspect': [ '1.12.3' ],
99 silly audit   'object-keys': [ '1.1.1' ],
99 silly audit   'object.assign': [ '4.1.4' ],
99 silly audit   'object.entries': [ '1.1.6' ],
99 silly audit   'object.fromentries': [ '2.0.6' ],
99 silly audit   'object.hasown': [ '1.1.2' ],
99 silly audit   'object.values': [ '1.1.6' ],
99 silly audit   'on-finished': [ '2.3.0', '2.4.1' ],
99 silly audit   'on-headers': [ '1.0.2' ],
99 silly audit   once: [ '1.4.0' ],
99 silly audit   onetime: [ '5.1.2' ],
99 silly audit   open: [ '6.4.0' ],
99 silly audit   optionator: [ '0.9.3' ],
99 silly audit   ora: [ '5.4.1' ],
99 silly audit   'p-try': [ '2.2.0' ],
99 silly audit   'parent-module': [ '1.0.1' ],
99 silly audit   parseurl: [ '1.3.3' ],
99 silly audit   'path-is-absolute': [ '1.0.1' ],
99 silly audit   'path-key': [ '3.1.1' ],
99 silly audit   'path-parse': [ '1.0.7' ],
99 silly audit   'path-type': [ '4.0.0' ],
99 silly audit   picocolors: [ '1.0.0' ],
99 silly audit   picomatch: [ '2.3.1' ],
99 silly audit   pify: [ '4.0.1' ],
99 silly audit   pirates: [ '4.0.6' ],
99 silly audit   'prelude-ls': [ '1.2.1' ],
99 silly audit   prettier: [ '2.8.8' ],
99 silly audit   'prettier-linter-helpers': [ '1.0.0' ],
99 silly audit   'process-nextick-args': [ '2.0.1' ],
99 silly audit   promise: [ '8.3.0', '7.3.1' ],
99 silly audit   prompts: [ '2.4.2' ],
99 silly audit   'prop-types': [ '15.8.1' ],
99 silly audit   punycode: [ '2.3.0' ],
99 silly audit   'pure-rand': [ '6.0.2' ],
99 silly audit   'query-string': [ '7.1.3' ],
99 silly audit   queue: [ '6.0.2' ],
99 silly audit   'queue-microtask': [ '1.2.3' ],
99 silly audit   'range-parser': [ '1.2.1' ],
99 silly audit   react: [ '18.2.0' ],
99 silly audit   'react-devtools-core': [ '4.27.8' ],
99 silly audit   'react-freeze': [ '1.0.3' ],
99 silly audit   'react-native': [ '0.72.1' ],
99 silly audit   'react-native-autoheight-webview': [ '1.6.5' ],
99 silly audit   'react-native-gesture-handler': [ '2.12.0', '1.10.3' ],
99 silly audit   'react-native-image-pan-zoom': [ '2.1.12' ],
99 silly audit   'react-native-iphone-x-helper': [ '1.3.1' ],
99 silly audit   'react-native-reanimated': [ '3.3.0', '2.17.0' ],
99 silly audit   'react-native-responsive-fontsize': [ '0.5.1' ],
99 silly audit   'react-native-safe-area-context': [ '4.6.4' ],
99 silly audit   'react-native-screens': [ '3.22.1' ],
99 silly audit   'react-native-webview': [ '13.2.2' ],
99 silly audit   ws: [ '6.2.2', '7.5.9' ],
99 silly audit   'react-refresh': [ '0.4.3' ],
99 silly audit   'react-shallow-renderer': [ '16.15.0' ],
99 silly audit   'react-test-renderer': [ '18.2.0' ],
99 silly audit   scheduler: [ '0.23.0', '0.24.0-canary-efb381bbf-20230505' ],
99 silly audit   readline: [ '1.3.0' ],
99 silly audit   recast: [ '0.21.5' ],
99 silly audit   regenerate: [ '1.4.2' ],
99 silly audit   'regenerate-unicode-properties': [ '10.1.0' ],
99 silly audit   'regenerator-runtime': [ '0.13.11' ],
99 silly audit   'regenerator-transform': [ '0.15.1' ],
99 silly audit   'regexp.prototype.flags': [ '1.5.0' ],
99 silly audit   'regexpu-core': [ '5.3.2' ],
99 silly audit   regjsparser: [ '0.9.1' ],
99 silly audit   'require-directory': [ '2.1.1' ],
99 silly audit   'require-main-filename': [ '2.0.0' ],
99 silly audit   'resolve-cwd': [ '3.0.0' ],
99 silly audit   'resolve.exports': [ '2.0.2' ],
99 silly audit   'restore-cursor': [ '3.1.0' ],
99 silly audit   reusify: [ '1.0.4' ],
99 silly audit   rimraf: [ '3.0.2', '2.6.3' ],
99 silly audit   'run-parallel': [ '1.2.0' ],
99 silly audit   'safe-regex-test': [ '1.0.0' ],
99 silly audit   send: [ '0.18.0' ],
99 silly audit   'serialize-error': [ '2.1.0' ],
99 silly audit   'serve-static': [ '1.15.0' ],
99 silly audit   'set-blocking': [ '2.0.0' ],
99 silly audit   setprototypeof: [ '1.2.0' ],
99 silly audit   'shallow-clone': [ '3.0.1' ],
99 silly audit   'shebang-command': [ '2.0.0' ],
99 silly audit   'shebang-regex': [ '3.0.0' ],
99 silly audit   'shell-quote': [ '1.8.1' ],
99 silly audit   'side-channel': [ '1.0.4' ],
99 silly audit   'signal-exit': [ '3.0.7' ],
99 silly audit   'simple-swizzle': [ '0.2.2' ],
99 silly audit   sisteransi: [ '1.0.5' ],
99 silly audit   slash: [ '3.0.0' ],
99 silly audit   'slice-ansi': [ '2.1.0' ],
99 silly audit   'split-on-first': [ '1.1.0' ],
99 silly audit   'sprintf-js': [ '1.0.3' ],
99 silly audit   'stack-utils': [ '2.0.6' ],
99 silly audit   stackframe: [ '1.3.4' ],
99 silly audit   'stacktrace-parser': [ '0.1.10' ],
99 silly audit   'strict-uri-encode': [ '2.0.0' ],
99 silly audit   'string-length': [ '4.0.2' ],
99 silly audit   'string-natural-compare': [ '3.0.1' ],
99 silly audit   'string-width': [ '4.2.3' ],
99 silly audit   'string.prototype.matchall': [ '4.0.8' ],
99 silly audit   'string.prototype.trim': [ '1.2.7' ],
99 silly audit   'string.prototype.trimend': [ '1.0.6' ],
99 silly audit   'string.prototype.trimstart': [ '1.0.6' ],
99 silly audit   'strip-bom': [ '4.0.0' ],
99 silly audit   'strip-final-newline': [ '2.0.0' ],
99 silly audit   'strip-json-comments': [ '3.1.1' ],
99 silly audit   strnum: [ '1.0.5' ],
99 silly audit   'sudo-prompt': [ '9.2.1' ],
99 silly audit   'supports-preserve-symlinks-flag': [ '1.0.0' ],
99 silly audit   temp: [ '0.8.4' ],
99 silly audit   terser: [ '5.18.2' ],
99 silly audit   'test-exclude': [ '6.0.0' ],
99 silly audit   'text-table': [ '0.2.0' ],
99 silly audit   throat: [ '5.0.0' ],
99 silly audit   through2: [ '2.0.5' ],
99 silly audit   tmpl: [ '1.0.5' ],
99 silly audit   'to-fast-properties': [ '2.0.0' ],
99 silly audit   'to-regex-range': [ '5.0.1' ],
99 silly audit   toidentifier: [ '1.0.1' ],
99 silly audit   tr46: [ '0.0.3' ],
99 silly audit   tslib: [ '2.6.0', '1.14.1' ],
99 silly audit   tsutils: [ '3.21.0' ],
99 silly audit   'type-check': [ '0.4.0' ],
99 silly audit   'type-detect': [ '4.0.8' ],
99 silly audit   'typed-array-length': [ '1.0.4' ],
99 silly audit   typescript: [ '4.8.4' ],
99 silly audit   'uglify-es': [ '3.3.9' ],
99 silly audit   'unbox-primitive': [ '1.0.2' ],
99 silly audit   'unicode-canonical-property-names-ecmascript': [ '2.0.0' ],
99 silly audit   'unicode-match-property-ecmascript': [ '2.0.0' ],
99 silly audit   'unicode-match-property-value-ecmascript': [ '2.1.0' ],
99 silly audit   'unicode-property-aliases-ecmascript': [ '2.1.0' ],
99 silly audit   universalify: [ '0.1.2' ],
99 silly audit   unpipe: [ '1.0.0' ],
99 silly audit   'update-browserslist-db': [ '1.0.11' ],
99 silly audit   'uri-js': [ '4.4.1' ],
99 silly audit   'use-latest-callback': [ '0.1.6' ],
99 silly audit   'use-sync-external-store': [ '1.2.0' ],
99 silly audit   'util-deprecate': [ '1.0.2' ],
99 silly audit   'utils-merge': [ '1.0.1' ],
99 silly audit   'v8-to-istanbul': [ '9.1.0' ],
99 silly audit   vary: [ '1.1.2' ],
99 silly audit   vlq: [ '1.0.1' ],
99 silly audit   walker: [ '1.0.8' ],
99 silly audit   'warn-once': [ '0.1.1' ],
99 silly audit   wcwidth: [ '1.0.1' ],
99 silly audit   'webidl-conversions': [ '3.0.1' ],
99 silly audit   'whatwg-fetch': [ '3.6.2' ],
99 silly audit   'whatwg-url': [ '5.0.0' ],
99 silly audit   which: [ '2.0.2' ],
99 silly audit   'which-boxed-primitive': [ '1.0.2' ],
99 silly audit   'which-module': [ '2.0.1' ],
99 silly audit   'which-typed-array': [ '1.1.9' ],
99 silly audit   wrappy: [ '1.0.2' ],
99 silly audit   xtend: [ '4.0.2' ],
99 silly audit   yaml: [ '2.3.1' ],
99 silly audit   'yocto-queue': [ '0.1.0' ],
99 silly audit   'react-native-zoomable-view': [ '0.3.1' ],
99 silly audit   fbjs: [ '3.0.5' ],
99 silly audit   'cross-fetch': [ '3.1.8' ],
99 silly audit   'fbjs-css-vars': [ '1.0.2' ],
99 silly audit   setimmediate: [ '1.0.5' ],
99 silly audit   'ua-parser-js': [ '1.0.35' ],
99 silly audit   'lodash.isequal': [ '4.5.0' ],
99 silly audit   'string-hash-64': [ '1.0.3' ]
99 silly audit }
100 silly tarball no local data for lodash.isequal@https://registry.npmjs.org/lodash.isequal/-/lodash.isequal-4.5.0.tgz. Extracting by manifest.
101 silly tarball no local data for string-hash-64@https://registry.npmjs.org/string-hash-64/-/string-hash-64-1.0.3.tgz. Extracting by manifest.
102 silly tarball no local data for ua-parser-js@https://registry.npmjs.org/ua-parser-js/-/ua-parser-js-1.0.35.tgz. Extracting by manifest.
103 silly tarball no local data for setimmediate@https://registry.npmjs.org/setimmediate/-/setimmediate-1.0.5.tgz. Extracting by manifest.
104 silly tarball no local data for fbjs@https://registry.npmjs.org/fbjs/-/fbjs-3.0.5.tgz. Extracting by manifest.
105 silly tarball no local data for cross-fetch@https://registry.npmjs.org/cross-fetch/-/cross-fetch-3.1.8.tgz. Extracting by manifest.
106 silly tarball no local data for fbjs-css-vars@https://registry.npmjs.org/fbjs-css-vars/-/fbjs-css-vars-1.0.2.tgz. Extracting by manifest.
107 silly tarball no local data for promise@https://registry.npmjs.org/promise/-/promise-7.3.1.tgz. Extracting by manifest.
108 silly tarball no local data for react-native-gesture-handler@https://registry.npmjs.org/react-native-gesture-handler/-/react-native-gesture-handler-1.10.3.tgz. Extracting by manifest.
109 silly tarball no local data for react-native-zoomable-view@https://registry.npmjs.org/react-native-zoomable-view/-/react-native-zoomable-view-0.3.1.tgz. Extracting by manifest.
110 silly tarball no local data for react-native-reanimated@https://registry.npmjs.org/react-native-reanimated/-/react-native-reanimated-2.17.0.tgz. Extracting by manifest.
111 http fetch GET 200 https://registry.npmjs.org/string-hash-64/-/string-hash-64-1.0.3.tgz 66ms (cache miss)
112 timing reifyNode:node_modules/string-hash-64 Completed in 73ms
113 http fetch GET 200 https://registry.npmjs.org/ua-parser-js/-/ua-parser-js-1.0.35.tgz 72ms (cache miss)
114 timing reifyNode:node_modules/ua-parser-js Completed in 78ms
115 http fetch GET 200 https://registry.npmjs.org/lodash.isequal/-/lodash.isequal-4.5.0.tgz 78ms (cache miss)
116 timing reifyNode:node_modules/lodash.isequal Completed in 85ms
117 http fetch GET 200 https://registry.npmjs.org/fbjs-css-vars/-/fbjs-css-vars-1.0.2.tgz 97ms (cache miss)
118 timing reifyNode:node_modules/fbjs-css-vars Completed in 105ms
119 http fetch GET 200 https://registry.npmjs.org/promise/-/promise-7.3.1.tgz 180ms (cache miss)
120 timing reifyNode:node_modules/fbjs/node_modules/promise Completed in 188ms
121 http fetch GET 200 https://registry.npmjs.org/setimmediate/-/setimmediate-1.0.5.tgz 206ms (cache miss)
122 timing reifyNode:node_modules/setimmediate Completed in 213ms
123 http fetch GET 200 https://registry.npmjs.org/fbjs/-/fbjs-3.0.5.tgz 227ms (cache miss)
124 timing reifyNode:node_modules/fbjs Completed in 234ms
125 http fetch GET 200 https://registry.npmjs.org/cross-fetch/-/cross-fetch-3.1.8.tgz 285ms (cache miss)
126 timing reifyNode:node_modules/cross-fetch Completed in 293ms
127 http fetch POST 200 https://registry.npmjs.org/-/npm/v1/security/advisories/bulk 442ms
128 timing auditReport:getReport Completed in 450ms
129 silly audit report {
129 silly audit report   semver: [
129 silly audit report     {
129 silly audit report       id: 1092459,
129 silly audit report       url: 'https://github.com/advisories/GHSA-c2qf-rxjj-qqgw',
129 silly audit report       title: 'semver vulnerable to Regular Expression Denial of Service',
129 silly audit report       severity: 'moderate',
129 silly audit report       vulnerable_versions: '<5.7.2',
129 silly audit report       cwe: [Array],
129 silly audit report       cvss: [Object]
129 silly audit report     },
129 silly audit report     {
129 silly audit report       id: 1092460,
129 silly audit report       url: 'https://github.com/advisories/GHSA-c2qf-rxjj-qqgw',
129 silly audit report       title: 'semver vulnerable to Regular Expression Denial of Service',
129 silly audit report       severity: 'moderate',
129 silly audit report       vulnerable_versions: '>=6.0.0 <6.3.1',
129 silly audit report       cwe: [Array],
129 silly audit report       cvss: [Object]
129 silly audit report     }
129 silly audit report   ]
129 silly audit report }
130 timing metavuln:cache:get:security-advisory:semver:4rAGLI77ah4GjE+TMeF3bs1i2q5PTlh8Yy3a788BL+nsbnDjtFmvZQR4wF1DxsFHGN6S44lxm3JWgPb3W5s30Q== Completed in 2ms
131 timing metavuln:cache:get:security-advisory:semver:kAFjC+gZYE0hg0fnwRCthyeJmOP92DfFUBq7TwOAbcgH8333wOUXJiBMf3cV5pyGPYsWeSSSBLLcOEcTn3mGyA== Completed in 2ms
132 http fetch GET 200 https://registry.npmjs.org/semver 77ms (cache revalidated)
133 timing metavuln:packument:semver Completed in 77ms
134 timing metavuln:load:security-advisory:semver:1092459 Completed in 0ms
135 timing metavuln:calculate:security-advisory:semver:1092459 Completed in 78ms
136 timing metavuln:load:security-advisory:semver:1092460 Completed in 0ms
137 timing metavuln:calculate:security-advisory:semver:1092460 Completed in 78ms
138 timing metavuln:cache:get:security-advisory:make-dir:O88H0IVF6OY8krXQ3vX3QOc3lSUqhNIbxt2DH+Qb3DwMTBRLMivaQ39q2XP5xLZ46Bw7Yb0shTIdKpw9F8q/tg== Completed in 1ms
139 http fetch GET 200 https://registry.npmjs.org/make-dir 69ms (cache revalidated)
140 timing metavuln:packument:make-dir Completed in 69ms
141 timing metavuln:load:security-advisory:make-dir:4rAGLI77ah4GjE+TMeF3bs1i2q5PTlh8Yy3a788BL+nsbnDjtFmvZQR4wF1DxsFHGN6S44lxm3JWgPb3W5s30Q== Completed in 0ms
142 timing metavuln:calculate:security-advisory:make-dir:4rAGLI77ah4GjE+TMeF3bs1i2q5PTlh8Yy3a788BL+nsbnDjtFmvZQR4wF1DxsFHGN6S44lxm3JWgPb3W5s30Q== Completed in 69ms
143 timing metavuln:cache:get:security-advisory:@react-native-community/cli:zNlfRJvEbchLDojC+4dpONtJzL2Pv8SPtBTa1Bnuux5nK0n5GBXVgaJfSiBviEE+ifi3BNelu8H2QtgyP88uqg== Completed in 4ms
144 timing metavuln:cache:get:security-advisory:eslint-plugin-react:gw0y+oN71m/z9bSZf3hntBV8WyYNo1cQHgZQ25yM+RPehc6ZeHYBdl3D+T4o5Ks0rKahdSfpzsoQotORCvn0Fg== Completed in 4ms
145 timing metavuln:cache:get:security-advisory:@react-native-community/cli-doctor:i0h0ZCijjOJQ0H8520as604RVYIcZL4hn8LFgNZfVw86fTKleoWhcuG+9ftHJRHc5hof2BOvUNVgx7bTmIJBEQ== Completed in 5ms
146 timing metavuln:cache:get:security-advisory:@react-native-community/cli-tools:x9wP2XXTTV+EV4Y8BiC0sS41/DDanZQDwKi8lSpKPfZ3pT6+FtxSkC3xierUxc8MaloV3Rg16RLncrAHju0Mog== Completed in 5ms
147 timing metavuln:cache:get:security-advisory:istanbul-lib-instrument:uH0G1pfO6b4cgSxKdxQvU1YrKC/fzHnE5ltTYbnXJ+3ZYq33oSYu5u8gcMOLh4RShCOawhrpddM7up7rm/7/hw== Completed in 4ms
148 timing metavuln:cache:get:security-advisory:make-dir:weuzECRx3sHGwZBPCFAOw+reXIrADTbGbizJp0ZnSLHBnHRwvI+KfkBVtBE5QdNKsk3MslUtnkTJvuEn4vDUEA== Completed in 4ms
149 timing metavuln:load:security-advisory:make-dir:kAFjC+gZYE0hg0fnwRCthyeJmOP92DfFUBq7TwOAbcgH8333wOUXJiBMf3cV5pyGPYsWeSSSBLLcOEcTn3mGyA== Completed in 0ms
150 timing metavuln:calculate:security-advisory:make-dir:kAFjC+gZYE0hg0fnwRCthyeJmOP92DfFUBq7TwOAbcgH8333wOUXJiBMf3cV5pyGPYsWeSSSBLLcOEcTn3mGyA== Completed in 4ms
151 http fetch GET 200 https://registry.npmjs.org/eslint-plugin-react 69ms (cache revalidated)
152 timing metavuln:packument:eslint-plugin-react Completed in 71ms
153 timing metavuln:load:security-advisory:eslint-plugin-react:kAFjC+gZYE0hg0fnwRCthyeJmOP92DfFUBq7TwOAbcgH8333wOUXJiBMf3cV5pyGPYsWeSSSBLLcOEcTn3mGyA== Completed in 0ms
154 timing metavuln:calculate:security-advisory:eslint-plugin-react:kAFjC+gZYE0hg0fnwRCthyeJmOP92DfFUBq7TwOAbcgH8333wOUXJiBMf3cV5pyGPYsWeSSSBLLcOEcTn3mGyA== Completed in 71ms
155 http fetch GET 200 https://registry.npmjs.org/react-native-gesture-handler/-/react-native-gesture-handler-1.10.3.tgz 679ms (cache miss)
156 timing reifyNode:node_modules/react-native-zoomable-view/node_modules/react-native-gesture-handler Completed in 687ms
157 http fetch GET 200 https://registry.npmjs.org/istanbul-lib-instrument 117ms (cache revalidated)
158 timing metavuln:packument:istanbul-lib-instrument Completed in 117ms
159 timing metavuln:load:security-advisory:istanbul-lib-instrument:kAFjC+gZYE0hg0fnwRCthyeJmOP92DfFUBq7TwOAbcgH8333wOUXJiBMf3cV5pyGPYsWeSSSBLLcOEcTn3mGyA== Completed in 1ms
160 timing metavuln:calculate:security-advisory:istanbul-lib-instrument:kAFjC+gZYE0hg0fnwRCthyeJmOP92DfFUBq7TwOAbcgH8333wOUXJiBMf3cV5pyGPYsWeSSSBLLcOEcTn3mGyA== Completed in 118ms
161 http fetch GET 200 https://registry.npmjs.org/@react-native-community%2fcli-doctor 828ms (cache updated)
162 timing metavuln:packument:@react-native-community/cli-doctor Completed in 828ms
163 timing metavuln:load:security-advisory:@react-native-community/cli-doctor:kAFjC+gZYE0hg0fnwRCthyeJmOP92DfFUBq7TwOAbcgH8333wOUXJiBMf3cV5pyGPYsWeSSSBLLcOEcTn3mGyA== Completed in 2ms
164 timing metavuln:cache:put:security-advisory:@react-native-community/cli-doctor:i0h0ZCijjOJQ0H8520as604RVYIcZL4hn8LFgNZfVw86fTKleoWhcuG+9ftHJRHc5hof2BOvUNVgx7bTmIJBEQ== Completed in 1ms
165 timing metavuln:calculate:security-advisory:@react-native-community/cli-doctor:kAFjC+gZYE0hg0fnwRCthyeJmOP92DfFUBq7TwOAbcgH8333wOUXJiBMf3cV5pyGPYsWeSSSBLLcOEcTn3mGyA== Completed in 831ms
166 http fetch GET 200 https://registry.npmjs.org/@react-native-community%2fcli-tools 860ms (cache updated)
167 timing metavuln:packument:@react-native-community/cli-tools Completed in 861ms
168 timing metavuln:load:security-advisory:@react-native-community/cli-tools:kAFjC+gZYE0hg0fnwRCthyeJmOP92DfFUBq7TwOAbcgH8333wOUXJiBMf3cV5pyGPYsWeSSSBLLcOEcTn3mGyA== Completed in 1ms
169 timing metavuln:cache:put:security-advisory:@react-native-community/cli-tools:x9wP2XXTTV+EV4Y8BiC0sS41/DDanZQDwKi8lSpKPfZ3pT6+FtxSkC3xierUxc8MaloV3Rg16RLncrAHju0Mog== Completed in 1ms
170 timing metavuln:calculate:security-advisory:@react-native-community/cli-tools:kAFjC+gZYE0hg0fnwRCthyeJmOP92DfFUBq7TwOAbcgH8333wOUXJiBMf3cV5pyGPYsWeSSSBLLcOEcTn3mGyA== Completed in 864ms
171 http fetch GET 200 https://registry.npmjs.org/@react-native-community%2fcli 879ms (cache updated)
172 timing metavuln:packument:@react-native-community/cli Completed in 882ms
173 timing metavuln:load:security-advisory:@react-native-community/cli:kAFjC+gZYE0hg0fnwRCthyeJmOP92DfFUBq7TwOAbcgH8333wOUXJiBMf3cV5pyGPYsWeSSSBLLcOEcTn3mGyA== Completed in 2ms
174 timing metavuln:cache:put:security-advisory:@react-native-community/cli:zNlfRJvEbchLDojC+4dpONtJzL2Pv8SPtBTa1Bnuux5nK0n5GBXVgaJfSiBviEE+ifi3BNelu8H2QtgyP88uqg== Completed in 1ms
175 timing metavuln:calculate:security-advisory:@react-native-community/cli:kAFjC+gZYE0hg0fnwRCthyeJmOP92DfFUBq7TwOAbcgH8333wOUXJiBMf3cV5pyGPYsWeSSSBLLcOEcTn3mGyA== Completed in 885ms
176 timing auditReport:init Completed in 1034ms
177 timing reify:audit Completed in 1484ms
178 http fetch GET 200 https://registry.npmjs.org/react-native-zoomable-view/-/react-native-zoomable-view-0.3.1.tgz 1483ms (cache miss)
179 timing reifyNode:node_modules/react-native-zoomable-view Completed in 1492ms
180 http fetch GET 200 https://registry.npmjs.org/react-native-reanimated/-/react-native-reanimated-2.17.0.tgz 17793ms (cache miss)
181 timing reifyNode:node_modules/react-native-zoomable-view/node_modules/react-native-reanimated Completed in 17803ms
182 timing reify:unpack Completed in 17804ms
183 timing reify:unretire Completed in 0ms
184 timing build:queue Completed in 0ms
185 timing build:deps Completed in 0ms
186 timing build Completed in 0ms
187 timing reify:build Completed in 1ms
188 timing reify:trash Completed in 0ms
189 timing reify:save Completed in 121ms
190 timing reify Completed in 23858ms
191 silly ADD node_modules/string-hash-64
192 silly ADD node_modules/lodash.isequal
193 silly ADD node_modules/ua-parser-js
194 silly ADD node_modules/setimmediate
195 silly ADD node_modules/fbjs-css-vars
196 silly ADD node_modules/cross-fetch
197 silly ADD node_modules/fbjs
198 silly ADD node_modules/fbjs/node_modules/promise
199 silly ADD node_modules/react-native-zoomable-view
200 silly ADD node_modules/react-native-zoomable-view/node_modules/react-native-reanimated
201 silly ADD node_modules/react-native-zoomable-view/node_modules/react-native-gesture-handler
202 timing command:install Completed in 23865ms
203 verbose exit 0
204 timing npm Completed in 23993ms
205 info ok
