0 verbose cli /opt/homebrew/Cellar/node/20.4.0/bin/node /opt/homebrew/bin/npm
1 info using npm@9.8.1
2 info using node@v20.4.0
3 timing npm:load:whichnode Completed in 0ms
4 timing config:load:defaults Completed in 0ms
5 timing config:load:file:/opt/homebrew/lib/node_modules/npm/npmrc Completed in 2ms
6 timing config:load:builtin Completed in 2ms
7 timing config:load:cli Completed in 1ms
8 timing config:load:env Completed in 0ms
9 timing config:load:file:/Users/arunakumari/Desktop/TestProject/.npmrc Completed in 0ms
10 timing config:load:project Completed in 3ms
11 timing config:load:file:/Users/arunakumari/.npmrc Completed in 1ms
12 timing config:load:user Completed in 1ms
13 timing config:load:file:/opt/homebrew/etc/npmrc Completed in 1ms
14 timing config:load:global Completed in 1ms
15 timing config:load:setEnvs Completed in 1ms
16 timing config:load Completed in 10ms
17 timing npm:load:configload Completed in 10ms
18 timing config:load:flatten Completed in 2ms
19 timing npm:load:mkdirpcache Completed in 0ms
20 timing npm:load:mkdirplogs Completed in 0ms
21 verbose title npm start
22 verbose argv "start"
23 timing npm:load:setTitle Completed in 2ms
24 timing npm:load:display Completed in 0ms
25 verbose logfile logs-max:10 dir:/Users/arunakumari/Desktop/TestProject/ios/C:\Users\Firstname~1\AppData\Roaming\npm-cache/_logs/2023-09-06T08_57_51_232Z-
26 verbose logfile /Users/arunakumari/Desktop/TestProject/ios/C:\Users\Firstname~1\AppData\Roaming\npm-cache/_logs/2023-09-06T08_57_51_232Z-debug-0.log
27 timing npm:load:logFile Completed in 5ms
28 timing npm:load:timers Completed in 0ms
29 timing npm:load:configScope Completed in 0ms
30 timing npm:load Completed in 26ms
31 silly logfile done cleaning log files
32 http fetch GET 200 https://registry.npmjs.org/npm 2019ms (cache updated)
33 http fetch GET 200 https://registry.npmjs.org/npm 2046ms (cache updated)
34 timing command:run-script Completed in 404500ms
35 timing command:start Completed in 404505ms
36 notice
36 notice New [31mmajor[39m version of npm available! [31m9.8.1[39m -> [32m10.0.0[39m
36 notice Changelog: [36mhttps://github.com/npm/cli/releases/tag/v10.0.0[39m
36 notice Run [32mnpm install -g npm@10.0.0[39m to update!
36 notice
37 verbose exit 0
38 timing npm Completed in 404569ms
39 info ok
