0 verbose cli /opt/homebrew/Cellar/node/20.4.0/bin/node /opt/homebrew/bin/npm
1 info using npm@9.7.2
2 info using node@v20.4.0
3 timing npm:load:whichnode Completed in 1ms
4 timing config:load:defaults Completed in 1ms
5 timing config:load:file:/opt/homebrew/lib/node_modules/npm/npmrc Completed in 1ms
6 timing config:load:builtin Completed in 1ms
7 timing config:load:cli Completed in 1ms
8 timing config:load:env Completed in 0ms
9 timing config:load:file:/Users/arunakumari/Desktop/TestProject/.npmrc Completed in 0ms
10 timing config:load:project Completed in 1ms
11 timing config:load:file:/Users/arunakumari/.npmrc Completed in 0ms
12 timing config:load:user Completed in 0ms
13 timing config:load:file:/opt/homebrew/etc/npmrc Completed in 1ms
14 timing config:load:global Completed in 1ms
15 timing config:load:setEnvs Completed in 0ms
16 timing config:load Completed in 5ms
17 timing npm:load:configload Completed in 5ms
18 timing config:load:flatten Completed in 1ms
19 timing npm:load:mkdirpcache Completed in 1ms
20 timing npm:load:mkdirplogs Completed in 0ms
21 verbose title npm star
22 verbose argv "star"
23 timing npm:load:setTitle Completed in 2ms
24 timing npm:load:display Completed in 1ms
25 verbose logfile logs-max:10 dir:/Users/arunakumari/Desktop/TestProject/android/C:\Users\Firstname~1\AppData\Roaming\npm-cache/_logs/2023-08-22T09_19_31_987Z-
26 verbose logfile /Users/arunakumari/Desktop/TestProject/android/C:\Users\Firstname~1\AppData\Roaming\npm-cache/_logs/2023-08-22T09_19_31_987Z-debug-0.log
27 timing npm:load:logFile Completed in 5ms
28 timing npm:load:timers Completed in 0ms
29 timing npm:load:configScope Completed in 0ms
30 timing npm:load Completed in 23ms
31 timing command:star Completed in 0ms
32 verbose stack Error: 
32 verbose stack Mark your favorite packages
32 verbose stack
32 verbose stack Usage:
32 verbose stack npm star [<package-spec>...]
32 verbose stack
32 verbose stack Options:
32 verbose stack [--registry <registry>] [--no-unicode] [--otp <otp>]
32 verbose stack
32 verbose stack Run "npm help star" for more info
32 verbose stack     at Star.usageError (/opt/homebrew/lib/node_modules/npm/lib/base-command.js:113:26)
32 verbose stack     at Star.exec (/opt/homebrew/lib/node_modules/npm/lib/commands/star.js:21:18)
32 verbose stack     at Star.cmdExec (/opt/homebrew/lib/node_modules/npm/lib/base-command.js:142:17)
32 verbose stack     at Npm.exec (/opt/homebrew/lib/node_modules/npm/lib/npm.js:136:20)
32 verbose stack     at module.exports (/opt/homebrew/lib/node_modules/npm/lib/cli-entry.js:61:15)
33 verbose cwd /Users/arunakumari/Desktop/TestProject/android
34 verbose Darwin 22.1.0
35 verbose node v20.4.0
36 verbose npm  v9.7.2
37 error code EUSAGE
38 error
38 error Mark your favorite packages
38 error
38 error Usage:
38 error npm star [<package-spec>...]
38 error
38 error Options:
38 error [--registry <registry>] [--no-unicode] [--otp <otp>]
38 error
38 error Run "npm help star" for more info
39 verbose exit 1
40 timing npm Completed in 53ms
41 verbose code 1
42 error A complete log of this run can be found in: /Users/arunakumari/Desktop/TestProject/android/C:\Users\Firstname~1\AppData\Roaming\npm-cache/_logs/2023-08-22T09_19_31_987Z-debug-0.log
